{"C:\\Data\\Apps\\gigih\\mid-term\\gigih-play-backend\\src\\App.ts":{"path":"C:\\Data\\Apps\\gigih\\mid-term\\gigih-play-backend\\src\\App.ts","statementMap":{"0":{"start":{"line":13,"column":13},"end":{"line":52,"column":1}},"1":{"start":{"line":14,"column":2},"end":{"line":14,"column":17}},"2":{"start":{"line":15,"column":2},"end":{"line":15,"column":40}},"3":{"start":{"line":16,"column":2},"end":{"line":16,"column":34}},"4":{"start":{"line":18,"column":31},"end":{"line":18,"column":53}},"5":{"start":{"line":20,"column":2},"end":{"line":20,"column":35}},"6":{"start":{"line":22,"column":23},"end":{"line":22,"column":41}},"7":{"start":{"line":24,"column":2},"end":{"line":29,"column":3}},"8":{"start":{"line":25,"column":4},"end":{"line":25,"column":32}},"9":{"start":{"line":26,"column":4},"end":{"line":26,"column":43}},"10":{"start":{"line":28,"column":4},"end":{"line":28,"column":61}},"11":{"start":{"line":35,"column":20},"end":{"line":35,"column":56}},"12":{"start":{"line":36,"column":2},"end":{"line":36,"column":34}},"13":{"start":{"line":37,"column":2},"end":{"line":37,"column":35}},"14":{"start":{"line":39,"column":15},"end":{"line":39,"column":81}},"15":{"start":{"line":40,"column":2},"end":{"line":42,"column":3}},"16":{"start":{"line":41,"column":4},"end":{"line":41,"column":41}},"17":{"start":{"line":44,"column":2},"end":{"line":48,"column":4}},"18":{"start":{"line":45,"column":32},"end":{"line":47,"column":6}},"19":{"start":{"line":46,"column":6},"end":{"line":46,"column":21}},"20":{"start":{"line":50,"column":35},"end":{"line":50,"column":67}},"21":{"start":{"line":51,"column":2},"end":{"line":51,"column":59}},"22":{"start":{"line":54,"column":0},"end":{"line":60,"column":4}},"23":{"start":{"line":56,"column":4},"end":{"line":56,"column":31}},"24":{"start":{"line":59,"column":4},"end":{"line":59,"column":46}}},"fnMap":{"0":{"name":"(anonymous_0)","decl":{"start":{"line":13,"column":13},"end":{"line":13,"column":14}},"loc":{"start":{"line":13,"column":40},"end":{"line":52,"column":1}},"line":13},"1":{"name":"(anonymous_1)","decl":{"start":{"line":44,"column":29},"end":{"line":44,"column":30}},"loc":{"start":{"line":44,"column":50},"end":{"line":48,"column":3}},"line":44},"2":{"name":"(anonymous_2)","decl":{"start":{"line":45,"column":53},"end":{"line":45,"column":54}},"loc":{"start":{"line":45,"column":59},"end":{"line":47,"column":5}},"line":45},"3":{"name":"(anonymous_3)","decl":{"start":{"line":55,"column":8},"end":{"line":55,"column":9}},"loc":{"start":{"line":55,"column":14},"end":{"line":57,"column":3}},"line":55},"4":{"name":"(anonymous_4)","decl":{"start":{"line":58,"column":9},"end":{"line":58,"column":10}},"loc":{"start":{"line":58,"column":20},"end":{"line":60,"column":3}},"line":58}},"branchMap":{"0":{"loc":{"start":{"line":39,"column":15},"end":{"line":39,"column":81}},"type":"cond-expr","locations":[{"start":{"line":39,"column":49},"end":{"line":39,"column":50}},{"start":{"line":39,"column":53},"end":{"line":39,"column":81}}],"line":39},"1":{"loc":{"start":{"line":40,"column":2},"end":{"line":42,"column":3}},"type":"if","locations":[{"start":{"line":40,"column":2},"end":{"line":42,"column":3}},{"start":{"line":40,"column":2},"end":{"line":42,"column":3}}],"line":40}},"s":{"0":0,"1":0,"2":0,"3":0,"4":0,"5":0,"6":0,"7":0,"8":0,"9":0,"10":0,"11":0,"12":0,"13":0,"14":0,"15":0,"16":0,"17":0,"18":0,"19":0,"20":0,"21":0,"22":0,"23":0,"24":0},"f":{"0":0,"1":0,"2":0,"3":0,"4":0},"b":{"0":[0,0],"1":[0,0]},"all":true},"C:\\Data\\Apps\\gigih\\mid-term\\gigih-play-backend\\src\\inners\\models\\aggregates\\CommentAggregate.ts":{"path":"C:\\Data\\Apps\\gigih\\mid-term\\gigih-play-backend\\src\\inners\\models\\aggregates\\CommentAggregate.ts","statementMap":{"0":{"start":{"line":15,"column":4},"end":{"line":15,"column":18}},"1":{"start":{"line":16,"column":4},"end":{"line":16,"column":20}},"2":{"start":{"line":17,"column":4},"end":{"line":17,"column":26}},"3":{"start":{"line":18,"column":4},"end":{"line":18,"column":30}}},"fnMap":{"0":{"name":"(anonymous_0)","decl":{"start":{"line":9,"column":2},"end":{"line":9,"column":3}},"loc":{"start":{"line":14,"column":4},"end":{"line":19,"column":3}},"line":14}},"branchMap":{},"s":{"0":0,"1":0,"2":0,"3":0},"f":{"0":0},"b":{},"all":true},"C:\\Data\\Apps\\gigih\\mid-term\\gigih-play-backend\\src\\inners\\models\\aggregates\\VideoCommentMapAggregate.ts":{"path":"C:\\Data\\Apps\\gigih\\mid-term\\gigih-play-backend\\src\\inners\\models\\aggregates\\VideoCommentMapAggregate.ts","statementMap":{"0":{"start":{"line":14,"column":4},"end":{"line":14,"column":18}},"1":{"start":{"line":15,"column":4},"end":{"line":15,"column":22}},"2":{"start":{"line":16,"column":4},"end":{"line":16,"column":26}}},"fnMap":{"0":{"name":"(anonymous_0)","decl":{"start":{"line":9,"column":2},"end":{"line":9,"column":3}},"loc":{"start":{"line":13,"column":4},"end":{"line":17,"column":3}},"line":13}},"branchMap":{},"s":{"0":0,"1":0,"2":0},"f":{"0":0},"b":{},"all":true},"C:\\Data\\Apps\\gigih\\mid-term\\gigih-play-backend\\src\\inners\\models\\aggregates\\VideoProductMapAggregate.ts":{"path":"C:\\Data\\Apps\\gigih\\mid-term\\gigih-play-backend\\src\\inners\\models\\aggregates\\VideoProductMapAggregate.ts","statementMap":{"0":{"start":{"line":14,"column":4},"end":{"line":14,"column":18}},"1":{"start":{"line":15,"column":4},"end":{"line":15,"column":22}},"2":{"start":{"line":16,"column":4},"end":{"line":16,"column":26}}},"fnMap":{"0":{"name":"(anonymous_0)","decl":{"start":{"line":9,"column":2},"end":{"line":9,"column":3}},"loc":{"start":{"line":13,"column":4},"end":{"line":17,"column":3}},"line":13}},"branchMap":{},"s":{"0":0,"1":0,"2":0},"f":{"0":0},"b":{},"all":true},"C:\\Data\\Apps\\gigih\\mid-term\\gigih-play-backend\\src\\inners\\models\\entities\\Comment.ts":{"path":"C:\\Data\\Apps\\gigih\\mid-term\\gigih-play-backend\\src\\inners\\models\\entities\\Comment.ts","statementMap":{"0":{"start":{"line":13,"column":4},"end":{"line":13,"column":18}},"1":{"start":{"line":14,"column":4},"end":{"line":14,"column":24}},"2":{"start":{"line":15,"column":4},"end":{"line":15,"column":26}},"3":{"start":{"line":16,"column":4},"end":{"line":16,"column":30}}},"fnMap":{"0":{"name":"(anonymous_0)","decl":{"start":{"line":7,"column":2},"end":{"line":7,"column":3}},"loc":{"start":{"line":12,"column":4},"end":{"line":17,"column":3}},"line":12}},"branchMap":{},"s":{"0":0,"1":0,"2":0,"3":0},"f":{"0":0},"b":{},"all":true},"C:\\Data\\Apps\\gigih\\mid-term\\gigih-play-backend\\src\\inners\\models\\entities\\Product.ts":{"path":"C:\\Data\\Apps\\gigih\\mid-term\\gigih-play-backend\\src\\inners\\models\\entities\\Product.ts","statementMap":{"0":{"start":{"line":13,"column":4},"end":{"line":13,"column":18}},"1":{"start":{"line":14,"column":4},"end":{"line":14,"column":22}},"2":{"start":{"line":15,"column":4},"end":{"line":15,"column":22}},"3":{"start":{"line":16,"column":4},"end":{"line":16,"column":26}}},"fnMap":{"0":{"name":"(anonymous_0)","decl":{"start":{"line":7,"column":2},"end":{"line":7,"column":3}},"loc":{"start":{"line":12,"column":4},"end":{"line":17,"column":3}},"line":12}},"branchMap":{},"s":{"0":0,"1":0,"2":0,"3":0},"f":{"0":0},"b":{},"all":true},"C:\\Data\\Apps\\gigih\\mid-term\\gigih-play-backend\\src\\inners\\models\\entities\\User.ts":{"path":"C:\\Data\\Apps\\gigih\\mid-term\\gigih-play-backend\\src\\inners\\models\\entities\\User.ts","statementMap":{"0":{"start":{"line":13,"column":4},"end":{"line":13,"column":18}},"1":{"start":{"line":14,"column":4},"end":{"line":14,"column":28}},"2":{"start":{"line":15,"column":4},"end":{"line":15,"column":28}},"3":{"start":{"line":16,"column":4},"end":{"line":16,"column":32}}},"fnMap":{"0":{"name":"(anonymous_0)","decl":{"start":{"line":7,"column":2},"end":{"line":7,"column":3}},"loc":{"start":{"line":12,"column":4},"end":{"line":17,"column":3}},"line":12}},"branchMap":{},"s":{"0":0,"1":0,"2":0,"3":0},"f":{"0":0},"b":{},"all":true},"C:\\Data\\Apps\\gigih\\mid-term\\gigih-play-backend\\src\\inners\\models\\entities\\Video.ts":{"path":"C:\\Data\\Apps\\gigih\\mid-term\\gigih-play-backend\\src\\inners\\models\\entities\\Video.ts","statementMap":{"0":{"start":{"line":11,"column":4},"end":{"line":11,"column":18}},"1":{"start":{"line":12,"column":4},"end":{"line":12,"column":36}},"2":{"start":{"line":13,"column":4},"end":{"line":13,"column":32}}},"fnMap":{"0":{"name":"(anonymous_0)","decl":{"start":{"line":6,"column":2},"end":{"line":6,"column":3}},"loc":{"start":{"line":10,"column":4},"end":{"line":14,"column":3}},"line":10}},"branchMap":{},"s":{"0":0,"1":0,"2":0},"f":{"0":0},"b":{},"all":true},"C:\\Data\\Apps\\gigih\\mid-term\\gigih-play-backend\\src\\inners\\models\\entities\\VideoCommentMap.ts":{"path":"C:\\Data\\Apps\\gigih\\mid-term\\gigih-play-backend\\src\\inners\\models\\entities\\VideoCommentMap.ts","statementMap":{"0":{"start":{"line":11,"column":4},"end":{"line":11,"column":18}},"1":{"start":{"line":12,"column":4},"end":{"line":12,"column":26}},"2":{"start":{"line":13,"column":4},"end":{"line":13,"column":30}}},"fnMap":{"0":{"name":"(anonymous_0)","decl":{"start":{"line":6,"column":2},"end":{"line":6,"column":3}},"loc":{"start":{"line":10,"column":4},"end":{"line":14,"column":3}},"line":10}},"branchMap":{},"s":{"0":0,"1":0,"2":0},"f":{"0":0},"b":{},"all":true},"C:\\Data\\Apps\\gigih\\mid-term\\gigih-play-backend\\src\\inners\\models\\entities\\VideoProductMap.ts":{"path":"C:\\Data\\Apps\\gigih\\mid-term\\gigih-play-backend\\src\\inners\\models\\entities\\VideoProductMap.ts","statementMap":{"0":{"start":{"line":11,"column":4},"end":{"line":11,"column":18}},"1":{"start":{"line":12,"column":4},"end":{"line":12,"column":26}},"2":{"start":{"line":13,"column":4},"end":{"line":13,"column":30}}},"fnMap":{"0":{"name":"(anonymous_0)","decl":{"start":{"line":6,"column":2},"end":{"line":6,"column":3}},"loc":{"start":{"line":10,"column":4},"end":{"line":14,"column":3}},"line":10}},"branchMap":{},"s":{"0":0,"1":0,"2":0},"f":{"0":0},"b":{},"all":true},"C:\\Data\\Apps\\gigih\\mid-term\\gigih-play-backend\\src\\inners\\models\\value_objects\\requests\\authentications\\LoginByUsernameAndPasswordRequest.ts":{"path":"C:\\Data\\Apps\\gigih\\mid-term\\gigih-play-backend\\src\\inners\\models\\value_objects\\requests\\authentications\\LoginByUsernameAndPasswordRequest.ts","statementMap":{"0":{"start":{"line":6,"column":4},"end":{"line":6,"column":28}},"1":{"start":{"line":7,"column":4},"end":{"line":7,"column":28}}},"fnMap":{"0":{"name":"(anonymous_0)","decl":{"start":{"line":5,"column":2},"end":{"line":5,"column":3}},"loc":{"start":{"line":5,"column":51},"end":{"line":8,"column":3}},"line":5}},"branchMap":{},"s":{"0":0,"1":0},"f":{"0":0},"b":{},"all":true},"C:\\Data\\Apps\\gigih\\mid-term\\gigih-play-backend\\src\\inners\\models\\value_objects\\requests\\authentications\\RegisterByUsernameAndPasswordRequest.ts":{"path":"C:\\Data\\Apps\\gigih\\mid-term\\gigih-play-backend\\src\\inners\\models\\value_objects\\requests\\authentications\\RegisterByUsernameAndPasswordRequest.ts","statementMap":{"0":{"start":{"line":6,"column":4},"end":{"line":6,"column":28}},"1":{"start":{"line":7,"column":4},"end":{"line":7,"column":28}}},"fnMap":{"0":{"name":"(anonymous_0)","decl":{"start":{"line":5,"column":2},"end":{"line":5,"column":3}},"loc":{"start":{"line":5,"column":51},"end":{"line":8,"column":3}},"line":5}},"branchMap":{},"s":{"0":0,"1":0},"f":{"0":0},"b":{},"all":true},"C:\\Data\\Apps\\gigih\\mid-term\\gigih-play-backend\\src\\inners\\models\\value_objects\\requests\\comments\\SubmitCommentRequest.ts":{"path":"C:\\Data\\Apps\\gigih\\mid-term\\gigih-play-backend\\src\\inners\\models\\value_objects\\requests\\comments\\SubmitCommentRequest.ts","statementMap":{"0":{"start":{"line":11,"column":4},"end":{"line":11,"column":26}},"1":{"start":{"line":12,"column":4},"end":{"line":12,"column":28}},"2":{"start":{"line":13,"column":4},"end":{"line":13,"column":26}}},"fnMap":{"0":{"name":"(anonymous_0)","decl":{"start":{"line":6,"column":2},"end":{"line":6,"column":3}},"loc":{"start":{"line":10,"column":4},"end":{"line":14,"column":3}},"line":10}},"branchMap":{},"s":{"0":0,"1":0,"2":0},"f":{"0":0},"b":{},"all":true},"C:\\Data\\Apps\\gigih\\mid-term\\gigih-play-backend\\src\\inners\\models\\value_objects\\requests\\rooms\\JoinRoomRequest.ts":{"path":"C:\\Data\\Apps\\gigih\\mid-term\\gigih-play-backend\\src\\inners\\models\\value_objects\\requests\\rooms\\JoinRoomRequest.ts","statementMap":{"0":{"start":{"line":9,"column":4},"end":{"line":9,"column":26}},"1":{"start":{"line":10,"column":4},"end":{"line":10,"column":36}}},"fnMap":{"0":{"name":"(anonymous_0)","decl":{"start":{"line":5,"column":2},"end":{"line":5,"column":3}},"loc":{"start":{"line":8,"column":4},"end":{"line":11,"column":3}},"line":8}},"branchMap":{},"s":{"0":0,"1":0},"f":{"0":0},"b":{},"all":true},"C:\\Data\\Apps\\gigih\\mid-term\\gigih-play-backend\\src\\inners\\models\\value_objects\\Result.ts":{"path":"C:\\Data\\Apps\\gigih\\mid-term\\gigih-play-backend\\src\\inners\\models\\value_objects\\Result.ts","statementMap":{"0":{"start":{"line":11,"column":4},"end":{"line":11,"column":24}},"1":{"start":{"line":12,"column":4},"end":{"line":12,"column":26}},"2":{"start":{"line":13,"column":4},"end":{"line":13,"column":20}}},"fnMap":{"0":{"name":"(anonymous_0)","decl":{"start":{"line":6,"column":2},"end":{"line":6,"column":3}},"loc":{"start":{"line":10,"column":4},"end":{"line":14,"column":3}},"line":10}},"branchMap":{},"s":{"0":0,"1":0,"2":0},"f":{"0":0},"b":{},"all":true},"C:\\Data\\Apps\\gigih\\mid-term\\gigih-play-backend\\src\\inners\\use_cases\\authentications\\LoginAuthentication.ts":{"path":"C:\\Data\\Apps\\gigih\\mid-term\\gigih-play-backend\\src\\inners\\use_cases\\authentications\\LoginAuthentication.ts","statementMap":{"0":{"start":{"line":13,"column":4},"end":{"line":13,"column":40}},"1":{"start":{"line":16,"column":31},"end":{"line":50,"column":3}},"2":{"start":{"line":17,"column":4},"end":{"line":19,"column":5}},"3":{"start":{"line":18,"column":6},"end":{"line":18,"column":47}},"4":{"start":{"line":20,"column":4},"end":{"line":22,"column":5}},"5":{"start":{"line":21,"column":6},"end":{"line":21,"column":47}},"6":{"start":{"line":24,"column":4},"end":{"line":32,"column":5}},"7":{"start":{"line":25,"column":6},"end":{"line":25,"column":67}},"8":{"start":{"line":27,"column":6},"end":{"line":31,"column":7}},"9":{"start":{"line":35,"column":4},"end":{"line":43,"column":5}},"10":{"start":{"line":36,"column":6},"end":{"line":36,"column":129}},"11":{"start":{"line":38,"column":6},"end":{"line":42,"column":7}},"12":{"start":{"line":45,"column":4},"end":{"line":49,"column":5}}},"fnMap":{"0":{"name":"(anonymous_0)","decl":{"start":{"line":12,"column":2},"end":{"line":12,"column":3}},"loc":{"start":{"line":12,"column":47},"end":{"line":14,"column":3}},"line":12},"1":{"name":"(anonymous_1)","decl":{"start":{"line":16,"column":31},"end":{"line":16,"column":32}},"loc":{"start":{"line":16,"column":115},"end":{"line":50,"column":3}},"line":16}},"branchMap":{"0":{"loc":{"start":{"line":17,"column":4},"end":{"line":19,"column":5}},"type":"if","locations":[{"start":{"line":17,"column":4},"end":{"line":19,"column":5}},{"start":{"line":17,"column":4},"end":{"line":19,"column":5}}],"line":17},"1":{"loc":{"start":{"line":20,"column":4},"end":{"line":22,"column":5}},"type":"if","locations":[{"start":{"line":20,"column":4},"end":{"line":22,"column":5}},{"start":{"line":20,"column":4},"end":{"line":22,"column":5}}],"line":20}},"s":{"0":0,"1":0,"2":0,"3":0,"4":0,"5":0,"6":0,"7":0,"8":0,"9":0,"10":0,"11":0,"12":0},"f":{"0":0,"1":0},"b":{"0":[0,0],"1":[0,0]},"all":true},"C:\\Data\\Apps\\gigih\\mid-term\\gigih-play-backend\\src\\inners\\use_cases\\authentications\\RegisterAuthentication.ts":{"path":"C:\\Data\\Apps\\gigih\\mid-term\\gigih-play-backend\\src\\inners\\use_cases\\authentications\\RegisterAuthentication.ts","statementMap":{"0":{"start":{"line":13,"column":4},"end":{"line":13,"column":40}},"1":{"start":{"line":16,"column":34},"end":{"line":52,"column":3}},"2":{"start":{"line":17,"column":4},"end":{"line":19,"column":5}},"3":{"start":{"line":18,"column":6},"end":{"line":18,"column":47}},"4":{"start":{"line":20,"column":4},"end":{"line":22,"column":5}},"5":{"start":{"line":21,"column":6},"end":{"line":21,"column":47}},"6":{"start":{"line":25,"column":4},"end":{"line":30,"column":5}},"7":{"start":{"line":26,"column":6},"end":{"line":26,"column":67}},"8":{"start":{"line":27,"column":6},"end":{"line":27,"column":24}},"9":{"start":{"line":29,"column":6},"end":{"line":29,"column":25}},"10":{"start":{"line":32,"column":4},"end":{"line":38,"column":5}},"11":{"start":{"line":33,"column":6},"end":{"line":37,"column":7}},"12":{"start":{"line":40,"column":31},"end":{"line":44,"column":5}},"13":{"start":{"line":45,"column":38},"end":{"line":45,"column":87}},"14":{"start":{"line":47,"column":4},"end":{"line":51,"column":5}}},"fnMap":{"0":{"name":"(anonymous_0)","decl":{"start":{"line":12,"column":2},"end":{"line":12,"column":3}},"loc":{"start":{"line":12,"column":47},"end":{"line":14,"column":3}},"line":12},"1":{"name":"(anonymous_1)","decl":{"start":{"line":16,"column":34},"end":{"line":16,"column":35}},"loc":{"start":{"line":16,"column":121},"end":{"line":52,"column":3}},"line":16}},"branchMap":{"0":{"loc":{"start":{"line":17,"column":4},"end":{"line":19,"column":5}},"type":"if","locations":[{"start":{"line":17,"column":4},"end":{"line":19,"column":5}},{"start":{"line":17,"column":4},"end":{"line":19,"column":5}}],"line":17},"1":{"loc":{"start":{"line":20,"column":4},"end":{"line":22,"column":5}},"type":"if","locations":[{"start":{"line":20,"column":4},"end":{"line":22,"column":5}},{"start":{"line":20,"column":4},"end":{"line":22,"column":5}}],"line":20},"2":{"loc":{"start":{"line":32,"column":4},"end":{"line":38,"column":5}},"type":"if","locations":[{"start":{"line":32,"column":4},"end":{"line":38,"column":5}},{"start":{"line":32,"column":4},"end":{"line":38,"column":5}}],"line":32}},"s":{"0":0,"1":0,"2":0,"3":0,"4":0,"5":0,"6":0,"7":0,"8":0,"9":0,"10":0,"11":0,"12":0,"13":0,"14":0},"f":{"0":0,"1":0},"b":{"0":[0,0],"1":[0,0],"2":[0,0]},"all":true},"C:\\Data\\Apps\\gigih\\mid-term\\gigih-play-backend\\src\\inners\\use_cases\\managements\\CommentManagement.ts":{"path":"C:\\Data\\Apps\\gigih\\mid-term\\gigih-play-backend\\src\\inners\\use_cases\\managements\\CommentManagement.ts","statementMap":{"0":{"start":{"line":14,"column":4},"end":{"line":14,"column":46}},"1":{"start":{"line":15,"column":4},"end":{"line":15,"column":40}},"2":{"start":{"line":18,"column":12},"end":{"line":30,"column":3}},"3":{"start":{"line":20,"column":4},"end":{"line":24,"column":5}},"4":{"start":{"line":21,"column":6},"end":{"line":21,"column":76}},"5":{"start":{"line":23,"column":6},"end":{"line":23,"column":66}},"6":{"start":{"line":25,"column":4},"end":{"line":29,"column":5}},"7":{"start":{"line":32,"column":21},"end":{"line":44,"column":3}},"8":{"start":{"line":34,"column":4},"end":{"line":38,"column":5}},"9":{"start":{"line":35,"column":6},"end":{"line":35,"column":86}},"10":{"start":{"line":37,"column":6},"end":{"line":37,"column":76}},"11":{"start":{"line":39,"column":4},"end":{"line":43,"column":5}},"12":{"start":{"line":46,"column":16},"end":{"line":58,"column":3}},"13":{"start":{"line":48,"column":4},"end":{"line":52,"column":5}},"14":{"start":{"line":49,"column":6},"end":{"line":49,"column":75}},"15":{"start":{"line":51,"column":6},"end":{"line":51,"column":65}},"16":{"start":{"line":53,"column":4},"end":{"line":57,"column":5}},"17":{"start":{"line":60,"column":14},"end":{"line":67,"column":3}},"18":{"start":{"line":61,"column":36},"end":{"line":61,"column":80}},"19":{"start":{"line":62,"column":4},"end":{"line":66,"column":5}},"20":{"start":{"line":69,"column":17},"end":{"line":76,"column":3}},"21":{"start":{"line":70,"column":36},"end":{"line":70,"column":87}},"22":{"start":{"line":71,"column":4},"end":{"line":75,"column":5}},"23":{"start":{"line":78,"column":18},"end":{"line":85,"column":3}},"24":{"start":{"line":79,"column":36},"end":{"line":79,"column":82}},"25":{"start":{"line":80,"column":4},"end":{"line":84,"column":5}},"26":{"start":{"line":87,"column":11},"end":{"line":112,"column":3}},"27":{"start":{"line":88,"column":4},"end":{"line":90,"column":5}},"28":{"start":{"line":89,"column":6},"end":{"line":89,"column":47}},"29":{"start":{"line":91,"column":28},"end":{"line":91,"column":95}},"30":{"start":{"line":92,"column":37},"end":{"line":96,"column":5}},"31":{"start":{"line":97,"column":36},"end":{"line":97,"column":91}},"32":{"start":{"line":99,"column":4},"end":{"line":106,"column":5}},"33":{"start":{"line":100,"column":6},"end":{"line":102,"column":7}},"34":{"start":{"line":101,"column":8},"end":{"line":101,"column":59}},"35":{"start":{"line":103,"column":6},"end":{"line":103,"column":95}},"36":{"start":{"line":105,"column":6},"end":{"line":105,"column":39}},"37":{"start":{"line":107,"column":4},"end":{"line":111,"column":5}}},"fnMap":{"0":{"name":"(anonymous_0)","decl":{"start":{"line":13,"column":2},"end":{"line":13,"column":3}},"loc":{"start":{"line":13,"column":85},"end":{"line":16,"column":3}},"line":13},"1":{"name":"(anonymous_1)","decl":{"start":{"line":18,"column":12},"end":{"line":18,"column":13}},"loc":{"start":{"line":18,"column":109},"end":{"line":30,"column":3}},"line":18},"2":{"name":"(anonymous_2)","decl":{"start":{"line":32,"column":21},"end":{"line":32,"column":22}},"loc":{"start":{"line":32,"column":121},"end":{"line":44,"column":3}},"line":32},"3":{"name":"(anonymous_3)","decl":{"start":{"line":46,"column":16},"end":{"line":46,"column":17}},"loc":{"start":{"line":46,"column":107},"end":{"line":58,"column":3}},"line":46},"4":{"name":"(anonymous_4)","decl":{"start":{"line":60,"column":14},"end":{"line":60,"column":15}},"loc":{"start":{"line":60,"column":61},"end":{"line":67,"column":3}},"line":60},"5":{"name":"(anonymous_5)","decl":{"start":{"line":69,"column":17},"end":{"line":69,"column":18}},"loc":{"start":{"line":69,"column":76},"end":{"line":76,"column":3}},"line":69},"6":{"name":"(anonymous_6)","decl":{"start":{"line":78,"column":18},"end":{"line":78,"column":19}},"loc":{"start":{"line":78,"column":66},"end":{"line":85,"column":3}},"line":78},"7":{"name":"(anonymous_7)","decl":{"start":{"line":87,"column":11},"end":{"line":87,"column":12}},"loc":{"start":{"line":87,"column":127},"end":{"line":112,"column":3}},"line":87}},"branchMap":{"0":{"loc":{"start":{"line":20,"column":4},"end":{"line":24,"column":5}},"type":"if","locations":[{"start":{"line":20,"column":4},"end":{"line":24,"column":5}},{"start":{"line":20,"column":4},"end":{"line":24,"column":5}}],"line":20},"1":{"loc":{"start":{"line":34,"column":4},"end":{"line":38,"column":5}},"type":"if","locations":[{"start":{"line":34,"column":4},"end":{"line":38,"column":5}},{"start":{"line":34,"column":4},"end":{"line":38,"column":5}}],"line":34},"2":{"loc":{"start":{"line":48,"column":4},"end":{"line":52,"column":5}},"type":"if","locations":[{"start":{"line":48,"column":4},"end":{"line":52,"column":5}},{"start":{"line":48,"column":4},"end":{"line":52,"column":5}}],"line":48},"3":{"loc":{"start":{"line":88,"column":4},"end":{"line":90,"column":5}},"type":"if","locations":[{"start":{"line":88,"column":4},"end":{"line":90,"column":5}},{"start":{"line":88,"column":4},"end":{"line":90,"column":5}}],"line":88},"4":{"loc":{"start":{"line":99,"column":4},"end":{"line":106,"column":5}},"type":"if","locations":[{"start":{"line":99,"column":4},"end":{"line":106,"column":5}},{"start":{"line":99,"column":4},"end":{"line":106,"column":5}}],"line":99},"5":{"loc":{"start":{"line":100,"column":6},"end":{"line":102,"column":7}},"type":"if","locations":[{"start":{"line":100,"column":6},"end":{"line":102,"column":7}},{"start":{"line":100,"column":6},"end":{"line":102,"column":7}}],"line":100}},"s":{"0":0,"1":0,"2":0,"3":0,"4":0,"5":0,"6":0,"7":0,"8":0,"9":0,"10":0,"11":0,"12":0,"13":0,"14":0,"15":0,"16":0,"17":0,"18":0,"19":0,"20":0,"21":0,"22":0,"23":0,"24":0,"25":0,"26":0,"27":0,"28":0,"29":0,"30":0,"31":0,"32":0,"33":0,"34":0,"35":0,"36":0,"37":0},"f":{"0":0,"1":0,"2":0,"3":0,"4":0,"5":0,"6":0,"7":0},"b":{"0":[0,0],"1":[0,0],"2":[0,0],"3":[0,0],"4":[0,0],"5":[0,0]},"all":true},"C:\\Data\\Apps\\gigih\\mid-term\\gigih-play-backend\\src\\inners\\use_cases\\managements\\ProductManagement.ts":{"path":"C:\\Data\\Apps\\gigih\\mid-term\\gigih-play-backend\\src\\inners\\use_cases\\managements\\ProductManagement.ts","statementMap":{"0":{"start":{"line":9,"column":4},"end":{"line":9,"column":46}},"1":{"start":{"line":12,"column":12},"end":{"line":19,"column":3}},"2":{"start":{"line":13,"column":37},"end":{"line":13,"column":81}},"3":{"start":{"line":14,"column":4},"end":{"line":18,"column":5}},"4":{"start":{"line":21,"column":21},"end":{"line":29,"column":3}},"5":{"start":{"line":22,"column":46},"end":{"line":22,"column":100}},"6":{"start":{"line":23,"column":4},"end":{"line":28,"column":5}},"7":{"start":{"line":31,"column":16},"end":{"line":38,"column":3}},"8":{"start":{"line":32,"column":34},"end":{"line":32,"column":78}},"9":{"start":{"line":33,"column":4},"end":{"line":37,"column":5}},"10":{"start":{"line":40,"column":14},"end":{"line":47,"column":3}},"11":{"start":{"line":41,"column":36},"end":{"line":41,"column":80}},"12":{"start":{"line":42,"column":4},"end":{"line":46,"column":5}},"13":{"start":{"line":49,"column":17},"end":{"line":56,"column":3}},"14":{"start":{"line":50,"column":36},"end":{"line":50,"column":87}},"15":{"start":{"line":51,"column":4},"end":{"line":55,"column":5}},"16":{"start":{"line":58,"column":18},"end":{"line":65,"column":3}},"17":{"start":{"line":59,"column":36},"end":{"line":59,"column":82}},"18":{"start":{"line":60,"column":4},"end":{"line":64,"column":5}}},"fnMap":{"0":{"name":"(anonymous_0)","decl":{"start":{"line":8,"column":2},"end":{"line":8,"column":3}},"loc":{"start":{"line":8,"column":53},"end":{"line":10,"column":3}},"line":8},"1":{"name":"(anonymous_1)","decl":{"start":{"line":12,"column":12},"end":{"line":12,"column":13}},"loc":{"start":{"line":12,"column":64},"end":{"line":19,"column":3}},"line":12},"2":{"name":"(anonymous_2)","decl":{"start":{"line":21,"column":21},"end":{"line":21,"column":22}},"loc":{"start":{"line":21,"column":76},"end":{"line":29,"column":3}},"line":21},"3":{"name":"(anonymous_3)","decl":{"start":{"line":31,"column":16},"end":{"line":31,"column":17}},"loc":{"start":{"line":31,"column":65},"end":{"line":38,"column":3}},"line":31},"4":{"name":"(anonymous_4)","decl":{"start":{"line":40,"column":14},"end":{"line":40,"column":15}},"loc":{"start":{"line":40,"column":61},"end":{"line":47,"column":3}},"line":40},"5":{"name":"(anonymous_5)","decl":{"start":{"line":49,"column":17},"end":{"line":49,"column":18}},"loc":{"start":{"line":49,"column":76},"end":{"line":56,"column":3}},"line":49},"6":{"name":"(anonymous_6)","decl":{"start":{"line":58,"column":18},"end":{"line":58,"column":19}},"loc":{"start":{"line":58,"column":67},"end":{"line":65,"column":3}},"line":58}},"branchMap":{},"s":{"0":0,"1":0,"2":0,"3":0,"4":0,"5":0,"6":0,"7":0,"8":0,"9":0,"10":0,"11":0,"12":0,"13":0,"14":0,"15":0,"16":0,"17":0,"18":0},"f":{"0":0,"1":0,"2":0,"3":0,"4":0,"5":0,"6":0},"b":{},"all":true},"C:\\Data\\Apps\\gigih\\mid-term\\gigih-play-backend\\src\\inners\\use_cases\\managements\\UserManagement.ts":{"path":"C:\\Data\\Apps\\gigih\\mid-term\\gigih-play-backend\\src\\inners\\use_cases\\managements\\UserManagement.ts","statementMap":{"0":{"start":{"line":9,"column":4},"end":{"line":9,"column":40}},"1":{"start":{"line":12,"column":12},"end":{"line":19,"column":3}},"2":{"start":{"line":13,"column":31},"end":{"line":13,"column":72}},"3":{"start":{"line":14,"column":4},"end":{"line":18,"column":5}},"4":{"start":{"line":21,"column":16},"end":{"line":28,"column":3}},"5":{"start":{"line":22,"column":28},"end":{"line":22,"column":69}},"6":{"start":{"line":23,"column":4},"end":{"line":27,"column":5}},"7":{"start":{"line":30,"column":22},"end":{"line":37,"column":3}},"8":{"start":{"line":31,"column":28},"end":{"line":31,"column":81}},"9":{"start":{"line":32,"column":4},"end":{"line":36,"column":5}},"10":{"start":{"line":39,"column":33},"end":{"line":46,"column":3}},"11":{"start":{"line":40,"column":35},"end":{"line":40,"column":109}},"12":{"start":{"line":41,"column":4},"end":{"line":45,"column":5}},"13":{"start":{"line":48,"column":14},"end":{"line":55,"column":3}},"14":{"start":{"line":49,"column":30},"end":{"line":49,"column":71}},"15":{"start":{"line":50,"column":4},"end":{"line":54,"column":5}},"16":{"start":{"line":57,"column":17},"end":{"line":64,"column":3}},"17":{"start":{"line":58,"column":30},"end":{"line":58,"column":78}},"18":{"start":{"line":59,"column":4},"end":{"line":63,"column":5}},"19":{"start":{"line":66,"column":18},"end":{"line":73,"column":3}},"20":{"start":{"line":67,"column":30},"end":{"line":67,"column":73}},"21":{"start":{"line":68,"column":4},"end":{"line":72,"column":5}}},"fnMap":{"0":{"name":"(anonymous_0)","decl":{"start":{"line":8,"column":2},"end":{"line":8,"column":3}},"loc":{"start":{"line":8,"column":47},"end":{"line":10,"column":3}},"line":8},"1":{"name":"(anonymous_1)","decl":{"start":{"line":12,"column":12},"end":{"line":12,"column":13}},"loc":{"start":{"line":12,"column":61},"end":{"line":19,"column":3}},"line":12},"2":{"name":"(anonymous_2)","decl":{"start":{"line":21,"column":16},"end":{"line":21,"column":17}},"loc":{"start":{"line":21,"column":62},"end":{"line":28,"column":3}},"line":21},"3":{"name":"(anonymous_3)","decl":{"start":{"line":30,"column":22},"end":{"line":30,"column":23}},"loc":{"start":{"line":30,"column":74},"end":{"line":37,"column":3}},"line":30},"4":{"name":"(anonymous_4)","decl":{"start":{"line":39,"column":33},"end":{"line":39,"column":34}},"loc":{"start":{"line":39,"column":109},"end":{"line":46,"column":3}},"line":39},"5":{"name":"(anonymous_5)","decl":{"start":{"line":48,"column":14},"end":{"line":48,"column":15}},"loc":{"start":{"line":48,"column":58},"end":{"line":55,"column":3}},"line":48},"6":{"name":"(anonymous_6)","decl":{"start":{"line":57,"column":17},"end":{"line":57,"column":18}},"loc":{"start":{"line":57,"column":73},"end":{"line":64,"column":3}},"line":57},"7":{"name":"(anonymous_7)","decl":{"start":{"line":66,"column":18},"end":{"line":66,"column":19}},"loc":{"start":{"line":66,"column":63},"end":{"line":73,"column":3}},"line":66}},"branchMap":{},"s":{"0":0,"1":0,"2":0,"3":0,"4":0,"5":0,"6":0,"7":0,"8":0,"9":0,"10":0,"11":0,"12":0,"13":0,"14":0,"15":0,"16":0,"17":0,"18":0,"19":0,"20":0,"21":0},"f":{"0":0,"1":0,"2":0,"3":0,"4":0,"5":0,"6":0,"7":0},"b":{},"all":true},"C:\\Data\\Apps\\gigih\\mid-term\\gigih-play-backend\\src\\inners\\use_cases\\managements\\VideoCommentMapManagement.ts":{"path":"C:\\Data\\Apps\\gigih\\mid-term\\gigih-play-backend\\src\\inners\\use_cases\\managements\\VideoCommentMapManagement.ts","statementMap":{"0":{"start":{"line":10,"column":4},"end":{"line":10,"column":62}},"1":{"start":{"line":13,"column":12},"end":{"line":26,"column":3}},"2":{"start":{"line":15,"column":4},"end":{"line":19,"column":5}},"3":{"start":{"line":16,"column":6},"end":{"line":16,"column":92}},"4":{"start":{"line":18,"column":6},"end":{"line":18,"column":82}},"5":{"start":{"line":21,"column":4},"end":{"line":25,"column":5}},"6":{"start":{"line":28,"column":16},"end":{"line":40,"column":3}},"7":{"start":{"line":30,"column":4},"end":{"line":34,"column":5}},"8":{"start":{"line":31,"column":6},"end":{"line":31,"column":91}},"9":{"start":{"line":33,"column":6},"end":{"line":33,"column":81}},"10":{"start":{"line":35,"column":4},"end":{"line":39,"column":5}},"11":{"start":{"line":42,"column":14},"end":{"line":49,"column":3}},"12":{"start":{"line":43,"column":52},"end":{"line":43,"column":104}},"13":{"start":{"line":44,"column":4},"end":{"line":48,"column":5}},"14":{"start":{"line":51,"column":17},"end":{"line":58,"column":3}},"15":{"start":{"line":52,"column":52},"end":{"line":52,"column":111}},"16":{"start":{"line":53,"column":4},"end":{"line":57,"column":5}},"17":{"start":{"line":60,"column":18},"end":{"line":67,"column":3}},"18":{"start":{"line":61,"column":52},"end":{"line":61,"column":106}},"19":{"start":{"line":62,"column":4},"end":{"line":66,"column":5}}},"fnMap":{"0":{"name":"(anonymous_0)","decl":{"start":{"line":9,"column":2},"end":{"line":9,"column":3}},"loc":{"start":{"line":9,"column":69},"end":{"line":11,"column":3}},"line":9},"1":{"name":"(anonymous_1)","decl":{"start":{"line":13,"column":12},"end":{"line":13,"column":13}},"loc":{"start":{"line":13,"column":125},"end":{"line":26,"column":3}},"line":13},"2":{"name":"(anonymous_2)","decl":{"start":{"line":28,"column":16},"end":{"line":28,"column":17}},"loc":{"start":{"line":28,"column":123},"end":{"line":40,"column":3}},"line":28},"3":{"name":"(anonymous_3)","decl":{"start":{"line":42,"column":14},"end":{"line":42,"column":15}},"loc":{"start":{"line":42,"column":69},"end":{"line":49,"column":3}},"line":42},"4":{"name":"(anonymous_4)","decl":{"start":{"line":51,"column":17},"end":{"line":51,"column":18}},"loc":{"start":{"line":51,"column":84},"end":{"line":58,"column":3}},"line":51},"5":{"name":"(anonymous_5)","decl":{"start":{"line":60,"column":18},"end":{"line":60,"column":19}},"loc":{"start":{"line":60,"column":75},"end":{"line":67,"column":3}},"line":60}},"branchMap":{"0":{"loc":{"start":{"line":15,"column":4},"end":{"line":19,"column":5}},"type":"if","locations":[{"start":{"line":15,"column":4},"end":{"line":19,"column":5}},{"start":{"line":15,"column":4},"end":{"line":19,"column":5}}],"line":15},"1":{"loc":{"start":{"line":30,"column":4},"end":{"line":34,"column":5}},"type":"if","locations":[{"start":{"line":30,"column":4},"end":{"line":34,"column":5}},{"start":{"line":30,"column":4},"end":{"line":34,"column":5}}],"line":30}},"s":{"0":0,"1":0,"2":0,"3":0,"4":0,"5":0,"6":0,"7":0,"8":0,"9":0,"10":0,"11":0,"12":0,"13":0,"14":0,"15":0,"16":0,"17":0,"18":0,"19":0},"f":{"0":0,"1":0,"2":0,"3":0,"4":0,"5":0},"b":{"0":[0,0],"1":[0,0]},"all":true},"C:\\Data\\Apps\\gigih\\mid-term\\gigih-play-backend\\src\\inners\\use_cases\\managements\\VideoManagement.ts":{"path":"C:\\Data\\Apps\\gigih\\mid-term\\gigih-play-backend\\src\\inners\\use_cases\\managements\\VideoManagement.ts","statementMap":{"0":{"start":{"line":9,"column":4},"end":{"line":9,"column":42}},"1":{"start":{"line":12,"column":12},"end":{"line":19,"column":3}},"2":{"start":{"line":13,"column":33},"end":{"line":13,"column":75}},"3":{"start":{"line":14,"column":4},"end":{"line":18,"column":5}},"4":{"start":{"line":21,"column":16},"end":{"line":28,"column":3}},"5":{"start":{"line":22,"column":30},"end":{"line":22,"column":72}},"6":{"start":{"line":23,"column":4},"end":{"line":27,"column":5}},"7":{"start":{"line":30,"column":14},"end":{"line":37,"column":3}},"8":{"start":{"line":31,"column":32},"end":{"line":31,"column":74}},"9":{"start":{"line":32,"column":4},"end":{"line":36,"column":5}},"10":{"start":{"line":39,"column":17},"end":{"line":46,"column":3}},"11":{"start":{"line":40,"column":32},"end":{"line":40,"column":81}},"12":{"start":{"line":41,"column":4},"end":{"line":45,"column":5}},"13":{"start":{"line":48,"column":18},"end":{"line":55,"column":3}},"14":{"start":{"line":49,"column":32},"end":{"line":49,"column":76}},"15":{"start":{"line":50,"column":4},"end":{"line":54,"column":5}}},"fnMap":{"0":{"name":"(anonymous_0)","decl":{"start":{"line":8,"column":2},"end":{"line":8,"column":3}},"loc":{"start":{"line":8,"column":49},"end":{"line":10,"column":3}},"line":8},"1":{"name":"(anonymous_1)","decl":{"start":{"line":12,"column":12},"end":{"line":12,"column":13}},"loc":{"start":{"line":12,"column":62},"end":{"line":19,"column":3}},"line":12},"2":{"name":"(anonymous_2)","decl":{"start":{"line":21,"column":16},"end":{"line":21,"column":17}},"loc":{"start":{"line":21,"column":62},"end":{"line":28,"column":3}},"line":21},"3":{"name":"(anonymous_3)","decl":{"start":{"line":30,"column":14},"end":{"line":30,"column":15}},"loc":{"start":{"line":30,"column":59},"end":{"line":37,"column":3}},"line":30},"4":{"name":"(anonymous_4)","decl":{"start":{"line":39,"column":17},"end":{"line":39,"column":18}},"loc":{"start":{"line":39,"column":75},"end":{"line":46,"column":3}},"line":39},"5":{"name":"(anonymous_5)","decl":{"start":{"line":48,"column":18},"end":{"line":48,"column":19}},"loc":{"start":{"line":48,"column":65},"end":{"line":55,"column":3}},"line":48}},"branchMap":{},"s":{"0":0,"1":0,"2":0,"3":0,"4":0,"5":0,"6":0,"7":0,"8":0,"9":0,"10":0,"11":0,"12":0,"13":0,"14":0,"15":0},"f":{"0":0,"1":0,"2":0,"3":0,"4":0,"5":0},"b":{},"all":true},"C:\\Data\\Apps\\gigih\\mid-term\\gigih-play-backend\\src\\inners\\use_cases\\managements\\VideoProductMapManagement.ts":{"path":"C:\\Data\\Apps\\gigih\\mid-term\\gigih-play-backend\\src\\inners\\use_cases\\managements\\VideoProductMapManagement.ts","statementMap":{"0":{"start":{"line":10,"column":4},"end":{"line":10,"column":62}},"1":{"start":{"line":13,"column":12},"end":{"line":25,"column":3}},"2":{"start":{"line":15,"column":4},"end":{"line":19,"column":5}},"3":{"start":{"line":16,"column":6},"end":{"line":16,"column":92}},"4":{"start":{"line":18,"column":6},"end":{"line":18,"column":82}},"5":{"start":{"line":20,"column":4},"end":{"line":24,"column":5}},"6":{"start":{"line":27,"column":16},"end":{"line":39,"column":3}},"7":{"start":{"line":29,"column":4},"end":{"line":33,"column":5}},"8":{"start":{"line":30,"column":6},"end":{"line":30,"column":91}},"9":{"start":{"line":32,"column":6},"end":{"line":32,"column":81}},"10":{"start":{"line":34,"column":4},"end":{"line":38,"column":5}},"11":{"start":{"line":41,"column":26},"end":{"line":48,"column":3}},"12":{"start":{"line":42,"column":59},"end":{"line":42,"column":121}},"13":{"start":{"line":43,"column":4},"end":{"line":47,"column":5}},"14":{"start":{"line":50,"column":14},"end":{"line":57,"column":3}},"15":{"start":{"line":51,"column":52},"end":{"line":51,"column":104}},"16":{"start":{"line":52,"column":4},"end":{"line":56,"column":5}},"17":{"start":{"line":59,"column":17},"end":{"line":66,"column":3}},"18":{"start":{"line":60,"column":52},"end":{"line":60,"column":111}},"19":{"start":{"line":61,"column":4},"end":{"line":65,"column":5}},"20":{"start":{"line":68,"column":18},"end":{"line":75,"column":3}},"21":{"start":{"line":69,"column":52},"end":{"line":69,"column":106}},"22":{"start":{"line":70,"column":4},"end":{"line":74,"column":5}}},"fnMap":{"0":{"name":"(anonymous_0)","decl":{"start":{"line":9,"column":2},"end":{"line":9,"column":3}},"loc":{"start":{"line":9,"column":69},"end":{"line":11,"column":3}},"line":9},"1":{"name":"(anonymous_1)","decl":{"start":{"line":13,"column":12},"end":{"line":13,"column":13}},"loc":{"start":{"line":13,"column":125},"end":{"line":25,"column":3}},"line":13},"2":{"name":"(anonymous_2)","decl":{"start":{"line":27,"column":16},"end":{"line":27,"column":17}},"loc":{"start":{"line":27,"column":123},"end":{"line":39,"column":3}},"line":27},"3":{"name":"(anonymous_3)","decl":{"start":{"line":41,"column":26},"end":{"line":41,"column":27}},"loc":{"start":{"line":41,"column":91},"end":{"line":48,"column":3}},"line":41},"4":{"name":"(anonymous_4)","decl":{"start":{"line":50,"column":14},"end":{"line":50,"column":15}},"loc":{"start":{"line":50,"column":69},"end":{"line":57,"column":3}},"line":50},"5":{"name":"(anonymous_5)","decl":{"start":{"line":59,"column":17},"end":{"line":59,"column":18}},"loc":{"start":{"line":59,"column":84},"end":{"line":66,"column":3}},"line":59},"6":{"name":"(anonymous_6)","decl":{"start":{"line":68,"column":18},"end":{"line":68,"column":19}},"loc":{"start":{"line":68,"column":74},"end":{"line":75,"column":3}},"line":68}},"branchMap":{"0":{"loc":{"start":{"line":15,"column":4},"end":{"line":19,"column":5}},"type":"if","locations":[{"start":{"line":15,"column":4},"end":{"line":19,"column":5}},{"start":{"line":15,"column":4},"end":{"line":19,"column":5}}],"line":15},"1":{"loc":{"start":{"line":29,"column":4},"end":{"line":33,"column":5}},"type":"if","locations":[{"start":{"line":29,"column":4},"end":{"line":33,"column":5}},{"start":{"line":29,"column":4},"end":{"line":33,"column":5}}],"line":29}},"s":{"0":0,"1":0,"2":0,"3":0,"4":0,"5":0,"6":0,"7":0,"8":0,"9":0,"10":0,"11":0,"12":0,"13":0,"14":0,"15":0,"16":0,"17":0,"18":0,"19":0,"20":0,"21":0,"22":0},"f":{"0":0,"1":0,"2":0,"3":0,"4":0,"5":0,"6":0},"b":{"0":[0,0],"1":[0,0]},"all":true},"C:\\Data\\Apps\\gigih\\mid-term\\gigih-play-backend\\src\\outers\\configurations\\DotenvConfiguration.ts":{"path":"C:\\Data\\Apps\\gigih\\mid-term\\gigih-play-backend\\src\\outers\\configurations\\DotenvConfiguration.ts","statementMap":{"0":{"start":{"line":3,"column":41},"end":{"line":7,"column":1}}},"fnMap":{},"branchMap":{},"s":{"0":0},"f":{},"b":{},"all":true},"C:\\Data\\Apps\\gigih\\mid-term\\gigih-play-backend\\src\\outers\\controllers\\rests\\AuthenticationControllerRest.ts":{"path":"C:\\Data\\Apps\\gigih\\mid-term\\gigih-play-backend\\src\\outers\\controllers\\rests\\AuthenticationControllerRest.ts","statementMap":{"0":{"start":{"line":22,"column":4},"end":{"line":22,"column":24}},"1":{"start":{"line":23,"column":4},"end":{"line":23,"column":50}},"2":{"start":{"line":24,"column":4},"end":{"line":24,"column":56}},"3":{"start":{"line":27,"column":19},"end":{"line":30,"column":3}},"4":{"start":{"line":28,"column":4},"end":{"line":28,"column":43}},"5":{"start":{"line":29,"column":4},"end":{"line":29,"column":49}},"6":{"start":{"line":32,"column":10},"end":{"line":58,"column":3}},"7":{"start":{"line":33,"column":23},"end":{"line":33,"column":36}},"8":{"start":{"line":34,"column":4},"end":{"line":57,"column":5}},"9":{"start":{"line":35,"column":85},"end":{"line":35,"column":97}},"10":{"start":{"line":36,"column":6},"end":{"line":48,"column":10}},"11":{"start":{"line":38,"column":10},"end":{"line":38,"column":53}},"12":{"start":{"line":41,"column":10},"end":{"line":47,"column":11}},"13":{"start":{"line":50,"column":6},"end":{"line":56,"column":7}},"14":{"start":{"line":60,"column":13},"end":{"line":86,"column":3}},"15":{"start":{"line":61,"column":23},"end":{"line":61,"column":36}},"16":{"start":{"line":62,"column":4},"end":{"line":85,"column":5}},"17":{"start":{"line":63,"column":91},"end":{"line":63,"column":103}},"18":{"start":{"line":64,"column":6},"end":{"line":76,"column":10}},"19":{"start":{"line":66,"column":10},"end":{"line":66,"column":53}},"20":{"start":{"line":69,"column":10},"end":{"line":75,"column":11}},"21":{"start":{"line":78,"column":6},"end":{"line":84,"column":7}}},"fnMap":{"0":{"name":"(anonymous_0)","decl":{"start":{"line":17,"column":2},"end":{"line":17,"column":3}},"loc":{"start":{"line":21,"column":4},"end":{"line":25,"column":3}},"line":21},"1":{"name":"(anonymous_1)","decl":{"start":{"line":27,"column":19},"end":{"line":27,"column":20}},"loc":{"start":{"line":27,"column":31},"end":{"line":30,"column":3}},"line":27},"2":{"name":"(anonymous_2)","decl":{"start":{"line":32,"column":10},"end":{"line":32,"column":11}},"loc":{"start":{"line":32,"column":58},"end":{"line":58,"column":3}},"line":32},"3":{"name":"(anonymous_3)","decl":{"start":{"line":37,"column":14},"end":{"line":37,"column":15}},"loc":{"start":{"line":37,"column":47},"end":{"line":39,"column":9}},"line":37},"4":{"name":"(anonymous_4)","decl":{"start":{"line":40,"column":15},"end":{"line":40,"column":16}},"loc":{"start":{"line":40,"column":33},"end":{"line":48,"column":9}},"line":40},"5":{"name":"(anonymous_5)","decl":{"start":{"line":60,"column":13},"end":{"line":60,"column":14}},"loc":{"start":{"line":60,"column":61},"end":{"line":86,"column":3}},"line":60},"6":{"name":"(anonymous_6)","decl":{"start":{"line":65,"column":14},"end":{"line":65,"column":15}},"loc":{"start":{"line":65,"column":47},"end":{"line":67,"column":9}},"line":65},"7":{"name":"(anonymous_7)","decl":{"start":{"line":68,"column":15},"end":{"line":68,"column":16}},"loc":{"start":{"line":68,"column":33},"end":{"line":76,"column":9}},"line":68}},"branchMap":{"0":{"loc":{"start":{"line":34,"column":4},"end":{"line":57,"column":5}},"type":"if","locations":[{"start":{"line":34,"column":4},"end":{"line":57,"column":5}},{"start":{"line":34,"column":4},"end":{"line":57,"column":5}}],"line":34},"1":{"loc":{"start":{"line":62,"column":4},"end":{"line":85,"column":5}},"type":"if","locations":[{"start":{"line":62,"column":4},"end":{"line":85,"column":5}},{"start":{"line":62,"column":4},"end":{"line":85,"column":5}}],"line":62}},"s":{"0":0,"1":0,"2":0,"3":0,"4":0,"5":0,"6":0,"7":0,"8":0,"9":0,"10":0,"11":0,"12":0,"13":0,"14":0,"15":0,"16":0,"17":0,"18":0,"19":0,"20":0,"21":0},"f":{"0":0,"1":0,"2":0,"3":0,"4":0,"5":0,"6":0,"7":0},"b":{"0":[0,0],"1":[0,0]},"all":true},"C:\\Data\\Apps\\gigih\\mid-term\\gigih-play-backend\\src\\outers\\controllers\\rests\\CommentControllerRest.ts":{"path":"C:\\Data\\Apps\\gigih\\mid-term\\gigih-play-backend\\src\\outers\\controllers\\rests\\CommentControllerRest.ts","statementMap":{"0":{"start":{"line":14,"column":4},"end":{"line":14,"column":24}},"1":{"start":{"line":15,"column":4},"end":{"line":15,"column":46}},"2":{"start":{"line":18,"column":19},"end":{"line":26,"column":3}},"3":{"start":{"line":19,"column":4},"end":{"line":19,"column":37}},"4":{"start":{"line":20,"column":4},"end":{"line":20,"column":62}},"5":{"start":{"line":21,"column":4},"end":{"line":21,"column":45}},"6":{"start":{"line":22,"column":4},"end":{"line":22,"column":40}},"7":{"start":{"line":23,"column":4},"end":{"line":23,"column":49}},"8":{"start":{"line":24,"column":4},"end":{"line":24,"column":48}},"9":{"start":{"line":25,"column":4},"end":{"line":25,"column":50}},"10":{"start":{"line":28,"column":12},"end":{"line":44,"column":3}},"11":{"start":{"line":29,"column":37},"end":{"line":29,"column":50}},"12":{"start":{"line":30,"column":40},"end":{"line":30,"column":61}},"13":{"start":{"line":31,"column":42},"end":{"line":31,"column":123}},"14":{"start":{"line":32,"column":4},"end":{"line":43,"column":8}},"15":{"start":{"line":35,"column":8},"end":{"line":35,"column":51}},"16":{"start":{"line":38,"column":8},"end":{"line":42,"column":10}},"17":{"start":{"line":46,"column":21},"end":{"line":62,"column":3}},"18":{"start":{"line":47,"column":24},"end":{"line":47,"column":38}},"19":{"start":{"line":48,"column":29},"end":{"line":48,"column":42}},"20":{"start":{"line":49,"column":40},"end":{"line":49,"column":61}},"21":{"start":{"line":50,"column":4},"end":{"line":61,"column":8}},"22":{"start":{"line":53,"column":8},"end":{"line":53,"column":51}},"23":{"start":{"line":56,"column":8},"end":{"line":60,"column":10}},"24":{"start":{"line":64,"column":16},"end":{"line":79,"column":3}},"25":{"start":{"line":65,"column":19},"end":{"line":65,"column":33}},"26":{"start":{"line":66,"column":29},"end":{"line":66,"column":42}},"27":{"start":{"line":67,"column":4},"end":{"line":78,"column":8}},"28":{"start":{"line":70,"column":8},"end":{"line":70,"column":51}},"29":{"start":{"line":73,"column":8},"end":{"line":77,"column":10}},"30":{"start":{"line":81,"column":14},"end":{"line":94,"column":3}},"31":{"start":{"line":82,"column":4},"end":{"line":93,"column":8}},"32":{"start":{"line":85,"column":8},"end":{"line":85,"column":51}},"33":{"start":{"line":88,"column":8},"end":{"line":92,"column":10}},"34":{"start":{"line":96,"column":11},"end":{"line":112,"column":3}},"35":{"start":{"line":97,"column":29},"end":{"line":97,"column":42}},"36":{"start":{"line":98,"column":43},"end":{"line":98,"column":55}},"37":{"start":{"line":99,"column":48},"end":{"line":99,"column":100}},"38":{"start":{"line":100,"column":4},"end":{"line":111,"column":8}},"39":{"start":{"line":103,"column":8},"end":{"line":103,"column":51}},"40":{"start":{"line":106,"column":8},"end":{"line":110,"column":10}},"41":{"start":{"line":114,"column":17},"end":{"line":128,"column":3}},"42":{"start":{"line":115,"column":19},"end":{"line":115,"column":33}},"43":{"start":{"line":116,"column":4},"end":{"line":127,"column":8}},"44":{"start":{"line":119,"column":8},"end":{"line":119,"column":51}},"45":{"start":{"line":122,"column":8},"end":{"line":126,"column":10}},"46":{"start":{"line":130,"column":18},"end":{"line":144,"column":3}},"47":{"start":{"line":131,"column":19},"end":{"line":131,"column":33}},"48":{"start":{"line":132,"column":4},"end":{"line":143,"column":8}},"49":{"start":{"line":135,"column":8},"end":{"line":135,"column":51}},"50":{"start":{"line":138,"column":8},"end":{"line":142,"column":10}}},"fnMap":{"0":{"name":"(anonymous_0)","decl":{"start":{"line":13,"column":2},"end":{"line":13,"column":3}},"loc":{"start":{"line":13,"column":69},"end":{"line":16,"column":3}},"line":13},"1":{"name":"(anonymous_1)","decl":{"start":{"line":18,"column":19},"end":{"line":18,"column":20}},"loc":{"start":{"line":18,"column":31},"end":{"line":26,"column":3}},"line":18},"2":{"name":"(anonymous_2)","decl":{"start":{"line":28,"column":12},"end":{"line":28,"column":13}},"loc":{"start":{"line":28,"column":60},"end":{"line":44,"column":3}},"line":28},"3":{"name":"(anonymous_3)","decl":{"start":{"line":34,"column":12},"end":{"line":34,"column":13}},"loc":{"start":{"line":34,"column":64},"end":{"line":36,"column":7}},"line":34},"4":{"name":"(anonymous_4)","decl":{"start":{"line":37,"column":13},"end":{"line":37,"column":14}},"loc":{"start":{"line":37,"column":31},"end":{"line":43,"column":7}},"line":37},"5":{"name":"(anonymous_5)","decl":{"start":{"line":46,"column":21},"end":{"line":46,"column":22}},"loc":{"start":{"line":46,"column":69},"end":{"line":62,"column":3}},"line":46},"6":{"name":"(anonymous_6)","decl":{"start":{"line":52,"column":12},"end":{"line":52,"column":13}},"loc":{"start":{"line":52,"column":64},"end":{"line":54,"column":7}},"line":52},"7":{"name":"(anonymous_7)","decl":{"start":{"line":55,"column":13},"end":{"line":55,"column":14}},"loc":{"start":{"line":55,"column":31},"end":{"line":61,"column":7}},"line":55},"8":{"name":"(anonymous_8)","decl":{"start":{"line":64,"column":16},"end":{"line":64,"column":17}},"loc":{"start":{"line":64,"column":64},"end":{"line":79,"column":3}},"line":64},"9":{"name":"(anonymous_9)","decl":{"start":{"line":69,"column":12},"end":{"line":69,"column":13}},"loc":{"start":{"line":69,"column":60},"end":{"line":71,"column":7}},"line":69},"10":{"name":"(anonymous_10)","decl":{"start":{"line":72,"column":13},"end":{"line":72,"column":14}},"loc":{"start":{"line":72,"column":31},"end":{"line":78,"column":7}},"line":72},"11":{"name":"(anonymous_11)","decl":{"start":{"line":81,"column":14},"end":{"line":81,"column":15}},"loc":{"start":{"line":81,"column":62},"end":{"line":94,"column":3}},"line":81},"12":{"name":"(anonymous_12)","decl":{"start":{"line":84,"column":12},"end":{"line":84,"column":13}},"loc":{"start":{"line":84,"column":41},"end":{"line":86,"column":7}},"line":84},"13":{"name":"(anonymous_13)","decl":{"start":{"line":87,"column":13},"end":{"line":87,"column":14}},"loc":{"start":{"line":87,"column":31},"end":{"line":93,"column":7}},"line":87},"14":{"name":"(anonymous_14)","decl":{"start":{"line":96,"column":11},"end":{"line":96,"column":12}},"loc":{"start":{"line":96,"column":59},"end":{"line":112,"column":3}},"line":96},"15":{"name":"(anonymous_15)","decl":{"start":{"line":102,"column":12},"end":{"line":102,"column":13}},"loc":{"start":{"line":102,"column":60},"end":{"line":104,"column":7}},"line":102},"16":{"name":"(anonymous_16)","decl":{"start":{"line":105,"column":13},"end":{"line":105,"column":14}},"loc":{"start":{"line":105,"column":31},"end":{"line":111,"column":7}},"line":105},"17":{"name":"(anonymous_17)","decl":{"start":{"line":114,"column":17},"end":{"line":114,"column":18}},"loc":{"start":{"line":114,"column":65},"end":{"line":128,"column":3}},"line":114},"18":{"name":"(anonymous_18)","decl":{"start":{"line":118,"column":12},"end":{"line":118,"column":13}},"loc":{"start":{"line":118,"column":41},"end":{"line":120,"column":7}},"line":118},"19":{"name":"(anonymous_19)","decl":{"start":{"line":121,"column":13},"end":{"line":121,"column":14}},"loc":{"start":{"line":121,"column":31},"end":{"line":127,"column":7}},"line":121},"20":{"name":"(anonymous_20)","decl":{"start":{"line":130,"column":18},"end":{"line":130,"column":19}},"loc":{"start":{"line":130,"column":66},"end":{"line":144,"column":3}},"line":130},"21":{"name":"(anonymous_21)","decl":{"start":{"line":134,"column":12},"end":{"line":134,"column":13}},"loc":{"start":{"line":134,"column":41},"end":{"line":136,"column":7}},"line":134},"22":{"name":"(anonymous_22)","decl":{"start":{"line":137,"column":13},"end":{"line":137,"column":14}},"loc":{"start":{"line":137,"column":31},"end":{"line":143,"column":7}},"line":137}},"branchMap":{"0":{"loc":{"start":{"line":31,"column":42},"end":{"line":31,"column":123}},"type":"cond-expr","locations":[{"start":{"line":31,"column":65},"end":{"line":31,"column":111}},{"start":{"line":31,"column":114},"end":{"line":31,"column":123}}],"line":31}},"s":{"0":0,"1":0,"2":0,"3":0,"4":0,"5":0,"6":0,"7":0,"8":0,"9":0,"10":0,"11":0,"12":0,"13":0,"14":0,"15":0,"16":0,"17":0,"18":0,"19":0,"20":0,"21":0,"22":0,"23":0,"24":0,"25":0,"26":0,"27":0,"28":0,"29":0,"30":0,"31":0,"32":0,"33":0,"34":0,"35":0,"36":0,"37":0,"38":0,"39":0,"40":0,"41":0,"42":0,"43":0,"44":0,"45":0,"46":0,"47":0,"48":0,"49":0,"50":0},"f":{"0":0,"1":0,"2":0,"3":0,"4":0,"5":0,"6":0,"7":0,"8":0,"9":0,"10":0,"11":0,"12":0,"13":0,"14":0,"15":0,"16":0,"17":0,"18":0,"19":0,"20":0,"21":0,"22":0},"b":{"0":[0,0]},"all":true},"C:\\Data\\Apps\\gigih\\mid-term\\gigih-play-backend\\src\\outers\\controllers\\rests\\ProductControllerRest.ts":{"path":"C:\\Data\\Apps\\gigih\\mid-term\\gigih-play-backend\\src\\outers\\controllers\\rests\\ProductControllerRest.ts","statementMap":{"0":{"start":{"line":12,"column":4},"end":{"line":12,"column":24}},"1":{"start":{"line":13,"column":4},"end":{"line":13,"column":46}},"2":{"start":{"line":16,"column":19},"end":{"line":23,"column":3}},"3":{"start":{"line":17,"column":4},"end":{"line":17,"column":37}},"4":{"start":{"line":18,"column":4},"end":{"line":18,"column":62}},"5":{"start":{"line":19,"column":4},"end":{"line":19,"column":45}},"6":{"start":{"line":20,"column":4},"end":{"line":20,"column":40}},"7":{"start":{"line":21,"column":4},"end":{"line":21,"column":48}},"8":{"start":{"line":22,"column":4},"end":{"line":22,"column":50}},"9":{"start":{"line":25,"column":12},"end":{"line":40,"column":3}},"10":{"start":{"line":26,"column":23},"end":{"line":26,"column":36}},"11":{"start":{"line":27,"column":42},"end":{"line":27,"column":123}},"12":{"start":{"line":28,"column":4},"end":{"line":39,"column":8}},"13":{"start":{"line":31,"column":8},"end":{"line":31,"column":51}},"14":{"start":{"line":34,"column":8},"end":{"line":38,"column":10}},"15":{"start":{"line":42,"column":21},"end":{"line":56,"column":3}},"16":{"start":{"line":43,"column":24},"end":{"line":43,"column":38}},"17":{"start":{"line":44,"column":4},"end":{"line":55,"column":8}},"18":{"start":{"line":47,"column":8},"end":{"line":47,"column":51}},"19":{"start":{"line":50,"column":8},"end":{"line":54,"column":10}},"20":{"start":{"line":58,"column":16},"end":{"line":72,"column":3}},"21":{"start":{"line":59,"column":19},"end":{"line":59,"column":33}},"22":{"start":{"line":60,"column":4},"end":{"line":71,"column":8}},"23":{"start":{"line":63,"column":8},"end":{"line":63,"column":51}},"24":{"start":{"line":66,"column":8},"end":{"line":70,"column":10}},"25":{"start":{"line":74,"column":14},"end":{"line":87,"column":3}},"26":{"start":{"line":75,"column":4},"end":{"line":86,"column":8}},"27":{"start":{"line":78,"column":8},"end":{"line":78,"column":51}},"28":{"start":{"line":81,"column":8},"end":{"line":85,"column":10}},"29":{"start":{"line":89,"column":17},"end":{"line":103,"column":3}},"30":{"start":{"line":90,"column":19},"end":{"line":90,"column":33}},"31":{"start":{"line":91,"column":4},"end":{"line":102,"column":8}},"32":{"start":{"line":94,"column":8},"end":{"line":94,"column":51}},"33":{"start":{"line":97,"column":8},"end":{"line":101,"column":10}},"34":{"start":{"line":105,"column":18},"end":{"line":119,"column":3}},"35":{"start":{"line":106,"column":19},"end":{"line":106,"column":33}},"36":{"start":{"line":107,"column":4},"end":{"line":118,"column":8}},"37":{"start":{"line":110,"column":8},"end":{"line":110,"column":51}},"38":{"start":{"line":113,"column":8},"end":{"line":117,"column":10}}},"fnMap":{"0":{"name":"(anonymous_0)","decl":{"start":{"line":11,"column":2},"end":{"line":11,"column":3}},"loc":{"start":{"line":11,"column":69},"end":{"line":14,"column":3}},"line":11},"1":{"name":"(anonymous_1)","decl":{"start":{"line":16,"column":19},"end":{"line":16,"column":20}},"loc":{"start":{"line":16,"column":31},"end":{"line":23,"column":3}},"line":16},"2":{"name":"(anonymous_2)","decl":{"start":{"line":25,"column":12},"end":{"line":25,"column":13}},"loc":{"start":{"line":25,"column":60},"end":{"line":40,"column":3}},"line":25},"3":{"name":"(anonymous_3)","decl":{"start":{"line":30,"column":12},"end":{"line":30,"column":13}},"loc":{"start":{"line":30,"column":43},"end":{"line":32,"column":7}},"line":30},"4":{"name":"(anonymous_4)","decl":{"start":{"line":33,"column":13},"end":{"line":33,"column":14}},"loc":{"start":{"line":33,"column":31},"end":{"line":39,"column":7}},"line":33},"5":{"name":"(anonymous_5)","decl":{"start":{"line":42,"column":21},"end":{"line":42,"column":22}},"loc":{"start":{"line":42,"column":69},"end":{"line":56,"column":3}},"line":42},"6":{"name":"(anonymous_6)","decl":{"start":{"line":46,"column":12},"end":{"line":46,"column":13}},"loc":{"start":{"line":46,"column":43},"end":{"line":48,"column":7}},"line":46},"7":{"name":"(anonymous_7)","decl":{"start":{"line":49,"column":13},"end":{"line":49,"column":14}},"loc":{"start":{"line":49,"column":31},"end":{"line":55,"column":7}},"line":49},"8":{"name":"(anonymous_8)","decl":{"start":{"line":58,"column":16},"end":{"line":58,"column":17}},"loc":{"start":{"line":58,"column":64},"end":{"line":72,"column":3}},"line":58},"9":{"name":"(anonymous_9)","decl":{"start":{"line":62,"column":12},"end":{"line":62,"column":13}},"loc":{"start":{"line":62,"column":41},"end":{"line":64,"column":7}},"line":62},"10":{"name":"(anonymous_10)","decl":{"start":{"line":65,"column":13},"end":{"line":65,"column":14}},"loc":{"start":{"line":65,"column":31},"end":{"line":71,"column":7}},"line":65},"11":{"name":"(anonymous_11)","decl":{"start":{"line":74,"column":14},"end":{"line":74,"column":15}},"loc":{"start":{"line":74,"column":62},"end":{"line":87,"column":3}},"line":74},"12":{"name":"(anonymous_12)","decl":{"start":{"line":77,"column":12},"end":{"line":77,"column":13}},"loc":{"start":{"line":77,"column":41},"end":{"line":79,"column":7}},"line":77},"13":{"name":"(anonymous_13)","decl":{"start":{"line":80,"column":13},"end":{"line":80,"column":14}},"loc":{"start":{"line":80,"column":31},"end":{"line":86,"column":7}},"line":80},"14":{"name":"(anonymous_14)","decl":{"start":{"line":89,"column":17},"end":{"line":89,"column":18}},"loc":{"start":{"line":89,"column":65},"end":{"line":103,"column":3}},"line":89},"15":{"name":"(anonymous_15)","decl":{"start":{"line":93,"column":12},"end":{"line":93,"column":13}},"loc":{"start":{"line":93,"column":41},"end":{"line":95,"column":7}},"line":93},"16":{"name":"(anonymous_16)","decl":{"start":{"line":96,"column":13},"end":{"line":96,"column":14}},"loc":{"start":{"line":96,"column":31},"end":{"line":102,"column":7}},"line":96},"17":{"name":"(anonymous_17)","decl":{"start":{"line":105,"column":18},"end":{"line":105,"column":19}},"loc":{"start":{"line":105,"column":66},"end":{"line":119,"column":3}},"line":105},"18":{"name":"(anonymous_18)","decl":{"start":{"line":109,"column":12},"end":{"line":109,"column":13}},"loc":{"start":{"line":109,"column":41},"end":{"line":111,"column":7}},"line":109},"19":{"name":"(anonymous_19)","decl":{"start":{"line":112,"column":13},"end":{"line":112,"column":14}},"loc":{"start":{"line":112,"column":31},"end":{"line":118,"column":7}},"line":112}},"branchMap":{"0":{"loc":{"start":{"line":27,"column":42},"end":{"line":27,"column":123}},"type":"cond-expr","locations":[{"start":{"line":27,"column":65},"end":{"line":27,"column":111}},{"start":{"line":27,"column":114},"end":{"line":27,"column":123}}],"line":27}},"s":{"0":0,"1":0,"2":0,"3":0,"4":0,"5":0,"6":0,"7":0,"8":0,"9":0,"10":0,"11":0,"12":0,"13":0,"14":0,"15":0,"16":0,"17":0,"18":0,"19":0,"20":0,"21":0,"22":0,"23":0,"24":0,"25":0,"26":0,"27":0,"28":0,"29":0,"30":0,"31":0,"32":0,"33":0,"34":0,"35":0,"36":0,"37":0,"38":0},"f":{"0":0,"1":0,"2":0,"3":0,"4":0,"5":0,"6":0,"7":0,"8":0,"9":0,"10":0,"11":0,"12":0,"13":0,"14":0,"15":0,"16":0,"17":0,"18":0,"19":0},"b":{"0":[0,0]},"all":true},"C:\\Data\\Apps\\gigih\\mid-term\\gigih-play-backend\\src\\outers\\controllers\\rests\\UserControllerRest.ts":{"path":"C:\\Data\\Apps\\gigih\\mid-term\\gigih-play-backend\\src\\outers\\controllers\\rests\\UserControllerRest.ts","statementMap":{"0":{"start":{"line":12,"column":4},"end":{"line":12,"column":24}},"1":{"start":{"line":13,"column":4},"end":{"line":13,"column":40}},"2":{"start":{"line":16,"column":19},"end":{"line":22,"column":3}},"3":{"start":{"line":17,"column":4},"end":{"line":17,"column":37}},"4":{"start":{"line":18,"column":4},"end":{"line":18,"column":45}},"5":{"start":{"line":19,"column":4},"end":{"line":19,"column":40}},"6":{"start":{"line":20,"column":4},"end":{"line":20,"column":48}},"7":{"start":{"line":21,"column":4},"end":{"line":21,"column":50}},"8":{"start":{"line":24,"column":12},"end":{"line":39,"column":3}},"9":{"start":{"line":25,"column":23},"end":{"line":25,"column":36}},"10":{"start":{"line":26,"column":42},"end":{"line":26,"column":123}},"11":{"start":{"line":27,"column":4},"end":{"line":38,"column":8}},"12":{"start":{"line":30,"column":8},"end":{"line":30,"column":51}},"13":{"start":{"line":33,"column":8},"end":{"line":37,"column":10}},"14":{"start":{"line":41,"column":16},"end":{"line":55,"column":3}},"15":{"start":{"line":42,"column":19},"end":{"line":42,"column":33}},"16":{"start":{"line":43,"column":4},"end":{"line":54,"column":8}},"17":{"start":{"line":46,"column":8},"end":{"line":46,"column":51}},"18":{"start":{"line":49,"column":8},"end":{"line":53,"column":10}},"19":{"start":{"line":57,"column":14},"end":{"line":70,"column":3}},"20":{"start":{"line":58,"column":4},"end":{"line":69,"column":8}},"21":{"start":{"line":61,"column":8},"end":{"line":61,"column":51}},"22":{"start":{"line":64,"column":8},"end":{"line":68,"column":10}},"23":{"start":{"line":72,"column":17},"end":{"line":86,"column":3}},"24":{"start":{"line":73,"column":19},"end":{"line":73,"column":33}},"25":{"start":{"line":74,"column":4},"end":{"line":85,"column":8}},"26":{"start":{"line":77,"column":8},"end":{"line":77,"column":51}},"27":{"start":{"line":80,"column":8},"end":{"line":84,"column":10}},"28":{"start":{"line":88,"column":18},"end":{"line":102,"column":3}},"29":{"start":{"line":89,"column":19},"end":{"line":89,"column":33}},"30":{"start":{"line":90,"column":4},"end":{"line":101,"column":8}},"31":{"start":{"line":93,"column":8},"end":{"line":93,"column":51}},"32":{"start":{"line":96,"column":8},"end":{"line":100,"column":10}}},"fnMap":{"0":{"name":"(anonymous_0)","decl":{"start":{"line":11,"column":2},"end":{"line":11,"column":3}},"loc":{"start":{"line":11,"column":63},"end":{"line":14,"column":3}},"line":11},"1":{"name":"(anonymous_1)","decl":{"start":{"line":16,"column":19},"end":{"line":16,"column":20}},"loc":{"start":{"line":16,"column":31},"end":{"line":22,"column":3}},"line":16},"2":{"name":"(anonymous_2)","decl":{"start":{"line":24,"column":12},"end":{"line":24,"column":13}},"loc":{"start":{"line":24,"column":60},"end":{"line":39,"column":3}},"line":24},"3":{"name":"(anonymous_3)","decl":{"start":{"line":29,"column":12},"end":{"line":29,"column":13}},"loc":{"start":{"line":29,"column":40},"end":{"line":31,"column":7}},"line":29},"4":{"name":"(anonymous_4)","decl":{"start":{"line":32,"column":13},"end":{"line":32,"column":14}},"loc":{"start":{"line":32,"column":31},"end":{"line":38,"column":7}},"line":32},"5":{"name":"(anonymous_5)","decl":{"start":{"line":41,"column":16},"end":{"line":41,"column":17}},"loc":{"start":{"line":41,"column":64},"end":{"line":55,"column":3}},"line":41},"6":{"name":"(anonymous_6)","decl":{"start":{"line":45,"column":12},"end":{"line":45,"column":13}},"loc":{"start":{"line":45,"column":38},"end":{"line":47,"column":7}},"line":45},"7":{"name":"(anonymous_7)","decl":{"start":{"line":48,"column":13},"end":{"line":48,"column":14}},"loc":{"start":{"line":48,"column":31},"end":{"line":54,"column":7}},"line":48},"8":{"name":"(anonymous_8)","decl":{"start":{"line":57,"column":14},"end":{"line":57,"column":15}},"loc":{"start":{"line":57,"column":62},"end":{"line":70,"column":3}},"line":57},"9":{"name":"(anonymous_9)","decl":{"start":{"line":60,"column":12},"end":{"line":60,"column":13}},"loc":{"start":{"line":60,"column":38},"end":{"line":62,"column":7}},"line":60},"10":{"name":"(anonymous_10)","decl":{"start":{"line":63,"column":13},"end":{"line":63,"column":14}},"loc":{"start":{"line":63,"column":31},"end":{"line":69,"column":7}},"line":63},"11":{"name":"(anonymous_11)","decl":{"start":{"line":72,"column":17},"end":{"line":72,"column":18}},"loc":{"start":{"line":72,"column":65},"end":{"line":86,"column":3}},"line":72},"12":{"name":"(anonymous_12)","decl":{"start":{"line":76,"column":12},"end":{"line":76,"column":13}},"loc":{"start":{"line":76,"column":38},"end":{"line":78,"column":7}},"line":76},"13":{"name":"(anonymous_13)","decl":{"start":{"line":79,"column":13},"end":{"line":79,"column":14}},"loc":{"start":{"line":79,"column":31},"end":{"line":85,"column":7}},"line":79},"14":{"name":"(anonymous_14)","decl":{"start":{"line":88,"column":18},"end":{"line":88,"column":19}},"loc":{"start":{"line":88,"column":66},"end":{"line":102,"column":3}},"line":88},"15":{"name":"(anonymous_15)","decl":{"start":{"line":92,"column":12},"end":{"line":92,"column":13}},"loc":{"start":{"line":92,"column":38},"end":{"line":94,"column":7}},"line":92},"16":{"name":"(anonymous_16)","decl":{"start":{"line":95,"column":13},"end":{"line":95,"column":14}},"loc":{"start":{"line":95,"column":31},"end":{"line":101,"column":7}},"line":95}},"branchMap":{"0":{"loc":{"start":{"line":26,"column":42},"end":{"line":26,"column":123}},"type":"cond-expr","locations":[{"start":{"line":26,"column":65},"end":{"line":26,"column":111}},{"start":{"line":26,"column":114},"end":{"line":26,"column":123}}],"line":26}},"s":{"0":0,"1":0,"2":0,"3":0,"4":0,"5":0,"6":0,"7":0,"8":0,"9":0,"10":0,"11":0,"12":0,"13":0,"14":0,"15":0,"16":0,"17":0,"18":0,"19":0,"20":0,"21":0,"22":0,"23":0,"24":0,"25":0,"26":0,"27":0,"28":0,"29":0,"30":0,"31":0,"32":0},"f":{"0":0,"1":0,"2":0,"3":0,"4":0,"5":0,"6":0,"7":0,"8":0,"9":0,"10":0,"11":0,"12":0,"13":0,"14":0,"15":0,"16":0},"b":{"0":[0,0]},"all":true},"C:\\Data\\Apps\\gigih\\mid-term\\gigih-play-backend\\src\\outers\\controllers\\rests\\VideoCommentControllerRest.ts":{"path":"C:\\Data\\Apps\\gigih\\mid-term\\gigih-play-backend\\src\\outers\\controllers\\rests\\VideoCommentControllerRest.ts","statementMap":{"0":{"start":{"line":13,"column":4},"end":{"line":13,"column":24}},"1":{"start":{"line":14,"column":4},"end":{"line":14,"column":62}},"2":{"start":{"line":17,"column":19},"end":{"line":23,"column":3}},"3":{"start":{"line":18,"column":4},"end":{"line":18,"column":37}},"4":{"start":{"line":19,"column":4},"end":{"line":19,"column":45}},"5":{"start":{"line":20,"column":4},"end":{"line":20,"column":40}},"6":{"start":{"line":21,"column":4},"end":{"line":21,"column":48}},"7":{"start":{"line":22,"column":4},"end":{"line":22,"column":50}},"8":{"start":{"line":25,"column":12},"end":{"line":41,"column":3}},"9":{"start":{"line":26,"column":37},"end":{"line":26,"column":50}},"10":{"start":{"line":27,"column":40},"end":{"line":27,"column":61}},"11":{"start":{"line":28,"column":42},"end":{"line":28,"column":123}},"12":{"start":{"line":29,"column":4},"end":{"line":40,"column":8}},"13":{"start":{"line":32,"column":8},"end":{"line":32,"column":51}},"14":{"start":{"line":35,"column":8},"end":{"line":39,"column":10}},"15":{"start":{"line":43,"column":16},"end":{"line":59,"column":3}},"16":{"start":{"line":44,"column":19},"end":{"line":44,"column":33}},"17":{"start":{"line":45,"column":29},"end":{"line":45,"column":42}},"18":{"start":{"line":46,"column":40},"end":{"line":46,"column":61}},"19":{"start":{"line":47,"column":4},"end":{"line":58,"column":8}},"20":{"start":{"line":50,"column":8},"end":{"line":50,"column":51}},"21":{"start":{"line":53,"column":8},"end":{"line":57,"column":10}},"22":{"start":{"line":61,"column":14},"end":{"line":74,"column":3}},"23":{"start":{"line":62,"column":4},"end":{"line":73,"column":8}},"24":{"start":{"line":65,"column":8},"end":{"line":65,"column":51}},"25":{"start":{"line":68,"column":8},"end":{"line":72,"column":10}},"26":{"start":{"line":76,"column":17},"end":{"line":90,"column":3}},"27":{"start":{"line":77,"column":19},"end":{"line":77,"column":33}},"28":{"start":{"line":78,"column":4},"end":{"line":89,"column":8}},"29":{"start":{"line":81,"column":8},"end":{"line":81,"column":51}},"30":{"start":{"line":84,"column":8},"end":{"line":88,"column":10}},"31":{"start":{"line":92,"column":18},"end":{"line":106,"column":3}},"32":{"start":{"line":93,"column":19},"end":{"line":93,"column":33}},"33":{"start":{"line":94,"column":4},"end":{"line":105,"column":8}},"34":{"start":{"line":97,"column":8},"end":{"line":97,"column":51}},"35":{"start":{"line":100,"column":8},"end":{"line":104,"column":10}}},"fnMap":{"0":{"name":"(anonymous_0)","decl":{"start":{"line":12,"column":2},"end":{"line":12,"column":3}},"loc":{"start":{"line":12,"column":85},"end":{"line":15,"column":3}},"line":12},"1":{"name":"(anonymous_1)","decl":{"start":{"line":17,"column":19},"end":{"line":17,"column":20}},"loc":{"start":{"line":17,"column":31},"end":{"line":23,"column":3}},"line":17},"2":{"name":"(anonymous_2)","decl":{"start":{"line":25,"column":12},"end":{"line":25,"column":13}},"loc":{"start":{"line":25,"column":60},"end":{"line":41,"column":3}},"line":25},"3":{"name":"(anonymous_3)","decl":{"start":{"line":31,"column":12},"end":{"line":31,"column":13}},"loc":{"start":{"line":31,"column":80},"end":{"line":33,"column":7}},"line":31},"4":{"name":"(anonymous_4)","decl":{"start":{"line":34,"column":13},"end":{"line":34,"column":14}},"loc":{"start":{"line":34,"column":31},"end":{"line":40,"column":7}},"line":34},"5":{"name":"(anonymous_5)","decl":{"start":{"line":43,"column":16},"end":{"line":43,"column":17}},"loc":{"start":{"line":43,"column":64},"end":{"line":59,"column":3}},"line":43},"6":{"name":"(anonymous_6)","decl":{"start":{"line":49,"column":12},"end":{"line":49,"column":13}},"loc":{"start":{"line":49,"column":76},"end":{"line":51,"column":7}},"line":49},"7":{"name":"(anonymous_7)","decl":{"start":{"line":52,"column":13},"end":{"line":52,"column":14}},"loc":{"start":{"line":52,"column":31},"end":{"line":58,"column":7}},"line":52},"8":{"name":"(anonymous_8)","decl":{"start":{"line":61,"column":14},"end":{"line":61,"column":15}},"loc":{"start":{"line":61,"column":62},"end":{"line":74,"column":3}},"line":61},"9":{"name":"(anonymous_9)","decl":{"start":{"line":64,"column":12},"end":{"line":64,"column":13}},"loc":{"start":{"line":64,"column":49},"end":{"line":66,"column":7}},"line":64},"10":{"name":"(anonymous_10)","decl":{"start":{"line":67,"column":13},"end":{"line":67,"column":14}},"loc":{"start":{"line":67,"column":31},"end":{"line":73,"column":7}},"line":67},"11":{"name":"(anonymous_11)","decl":{"start":{"line":76,"column":17},"end":{"line":76,"column":18}},"loc":{"start":{"line":76,"column":65},"end":{"line":90,"column":3}},"line":76},"12":{"name":"(anonymous_12)","decl":{"start":{"line":80,"column":12},"end":{"line":80,"column":13}},"loc":{"start":{"line":80,"column":49},"end":{"line":82,"column":7}},"line":80},"13":{"name":"(anonymous_13)","decl":{"start":{"line":83,"column":13},"end":{"line":83,"column":14}},"loc":{"start":{"line":83,"column":31},"end":{"line":89,"column":7}},"line":83},"14":{"name":"(anonymous_14)","decl":{"start":{"line":92,"column":18},"end":{"line":92,"column":19}},"loc":{"start":{"line":92,"column":66},"end":{"line":106,"column":3}},"line":92},"15":{"name":"(anonymous_15)","decl":{"start":{"line":96,"column":12},"end":{"line":96,"column":13}},"loc":{"start":{"line":96,"column":49},"end":{"line":98,"column":7}},"line":96},"16":{"name":"(anonymous_16)","decl":{"start":{"line":99,"column":13},"end":{"line":99,"column":14}},"loc":{"start":{"line":99,"column":31},"end":{"line":105,"column":7}},"line":99}},"branchMap":{"0":{"loc":{"start":{"line":28,"column":42},"end":{"line":28,"column":123}},"type":"cond-expr","locations":[{"start":{"line":28,"column":65},"end":{"line":28,"column":111}},{"start":{"line":28,"column":114},"end":{"line":28,"column":123}}],"line":28}},"s":{"0":0,"1":0,"2":0,"3":0,"4":0,"5":0,"6":0,"7":0,"8":0,"9":0,"10":0,"11":0,"12":0,"13":0,"14":0,"15":0,"16":0,"17":0,"18":0,"19":0,"20":0,"21":0,"22":0,"23":0,"24":0,"25":0,"26":0,"27":0,"28":0,"29":0,"30":0,"31":0,"32":0,"33":0,"34":0,"35":0},"f":{"0":0,"1":0,"2":0,"3":0,"4":0,"5":0,"6":0,"7":0,"8":0,"9":0,"10":0,"11":0,"12":0,"13":0,"14":0,"15":0,"16":0},"b":{"0":[0,0]},"all":true},"C:\\Data\\Apps\\gigih\\mid-term\\gigih-play-backend\\src\\outers\\controllers\\rests\\VideoControllerRest.ts":{"path":"C:\\Data\\Apps\\gigih\\mid-term\\gigih-play-backend\\src\\outers\\controllers\\rests\\VideoControllerRest.ts","statementMap":{"0":{"start":{"line":12,"column":4},"end":{"line":12,"column":24}},"1":{"start":{"line":13,"column":4},"end":{"line":13,"column":42}},"2":{"start":{"line":16,"column":19},"end":{"line":22,"column":3}},"3":{"start":{"line":17,"column":4},"end":{"line":17,"column":37}},"4":{"start":{"line":18,"column":4},"end":{"line":18,"column":45}},"5":{"start":{"line":19,"column":4},"end":{"line":19,"column":40}},"6":{"start":{"line":20,"column":4},"end":{"line":20,"column":48}},"7":{"start":{"line":21,"column":4},"end":{"line":21,"column":50}},"8":{"start":{"line":24,"column":12},"end":{"line":39,"column":3}},"9":{"start":{"line":25,"column":23},"end":{"line":25,"column":36}},"10":{"start":{"line":26,"column":42},"end":{"line":26,"column":123}},"11":{"start":{"line":27,"column":4},"end":{"line":38,"column":8}},"12":{"start":{"line":30,"column":8},"end":{"line":30,"column":51}},"13":{"start":{"line":33,"column":8},"end":{"line":37,"column":10}},"14":{"start":{"line":41,"column":16},"end":{"line":55,"column":3}},"15":{"start":{"line":42,"column":19},"end":{"line":42,"column":33}},"16":{"start":{"line":43,"column":4},"end":{"line":54,"column":8}},"17":{"start":{"line":46,"column":8},"end":{"line":46,"column":51}},"18":{"start":{"line":49,"column":8},"end":{"line":53,"column":10}},"19":{"start":{"line":57,"column":14},"end":{"line":70,"column":3}},"20":{"start":{"line":58,"column":4},"end":{"line":69,"column":8}},"21":{"start":{"line":61,"column":8},"end":{"line":61,"column":51}},"22":{"start":{"line":64,"column":8},"end":{"line":68,"column":10}},"23":{"start":{"line":72,"column":17},"end":{"line":86,"column":3}},"24":{"start":{"line":73,"column":19},"end":{"line":73,"column":33}},"25":{"start":{"line":74,"column":4},"end":{"line":85,"column":8}},"26":{"start":{"line":77,"column":8},"end":{"line":77,"column":51}},"27":{"start":{"line":80,"column":8},"end":{"line":84,"column":10}},"28":{"start":{"line":88,"column":18},"end":{"line":102,"column":3}},"29":{"start":{"line":89,"column":19},"end":{"line":89,"column":33}},"30":{"start":{"line":90,"column":4},"end":{"line":101,"column":8}},"31":{"start":{"line":93,"column":8},"end":{"line":93,"column":51}},"32":{"start":{"line":96,"column":8},"end":{"line":100,"column":10}}},"fnMap":{"0":{"name":"(anonymous_0)","decl":{"start":{"line":11,"column":2},"end":{"line":11,"column":3}},"loc":{"start":{"line":11,"column":65},"end":{"line":14,"column":3}},"line":11},"1":{"name":"(anonymous_1)","decl":{"start":{"line":16,"column":19},"end":{"line":16,"column":20}},"loc":{"start":{"line":16,"column":31},"end":{"line":22,"column":3}},"line":16},"2":{"name":"(anonymous_2)","decl":{"start":{"line":24,"column":12},"end":{"line":24,"column":13}},"loc":{"start":{"line":24,"column":60},"end":{"line":39,"column":3}},"line":24},"3":{"name":"(anonymous_3)","decl":{"start":{"line":29,"column":12},"end":{"line":29,"column":13}},"loc":{"start":{"line":29,"column":41},"end":{"line":31,"column":7}},"line":29},"4":{"name":"(anonymous_4)","decl":{"start":{"line":32,"column":13},"end":{"line":32,"column":14}},"loc":{"start":{"line":32,"column":31},"end":{"line":38,"column":7}},"line":32},"5":{"name":"(anonymous_5)","decl":{"start":{"line":41,"column":16},"end":{"line":41,"column":17}},"loc":{"start":{"line":41,"column":64},"end":{"line":55,"column":3}},"line":41},"6":{"name":"(anonymous_6)","decl":{"start":{"line":45,"column":12},"end":{"line":45,"column":13}},"loc":{"start":{"line":45,"column":39},"end":{"line":47,"column":7}},"line":45},"7":{"name":"(anonymous_7)","decl":{"start":{"line":48,"column":13},"end":{"line":48,"column":14}},"loc":{"start":{"line":48,"column":31},"end":{"line":54,"column":7}},"line":48},"8":{"name":"(anonymous_8)","decl":{"start":{"line":57,"column":14},"end":{"line":57,"column":15}},"loc":{"start":{"line":57,"column":62},"end":{"line":70,"column":3}},"line":57},"9":{"name":"(anonymous_9)","decl":{"start":{"line":60,"column":12},"end":{"line":60,"column":13}},"loc":{"start":{"line":60,"column":39},"end":{"line":62,"column":7}},"line":60},"10":{"name":"(anonymous_10)","decl":{"start":{"line":63,"column":13},"end":{"line":63,"column":14}},"loc":{"start":{"line":63,"column":31},"end":{"line":69,"column":7}},"line":63},"11":{"name":"(anonymous_11)","decl":{"start":{"line":72,"column":17},"end":{"line":72,"column":18}},"loc":{"start":{"line":72,"column":65},"end":{"line":86,"column":3}},"line":72},"12":{"name":"(anonymous_12)","decl":{"start":{"line":76,"column":12},"end":{"line":76,"column":13}},"loc":{"start":{"line":76,"column":39},"end":{"line":78,"column":7}},"line":76},"13":{"name":"(anonymous_13)","decl":{"start":{"line":79,"column":13},"end":{"line":79,"column":14}},"loc":{"start":{"line":79,"column":31},"end":{"line":85,"column":7}},"line":79},"14":{"name":"(anonymous_14)","decl":{"start":{"line":88,"column":18},"end":{"line":88,"column":19}},"loc":{"start":{"line":88,"column":66},"end":{"line":102,"column":3}},"line":88},"15":{"name":"(anonymous_15)","decl":{"start":{"line":92,"column":12},"end":{"line":92,"column":13}},"loc":{"start":{"line":92,"column":39},"end":{"line":94,"column":7}},"line":92},"16":{"name":"(anonymous_16)","decl":{"start":{"line":95,"column":13},"end":{"line":95,"column":14}},"loc":{"start":{"line":95,"column":31},"end":{"line":101,"column":7}},"line":95}},"branchMap":{"0":{"loc":{"start":{"line":26,"column":42},"end":{"line":26,"column":123}},"type":"cond-expr","locations":[{"start":{"line":26,"column":65},"end":{"line":26,"column":111}},{"start":{"line":26,"column":114},"end":{"line":26,"column":123}}],"line":26}},"s":{"0":0,"1":0,"2":0,"3":0,"4":0,"5":0,"6":0,"7":0,"8":0,"9":0,"10":0,"11":0,"12":0,"13":0,"14":0,"15":0,"16":0,"17":0,"18":0,"19":0,"20":0,"21":0,"22":0,"23":0,"24":0,"25":0,"26":0,"27":0,"28":0,"29":0,"30":0,"31":0,"32":0},"f":{"0":0,"1":0,"2":0,"3":0,"4":0,"5":0,"6":0,"7":0,"8":0,"9":0,"10":0,"11":0,"12":0,"13":0,"14":0,"15":0,"16":0},"b":{"0":[0,0]},"all":true},"C:\\Data\\Apps\\gigih\\mid-term\\gigih-play-backend\\src\\outers\\controllers\\rests\\VideoProductMapControllerRest.ts":{"path":"C:\\Data\\Apps\\gigih\\mid-term\\gigih-play-backend\\src\\outers\\controllers\\rests\\VideoProductMapControllerRest.ts","statementMap":{"0":{"start":{"line":13,"column":4},"end":{"line":13,"column":24}},"1":{"start":{"line":14,"column":4},"end":{"line":14,"column":62}},"2":{"start":{"line":17,"column":19},"end":{"line":23,"column":3}},"3":{"start":{"line":18,"column":4},"end":{"line":18,"c
[...]
"end":{"line":19,"column":5}},"3":{"start":{"line":16,"column":6},"end":{"line":18,"column":7}},"4":{"start":{"line":17,"column":8},"end":{"line":17,"column":51}},"5":{"start":{"line":20,"column":60},"end":{"line":20,"column":100}},"6":{"start":{"line":21,"column":4},"end":{"line":23,"column":5}},"7":{"start":{"line":22,"column":6},"end":{"line":22,"column":56}},"8":{"start":{"line":24,"column":4},"end":{"line":24,"column":32}},"9":{"start":{"line":27,"column":22},"end":{"line":76,"column":3}},"10":{"start":{"line":28,"column":28},"end":{"line":62,"column":5}},"11":{"start":{"line":63,"column":4},"end":{"line":70,"column":5}},"12":{"start":{"line":64,"column":6},"end":{"line":66,"column":7}},"13":{"start":{"line":65,"column":8},"end":{"line":65,"column":51}},"14":{"start":{"line":67,"column":6},"end":{"line":69,"column":8}},"15":{"start":{"line":71,"column":69},"end":{"line":71,"column":116}},"16":{"start":{"line":72,"column":4},"end":{"line":74,"column":5}},"17":{"start":{"line":73,"column":6},"end":{"line":73,"column":56}},"18":{"start":{"line":75,"column":4},"end":{"line":75,"column":32}},"19":{"start":{"line":78,"column":16},"end":{"line":84,"column":3}},"20":{"start":{"line":79,"column":57},"end":{"line":79,"column":125}},"21":{"start":{"line":80,"column":4},"end":{"line":82,"column":5}},"22":{"start":{"line":81,"column":6},"end":{"line":81,"column":55}},"23":{"start":{"line":83,"column":4},"end":{"line":83,"column":31}},"24":{"start":{"line":86,"column":26},"end":{"line":135,"column":3}},"25":{"start":{"line":87,"column":69},"end":{"line":126,"column":6}},"26":{"start":{"line":127,"column":4},"end":{"line":129,"column":5}},"27":{"start":{"line":128,"column":6},"end":{"line":128,"column":56}},"28":{"start":{"line":130,"column":59},"end":{"line":130,"column":83}},"29":{"start":{"line":131,"column":4},"end":{"line":133,"column":5}},"30":{"start":{"line":132,"column":6},"end":{"line":132,"column":55}},"31":{"start":{"line":134,"column":4},"end":{"line":134,"column":31}},"32":{"start":{"line":137,"column":14},"end":{"line":139,"column":3}},"33":{"start":{"line":138,"column":4},"end":{"line":138,"column":62}},"34":{"start":{"line":141,"column":17},"end":{"line":147,"column":3}},"35":{"start":{"line":142,"column":59},"end":{"line":142,"column":178}},"36":{"start":{"line":143,"column":4},"end":{"line":145,"column":5}},"37":{"start":{"line":144,"column":6},"end":{"line":144,"column":57}},"38":{"start":{"line":146,"column":4},"end":{"line":146,"column":33}},"39":{"start":{"line":149,"column":18},"end":{"line":155,"column":3}},"40":{"start":{"line":150,"column":59},"end":{"line":150,"column":136}},"41":{"start":{"line":151,"column":4},"end":{"line":153,"column":5}},"42":{"start":{"line":152,"column":6},"end":{"line":152,"column":57}},"43":{"start":{"line":154,"column":4},"end":{"line":154,"column":33}}},"fnMap":{"0":{"name":"(anonymous_0)","decl":{"start":{"line":10,"column":2},"end":{"line":10,"column":3}},"loc":{"start":{"line":10,"column":43},"end":{"line":12,"column":3}},"line":10},"1":{"name":"(anonymous_1)","decl":{"start":{"line":14,"column":12},"end":{"line":14,"column":13}},"loc":{"start":{"line":14,"column":64},"end":{"line":25,"column":3}},"line":14},"2":{"name":"(anonymous_2)","decl":{"start":{"line":27,"column":22},"end":{"line":27,"column":23}},"loc":{"start":{"line":27,"column":83},"end":{"line":76,"column":3}},"line":27},"3":{"name":"(anonymous_3)","decl":{"start":{"line":78,"column":16},"end":{"line":78,"column":17}},"loc":{"start":{"line":78,"column":64},"end":{"line":84,"column":3}},"line":78},"4":{"name":"(anonymous_4)","decl":{"start":{"line":86,"column":26},"end":{"line":86,"column":27}},"loc":{"start":{"line":86,"column":83},"end":{"line":135,"column":3}},"line":86},"5":{"name":"(anonymous_5)","decl":{"start":{"line":137,"column":14},"end":{"line":137,"column":15}},"loc":{"start":{"line":137,"column":84},"end":{"line":139,"column":3}},"line":137},"6":{"name":"(anonymous_6)","decl":{"start":{"line":141,"column":17},"end":{"line":141,"column":18}},"loc":{"start":{"line":141,"column":99},"end":{"line":147,"column":3}},"line":141},"7":{"name":"(anonymous_7)","decl":{"start":{"line":149,"column":18},"end":{"line":149,"column":19}},"loc":{"start":{"line":149,"column":66},"end":{"line":155,"column":3}},"line":149}},"branchMap":{"0":{"loc":{"start":{"line":15,"column":4},"end":{"line":19,"column":5}},"type":"if","locations":[{"start":{"line":15,"column":4},"end":{"line":19,"column":5}},{"start":{"line":15,"column":4},"end":{"line":19,"column":5}}],"line":15},"1":{"loc":{"start":{"line":16,"column":6},"end":{"line":18,"column":7}},"type":"if","locations":[{"start":{"line":16,"column":6},"end":{"line":18,"column":7}},{"start":{"line":16,"column":6},"end":{"line":18,"column":7}}],"line":16},"2":{"loc":{"start":{"line":21,"column":4},"end":{"line":23,"column":5}},"type":"if","locations":[{"start":{"line":21,"column":4},"end":{"line":23,"column":5}},{"start":{"line":21,"column":4},"end":{"line":23,"column":5}}],"line":21},"3":{"loc":{"start":{"line":63,"column":4},"end":{"line":70,"column":5}},"type":"if","locations":[{"start":{"line":63,"column":4},"end":{"line":70,"column":5}},{"start":{"line":63,"column":4},"end":{"line":70,"column":5}}],"line":63},"4":{"loc":{"start":{"line":64,"column":6},"end":{"line":66,"column":7}},"type":"if","locations":[{"start":{"line":64,"column":6},"end":{"line":66,"column":7}},{"start":{"line":64,"column":6},"end":{"line":66,"column":7}}],"line":64},"5":{"loc":{"start":{"line":72,"column":4},"end":{"line":74,"column":5}},"type":"if","locations":[{"start":{"line":72,"column":4},"end":{"line":74,"column":5}},{"start":{"line":72,"column":4},"end":{"line":74,"column":5}}],"line":72},"6":{"loc":{"start":{"line":80,"column":4},"end":{"line":82,"column":5}},"type":"if","locations":[{"start":{"line":80,"column":4},"end":{"line":82,"column":5}},{"start":{"line":80,"column":4},"end":{"line":82,"column":5}}],"line":80},"7":{"loc":{"start":{"line":127,"column":4},"end":{"line":129,"column":5}},"type":"if","locations":[{"start":{"line":127,"column":4},"end":{"line":129,"column":5}},{"start":{"line":127,"column":4},"end":{"line":129,"column":5}}],"line":127},"8":{"loc":{"start":{"line":131,"column":4},"end":{"line":133,"column":5}},"type":"if","locations":[{"start":{"line":131,"column":4},"end":{"line":133,"column":5}},{"start":{"line":131,"column":4},"end":{"line":133,"column":5}}],"line":131},"9":{"loc":{"start":{"line":143,"column":4},"end":{"line":145,"column":5}},"type":"if","locations":[{"start":{"line":143,"column":4},"end":{"line":145,"column":5}},{"start":{"line":143,"column":4},"end":{"line":145,"column":5}}],"line":143},"10":{"loc":{"start":{"line":151,"column":4},"end":{"line":153,"column":5}},"type":"if","locations":[{"start":{"line":151,"column":4},"end":{"line":153,"column":5}},{"start":{"line":151,"column":4},"end":{"line":153,"column":5}}],"line":151}},"s":{"0":0,"1":0,"2":0,"3":0,"4":0,"5":0,"6":0,"7":0,"8":0,"9":0,"10":0,"11":0,"12":0,"13":0,"14":0,"15":0,"16":0,"17":0,"18":0,"19":0,"20":0,"21":0,"22":0,"23":0,"24":0,"25":0,"26":0,"27":0,"28":0,"29":0,"30":0,"31":0,"32":0,"33":0,"34":0,"35":0,"36":0,"37":0,"38":0,"39":0,"40":0,"41":0,"42":0,"43":0},"f":{"0":0,"1":0,"2":0,"3":0,"4":0,"5":0,"6":0,"7":0},"b":{"0":[0,0],"1":[0,0],"2":[0,0],"3":[0,0],"4":[0,0],"5":[0,0],"6":[0,0],"7":[0,0],"8":[0,0],"9":[0,0],"10":[0,0]},"all":true},"C:\\Data\\Apps\\gigih\\mid-term\\gigih-play-backend\\src\\outers\\repositories\\VideoRepository.ts":{"path":"C:\\Data\\Apps\\gigih\\mid-term\\gigih-play-backend\\src\\outers\\repositories\\VideoRepository.ts","statementMap":{"0":{"start":{"line":10,"column":4},"end":{"line":10,"column":36}},"1":{"start":{"line":13,"column":12},"end":{"line":24,"column":3}},"2":{"start":{"line":14,"column":4},"end":{"line":18,"column":5}},"3":{"start":{"line":15,"column":6},"end":{"line":17,"column":7}},"4":{"start":{"line":16,"column":8},"end":{"line":16,"column":51}},"5":{"start":{"line":19,"column":40},"end":{"line":19,"column":70}},"6":{"start":{"line":20,"column":4},"end":{"line":22,"column":5}},"7":{"start":{"line":21,"column":6},"end":{"line":21,"column":46}},"8":{"start":{"line":23,"column":4},"end":{"line":23,"column":22}},"9":{"start":{"line":26,"column":16},"end":{"line":32,"column":3}},"10":{"start":{"line":27,"column":37},"end":{"line":27,"column":95}},"11":{"start":{"line":28,"column":4},"end":{"line":30,"column":5}},"12":{"start":{"line":29,"column":6},"end":{"line":29,"column":45}},"13":{"start":{"line":31,"column":4},"end":{"line":31,"column":21}},"14":{"start":{"line":34,"column":14},"end":{"line":36,"column":3}},"15":{"start":{"line":35,"column":4},"end":{"line":35,"column":42}},"16":{"start":{"line":38,"column":17},"end":{"line":44,"column":3}},"17":{"start":{"line":39,"column":39},"end":{"line":39,"column":138}},"18":{"start":{"line":40,"column":4},"end":{"line":42,"column":5}},"19":{"start":{"line":41,"column":6},"end":{"line":41,"column":47}},"20":{"start":{"line":43,"column":4},"end":{"line":43,"column":23}},"21":{"start":{"line":46,"column":18},"end":{"line":52,"column":3}},"22":{"start":{"line":47,"column":39},"end":{"line":47,"column":106}},"23":{"start":{"line":48,"column":4},"end":{"line":50,"column":5}},"24":{"start":{"line":49,"column":6},"end":{"line":49,"column":47}},"25":{"start":{"line":51,"column":4},"end":{"line":51,"column":23}}},"fnMap":{"0":{"name":"(anonymous_0)","decl":{"start":{"line":9,"column":2},"end":{"line":9,"column":3}},"loc":{"start":{"line":9,"column":43},"end":{"line":11,"column":3}},"line":9},"1":{"name":"(anonymous_1)","decl":{"start":{"line":13,"column":12},"end":{"line":13,"column":13}},"loc":{"start":{"line":13,"column":54},"end":{"line":24,"column":3}},"line":13},"2":{"name":"(anonymous_2)","decl":{"start":{"line":26,"column":16},"end":{"line":26,"column":17}},"loc":{"start":{"line":26,"column":54},"end":{"line":32,"column":3}},"line":26},"3":{"name":"(anonymous_3)","decl":{"start":{"line":34,"column":14},"end":{"line":34,"column":15}},"loc":{"start":{"line":34,"column":54},"end":{"line":36,"column":3}},"line":34},"4":{"name":"(anonymous_4)","decl":{"start":{"line":38,"column":17},"end":{"line":38,"column":18}},"loc":{"start":{"line":38,"column":69},"end":{"line":44,"column":3}},"line":38},"5":{"name":"(anonymous_5)","decl":{"start":{"line":46,"column":18},"end":{"line":46,"column":19}},"loc":{"start":{"line":46,"column":56},"end":{"line":52,"column":3}},"line":46}},"branchMap":{"0":{"loc":{"start":{"line":14,"column":4},"end":{"line":18,"column":5}},"type":"if","locations":[{"start":{"line":14,"column":4},"end":{"line":18,"column":5}},{"start":{"line":14,"column":4},"end":{"line":18,"column":5}}],"line":14},"1":{"loc":{"start":{"line":15,"column":6},"end":{"line":17,"column":7}},"type":"if","locations":[{"start":{"line":15,"column":6},"end":{"line":17,"column":7}},{"start":{"line":15,"column":6},"end":{"line":17,"column":7}}],"line":15},"2":{"loc":{"start":{"line":20,"column":4},"end":{"line":22,"column":5}},"type":"if","locations":[{"start":{"line":20,"column":4},"end":{"line":22,"column":5}},{"start":{"line":20,"column":4},"end":{"line":22,"column":5}}],"line":20},"3":{"loc":{"start":{"line":28,"column":4},"end":{"line":30,"column":5}},"type":"if","locations":[{"start":{"line":28,"column":4},"end":{"line":30,"column":5}},{"start":{"line":28,"column":4},"end":{"line":30,"column":5}}],"line":28},"4":{"loc":{"start":{"line":40,"column":4},"end":{"line":42,"column":5}},"type":"if","locations":[{"start":{"line":40,"column":4},"end":{"line":42,"column":5}},{"start":{"line":40,"column":4},"end":{"line":42,"column":5}}],"line":40},"5":{"loc":{"start":{"line":48,"column":4},"end":{"line":50,"column":5}},"type":"if","locations":[{"start":{"line":48,"column":4},"end":{"line":50,"column":5}},{"start":{"line":48,"column":4},"end":{"line":50,"column":5}}],"line":48}},"s":{"0":0,"1":0,"2":0,"3":0,"4":0,"5":0,"6":0,"7":0,"8":0,"9":0,"10":0,"11":0,"12":0,"13":0,"14":0,"15":0,"16":0,"17":0,"18":0,"19":0,"20":0,"21":0,"22":0,"23":0,"24":0,"25":0},"f":{"0":0,"1":0,"2":0,"3":0,"4":0,"5":0},"b":{"0":[0,0],"1":[0,0],"2":[0,0],"3":[0,0],"4":[0,0],"5":[0,0]},"all":true},"C:\\Data\\Apps\\gigih\\mid-term\\gigih-play-backend\\src\\outers\\routes\\RootRoute.ts":{"path":"C:\\Data\\Apps\\gigih\\mid-term\\gigih-play-backend\\src\\outers\\routes\\RootRoute.ts","statementMap":{"0":{"start":{"line":33,"column":4},"end":{"line":33,"column":18}},"1":{"start":{"line":34,"column":4},"end":{"line":34,"column":16}},"2":{"start":{"line":35,"column":4},"end":{"line":35,"column":36}},"3":{"start":{"line":38,"column":19},"end":{"line":84,"column":3}},"4":{"start":{"line":39,"column":29},"end":{"line":39,"column":37}},"5":{"start":{"line":41,"column":43},"end":{"line":41,"column":80}},"6":{"start":{"line":42,"column":43},"end":{"line":42,"column":77}},"7":{"start":{"line":43,"column":51},"end":{"line":43,"column":99}},"8":{"start":{"line":44,"column":4},"end":{"line":44,"column":39}},"9":{"start":{"line":45,"column":4},"end":{"line":45,"column":61}},"10":{"start":{"line":47,"column":45},"end":{"line":47,"column":83}},"11":{"start":{"line":48,"column":45},"end":{"line":48,"column":81}},"12":{"start":{"line":49,"column":53},"end":{"line":49,"column":103}},"13":{"start":{"line":50,"column":4},"end":{"line":50,"column":40}},"14":{"start":{"line":51,"column":4},"end":{"line":51,"column":63}},"15":{"start":{"line":53,"column":49},"end":{"line":53,"column":89}},"16":{"start":{"line":54,"column":49},"end":{"line":54,"column":105}},"17":{"start":{"line":55,"column":57},"end":{"line":55,"column":111}},"18":{"start":{"line":56,"column":4},"end":{"line":56,"column":42}},"19":{"start":{"line":57,"column":4},"end":{"line":57,"column":67}},"20":{"start":{"line":59,"column":49},"end":{"line":59,"column":89}},"21":{"start":{"line":60,"column":49},"end":{"line":60,"column":89}},"22":{"start":{"line":61,"column":57},"end":{"line":61,"column":111}},"23":{"start":{"line":62,"column":4},"end":{"line":62,"column":42}},"24":{"start":{"line":63,"column":4},"end":{"line":63,"column":67}},"25":{"start":{"line":65,"column":65},"end":{"line":65,"column":113}},"26":{"start":{"line":66,"column":65},"end":{"line":66,"column":121}},"27":{"start":{"line":67,"column":69},"end":{"line":67,"column":135}},"28":{"start":{"line":68,"column":4},"end":{"line":68,"column":50}},"29":{"start":{"line":69,"column":4},"end":{"line":69,"column":85}},"30":{"start":{"line":71,"column":65},"end":{"line":71,"column":113}},"31":{"start":{"line":72,"column":65},"end":{"line":72,"column":121}},"32":{"start":{"line":73,"column":73},"end":{"line":73,"column":143}},"33":{"start":{"line":74,"column":4},"end":{"line":74,"column":50}},"34":{"start":{"line":75,"column":4},"end":{"line":75,"column":85}},"35":{"start":{"line":77,"column":53},"end":{"line":77,"column":92}},"36":{"start":{"line":78,"column":59},"end":{"line":78,"column":101}},"37":{"start":{"line":79,"column":71},"end":{"line":79,"column":158}},"38":{"start":{"line":80,"column":4},"end":{"line":80,"column":49}},"39":{"start":{"line":81,"column":4},"end":{"line":81,"column":81}},"40":{"start":{"line":83,"column":4},"end":{"line":83,"column":45}},"41":{"start":{"line":86,"column":20},"end":{"line":93,"column":3}},"42":{"start":{"line":87,"column":43},"end":{"line":87,"column":80}},"43":{"start":{"line":88,"column":49},"end":{"line":88,"column":89}},"44":{"start":{"line":89,"column":43},"end":{"line":89,"column":77}},"45":{"start":{"line":90,"column":49},"end":{"line":90,"column":105}},"46":{"start":{"line":91,"column":61},"end":{"line":91,"column":132}},"47":{"start":{"line":92,"column":4},"end":{"line":92,"column":45}}},"fnMap":{"0":{"name":"(anonymous_0)","decl":{"start":{"line":32,"column":2},"end":{"line":32,"column":3}},"loc":{"start":{"line":32,"column":82},"end":{"line":36,"column":3}},"line":32},"1":{"name":"(anonymous_1)","decl":{"start":{"line":38,"column":19},"end":{"line":38,"column":20}},"loc":{"start":{"line":38,"column":46},"end":{"line":84,"column":3}},"line":38},"2":{"name":"(anonymous_2)","decl":{"start":{"line":86,"column":20},"end":{"line":86,"column":21}},"loc":{"start":{"line":86,"column":47},"end":{"line":93,"column":3}},"line":86}},"branchMap":{},"s":{"0":0,"1":0,"2":0,"3":0,"4":0,"5":0,"6":0,"7":0,"8":0,"9":0,"10":0,"11":0,"12":0,"13":0,"14":0,"15":0,"16":0,"17":0,"18":0,"19":0,"20":0,"21":0,"22":0,"23":0,"24":0,"25":0,"26":0,"27":0,"28":0,"29":0,"30":0,"31":0,"32":0,"33":0,"34":0,"35":0,"36":0,"37":0,"38":0,"39":0,"40":0,"41":0,"42":0,"43":0,"44":0,"45":0,"46":0,"47":0},"f":{"0":0,"1":0,"2":0},"b":{},"all":true},"C:\\Data\\Apps\\gigih\\mid-term\\gigih-play-backend\\src\\outers\\schemas\\CommentSchema.ts":{"path":"C:\\Data\\Apps\\gigih\\mid-term\\gigih-play-backend\\src\\outers\\schemas\\CommentSchema.ts","statementMap":{"0":{"start":{"line":4,"column":22},"end":{"line":17,"column":2}}},"fnMap":{},"branchMap":{},"s":{"0":0},"f":{},"b":{},"all":true},"C:\\Data\\Apps\\gigih\\mid-term\\gigih-play-backend\\src\\outers\\schemas\\ProductSchema.ts":{"path":"C:\\Data\\Apps\\gigih\\mid-term\\gigih-play-backend\\src\\outers\\schemas\\ProductSchema.ts","statementMap":{"0":{"start":{"line":4,"column":22},"end":{"line":17,"column":2}}},"fnMap":{},"branchMap":{},"s":{"0":0},"f":{},"b":{},"all":true},"C:\\Data\\Apps\\gigih\\mid-term\\gigih-play-backend\\src\\outers\\schemas\\UserSchema.ts":{"path":"C:\\Data\\Apps\\gigih\\mid-term\\gigih-play-backend\\src\\outers\\schemas\\UserSchema.ts","statementMap":{"0":{"start":{"line":4,"column":19},"end":{"line":18,"column":2}}},"fnMap":{},"branchMap":{},"s":{"0":0},"f":{},"b":{},"all":true},"C:\\Data\\Apps\\gigih\\mid-term\\gigih-play-backend\\src\\outers\\schemas\\VideoCommentMapSchema.ts":{"path":"C:\\Data\\Apps\\gigih\\mid-term\\gigih-play-backend\\src\\outers\\schemas\\VideoCommentMapSchema.ts","statementMap":{"0":{"start":{"line":4,"column":30},"end":{"line":14,"column":2}}},"fnMap":{},"branchMap":{},"s":{"0":0},"f":{},"b":{},"all":true},"C:\\Data\\Apps\\gigih\\mid-term\\gigih-play-backend\\src\\outers\\schemas\\VideoProductMapSchema.ts":{"path":"C:\\Data\\Apps\\gigih\\mid-term\\gigih-play-backend\\src\\outers\\schemas\\VideoProductMapSchema.ts","statementMap":{"0":{"start":{"line":4,"column":30},"end":{"line":14,"column":2}}},"fnMap":{},"branchMap":{},"s":{"0":0},"f":{},"b":{},"all":true},"C:\\Data\\Apps\\gigih\\mid-term\\gigih-play-backend\\src\\outers\\schemas\\VideoSchema.ts":{"path":"C:\\Data\\Apps\\gigih\\mid-term\\gigih-play-backend\\src\\outers\\schemas\\VideoSchema.ts","statementMap":{"0":{"start":{"line":4,"column":20},"end":{"line":14,"column":2}}},"fnMap":{},"branchMap":{},"s":{"0":0},"f":{},"b":{},"all":true},"C:\\Data\\Apps\\gigih\\mid-term\\gigih-play-backend\\src\\outers\\utilities\\ObjectUtility.ts":{"path":"C:\\Data\\Apps\\gigih\\mid-term\\gigih-play-backend\\src\\outers\\utilities\\ObjectUtility.ts","statementMap":{"0":{"start":{"line":2,"column":10},"end":{"line":9,"column":3}},"1":{"start":{"line":3,"column":4},"end":{"line":6,"column":6}},"2":{"start":{"line":4,"column":52},"end":{"line":4,"column":92}},"3":{"start":{"line":5,"column":6},"end":{"line":5,"column":72}},"4":{"start":{"line":5,"column":33},"end":{"line":5,"column":70}},"5":{"start":{"line":8,"column":4},"end":{"line":8,"column":13}}},"fnMap":{"0":{"name":"(anonymous_0)","decl":{"start":{"line":2,"column":10},"end":{"line":2,"column":11}},"loc":{"start":{"line":2,"column":37},"end":{"line":9,"column":3}},"line":2},"1":{"name":"(anonymous_1)","decl":{"start":{"line":3,"column":28},"end":{"line":3,"column":29}},"loc":{"start":{"line":3,"column":37},"end":{"line":6,"column":5}},"line":3}},"branchMap":{"0":{"loc":{"start":{"line":5,"column":6},"end":{"line":5,"column":72}},"type":"if","locations":[{"start":{"line":5,"column":6},"end":{"line":5,"column":72}},{"start":{"line":5,"column":6},"end":{"line":5,"column":72}}],"line":5}},"s":{"0":0,"1":0,"2":0,"3":0,"4":0,"5":0},"f":{"0":0,"1":0},"b":{"0":[0,0]},"all":true}}