TN:
SF:src\App.ts
FN:15,(anonymous_8)
FN:15,(anonymous_9)
FN:56,(anonymous_10)
FN:57,(anonymous_11)
FN:67,(anonymous_12)
FN:70,(anonymous_13)
FN:51,(anonymous_10)
FN:52,(anonymous_11)
FN:62,(anonymous_12)
FN:66,(anonymous_13)
FNF:10
FNH:8
FNDA:87,(anonymous_8)
FNDA:87,(anonymous_9)
FNDA:63,(anonymous_10)
FNDA:63,(anonymous_11)
FNDA:63,(anonymous_12)
FNDA:0,(anonymous_13)
FNDA:24,(anonymous_10)
FNDA:24,(anonymous_11)
FNDA:24,(anonymous_12)
FNDA:0,(anonymous_13)
DA:1,87
DA:2,87
DA:3,87
DA:4,87
DA:5,87
DA:6,87
DA:7,87
DA:9,87
DA:10,87
DA:15,63
DA:16,87
DA:17,87
DA:18,87
DA:19,87
DA:21,87
DA:23,63
DA:26,24
DA:27,24
DA:28,24
DA:30,24
DA:32,63
DA:34,63
DA:35,63
DA:36,63
DA:37,24
DA:38,0
DA:39,0
DA:41,63
DA:42,24
DA:43,24
DA:44,24
DA:45,24
DA:47,63
DA:48,63
DA:49,63
DA:51,63
DA:52,63
DA:53,24
DA:56,63
DA:57,63
DA:58,87
DA:60,24
DA:62,63
DA:63,63
DA:66,63
DA:67,0
DA:68,63
DA:71,0
LF:48
LH:44
BRDA:41,0,0,0
BRDA:41,0,1,63
BRDA:51,1,0,63
BRDA:51,1,1,0
BRDA:52,2,0,0
BRDA:52,2,1,63
BRDA:62,3,0,0
BRDA:62,3,1,63
BRDA:62,4,0,63
BRDA:62,4,1,63
BRDA:37,5,0,0
BRDA:37,5,1,24
BRDA:45,6,0,24
BRDA:45,6,1,0
BRDA:47,7,0,0
BRDA:47,7,1,24
BRDA:57,8,0,0
BRDA:57,8,1,24
BRDA:57,9,0,24
BRDA:57,9,1,24
BRF:20
BRH:12
end_of_record
TN:
SF:src\inners\models\aggregates\CommentAggregate.ts
FN:9,(anonymous_0)
FNF:1
FNH:1
FNDA:77,(anonymous_0)
DA:3,87
DA:15,77
DA:16,77
DA:17,77
DA:18,77
LF:5
LH:5
BRF:0
BRH:0
end_of_record
TN:
SF:src\inners\models\aggregates\VideoCommentMapAggregate.ts
FN:9,(anonymous_0)
FNF:1
FNH:1
FNDA:66,(anonymous_0)
DA:4,87
DA:14,66
DA:15,66
DA:16,66
LF:4
LH:4
BRF:0
BRH:0
end_of_record
TN:
SF:src\inners\models\aggregates\VideoProductMapAggregate.ts
FN:9,(anonymous_0)
FNF:1
FNH:1
FNDA:42,(anonymous_0)
DA:4,87
DA:14,42
DA:15,42
DA:16,42
LF:4
LH:4
BRF:0
BRH:0
end_of_record
TN:
SF:src\inners\models\entities\Comment.ts
FN:7,(anonymous_0)
FNF:1
FNH:1
FNDA:110,(anonymous_0)
DA:1,87
DA:13,110
DA:14,110
DA:15,110
DA:16,110
LF:5
LH:5
BRF:0
BRH:0
end_of_record
TN:
SF:src\inners\models\entities\Product.ts
FN:7,(anonymous_0)
FNF:1
FNH:1
FNDA:53,(anonymous_0)
DA:1,87
DA:13,53
DA:14,53
DA:15,53
DA:16,53
LF:5
LH:5
BRF:0
BRH:0
end_of_record
TN:
SF:src\inners\models\entities\User.ts
FN:7,(anonymous_0)
FNF:1
FNH:1
FNDA:132,(anonymous_0)
DA:1,87
DA:13,132
DA:14,132
DA:15,132
DA:16,132
LF:5
LH:5
BRF:0
BRH:0
end_of_record
TN:
SF:src\inners\models\entities\Video.ts
FN:6,(anonymous_0)
FNF:1
FNH:1
FNDA:141,(anonymous_0)
DA:1,87
DA:11,141
DA:12,141
DA:13,141
LF:4
LH:4
BRF:0
BRH:0
end_of_record
TN:
SF:src\inners\models\entities\VideoCommentMap.ts
FN:6,(anonymous_0)
FNF:1
FNH:1
FNDA:77,(anonymous_0)
DA:1,87
DA:11,77
DA:12,77
DA:13,77
LF:4
LH:4
BRF:0
BRH:0
end_of_record
TN:
SF:src\inners\models\entities\VideoProductMap.ts
FN:6,(anonymous_0)
FNF:1
FNH:1
FNDA:52,(anonymous_0)
DA:1,87
DA:11,52
DA:12,52
DA:13,52
LF:4
LH:4
BRF:0
BRH:0
end_of_record
TN:
SF:src\inners\models\value_objects\Result.ts
FN:6,(anonymous_0)
FNF:1
FNH:1
FNDA:739,(anonymous_0)
DA:1,87
DA:11,739
DA:12,739
DA:13,739
LF:4
LH:4
BRF:0
BRH:0
end_of_record
TN:
SF:src\inners\models\value_objects\requests\authentications\LoginByUsernameAndPasswordRequest.ts
FN:5,(anonymous_0)
FNF:1
FNH:1
FNDA:33,(anonymous_0)
DA:1,11
DA:9,33
DA:10,33
LF:3
LH:3
BRF:0
BRH:0
end_of_record
TN:
SF:src\inners\models\value_objects\requests\authentications\RegisterByUsernameAndPasswordRequest.ts
FN:5,(anonymous_0)
FNF:1
FNH:1
FNDA:22,(anonymous_0)
DA:1,11
DA:9,22
DA:10,22
LF:3
LH:3
BRF:0
BRH:0
end_of_record
TN:
SF:src\inners\models\value_objects\requests\comments\SubmitCommentRequest.ts
FN:6,(anonymous_0)
FNF:1
FNH:1
FNDA:55,(anonymous_0)
DA:1,87
DA:11,55
DA:12,55
DA:13,55
LF:4
LH:4
BRF:0
BRH:0
end_of_record
TN:
SF:src\inners\models\value_objects\requests\rooms\JoinRoomRequest.ts
FN:5,(anonymous_0)
FNF:1
FNH:1
FNDA:33,(anonymous_0)
DA:1,11
DA:9,33
DA:10,33
LF:3
LH:3
BRF:0
BRH:0
end_of_record
TN:
SF:src\inners\use_cases\authentications\LoginAuthentication.ts
FN:12,(anonymous_8)
FN:16,(anonymous_9)
FN:16,(anonymous_10)
FNF:3
FNH:3
FNDA:87,(anonymous_8)
FNDA:33,(anonymous_9)
FNDA:33,(anonymous_10)
DA:6,87
DA:7,87
DA:9,87
DA:13,87
DA:16,87
DA:17,33
DA:18,0
DA:20,33
DA:21,0
DA:24,33
DA:25,33
DA:27,11
DA:35,22
DA:36,22
DA:38,11
DA:45,11
LF:16
LH:14
BRDA:17,0,0,0
BRDA:17,0,1,33
BRDA:20,1,0,0
BRDA:20,1,1,33
BRF:4
BRH:2
end_of_record
TN:
SF:src\inners\use_cases\authentications\RegisterAuthentication.ts
FN:12,(anonymous_8)
FN:16,(anonymous_9)
FN:16,(anonymous_10)
FNF:3
FNH:3
FNDA:87,(anonymous_8)
FNDA:22,(anonymous_9)
FNDA:22,(anonymous_10)
DA:5,87
DA:6,87
DA:7,87
DA:9,87
DA:13,87
DA:16,87
DA:17,22
DA:18,0
DA:20,22
DA:21,0
DA:25,22
DA:26,22
DA:27,11
DA:29,11
DA:32,22
DA:33,11
DA:40,11
DA:45,11
DA:47,11
LF:19
LH:17
BRDA:17,0,0,0
BRDA:17,0,1,22
BRDA:20,1,0,0
BRDA:20,1,1,22
BRDA:32,2,0,11
BRDA:32,2,1,11
BRF:6
BRH:4
end_of_record
TN:
SF:src\inners\use_cases\managements\CommentManagement.ts
FN:13,(anonymous_8)
FN:18,(anonymous_9)
FN:18,(anonymous_10)
FN:32,(anonymous_11)
FN:32,(anonymous_12)
FN:46,(anonymous_13)
FN:46,(anonymous_14)
FN:60,(anonymous_15)
FN:60,(anonymous_16)
FN:69,(anonymous_17)
FN:69,(anonymous_18)
FN:78,(anonymous_19)
FN:78,(anonymous_20)
FN:87,(anonymous_21)
FN:87,(anonymous_22)
FNF:15
FNH:15
FNDA:174,(anonymous_8)
FNDA:44,(anonymous_9)
FNDA:44,(anonymous_10)
FNDA:66,(anonymous_11)
FNDA:66,(anonymous_12)
FNDA:22,(anonymous_13)
FNDA:22,(anonymous_14)
FNDA:22,(anonymous_15)
FNDA:22,(anonymous_16)
FNDA:11,(anonymous_17)
FNDA:11,(anonymous_18)
FNDA:11,(anonymous_19)
FNDA:11,(anonymous_20)
FNDA:22,(anonymous_21)
FNDA:22,(anonymous_22)
DA:2,87
DA:3,87
DA:9,87
DA:14,174
DA:15,174
DA:18,174
DA:20,44
DA:21,22
DA:23,22
DA:25,44
DA:32,174
DA:34,66
DA:35,11
DA:37,55
DA:39,66
DA:46,174
DA:48,22
DA:49,11
DA:51,11
DA:53,22
DA:60,174
DA:61,22
DA:62,22
DA:69,174
DA:70,11
DA:71,11
DA:78,174
DA:79,11
DA:80,11
DA:87,174
DA:88,22
DA:89,0
DA:91,22
DA:92,22
DA:97,22
DA:99,22
DA:100,11
DA:101,0
DA:103,11
DA:105,11
DA:107,22
LF:41
LH:39
BRDA:20,0,0,22
BRDA:20,0,1,22
BRDA:34,1,0,11
BRDA:34,1,1,55
BRDA:48,2,0,11
BRDA:48,2,1,11
BRDA:88,3,0,0
BRDA:88,3,1,22
BRDA:99,4,0,11
BRDA:99,4,1,11
BRDA:100,5,0,0
BRDA:100,5,1,11
BRF:12
BRH:10
end_of_record
TN:
SF:src\inners\use_cases\managements\ProductManagement.ts
FN:8,(anonymous_8)
FN:12,(anonymous_9)
FN:12,(anonymous_10)
FN:21,(anonymous_11)
FN:21,(anonymous_12)
FN:31,(anonymous_13)
FN:31,(anonymous_14)
FN:40,(anonymous_15)
FN:40,(anonymous_16)
FN:49,(anonymous_17)
FN:49,(anonymous_18)
FN:58,(anonymous_19)
FN:58,(anonymous_20)
FNF:13
FNH:13
FNDA:87,(anonymous_8)
FNDA:22,(anonymous_9)
FNDA:22,(anonymous_10)
FNDA:11,(anonymous_11)
FNDA:11,(anonymous_12)
FNDA:11,(anonymous_13)
FNDA:11,(anonymous_14)
FNDA:11,(anonymous_15)
FNDA:11,(anonymous_16)
FNDA:11,(anonymous_17)
FNDA:11,(anonymous_18)
FNDA:11,(anonymous_19)
FNDA:11,(anonymous_20)
DA:2,87
DA:5,87
DA:9,87
DA:12,87
DA:13,22
DA:14,22
DA:21,87
DA:22,11
DA:23,11
DA:31,87
DA:32,11
DA:33,11
DA:40,87
DA:41,11
DA:42,11
DA:49,87
DA:50,11
DA:51,11
DA:58,87
DA:59,11
DA:60,11
LF:21
LH:21
BRF:0
BRH:0
end_of_record
TN:
SF:src\inners\use_cases\managements\UserManagement.ts
FN:8,(anonymous_8)
FN:12,(anonymous_9)
FN:12,(anonymous_10)
FN:21,(anonymous_11)
FN:21,(anonymous_12)
FN:30,(anonymous_13)
FN:30,(anonymous_14)
FN:39,(anonymous_15)
FN:39,(anonymous_16)
FN:48,(anonymous_17)
FN:48,(anonymous_18)
FN:57,(anonymous_19)
FN:57,(anonymous_20)
FN:66,(anonymous_21)
FN:66,(anonymous_22)
FNF:15
FNH:15
FNDA:174,(anonymous_8)
FNDA:22,(anonymous_9)
FNDA:22,(anonymous_10)
FNDA:11,(anonymous_11)
FNDA:11,(anonymous_12)
FNDA:66,(anonymous_13)
FNDA:66,(anonymous_14)
FNDA:22,(anonymous_15)
FNDA:22,(anonymous_16)
FNDA:22,(anonymous_17)
FNDA:22,(anonymous_18)
FNDA:11,(anonymous_19)
FNDA:11,(anonymous_20)
FNDA:11,(anonymous_21)
FNDA:11,(anonymous_22)
DA:2,87
DA:5,87
DA:9,174
DA:12,174
DA:13,22
DA:14,22
DA:21,174
DA:22,11
DA:23,11
DA:30,174
DA:31,66
DA:32,44
DA:39,174
DA:40,22
DA:41,11
DA:48,174
DA:49,22
DA:50,22
DA:57,174
DA:58,11
DA:59,11
DA:66,174
DA:67,11
DA:68,11
LF:24
LH:24
BRF:0
BRH:0
end_of_record
TN:
SF:src\inners\use_cases\managements\VideoCommentMapManagement.ts
FN:9,(anonymous_8)
FN:13,(anonymous_9)
FN:13,(anonymous_10)
FN:28,(anonymous_11)
FN:28,(anonymous_12)
FN:42,(anonymous_13)
FN:42,(anonymous_14)
FN:51,(anonymous_15)
FN:51,(anonymous_16)
FN:60,(anonymous_17)
FN:60,(anonymous_18)
FNF:11
FNH:11
FNDA:87,(anonymous_8)
FNDA:44,(anonymous_9)
FNDA:44,(anonymous_10)
FNDA:22,(anonymous_11)
FNDA:22,(anonymous_12)
FNDA:11,(anonymous_13)
FNDA:11,(anonymous_14)
FNDA:11,(anonymous_15)
FNDA:11,(anonymous_16)
FNDA:11,(anonymous_17)
FNDA:11,(anonymous_18)
DA:2,87
DA:6,87
DA:10,87
DA:13,87
DA:15,44
DA:16,22
DA:18,22
DA:21,44
DA:28,87
DA:30,22
DA:31,11
DA:33,11
DA:35,22
DA:42,87
DA:43,11
DA:44,11
DA:51,87
DA:52,11
DA:53,11
DA:60,87
DA:61,11
DA:62,11
LF:22
LH:22
BRDA:15,0,0,22
BRDA:15,0,1,22
BRDA:30,1,0,11
BRDA:30,1,1,11
BRF:4
BRH:4
end_of_record
TN:
SF:src\inners\use_cases\managements\VideoManagement.ts
FN:8,(anonymous_8)
FN:12,(anonymous_9)
FN:12,(anonymous_10)
FN:21,(anonymous_11)
FN:21,(anonymous_12)
FN:30,(anonymous_13)
FN:30,(anonymous_14)
FN:39,(anonymous_15)
FN:39,(anonymous_16)
FN:48,(anonymous_17)
FN:48,(anonymous_18)
FNF:11
FNH:11
FNDA:87,(anonymous_8)
FNDA:22,(anonymous_9)
FNDA:22,(anonymous_10)
FNDA:11,(anonymous_11)
FNDA:11,(anonymous_12)
FNDA:11,(anonymous_13)
FNDA:11,(anonymous_14)
FNDA:11,(anonymous_15)
FNDA:11,(anonymous_16)
FNDA:11,(anonymous_17)
FNDA:11,(anonymous_18)
DA:2,87
DA:5,87
DA:9,87
DA:12,87
DA:13,22
DA:14,22
DA:21,87
DA:22,11
DA:23,11
DA:30,87
DA:31,11
DA:32,11
DA:39,87
DA:40,11
DA:41,11
DA:48,87
DA:49,11
DA:50,11
LF:18
LH:18
BRF:0
BRH:0
end_of_record
TN:
SF:src\inners\use_cases\managements\VideoProductMapManagement.ts
FN:9,(anonymous_8)
FN:13,(anonymous_9)
FN:13,(anonymous_10)
FN:27,(anonymous_11)
FN:27,(anonymous_12)
FN:41,(anonymous_13)
FN:41,(anonymous_14)
FN:50,(anonymous_15)
FN:50,(anonymous_16)
FN:59,(anonymous_17)
FN:59,(anonymous_18)
FN:68,(anonymous_19)
FN:68,(anonymous_20)
FNF:13
FNH:11
FNDA:87,(anonymous_8)
FNDA:40,(anonymous_9)
FNDA:40,(anonymous_10)
FNDA:20,(anonymous_11)
FNDA:20,(anonymous_12)
FNDA:0,(anonymous_13)
FNDA:0,(anonymous_14)
FNDA:10,(anonymous_15)
FNDA:10,(anonymous_16)
FNDA:10,(anonymous_17)
FNDA:10,(anonymous_18)
FNDA:10,(anonymous_19)
FNDA:10,(anonymous_20)
DA:2,87
DA:6,87
DA:10,87
DA:13,87
DA:15,40
DA:16,20
DA:18,20
DA:20,40
DA:27,87
DA:29,20
DA:30,10
DA:32,10
DA:34,20
DA:41,87
DA:42,0
DA:43,0
DA:50,87
DA:51,10
DA:52,10
DA:59,87
DA:60,10
DA:61,10
DA:68,87
DA:69,10
DA:70,10
LF:25
LH:23
BRDA:15,0,0,20
BRDA:15,0,1,20
BRDA:29,1,0,10
BRDA:29,1,1,10
BRF:4
BRH:4
end_of_record
TN:
SF:src\outers\configurations\DotenvConfiguration.ts
FNF:0
FNH:0
DA:1,87
DA:3,87
DA:9,87
LF:3
LH:3
BRF:0
BRH:0
end_of_record
TN:
SF:src\outers\controllers\rests\AuthenticationControllerRest.ts
FN:17,(anonymous_1)
FN:27,(anonymous_2)
FN:32,(anonymous_3)
FN:37,(anonymous_4)
FN:40,(anonymous_5)
FN:60,(anonymous_6)
FN:65,(anonymous_7)
FN:68,(anonymous_8)
FNF:8
FNH:6
FNDA:87,(anonymous_1)
FNDA:87,(anonymous_2)
FNDA:33,(anonymous_3)
FNDA:33,(anonymous_4)
FNDA:0,(anonymous_5)
FNDA:22,(anonymous_6)
FNDA:22,(anonymous_7)
FNDA:0,(anonymous_8)
DA:4,87
DA:12,87
DA:22,87
DA:23,87
DA:24,87
DA:27,87
DA:28,87
DA:29,87
DA:32,87
DA:33,33
DA:34,33
DA:35,33
DA:36,33
DA:38,33
DA:41,0
DA:50,0
DA:60,87
DA:61,22
DA:62,22
DA:63,22
DA:64,22
DA:66,22
DA:69,0
DA:78,0
LF:24
LH:20
BRDA:34,0,0,33
BRDA:34,0,1,0
BRDA:62,1,0,22
BRDA:62,1,1,0
BRF:4
BRH:2
end_of_record
TN:
SF:src\outers\controllers\rests\CommentControllerRest.ts
FN:13,(anonymous_1)
FN:18,(anonymous_2)
FN:28,(anonymous_3)
FN:34,(anonymous_4)
FN:37,(anonymous_5)
FN:46,(anonymous_6)
FN:52,(anonymous_7)
FN:55,(anonymous_8)
FN:64,(anonymous_9)
FN:69,(anonymous_10)
FN:72,(anonymous_11)
FN:81,(anonymous_12)
FN:84,(anonymous_13)
FN:87,(anonymous_14)
FN:96,(anonymous_15)
FN:102,(anonymous_16)
FN:105,(anonymous_17)
FN:114,(anonymous_18)
FN:118,(anonymous_19)
FN:121,(anonymous_20)
FN:130,(anonymous_21)
FN:134,(anonymous_22)
FN:137,(anonymous_23)
FNF:23
FNH:16
FNDA:87,(anonymous_1)
FNDA:87,(anonymous_2)
FNDA:44,(anonymous_3)
FNDA:44,(anonymous_4)
FNDA:0,(anonymous_5)
FNDA:22,(anonymous_6)
FNDA:22,(anonymous_7)
FNDA:0,(anonymous_8)
FNDA:22,(anonymous_9)
FNDA:22,(anonymous_10)
FNDA:0,(anonymous_11)
FNDA:11,(anonymous_12)
FNDA:11,(anonymous_13)
FNDA:0,(anonymous_14)
FNDA:22,(anonymous_15)
FNDA:22,(anonymous_16)
FNDA:0,(anonymous_17)
FNDA:11,(anonymous_18)
FNDA:11,(anonymous_19)
FNDA:0,(anonymous_20)
FNDA:11,(anonymous_21)
FNDA:11,(anonymous_22)
FNDA:0,(anonymous_23)
DA:7,87
DA:9,87
DA:14,87
DA:15,87
DA:18,87
DA:19,87
DA:20,87
DA:21,87
DA:22,87
DA:23,87
DA:24,87
DA:25,87
DA:28,87
DA:29,44
DA:30,44
DA:31,44
DA:32,44
DA:35,44
DA:38,0
DA:46,87
DA:47,22
DA:48,22
DA:49,22
DA:50,22
DA:53,22
DA:56,0
DA:64,87
DA:65,22
DA:66,22
DA:67,22
DA:70,22
DA:73,0
DA:81,87
DA:82,11
DA:85,11
DA:88,0
DA:96,87
DA:97,22
DA:98,22
DA:99,22
DA:100,22
DA:103,22
DA:106,0
DA:114,87
DA:115,11
DA:116,11
DA:119,11
DA:122,0
DA:130,87
DA:131,11
DA:132,11
DA:135,11
DA:138,0
LF:53
LH:46
BRDA:30,0,0,22
BRDA:30,0,1,22
BRDA:31,1,0,22
BRDA:31,1,1,22
BRDA:49,2,0,11
BRDA:49,2,1,11
BRF:6
BRH:6
end_of_record
TN:
SF:src\outers\controllers\rests\ProductControllerRest.ts
FN:11,(anonymous_0)
FN:16,(anonymous_1)
FN:25,(anonymous_2)
FN:30,(anonymous_3)
FN:33,(anonymous_4)
FN:42,(anonymous_5)
FN:46,(anonymous_6)
FN:49,(anonymous_7)
FN:58,(anonymous_8)
FN:62,(anonymous_9)
FN:65,(anonymous_10)
FN:74,(anonymous_11)
FN:77,(anonymous_12)
FN:80,(anonymous_13)
FN:89,(anonymous_14)
FN:93,(anonymous_15)
FN:96,(anonymous_16)
FN:105,(anonymous_17)
FN:109,(anonymous_18)
FN:112,(anonymous_19)
FNF:20
FNH:14
FNDA:87,(anonymous_0)
FNDA:87,(anonymous_1)
FNDA:22,(anonymous_2)
FNDA:22,(anonymous_3)
FNDA:0,(anonymous_4)
FNDA:11,(anonymous_5)
FNDA:11,(anonymous_6)
FNDA:0,(anonymous_7)
FNDA:11,(anonymous_8)
FNDA:11,(anonymous_9)
FNDA:0,(anonymous_10)
FNDA:11,(anonymous_11)
FNDA:11,(anonymous_12)
FNDA:0,(anonymous_13)
FNDA:11,(anonymous_14)
FNDA:11,(anonymous_15)
FNDA:0,(anonymous_16)
FNDA:11,(anonymous_17)
FNDA:11,(anonymous_18)
FNDA:0,(anonymous_19)
DA:7,87
DA:12,87
DA:13,87
DA:16,87
DA:17,87
DA:18,87
DA:19,87
DA:20,87
DA:21,87
DA:22,87
DA:25,87
DA:26,22
DA:27,22
DA:28,22
DA:31,22
DA:34,0
DA:42,87
DA:43,11
DA:44,11
DA:47,11
DA:50,0
DA:58,87
DA:59,11
DA:60,11
DA:63,11
DA:66,0
DA:74,87
DA:75,11
DA:78,11
DA:81,0
DA:89,87
DA:90,11
DA:91,11
DA:94,11
DA:97,0
DA:105,87
DA:106,11
DA:107,11
DA:110,11
DA:113,0
LF:40
LH:34
BRDA:27,0,0,11
BRDA:27,0,1,11
BRF:2
BRH:2
end_of_record
TN:
SF:src\outers\controllers\rests\UserControllerRest.ts
FN:11,(anonymous_0)
FN:16,(anonymous_1)
FN:24,(anonymous_2)
FN:29,(anonymous_3)
FN:32,(anonymous_4)
FN:41,(anonymous_5)
FN:45,(anonymous_6)
FN:48,(anonymous_7)
FN:57,(anonymous_8)
FN:60,(anonymous_9)
FN:63,(anonymous_10)
FN:72,(anonymous_11)
FN:76,(anonymous_12)
FN:79,(anonymous_13)
FN:88,(anonymous_14)
FN:92,(anonymous_15)
FN:95,(anonymous_16)
FNF:17
FNH:12
FNDA:87,(anonymous_0)
FNDA:87,(anonymous_1)
FNDA:22,(anonymous_2)
FNDA:22,(anonymous_3)
FNDA:0,(anonymous_4)
FNDA:11,(anonymous_5)
FNDA:11,(anonymous_6)
FNDA:0,(anonymous_7)
FNDA:11,(anonymous_8)
FNDA:11,(anonymous_9)
FNDA:0,(anonymous_10)
FNDA:11,(anonymous_11)
FNDA:11,(anonymous_12)
FNDA:0,(anonymous_13)
FNDA:11,(anonymous_14)
FNDA:11,(anonymous_15)
FNDA:0,(anonymous_16)
DA:7,87
DA:12,87
DA:13,87
DA:16,87
DA:17,87
DA:18,87
DA:19,87
DA:20,87
DA:21,87
DA:24,87
DA:25,22
DA:26,22
DA:27,22
DA:30,22
DA:33,0
DA:41,87
DA:42,11
DA:43,11
DA:46,11
DA:49,0
DA:57,87
DA:58,11
DA:61,11
DA:64,0
DA:72,87
DA:73,11
DA:74,11
DA:77,11
DA:80,0
DA:88,87
DA:89,11
DA:90,11
DA:93,11
DA:96,0
LF:34
LH:29
BRDA:26,0,0,11
BRDA:26,0,1,11
BRF:2
BRH:2
end_of_record
TN:
SF:src\outers\controllers\rests\VideoCommentControllerRest.ts
FN:12,(anonymous_0)
FN:17,(anonymous_1)
FN:25,(anonymous_2)
FN:31,(anonymous_3)
FN:34,(anonymous_4)
FN:43,(anonymous_5)
FN:49,(anonymous_6)
FN:52,(anonymous_7)
FN:61,(anonymous_8)
FN:64,(anonymous_9)
FN:67,(anonymous_10)
FN:76,(anonymous_11)
FN:80,(anonymous_12)
FN:83,(anonymous_13)
FN:92,(anonymous_14)
FN:96,(anonymous_15)
FN:99,(anonymous_16)
FNF:17
FNH:12
FNDA:87,(anonymous_0)
FNDA:87,(anonymous_1)
FNDA:44,(anonymous_2)
FNDA:44,(anonymous_3)
FNDA:0,(anonymous_4)
FNDA:22,(anonymous_5)
FNDA:22,(anonymous_6)
FNDA:0,(anonymous_7)
FNDA:11,(anonymous_8)
FNDA:11,(anonymous_9)
FNDA:0,(anonymous_10)
FNDA:11,(anonymous_11)
FNDA:11,(anonymous_12)
FNDA:0,(anonymous_13)
FNDA:11,(anonymous_14)
FNDA:11,(anonymous_15)
FNDA:0,(anonymous_16)
DA:8,87
DA:13,87
DA:14,87
DA:17,87
DA:18,87
DA:19,87
DA:20,87
DA:21,87
DA:22,87
DA:25,87
DA:26,44
DA:27,44
DA:28,44
DA:29,44
DA:32,44
DA:35,0
DA:43,87
DA:44,22
DA:45,22
DA:46,22
DA:47,22
DA:50,22
DA:53,0
DA:61,87
DA:62,11
DA:65,11
DA:68,0
DA:76,87
DA:77,11
DA:78,11
DA:81,11
DA:84,0
DA:92,87
DA:93,11
DA:94,11
DA:97,11
DA:100,0
LF:37
LH:32
BRDA:27,0,0,22
BRDA:27,0,1,22
BRDA:28,1,0,22
BRDA:28,1,1,22
BRDA:46,2,0,11
BRDA:46,2,1,11
BRF:6
BRH:6
end_of_record
TN:
SF:src\outers\controllers\rests\VideoControllerRest.ts
FN:11,(anonymous_0)
FN:16,(anonymous_1)
FN:24,(anonymous_2)
FN:29,(anonymous_3)
FN:32,(anonymous_4)
FN:41,(anonymous_5)
FN:45,(anonymous_6)
FN:48,(anonymous_7)
FN:57,(anonymous_8)
FN:60,(anonymous_9)
FN:63,(anonymous_10)
FN:72,(anonymous_11)
FN:76,(anonymous_12)
FN:79,(anonymous_13)
FN:88,(anonymous_14)
FN:92,(anonymous_15)
FN:95,(anonymous_16)
FNF:17
FNH:12
FNDA:87,(anonymous_0)
FNDA:87,(anonymous_1)
FNDA:22,(anonymous_2)
FNDA:22,(anonymous_3)
FNDA:0,(anonymous_4)
FNDA:11,(anonymous_5)
FNDA:11,(anonymous_6)
FNDA:0,(anonymous_7)
FNDA:11,(anonymous_8)
FNDA:11,(anonymous_9)
FNDA:0,(anonymous_10)
FNDA:11,(anonymous_11)
FNDA:11,(anonymous_12)
FNDA:0,(anonymous_13)
FNDA:11,(anonymous_14)
FNDA:11,(anonymous_15)
FNDA:0,(anonymous_16)
DA:7,87
DA:12,87
DA:13,87
DA:16,87
DA:17,87
DA:18,87
DA:19,87
DA:20,87
DA:21,87
DA:24,87
DA:25,22
DA:26,22
DA:27,22
DA:30,22
DA:33,0
DA:41,87
DA:42,11
DA:43,11
DA:46,11
DA:49,0
DA:57,87
DA:58,11
DA:61,11
DA:64,0
DA:72,87
DA:73,11
DA:74,11
DA:77,11
DA:80,0
DA:88,87
DA:89,11
DA:90,11
DA:93,11
DA:96,0
LF:34
LH:29
BRDA:26,0,0,11
BRDA:26,0,1,11
BRF:2
BRH:2
end_of_record
TN:
SF:src\outers\controllers\rests\VideoProductMapControllerRest.ts
FN:12,(anonymous_0)
FN:17,(anonymous_1)
FN:25,(anonymous_2)
FN:31,(anonymous_3)
FN:34,(anonymous_4)
FN:43,(anonymous_5)
FN:49,(anonymous_6)
FN:52,(anonymous_7)
FN:61,(anonymous_8)
FN:65,(anonymous_9)
FN:68,(anonymous_10)
FN:77,(anonymous_11)
FN:80,(anonymous_12)
FN:83,(anonymous_13)
FN:92,(anonymous_14)
FN:96,(anonymous_15)
FN:99,(anonymous_16)
FN:108,(anonymous_17)
FN:112,(anonymous_18)
FN:115,(anonymous_19)
FNF:20
FNH:12
FNDA:87,(anonymous_0)
FNDA:87,(anonymous_1)
FNDA:40,(anonymous_2)
FNDA:40,(anonymous_3)
FNDA:0,(anonymous_4)
FNDA:20,(anonymous_5)
FNDA:20,(anonymous_6)
FNDA:0,(anonymous_7)
FNDA:0,(anonymous_8)
FNDA:0,(anonymous_9)
FNDA:0,(anonymous_10)
FNDA:10,(anonymous_11)
FNDA:10,(anonymous_12)
FNDA:0,(anonymous_13)
FNDA:10,(anonymous_14)
FNDA:10,(anonymous_15)
FNDA:0,(anonymous_16)
FNDA:10,(anonymous_17)
FNDA:10,(anonymous_18)
FNDA:0,(anonymous_19)
DA:8,87
DA:13,87
DA:14,87
DA:17,87
DA:18,87
DA:19,87
DA:20,87
DA:21,87
DA:22,87
DA:25,87
DA:26,40
DA:27,40
DA:28,40
DA:29,40
DA:32,40
DA:35,0
DA:43,87
DA:44,20
DA:45,20
DA:46,20
DA:47,20
DA:50,20
DA:53,0
DA:61,87
DA:62,0
DA:63,0
DA:66,0
DA:69,0
DA:77,87
DA:78,10
DA:81,10
DA:84,0
DA:92,87
DA:93,10
DA:94,10
DA:97,10
DA:100,0
DA:108,87
DA:109,10
DA:110,10
DA:113,10
DA:116,0
LF:42
LH:33
BRDA:27,0,0,20
BRDA:27,0,1,20
BRDA:28,1,0,20
BRDA:28,1,1,20
BRDA:46,2,0,10
BRDA:46,2,1,10
BRF:6
BRH:6
end_of_record
TN:
SF:src\outers\controllers\web_sockets\RoomControllerWebSocket.ts
FN:15,(anonymous_8)
FN:25,(anonymous_9)
FN:26,(anonymous_10)
FN:33,(anonymous_11)
FN:33,(anonymous_12)
FN:33,(anonymous_13)
FN:42,(anonymous_14)
FN:42,(anonymous_15)
FN:42,(anonymous_16)
FN:52,(anonymous_17)
FN:52,(anonymous_18)
FN:52,(anonymous_19)
FNF:12
FNH:12
FNDA:87,(anonymous_8)
FNDA:87,(anonymous_9)
FNDA:66,(anonymous_10)
FNDA:66,(anonymous_11)
FNDA:44,(anonymous_12)
FNDA:44,(anonymous_13)
FNDA:66,(anonymous_14)
FNDA:11,(anonymous_15)
FNDA:11,(anonymous_16)
FNDA:66,(anonymous_17)
FNDA:11,(anonymous_18)
FNDA:11,(anonymous_19)
DA:3,87
DA:4,87
DA:6,87
DA:10,87
DA:20,87
DA:21,87
DA:22,87
DA:25,87
DA:26,87
DA:27,66
DA:28,66
DA:29,66
DA:33,87
DA:34,44
DA:35,0
DA:37,44
DA:38,44
DA:39,44
DA:42,87
DA:43,11
DA:44,11
DA:49,11
DA:52,87
DA:53,11
DA:54,0
DA:56,11
DA:57,0
DA:59,11
DA:60,11
DA:65,11
DA:75,11
LF:31
LH:28
BRDA:34,0,0,0
BRDA:34,0,1,44
BRDA:53,1,0,0
BRDA:53,1,1,11
BRDA:56,2,0,0
BRDA:56,2,1,11
BRF:6
BRH:3
end_of_record
TN:
SF:src\outers\datastores\OneDatastore.ts
FN:4,(anonymous_14)
FN:7,(anonymous_15)
FN:7,(anonymous_16)
FN:44,(anonymous_17)
FN:44,(anonymous_18)
FNF:5
FNH:5
FNDA:174,(anonymous_14)
FNDA:716,(anonymous_15)
FNDA:716,(anonymous_16)
FNDA:629,(anonymous_17)
FNDA:629,(anonymous_18)
DA:1,87
DA:2,87
DA:4,87
DA:7,716
DA:8,716
DA:9,716
DA:10,0
DA:13,716
DA:14,716
DA:15,0
DA:18,716
DA:19,716
DA:20,0
DA:23,716
DA:24,716
DA:25,0
DA:28,716
DA:29,716
DA:30,0
DA:33,716
DA:35,716
DA:41,716
DA:44,629
DA:45,629
LF:24
LH:19
BRDA:9,0,0,0
BRDA:9,0,1,716
BRDA:14,1,0,0
BRDA:14,1,1,716
BRDA:19,2,0,0
BRDA:19,2,1,716
BRDA:24,3,0,0
BRDA:24,3,1,716
BRDA:29,4,0,0
BRDA:29,4,1,716
BRF:10
BRH:5
end_of_record
TN:
SF:src\outers\middlewares\CaseExpressMiddleware.ts
FN:6,(anonymous_1)
FN:7,(anonymous_2)
FN:9,(anonymous_3)
FN:23,(anonymous_4)
FNF:4
FNH:4
FNDA:87,(anonymous_1)
FNDA:596,(anonymous_2)
FNDA:596,(anonymous_3)
FNDA:596,(anonymous_4)
DA:2,87
DA:6,87
DA:7,87
DA:8,596
DA:9,596
DA:10,596
DA:11,596
DA:12,596
DA:13,596
DA:14,596
DA:16,0
DA:18,596
DA:20,596
DA:23,87
DA:24,596
DA:25,596
DA:26,596
DA:27,596
DA:30,87
DA:33,87
LF:20
LH:19
BRF:0
BRH:0
end_of_record
TN:
SF:src\outers\migrations\OneMigration.ts
FN:30,(anonymous_8)
FN:40,(anonymous_9)
FN:40,(anonymous_10)
FN:52,(anonymous_11)
FN:60,(anonymous_12)
FN:60,(anonymous_13)
FNF:6
FNH:0
FNDA:0,(anonymous_8)
FNDA:0,(anonymous_9)
FNDA:0,(anonymous_10)
FNDA:0,(anonymous_11)
FNDA:0,(anonymous_12)
FNDA:0,(anonymous_13)
DA:2,87
DA:3,87
DA:4,87
DA:5,87
DA:6,87
DA:7,87
DA:8,87
DA:9,87
DA:10,87
DA:11,87
DA:12,87
DA:13,87
DA:14,87
DA:15,87
DA:21,87
DA:31,0
DA:32,0
DA:33,0
DA:34,0
DA:35,0
DA:36,0
DA:37,0
DA:40,0
DA:41,0
DA:42,0
DA:43,0
DA:44,0
DA:46,0
DA:47,0
DA:48,0
DA:50,0
DA:53,0
DA:57,0
DA:60,0
DA:61,0
DA:62,0
DA:63,0
DA:64,0
DA:65,0
DA:66,0
DA:68,0
LF:41
LH:15
BRF:0
BRH:0
end_of_record
TN:
SF:src\outers\repositories\CommentRepository.ts
FN:10,(anonymous_8)
FN:14,(anonymous_9)
FN:14,(anonymous_10)
FN:30,(anonymous_11)
FN:30,(anonymous_12)
FN:72,(anonymous_13)
FN:72,(anonymous_14)
FN:102,(anonymous_15)
FN:102,(anonymous_16)
FN:145,(anonymous_17)
FN:145,(anonymous_18)
FN:153,(anonymous_19)
FN:153,(anonymous_20)
FN:195,(anonymous_21)
FN:195,(anonymous_22)
FN:199,(anonymous_23)
FN:199,(anonymous_24)
FN:207,(anonymous_25)
FN:207,(anonymous_26)
FNF:19
FNH:19
FNDA:174,(anonymous_8)
FNDA:22,(anonymous_9)
FNDA:22,(anonymous_10)
FNDA:22,(anonymous_11)
FNDA:22,(anonymous_12)
FNDA:55,(anonymous_13)
FNDA:55,(anonymous_14)
FNDA:11,(anonymous_15)
FNDA:11,(anonymous_16)
FNDA:11,(anonymous_17)
FNDA:11,(anonymous_18)
FNDA:22,(anonymous_19)
FNDA:22,(anonymous_20)
FNDA:44,(anonymous_21)
FNDA:44,(anonymous_22)
FNDA:11,(anonymous_23)
FNDA:11,(anonymous_24)
FNDA:11,(anonymous_25)
FNDA:11,(anonymous_26)
DA:3,87
DA:5,87
DA:7,87
DA:11,174
DA:14,174
DA:15,22
DA:16,11
DA:17,11
DA:19,11
DA:20,0
DA:23,22
DA:24,22
DA:25,0
DA:27,22
DA:30,174
DA:31,22
DA:54,22
DA:55,11
DA:56,11
DA:58,11
DA:59,0
DA:61,11
DA:65,22
DA:66,22
DA:67,0
DA:69,22
DA:72,174
DA:73,55
DA:96,55
DA:97,0
DA:99,55
DA:102,174
DA:103,11
DA:139,11
DA:140,0
DA:142,11
DA:145,174
DA:146,11
DA:147,11
DA:148,0
DA:150,11
DA:153,174
DA:154,22
DA:185,22
DA:186,0
DA:188,22
DA:189,22
DA:190,0
DA:192,22
DA:195,174
DA:196,44
DA:199,174
DA:200,11
DA:201,11
DA:202,0
DA:204,11
DA:207,174
DA:208,11
DA:209,11
DA:210,0
DA:212,11
LF:61
LH:50
BRDA:15,0,0,11
BRDA:15,0,1,11
BRDA:16,1,0,11
BRDA:16,1,1,0
BRDA:19,2,0,0
BRDA:19,2,1,11
BRDA:24,3,0,0
BRDA:24,3,1,22
BRDA:54,4,0,11
BRDA:54,4,1,11
BRDA:55,5,0,11
BRDA:55,5,1,0
BRDA:58,6,0,0
BRDA:58,6,1,11
BRDA:66,7,0,0
BRDA:66,7,1,22
BRDA:96,8,0,0
BRDA:96,8,1,55
BRDA:139,9,0,0
BRDA:139,9,1,11
BRDA:147,10,0,0
BRDA:147,10,1,11
BRDA:185,11,0,0
BRDA:185,11,1,22
BRDA:188,12,0,22
BRDA:188,12,1,0
BRDA:188,13,0,22
BRDA:188,13,1,22
BRDA:189,14,0,0
BRDA:189,14,1,22
BRDA:201,15,0,0
BRDA:201,15,1,11
BRDA:209,16,0,0
BRDA:209,16,1,11
BRF:34
BRH:20
end_of_record
TN:
SF:src\outers\repositories\ProductRepository.ts
FN:9,(anonymous_8)
FN:13,(anonymous_9)
FN:13,(anonymous_10)
FN:26,(anonymous_11)
FN:26,(anonymous_12)
FN:56,(anonymous_13)
FN:56,(anonymous_14)
FN:64,(anonymous_15)
FN:64,(anonymous_16)
FN:68,(anonymous_17)
FN:68,(anonymous_18)
FN:76,(anonymous_19)
FN:76,(anonymous_20)
FNF:13
FNH:13
FNDA:87,(anonymous_8)
FNDA:22,(anonymous_9)
FNDA:22,(anonymous_10)
FNDA:11,(anonymous_11)
FNDA:11,(anonymous_12)
FNDA:11,(anonymous_13)
FNDA:11,(anonymous_14)
FNDA:11,(anonymous_15)
FNDA:11,(anonymous_16)
FNDA:11,(anonymous_17)
FNDA:11,(anonymous_18)
FNDA:11,(anonymous_19)
FNDA:11,(anonymous_20)
DA:3,87
DA:4,87
DA:6,87
DA:10,87
DA:13,87
DA:14,22
DA:15,11
DA:16,11
DA:19,22
DA:20,22
DA:21,0
DA:23,22
DA:26,87
DA:27,11
DA:50,11
DA:51,0
DA:53,11
DA:56,87
DA:57,11
DA:58,11
DA:59,0
DA:61,11
DA:64,87
DA:65,11
DA:68,87
DA:69,11
DA:70,11
DA:71,0
DA:73,11
DA:76,87
DA:77,11
DA:78,11
DA:79,0
DA:81,11
LF:34
LH:29
BRDA:14,0,0,11
BRDA:14,0,1,11
BRDA:15,1,0,11
BRDA:15,1,1,0
BRDA:20,2,0,0
BRDA:20,2,1,22
BRDA:50,3,0,0
BRDA:50,3,1,11
BRDA:58,4,0,0
BRDA:58,4,1,11
BRDA:70,5,0,0
BRDA:70,5,1,11
BRDA:78,6,0,0
BRDA:78,6,1,11
BRF:14
BRH:8
end_of_record
TN:
SF:src\outers\repositories\UserRepository.ts
FN:9,(anonymous_8)
FN:13,(anonymous_9)
FN:13,(anonymous_10)
FN:26,(anonymous_11)
FN:26,(anonymous_12)
FN:34,(anonymous_13)
FN:34,(anonymous_14)
FN:42,(anonymous_15)
FN:42,(anonymous_16)
FN:50,(anonymous_17)
FN:50,(anonymous_18)
FN:54,(anonymous_19)
FN:54,(anonymous_20)
FN:62,(anonymous_21)
FN:62,(anonymous_22)
FNF:15
FNH:15
FNDA:174,(anonymous_8)
FNDA:22,(anonymous_9)
FNDA:22,(anonymous_10)
FNDA:11,(anonymous_11)
FNDA:11,(anonymous_12)
FNDA:88,(anonymous_13)
FNDA:88,(anonymous_14)
FNDA:22,(anonymous_15)
FNDA:22,(anonymous_16)
FNDA:22,(anonymous_17)
FNDA:22,(anonymous_18)
FNDA:11,(anonymous_19)
FNDA:11,(anonymous_20)
FNDA:11,(anonymous_21)
FNDA:11,(anonymous_22)
DA:3,87
DA:4,87
DA:6,87
DA:10,174
DA:13,174
DA:14,22
DA:15,11
DA:16,11
DA:19,22
DA:20,22
DA:21,0
DA:23,22
DA:26,174
DA:27,11
DA:28,11
DA:29,0
DA:31,11
DA:34,174
DA:35,88
DA:36,88
DA:37,22
DA:39,66
DA:42,174
DA:43,22
DA:44,22
DA:45,11
DA:47,11
DA:50,174
DA:51,22
DA:54,174
DA:55,11
DA:56,11
DA:57,0
DA:59,11
DA:62,174
DA:63,11
DA:64,11
DA:65,0
DA:67,11
LF:39
LH:35
BRDA:14,0,0,11
BRDA:14,0,1,11
BRDA:15,1,0,11
BRDA:15,1,1,0
BRDA:20,2,0,0
BRDA:20,2,1,22
BRDA:28,3,0,0
BRDA:28,3,1,11
BRDA:36,4,0,22
BRDA:36,4,1,66
BRDA:44,5,0,11
BRDA:44,5,1,11
BRDA:56,6,0,0
BRDA:56,6,1,11
BRDA:64,7,0,0
BRDA:64,7,1,11
BRF:16
BRH:11
end_of_record
TN:
SF:src\outers\repositories\VideoCommentMapRepository.ts
FN:10,(anonymous_8)
FN:14,(anonymous_9)
FN:14,(anonymous_10)
FN:33,(anonymous_11)
FN:33,(anonymous_12)
FN:114,(anonymous_13)
FN:114,(anonymous_14)
FN:122,(anonymous_15)
FN:122,(anonymous_16)
FN:194,(anonymous_17)
FN:194,(anonymous_18)
FN:198,(anonymous_19)
FN:198,(anonymous_20)
FN:206,(anonymous_21)
FN:206,(anonymous_22)
FNF:15
FNH:15
FNDA:87,(anonymous_8)
FNDA:22,(anonymous_9)
FNDA:22,(anonymous_10)
FNDA:22,(anonymous_11)
FNDA:22,(anonymous_12)
FNDA:11,(anonymous_13)
FNDA:11,(anonymous_14)
FNDA:11,(anonymous_15)
FNDA:11,(anonymous_16)
FNDA:11,(anonymous_17)
FNDA:11,(anonymous_18)
FNDA:11,(anonymous_19)
FNDA:11,(anonymous_20)
FNDA:11,(anonymous_21)
FNDA:11,(anonymous_22)
DA:3,87
DA:5,87
DA:7,87
DA:11,87
DA:14,87
DA:15,22
DA:16,11
DA:17,11
DA:19,11
DA:20,0
DA:22,11
DA:23,0
DA:26,22
DA:27,22
DA:28,0
DA:30,22
DA:33,87
DA:34,22
DA:87,22
DA:88,11
DA:89,11
DA:91,11
DA:92,0
DA:94,11
DA:95,0
DA:97,11
DA:98,0
DA:100,11
DA:101,0
DA:103,11
DA:107,22
DA:108,22
DA:109,0
DA:111,22
DA:114,87
DA:115,11
DA:116,11
DA:117,0
DA:119,11
DA:122,87
DA:123,11
DA:184,11
DA:185,0
DA:187,11
DA:188,11
DA:189,0
DA:191,11
DA:194,87
DA:195,11
DA:198,87
DA:199,11
DA:200,11
DA:201,0
DA:203,11
DA:206,87
DA:207,11
DA:208,11
DA:209,0
DA:211,11
LF:59
LH:46
BRDA:15,0,0,11
BRDA:15,0,1,11
BRDA:16,1,0,11
BRDA:16,1,1,0
BRDA:19,2,0,0
BRDA:19,2,1,11
BRDA:22,3,0,0
BRDA:22,3,1,11
BRDA:27,4,0,0
BRDA:27,4,1,22
BRDA:87,5,0,11
BRDA:87,5,1,11
BRDA:88,6,0,11
BRDA:88,6,1,0
BRDA:91,7,0,0
BRDA:91,7,1,11
BRDA:94,8,0,0
BRDA:94,8,1,11
BRDA:97,9,0,0
BRDA:97,9,1,11
BRDA:97,10,0,11
BRDA:97,10,1,0
BRDA:97,11,0,11
BRDA:97,11,1,11
BRDA:100,12,0,0
BRDA:100,12,1,11
BRDA:100,13,0,11
BRDA:100,13,1,0
BRDA:100,14,0,11
BRDA:100,14,1,11
BRDA:108,15,0,0
BRDA:108,15,1,22
BRDA:116,16,0,0
BRDA:116,16,1,11
BRDA:184,17,0,0
BRDA:184,17,1,11
BRDA:188,18,0,0
BRDA:188,18,1,11
BRDA:200,19,0,0
BRDA:200,19,1,11
BRDA:208,20,0,0
BRDA:208,20,1,11
BRF:42
BRH:25
end_of_record
TN:
SF:src\outers\repositories\VideoProductMapRepository.ts
FN:10,(anonymous_8)
FN:14,(anonymous_9)
FN:14,(anonymous_10)
FN:33,(anonymous_11)
FN:33,(anonymous_12)
FN:93,(anonymous_13)
FN:93,(anonymous_14)
FN:101,(anonymous_15)
FN:101,(anonymous_16)
FN:152,(anonymous_17)
FN:152,(anonymous_18)
FN:156,(anonymous_19)
FN:156,(anonymous_20)
FN:164,(anonymous_21)
FN:164,(anonymous_22)
FNF:15
FNH:15
FNDA:87,(anonymous_8)
FNDA:20,(anonymous_9)
FNDA:20,(anonymous_10)
FNDA:20,(anonymous_11)
FNDA:20,(anonymous_12)
FNDA:10,(anonymous_13)
FNDA:10,(anonymous_14)
FNDA:10,(anonymous_15)
FNDA:10,(anonymous_16)
FNDA:10,(anonymous_17)
FNDA:10,(anonymous_18)
FNDA:10,(anonymous_19)
FNDA:10,(anonymous_20)
FNDA:10,(anonymous_21)
FNDA:10,(anonymous_22)
DA:3,87
DA:5,87
DA:7,87
DA:11,87
DA:14,87
DA:15,20
DA:16,10
DA:17,10
DA:19,10
DA:20,0
DA:22,10
DA:23,0
DA:26,20
DA:27,20
DA:28,0
DA:30,20
DA:33,87
DA:34,20
DA:69,20
DA:70,10
DA:71,10
DA:73,10
DA:74,0
DA:76,10
DA:77,0
DA:79,10
DA:80,0
DA:82,10
DA:86,20
DA:87,20
DA:88,0
DA:90,20
DA:93,87
DA:94,10
DA:95,10
DA:96,0
DA:98,10
DA:101,87
DA:102,10
DA:142,10
DA:143,0
DA:145,10
DA:146,10
DA:147,0
DA:149,10
DA:152,87
DA:153,10
DA:156,87
DA:157,10
DA:158,10
DA:159,0
DA:161,10
DA:164,87
DA:165,10
DA:166,10
DA:167,0
DA:169,10
LF:57
LH:45
BRDA:15,0,0,10
BRDA:15,0,1,10
BRDA:16,1,0,10
BRDA:16,1,1,0
BRDA:19,2,0,0
BRDA:19,2,1,10
BRDA:22,3,0,0
BRDA:22,3,1,10
BRDA:27,4,0,0
BRDA:27,4,1,20
BRDA:69,5,0,10
BRDA:69,5,1,10
BRDA:70,6,0,10
BRDA:70,6,1,0
BRDA:73,7,0,0
BRDA:73,7,1,10
BRDA:76,8,0,0
BRDA:76,8,1,10
BRDA:79,9,0,0
BRDA:79,9,1,10
BRDA:79,10,0,10
BRDA:79,10,1,0
BRDA:79,11,0,10
BRDA:79,11,1,10
BRDA:87,12,0,0
BRDA:87,12,1,20
BRDA:95,13,0,0
BRDA:95,13,1,10
BRDA:142,14,0,0
BRDA:142,14,1,10
BRDA:146,15,0,0
BRDA:146,15,1,10
BRDA:158,16,0,0
BRDA:158,16,1,10
BRDA:166,17,0,0
BRDA:166,17,1,10
BRF:36
BRH:21
end_of_record
TN:
SF:src\outers\repositories\VideoRepository.ts
FN:9,(anonymous_8)
FN:13,(anonymous_9)
FN:13,(anonymous_10)
FN:26,(anonymous_11)
FN:26,(anonymous_12)
FN:34,(anonymous_13)
FN:34,(anonymous_14)
FN:38,(anonymous_15)
FN:38,(anonymous_16)
FN:46,(anonymous_17)
FN:46,(anonymous_18)
FNF:11
FNH:11
FNDA:87,(anonymous_8)
FNDA:22,(anonymous_9)
FNDA:22,(anonymous_10)
FNDA:11,(anonymous_11)
FNDA:11,(anonymous_12)
FNDA:11,(anonymous_13)
FNDA:11,(anonymous_14)
FNDA:11,(anonymous_15)
FNDA:11,(anonymous_16)
FNDA:11,(anonymous_17)
FNDA:11,(anonymous_18)
DA:3,87
DA:4,87
DA:6,87
DA:10,87
DA:13,87
DA:14,22
DA:15,11
DA:16,11
DA:19,22
DA:20,22
DA:21,0
DA:23,22
DA:26,87
DA:27,11
DA:28,11
DA:29,0
DA:31,11
DA:34,87
DA:35,11
DA:38,87
DA:39,11
DA:40,11
DA:41,0
DA:43,11
DA:46,87
DA:47,11
DA:48,11
DA:49,0
DA:51,11
LF:29
LH:25
BRDA:14,0,0,11
BRDA:14,0,1,11
BRDA:15,1,0,11
BRDA:15,1,1,0
BRDA:20,2,0,0
BRDA:20,2,1,22
BRDA:28,3,0,0
BRDA:28,3,1,11
BRDA:40,4,0,0
BRDA:40,4,1,11
BRDA:48,5,0,0
BRDA:48,5,1,11
BRF:12
BRH:7
end_of_record
TN:
SF:src\outers\routes\RootRoute.ts
FN:32,(anonymous_8)
FN:38,(anonymous_9)
FN:38,(anonymous_10)
FN:86,(anonymous_11)
FN:86,(anonymous_12)
FNF:5
FNH:5
FNDA:87,(anonymous_8)
FNDA:87,(anonymous_9)
FNDA:87,(anonymous_10)
FNDA:87,(anonymous_11)
FNDA:87,(anonymous_12)
DA:1,87
DA:2,87
DA:4,87
DA:5,87
DA:6,87
DA:7,87
DA:8,87
DA:9,87
DA:10,87
DA:11,87
DA:12,87
DA:13,87
DA:14,87
DA:15,87
DA:16,87
DA:17,87
DA:18,87
DA:19,87
DA:20,87
DA:22,87
DA:23,87
DA:24,87
DA:25,87
DA:27,87
DA:33,87
DA:34,87
DA:35,87
DA:38,87
DA:39,87
DA:41,87
DA:42,87
DA:43,87
DA:44,87
DA:45,87
DA:47,87
DA:48,87
DA:49,87
DA:50,87
DA:51,87
DA:53,87
DA:54,87
DA:55,87
DA:56,87
DA:57,87
DA:59,87
DA:60,87
DA:61,87
DA:62,87
DA:63,87
DA:65,87
DA:66,87
DA:67,87
DA:68,87
DA:69,87
DA:71,87
DA:72,87
DA:73,87
DA:74,87
DA:75,87
DA:77,87
DA:78,87
DA:79,87
DA:80,87
DA:81,87
DA:83,87
DA:86,87
DA:87,87
DA:88,87
DA:89,87
DA:90,87
DA:91,87
DA:92,87
LF:72
LH:72
BRF:0
BRH:0
end_of_record
TN:
SF:src\outers\schemas\CommentSchema.ts
FNF:0
FNH:0
DA:1,87
DA:4,87
DA:19,87
LF:3
LH:3
BRF:0
BRH:0
end_of_record
TN:
SF:src\outers\schemas\ProductSchema.ts
FNF:0
FNH:0
DA:1,87
DA:4,87
DA:19,87
LF:3
LH:3
BRF:0
BRH:0
end_of_record
TN:
SF:src\outers\schemas\UserSchema.ts
FNF:0
FNH:0
DA:1,87
DA:4,87
DA:20,87
LF:3
LH:3
BRF:0
BRH:0
end_of_record
TN:
SF:src\outers\schemas\VideoCommentMapSchema.ts
FNF:0
FNH:0
DA:1,87
DA:4,87
DA:16,87
LF:3
LH:3
BRF:0
BRH:0
end_of_record
TN:
SF:src\outers\schemas\VideoProductMapSchema.ts
FNF:0
FNH:0
DA:1,87
DA:4,87
DA:16,87
LF:3
LH:3
BRF:0
BRH:0
end_of_record
TN:
SF:src\outers\schemas\VideoSchema.ts
FNF:0
FNH:0
DA:1,87
DA:4,87
DA:16,87
LF:3
LH:3
BRF:0
BRH:0
end_of_record
TN:
SF:src\outers\utilities\ObjectUtility.ts
FN:2,(anonymous_0)
FN:3,(anonymous_1)
FNF:2
FNH:0
FNDA:0,(anonymous_0)
FNDA:0,(anonymous_1)
DA:2,0
DA:3,0
DA:4,0
DA:5,0
DA:8,0
LF:5
LH:0
BRDA:5,0,0,0
BRDA:5,0,1,0
BRF:2
BRH:0
end_of_record
