TN:
SF:src\App.ts
FN:13,(anonymous_8)
FN:13,(anonymous_9)
FN:44,(anonymous_10)
FN:45,(anonymous_11)
FN:55,(anonymous_12)
FN:58,(anonymous_13)
FNF:6
FNH:5
FNDA:7,(anonymous_8)
FNDA:7,(anonymous_9)
FNDA:7,(anonymous_10)
FNDA:7,(anonymous_11)
FNDA:7,(anonymous_12)
FNDA:0,(anonymous_13)
DA:1,7
DA:2,7
DA:3,7
DA:4,7
DA:5,7
DA:6,7
DA:7,7
DA:13,7
DA:14,7
DA:15,7
DA:16,7
DA:18,7
DA:20,7
DA:22,7
DA:24,7
DA:25,7
DA:26,7
DA:28,0
DA:35,7
DA:36,7
DA:37,7
DA:39,7
DA:40,7
DA:41,0
DA:44,7
DA:45,7
DA:46,7
DA:50,7
DA:51,7
DA:54,7
DA:56,7
DA:59,0
LF:32
LH:29
BRDA:39,0,0,7
BRDA:39,0,1,0
BRDA:40,1,0,0
BRDA:40,1,1,7
BRDA:50,2,0,0
BRDA:50,2,1,7
BRDA:50,3,0,7
BRDA:50,3,1,7
BRF:8
BRH:5
end_of_record
TN:
SF:src\inners\models\aggregates\CommentAggregate.ts
FN:9,(anonymous_0)
FNF:1
FNH:1
FNDA:6,(anonymous_0)
DA:3,3
DA:15,6
DA:16,6
DA:17,6
DA:18,6
LF:5
LH:5
BRF:0
BRH:0
end_of_record
TN:
SF:src\inners\models\aggregates\VideoCommentMapAggregate.ts
FN:9,(anonymous_0)
FNF:1
FNH:1
FNDA:6,(anonymous_0)
DA:4,3
DA:14,6
DA:15,6
DA:16,6
LF:4
LH:4
BRF:0
BRH:0
end_of_record
TN:
SF:src\inners\models\aggregates\VideoProductMapAggregate.ts
FN:9,(anonymous_0)
FNF:1
FNH:1
FNDA:4,(anonymous_0)
DA:4,2
DA:14,4
DA:15,4
DA:16,4
LF:4
LH:4
BRF:0
BRH:0
end_of_record
TN:
SF:src\inners\models\entities\Comment.ts
FN:7,(anonymous_0)
FNF:1
FNH:1
FNDA:10,(anonymous_0)
DA:1,7
DA:13,10
DA:14,10
DA:15,10
DA:16,10
LF:5
LH:5
BRF:0
BRH:0
end_of_record
TN:
SF:src\inners\models\entities\Product.ts
FN:7,(anonymous_0)
FNF:1
FNH:1
FNDA:5,(anonymous_0)
DA:1,2
DA:13,5
DA:14,5
DA:15,5
DA:16,5
LF:5
LH:5
BRF:0
BRH:0
end_of_record
TN:
SF:src\inners\models\entities\User.ts
FN:6,(anonymous_0)
FNF:1
FNH:1
FNDA:9,(anonymous_0)
DA:1,4
DA:11,9
DA:12,9
DA:13,9
LF:4
LH:4
BRF:0
BRH:0
end_of_record
TN:
SF:src\inners\models\entities\Video.ts
FN:6,(anonymous_0)
FNF:1
FNH:1
FNDA:13,(anonymous_0)
DA:1,6
DA:11,13
DA:12,13
DA:13,13
LF:4
LH:4
BRF:0
BRH:0
end_of_record
TN:
SF:src\inners\models\entities\VideoCommentMap.ts
FN:6,(anonymous_0)
FNF:1
FNH:1
FNDA:7,(anonymous_0)
DA:1,3
DA:11,7
DA:12,7
DA:13,7
LF:4
LH:4
BRF:0
BRH:0
end_of_record
TN:
SF:src\inners\models\entities\VideoProductMap.ts
FN:6,(anonymous_0)
FNF:1
FNH:1
FNDA:5,(anonymous_0)
DA:1,2
DA:11,5
DA:12,5
DA:13,5
LF:4
LH:4
BRF:0
BRH:0
end_of_record
TN:
SF:src\inners\models\value_objects\Result.ts
FN:6,(anonymous_0)
FNF:1
FNH:1
FNDA:47,(anonymous_0)
DA:1,7
DA:11,47
DA:12,47
DA:13,47
LF:4
LH:4
BRF:0
BRH:0
end_of_record
TN:
SF:src\inners\models\value_objects\requests\comments\SubmitCommentRequest.ts
FN:6,(anonymous_0)
FNF:1
FNH:1
FNDA:5,(anonymous_0)
DA:1,7
DA:11,5
DA:12,5
DA:13,5
LF:4
LH:4
BRF:0
BRH:0
end_of_record
TN:
SF:src\inners\models\value_objects\requests\rooms\JoinRoomRequest.ts
FN:5,(anonymous_0)
FNF:1
FNH:1
FNDA:3,(anonymous_0)
DA:1,1
DA:9,3
DA:10,3
LF:3
LH:3
BRF:0
BRH:0
end_of_record
TN:
SF:src\inners\use_cases\managements\CommentManagement.ts
FN:13,(anonymous_8)
FN:18,(anonymous_9)
FN:18,(anonymous_10)
FN:32,(anonymous_11)
FN:32,(anonymous_12)
FN:46,(anonymous_13)
FN:46,(anonymous_14)
FN:60,(anonymous_15)
FN:60,(anonymous_16)
FN:69,(anonymous_17)
FN:69,(anonymous_18)
FN:78,(anonymous_19)
FN:78,(anonymous_20)
FN:87,(anonymous_21)
FN:87,(anonymous_22)
FNF:15
FNH:15
FNDA:14,(anonymous_8)
FNDA:2,(anonymous_9)
FNDA:2,(anonymous_10)
FNDA:6,(anonymous_11)
FNDA:6,(anonymous_12)
FNDA:2,(anonymous_13)
FNDA:2,(anonymous_14)
FNDA:2,(anonymous_15)
FNDA:2,(anonymous_16)
FNDA:1,(anonymous_17)
FNDA:1,(anonymous_18)
FNDA:1,(anonymous_19)
FNDA:1,(anonymous_20)
FNDA:2,(anonymous_21)
FNDA:2,(anonymous_22)
DA:2,7
DA:3,7
DA:9,7
DA:14,14
DA:15,14
DA:18,14
DA:20,2
DA:21,1
DA:23,1
DA:25,2
DA:32,14
DA:34,6
DA:35,1
DA:37,5
DA:39,6
DA:46,14
DA:48,2
DA:49,1
DA:51,1
DA:53,2
DA:60,14
DA:61,2
DA:62,2
DA:69,14
DA:70,1
DA:71,1
DA:78,14
DA:79,1
DA:80,1
DA:87,14
DA:88,2
DA:89,0
DA:91,2
DA:92,2
DA:97,2
DA:99,2
DA:100,1
DA:101,0
DA:103,1
DA:105,1
DA:107,2
LF:41
LH:39
BRDA:20,0,0,1
BRDA:20,0,1,1
BRDA:34,1,0,1
BRDA:34,1,1,5
BRDA:48,2,0,1
BRDA:48,2,1,1
BRDA:88,3,0,0
BRDA:88,3,1,2
BRDA:99,4,0,1
BRDA:99,4,1,1
BRDA:100,5,0,0
BRDA:100,5,1,1
BRF:12
BRH:10
end_of_record
TN:
SF:src\inners\use_cases\managements\ProductManagement.ts
FN:8,(anonymous_8)
FN:12,(anonymous_9)
FN:12,(anonymous_10)
FN:21,(anonymous_11)
FN:21,(anonymous_12)
FN:31,(anonymous_13)
FN:31,(anonymous_14)
FN:40,(anonymous_15)
FN:40,(anonymous_16)
FN:49,(anonymous_17)
FN:49,(anonymous_18)
FN:58,(anonymous_19)
FN:58,(anonymous_20)
FNF:13
FNH:13
FNDA:7,(anonymous_8)
FNDA:1,(anonymous_9)
FNDA:1,(anonymous_10)
FNDA:1,(anonymous_11)
FNDA:1,(anonymous_12)
FNDA:1,(anonymous_13)
FNDA:1,(anonymous_14)
FNDA:1,(anonymous_15)
FNDA:1,(anonymous_16)
FNDA:1,(anonymous_17)
FNDA:1,(anonymous_18)
FNDA:1,(anonymous_19)
FNDA:1,(anonymous_20)
DA:2,7
DA:5,7
DA:9,7
DA:12,7
DA:13,1
DA:14,1
DA:21,7
DA:22,1
DA:23,1
DA:31,7
DA:32,1
DA:33,1
DA:40,7
DA:41,1
DA:42,1
DA:49,7
DA:50,1
DA:51,1
DA:58,7
DA:59,1
DA:60,1
LF:21
LH:21
BRF:0
BRH:0
end_of_record
TN:
SF:src\inners\use_cases\managements\UserManagement.ts
FN:8,(anonymous_8)
FN:12,(anonymous_9)
FN:12,(anonymous_10)
FN:21,(anonymous_11)
FN:21,(anonymous_12)
FN:30,(anonymous_13)
FN:30,(anonymous_14)
FN:39,(anonymous_15)
FN:39,(anonymous_16)
FN:48,(anonymous_17)
FN:48,(anonymous_18)
FN:57,(anonymous_19)
FN:57,(anonymous_20)
FNF:13
FNH:13
FNDA:14,(anonymous_8)
FNDA:1,(anonymous_9)
FNDA:1,(anonymous_10)
FNDA:1,(anonymous_11)
FNDA:1,(anonymous_12)
FNDA:1,(anonymous_13)
FNDA:1,(anonymous_14)
FNDA:1,(anonymous_15)
FNDA:1,(anonymous_16)
FNDA:1,(anonymous_17)
FNDA:1,(anonymous_18)
FNDA:1,(anonymous_19)
FNDA:1,(anonymous_20)
DA:2,7
DA:5,7
DA:9,14
DA:12,14
DA:13,1
DA:14,1
DA:21,14
DA:22,1
DA:23,1
DA:30,14
DA:31,1
DA:32,1
DA:39,14
DA:40,1
DA:41,1
DA:48,14
DA:49,1
DA:50,1
DA:57,14
DA:58,1
DA:59,1
LF:21
LH:21
BRF:0
BRH:0
end_of_record
TN:
SF:src\inners\use_cases\managements\VideoCommentMapManagement.ts
FN:9,(anonymous_8)
FN:13,(anonymous_9)
FN:13,(anonymous_10)
FN:22,(anonymous_11)
FN:22,(anonymous_12)
FN:31,(anonymous_13)
FN:31,(anonymous_14)
FN:40,(anonymous_15)
FN:40,(anonymous_16)
FN:49,(anonymous_17)
FN:49,(anonymous_18)
FN:58,(anonymous_19)
FN:58,(anonymous_20)
FN:67,(anonymous_21)
FN:67,(anonymous_22)
FNF:15
FNH:15
FNDA:7,(anonymous_8)
FNDA:1,(anonymous_9)
FNDA:1,(anonymous_10)
FNDA:1,(anonymous_11)
FNDA:1,(anonymous_12)
FNDA:1,(anonymous_13)
FNDA:1,(anonymous_14)
FNDA:1,(anonymous_15)
FNDA:1,(anonymous_16)
FNDA:1,(anonymous_17)
FNDA:1,(anonymous_18)
FNDA:1,(anonymous_19)
FNDA:1,(anonymous_20)
FNDA:1,(anonymous_21)
FNDA:1,(anonymous_22)
DA:2,7
DA:6,7
DA:10,7
DA:13,7
DA:14,1
DA:15,1
DA:22,7
DA:23,1
DA:24,1
DA:31,7
DA:32,1
DA:33,1
DA:40,7
DA:41,1
DA:42,1
DA:49,7
DA:50,1
DA:51,1
DA:58,7
DA:59,1
DA:60,1
DA:67,7
DA:68,1
DA:69,1
LF:24
LH:24
BRF:0
BRH:0
end_of_record
TN:
SF:src\inners\use_cases\managements\VideoManagement.ts
FN:8,(anonymous_8)
FN:12,(anonymous_9)
FN:12,(anonymous_10)
FN:21,(anonymous_11)
FN:21,(anonymous_12)
FN:30,(anonymous_13)
FN:30,(anonymous_14)
FN:39,(anonymous_15)
FN:39,(anonymous_16)
FN:48,(anonymous_17)
FN:48,(anonymous_18)
FNF:11
FNH:11
FNDA:7,(anonymous_8)
FNDA:1,(anonymous_9)
FNDA:1,(anonymous_10)
FNDA:1,(anonymous_11)
FNDA:1,(anonymous_12)
FNDA:1,(anonymous_13)
FNDA:1,(anonymous_14)
FNDA:1,(anonymous_15)
FNDA:1,(anonymous_16)
FNDA:1,(anonymous_17)
FNDA:1,(anonymous_18)
DA:2,7
DA:5,7
DA:9,7
DA:12,7
DA:13,1
DA:14,1
DA:21,7
DA:22,1
DA:23,1
DA:30,7
DA:31,1
DA:32,1
DA:39,7
DA:40,1
DA:41,1
DA:48,7
DA:49,1
DA:50,1
LF:18
LH:18
BRF:0
BRH:0
end_of_record
TN:
SF:src\inners\use_cases\managements\VideoProductMapManagement.ts
FN:9,(anonymous_8)
FN:13,(anonymous_9)
FN:13,(anonymous_10)
FN:22,(anonymous_11)
FN:22,(anonymous_12)
FN:31,(anonymous_13)
FN:31,(anonymous_14)
FN:40,(anonymous_15)
FN:40,(anonymous_16)
FN:49,(anonymous_17)
FN:49,(anonymous_18)
FN:58,(anonymous_19)
FN:58,(anonymous_20)
FN:67,(anonymous_21)
FN:67,(anonymous_22)
FNF:15
FNH:15
FNDA:7,(anonymous_8)
FNDA:1,(anonymous_9)
FNDA:1,(anonymous_10)
FNDA:1,(anonymous_11)
FNDA:1,(anonymous_12)
FNDA:1,(anonymous_13)
FNDA:1,(anonymous_14)
FNDA:1,(anonymous_15)
FNDA:1,(anonymous_16)
FNDA:1,(anonymous_17)
FNDA:1,(anonymous_18)
FNDA:1,(anonymous_19)
FNDA:1,(anonymous_20)
FNDA:1,(anonymous_21)
FNDA:1,(anonymous_22)
DA:2,7
DA:6,7
DA:10,7
DA:13,7
DA:14,1
DA:15,1
DA:22,7
DA:23,1
DA:24,1
DA:31,7
DA:32,1
DA:33,1
DA:40,7
DA:41,1
DA:42,1
DA:49,7
DA:50,1
DA:51,1
DA:58,7
DA:59,1
DA:60,1
DA:67,7
DA:68,1
DA:69,1
LF:24
LH:24
BRF:0
BRH:0
end_of_record
TN:
SF:src\outers\configurations\DotenvConfiguration.ts
FNF:0
FNH:0
DA:1,7
DA:3,7
DA:9,7
LF:3
LH:3
BRF:0
BRH:0
end_of_record
TN:
SF:src\outers\controllers\rests\CommentControllerRest.ts
FN:13,(anonymous_1)
FN:18,(anonymous_2)
FN:28,(anonymous_3)
FN:32,(anonymous_4)
FN:35,(anonymous_5)
FN:44,(anonymous_6)
FN:49,(anonymous_7)
FN:52,(anonymous_8)
FN:61,(anonymous_9)
FN:66,(anonymous_10)
FN:69,(anonymous_11)
FN:78,(anonymous_12)
FN:81,(anonymous_13)
FN:84,(anonymous_14)
FN:93,(anonymous_15)
FN:99,(anonymous_16)
FN:102,(anonymous_17)
FN:111,(anonymous_18)
FN:115,(anonymous_19)
FN:118,(anonymous_20)
FN:127,(anonymous_21)
FN:131,(anonymous_22)
FN:134,(anonymous_23)
FNF:23
FNH:16
FNDA:7,(anonymous_1)
FNDA:7,(anonymous_2)
FNDA:2,(anonymous_3)
FNDA:2,(anonymous_4)
FNDA:0,(anonymous_5)
FNDA:2,(anonymous_6)
FNDA:2,(anonymous_7)
FNDA:0,(anonymous_8)
FNDA:2,(anonymous_9)
FNDA:2,(anonymous_10)
FNDA:0,(anonymous_11)
FNDA:1,(anonymous_12)
FNDA:1,(anonymous_13)
FNDA:0,(anonymous_14)
FNDA:2,(anonymous_15)
FNDA:2,(anonymous_16)
FNDA:0,(anonymous_17)
FNDA:1,(anonymous_18)
FNDA:1,(anonymous_19)
FNDA:0,(anonymous_20)
FNDA:1,(anonymous_21)
FNDA:1,(anonymous_22)
FNDA:0,(anonymous_23)
DA:7,7
DA:9,7
DA:14,7
DA:15,7
DA:18,7
DA:19,7
DA:20,7
DA:21,7
DA:22,7
DA:23,7
DA:24,7
DA:25,7
DA:28,7
DA:29,2
DA:30,2
DA:33,2
DA:36,0
DA:44,7
DA:45,2
DA:46,2
DA:47,2
DA:50,2
DA:53,0
DA:61,7
DA:62,2
DA:63,2
DA:64,2
DA:67,2
DA:70,0
DA:78,7
DA:79,1
DA:82,1
DA:85,0
DA:93,7
DA:94,2
DA:95,2
DA:96,2
DA:97,2
DA:100,2
DA:103,0
DA:111,7
DA:112,1
DA:113,1
DA:116,1
DA:119,0
DA:127,7
DA:128,1
DA:129,1
DA:132,1
DA:135,0
LF:50
LH:43
BRF:0
BRH:0
end_of_record
TN:
SF:src\outers\controllers\rests\ProductControllerRest.ts
FN:11,(anonymous_0)
FN:16,(anonymous_1)
FN:25,(anonymous_2)
FN:28,(anonymous_3)
FN:31,(anonymous_4)
FN:40,(anonymous_5)
FN:44,(anonymous_6)
FN:47,(anonymous_7)
FN:56,(anonymous_8)
FN:60,(anonymous_9)
FN:63,(anonymous_10)
FN:72,(anonymous_11)
FN:75,(anonymous_12)
FN:78,(anonymous_13)
FN:87,(anonymous_14)
FN:91,(anonymous_15)
FN:94,(anonymous_16)
FN:103,(anonymous_17)
FN:107,(anonymous_18)
FN:110,(anonymous_19)
FNF:20
FNH:14
FNDA:7,(anonymous_0)
FNDA:7,(anonymous_1)
FNDA:1,(anonymous_2)
FNDA:1,(anonymous_3)
FNDA:0,(anonymous_4)
FNDA:1,(anonymous_5)
FNDA:1,(anonymous_6)
FNDA:0,(anonymous_7)
FNDA:1,(anonymous_8)
FNDA:1,(anonymous_9)
FNDA:0,(anonymous_10)
FNDA:1,(anonymous_11)
FNDA:1,(anonymous_12)
FNDA:0,(anonymous_13)
FNDA:1,(anonymous_14)
FNDA:1,(anonymous_15)
FNDA:0,(anonymous_16)
FNDA:1,(anonymous_17)
FNDA:1,(anonymous_18)
FNDA:0,(anonymous_19)
DA:7,7
DA:12,7
DA:13,7
DA:16,7
DA:17,7
DA:18,7
DA:19,7
DA:20,7
DA:21,7
DA:22,7
DA:25,7
DA:26,1
DA:29,1
DA:32,0
DA:40,7
DA:41,1
DA:42,1
DA:45,1
DA:48,0
DA:56,7
DA:57,1
DA:58,1
DA:61,1
DA:64,0
DA:72,7
DA:73,1
DA:76,1
DA:79,0
DA:87,7
DA:88,1
DA:89,1
DA:92,1
DA:95,0
DA:103,7
DA:104,1
DA:105,1
DA:108,1
DA:111,0
LF:38
LH:32
BRF:0
BRH:0
end_of_record
TN:
SF:src\outers\controllers\rests\UserControllerRest.ts
FN:11,(anonymous_0)
FN:16,(anonymous_1)
FN:24,(anonymous_2)
FN:27,(anonymous_3)
FN:30,(anonymous_4)
FN:39,(anonymous_5)
FN:43,(anonymous_6)
FN:46,(anonymous_7)
FN:55,(anonymous_8)
FN:58,(anonymous_9)
FN:61,(anonymous_10)
FN:70,(anonymous_11)
FN:74,(anonymous_12)
FN:77,(anonymous_13)
FN:86,(anonymous_14)
FN:90,(anonymous_15)
FN:93,(anonymous_16)
FNF:17
FNH:12
FNDA:7,(anonymous_0)
FNDA:7,(anonymous_1)
FNDA:1,(anonymous_2)
FNDA:1,(anonymous_3)
FNDA:0,(anonymous_4)
FNDA:1,(anonymous_5)
FNDA:1,(anonymous_6)
FNDA:0,(anonymous_7)
FNDA:1,(anonymous_8)
FNDA:1,(anonymous_9)
FNDA:0,(anonymous_10)
FNDA:1,(anonymous_11)
FNDA:1,(anonymous_12)
FNDA:0,(anonymous_13)
FNDA:1,(anonymous_14)
FNDA:1,(anonymous_15)
FNDA:0,(anonymous_16)
DA:7,7
DA:12,7
DA:13,7
DA:16,7
DA:17,7
DA:18,7
DA:19,7
DA:20,7
DA:21,7
DA:24,7
DA:25,1
DA:28,1
DA:31,0
DA:39,7
DA:40,1
DA:41,1
DA:44,1
DA:47,0
DA:55,7
DA:56,1
DA:59,1
DA:62,0
DA:70,7
DA:71,1
DA:72,1
DA:75,1
DA:78,0
DA:86,7
DA:87,1
DA:88,1
DA:91,1
DA:94,0
LF:32
LH:27
BRF:0
BRH:0
end_of_record
TN:
SF:src\outers\controllers\rests\VideoCommentControllerRest.ts
FN:12,(anonymous_0)
FN:17,(anonymous_1)
FN:27,(anonymous_2)
FN:30,(anonymous_3)
FN:33,(anonymous_4)
FN:42,(anonymous_5)
FN:45,(anonymous_6)
FN:48,(anonymous_7)
FN:57,(anonymous_8)
FN:61,(anonymous_9)
FN:64,(anonymous_10)
FN:73,(anonymous_11)
FN:77,(anonymous_12)
FN:80,(anonymous_13)
FN:89,(anonymous_14)
FN:92,(anonymous_15)
FN:95,(anonymous_16)
FN:104,(anonymous_17)
FN:108,(anonymous_18)
FN:111,(anonymous_19)
FN:120,(anonymous_20)
FN:124,(anonymous_21)
FN:127,(anonymous_22)
FNF:23
FNH:16
FNDA:7,(anonymous_0)
FNDA:7,(anonymous_1)
FNDA:1,(anonymous_2)
FNDA:1,(anonymous_3)
FNDA:0,(anonymous_4)
FNDA:1,(anonymous_5)
FNDA:1,(anonymous_6)
FNDA:0,(anonymous_7)
FNDA:1,(anonymous_8)
FNDA:1,(anonymous_9)
FNDA:0,(anonymous_10)
FNDA:1,(anonymous_11)
FNDA:1,(anonymous_12)
FNDA:0,(anonymous_13)
FNDA:1,(anonymous_14)
FNDA:1,(anonymous_15)
FNDA:0,(anonymous_16)
FNDA:1,(anonymous_17)
FNDA:1,(anonymous_18)
FNDA:0,(anonymous_19)
FNDA:1,(anonymous_20)
FNDA:1,(anonymous_21)
FNDA:0,(anonymous_22)
DA:8,7
DA:13,7
DA:14,7
DA:17,7
DA:18,7
DA:19,7
DA:20,7
DA:21,7
DA:22,7
DA:23,7
DA:24,7
DA:27,7
DA:28,1
DA:31,1
DA:34,0
DA:42,7
DA:43,1
DA:46,1
DA:49,0
DA:57,7
DA:58,1
DA:59,1
DA:62,1
DA:65,0
DA:73,7
DA:74,1
DA:75,1
DA:78,1
DA:81,0
DA:89,7
DA:90,1
DA:93,1
DA:96,0
DA:104,7
DA:105,1
DA:106,1
DA:109,1
DA:112,0
DA:120,7
DA:121,1
DA:122,1
DA:125,1
DA:128,0
LF:43
LH:36
BRF:0
BRH:0
end_of_record
TN:
SF:src\outers\controllers\rests\VideoControllerRest.ts
FN:11,(anonymous_0)
FN:16,(anonymous_1)
FN:24,(anonymous_2)
FN:27,(anonymous_3)
FN:30,(anonymous_4)
FN:39,(anonymous_5)
FN:43,(anonymous_6)
FN:46,(anonymous_7)
FN:55,(anonymous_8)
FN:58,(anonymous_9)
FN:61,(anonymous_10)
FN:70,(anonymous_11)
FN:74,(anonymous_12)
FN:77,(anonymous_13)
FN:86,(anonymous_14)
FN:90,(anonymous_15)
FN:93,(anonymous_16)
FNF:17
FNH:12
FNDA:7,(anonymous_0)
FNDA:7,(anonymous_1)
FNDA:1,(anonymous_2)
FNDA:1,(anonymous_3)
FNDA:0,(anonymous_4)
FNDA:1,(anonymous_5)
FNDA:1,(anonymous_6)
FNDA:0,(anonymous_7)
FNDA:1,(anonymous_8)
FNDA:1,(anonymous_9)
FNDA:0,(anonymous_10)
FNDA:1,(anonymous_11)
FNDA:1,(anonymous_12)
FNDA:0,(anonymous_13)
FNDA:1,(anonymous_14)
FNDA:1,(anonymous_15)
FNDA:0,(anonymous_16)
DA:7,7
DA:12,7
DA:13,7
DA:16,7
DA:17,7
DA:18,7
DA:19,7
DA:20,7
DA:21,7
DA:24,7
DA:25,1
DA:28,1
DA:31,0
DA:39,7
DA:40,1
DA:41,1
DA:44,1
DA:47,0
DA:55,7
DA:56,1
DA:59,1
DA:62,0
DA:70,7
DA:71,1
DA:72,1
DA:75,1
DA:78,0
DA:86,7
DA:87,1
DA:88,1
DA:91,1
DA:94,0
LF:32
LH:27
BRF:0
BRH:0
end_of_record
TN:
SF:src\outers\controllers\rests\VideoProductMapControllerRest.ts
FN:12,(anonymous_0)
FN:17,(anonymous_1)
FN:27,(anonymous_2)
FN:30,(anonymous_3)
FN:33,(anonymous_4)
FN:42,(anonymous_5)
FN:45,(anonymous_6)
FN:48,(anonymous_7)
FN:57,(anonymous_8)
FN:61,(anonymous_9)
FN:64,(anonymous_10)
FN:73,(anonymous_11)
FN:77,(anonymous_12)
FN:80,(anonymous_13)
FN:89,(anonymous_14)
FN:92,(anonymous_15)
FN:95,(anonymous_16)
FN:104,(anonymous_17)
FN:108,(anonymous_18)
FN:111,(anonymous_19)
FN:120,(anonymous_20)
FN:124,(anonymous_21)
FN:127,(anonymous_22)
FNF:23
FNH:16
FNDA:7,(anonymous_0)
FNDA:7,(anonymous_1)
FNDA:1,(anonymous_2)
FNDA:1,(anonymous_3)
FNDA:0,(anonymous_4)
FNDA:1,(anonymous_5)
FNDA:1,(anonymous_6)
FNDA:0,(anonymous_7)
FNDA:1,(anonymous_8)
FNDA:1,(anonymous_9)
FNDA:0,(anonymous_10)
FNDA:1,(anonymous_11)
FNDA:1,(anonymous_12)
FNDA:0,(anonymous_13)
FNDA:1,(anonymous_14)
FNDA:1,(anonymous_15)
FNDA:0,(anonymous_16)
FNDA:1,(anonymous_17)
FNDA:1,(anonymous_18)
FNDA:0,(anonymous_19)
FNDA:1,(anonymous_20)
FNDA:1,(anonymous_21)
FNDA:0,(anonymous_22)
DA:8,7
DA:13,7
DA:14,7
DA:17,7
DA:18,7
DA:19,7
DA:20,7
DA:21,7
DA:22,7
DA:23,7
DA:24,7
DA:27,7
DA:28,1
DA:31,1
DA:34,0
DA:42,7
DA:43,1
DA:46,1
DA:49,0
DA:57,7
DA:58,1
DA:59,1
DA:62,1
DA:65,0
DA:73,7
DA:74,1
DA:75,1
DA:78,1
DA:81,0
DA:89,7
DA:90,1
DA:93,1
DA:96,0
DA:104,7
DA:105,1
DA:106,1
DA:109,1
DA:112,0
DA:120,7
DA:121,1
DA:122,1
DA:125,1
DA:128,0
LF:43
LH:36
BRF:0
BRH:0
end_of_record
TN:
SF:src\outers\controllers\web_sockets\RoomControllerWebSocket.ts
FN:15,(anonymous_8)
FN:25,(anonymous_9)
FN:26,(anonymous_10)
FN:33,(anonymous_11)
FN:33,(anonymous_12)
FN:33,(anonymous_13)
FN:42,(anonymous_14)
FN:42,(anonymous_15)
FN:42,(anonymous_16)
FN:47,(anonymous_17)
FN:47,(anonymous_18)
FN:47,(anonymous_19)
FNF:12
FNH:12
FNDA:7,(anonymous_8)
FNDA:7,(anonymous_9)
FNDA:6,(anonymous_10)
FNDA:6,(anonymous_11)
FNDA:4,(anonymous_12)
FNDA:4,(anonymous_13)
FNDA:6,(anonymous_14)
FNDA:1,(anonymous_15)
FNDA:1,(anonymous_16)
FNDA:6,(anonymous_17)
FNDA:1,(anonymous_18)
FNDA:1,(anonymous_19)
DA:6,7
DA:10,7
DA:20,7
DA:21,7
DA:22,7
DA:25,7
DA:26,7
DA:27,6
DA:28,6
DA:29,6
DA:33,7
DA:34,4
DA:35,0
DA:37,4
DA:38,4
DA:39,4
DA:42,7
DA:43,1
DA:44,1
DA:47,7
DA:48,1
DA:49,0
DA:51,1
DA:52,0
DA:54,1
DA:55,1
DA:60,1
DA:61,1
LF:28
LH:25
BRDA:34,0,0,0
BRDA:34,0,1,4
BRDA:48,1,0,0
BRDA:48,1,1,1
BRDA:51,2,0,0
BRDA:51,2,1,1
BRF:6
BRH:3
end_of_record
TN:
SF:src\outers\datastores\OneDatastore.ts
FN:4,(anonymous_14)
FN:7,(anonymous_15)
FN:7,(anonymous_16)
FN:44,(anonymous_17)
FN:44,(anonymous_18)
FNF:5
FNH:5
FNDA:14,(anonymous_14)
FNDA:51,(anonymous_15)
FNDA:51,(anonymous_16)
FNDA:44,(anonymous_17)
FNDA:44,(anonymous_18)
DA:1,7
DA:2,7
DA:4,7
DA:7,51
DA:8,51
DA:9,51
DA:10,0
DA:13,51
DA:14,51
DA:15,0
DA:18,51
DA:19,51
DA:20,0
DA:23,51
DA:24,51
DA:25,0
DA:28,51
DA:29,51
DA:30,0
DA:33,51
DA:35,51
DA:41,51
DA:44,44
DA:45,44
LF:24
LH:19
BRDA:9,0,0,0
BRDA:9,0,1,51
BRDA:14,1,0,0
BRDA:14,1,1,51
BRDA:19,2,0,0
BRDA:19,2,1,51
BRDA:24,3,0,0
BRDA:24,3,1,51
BRDA:29,4,0,0
BRDA:29,4,1,51
BRF:10
BRH:5
end_of_record
TN:
SF:src\outers\middlewares\CaseExpressMiddleware.ts
FN:6,(anonymous_1)
FN:7,(anonymous_2)
FN:9,(anonymous_3)
FN:19,(anonymous_4)
FNF:4
FNH:4
FNDA:7,(anonymous_1)
FNDA:41,(anonymous_2)
FNDA:41,(anonymous_3)
FNDA:41,(anonymous_4)
DA:2,7
DA:6,7
DA:7,7
DA:8,41
DA:9,41
DA:10,41
DA:11,41
DA:12,41
DA:13,41
DA:14,41
DA:16,41
DA:19,7
DA:20,41
DA:21,41
DA:22,41
DA:23,41
DA:26,7
DA:29,7
LF:18
LH:18
BRF:0
BRH:0
end_of_record
TN:
SF:src\outers\migrations\OneMigration.ts
FN:8,(anonymous_0)
FN:12,(anonymous_1)
FN:22,(anonymous_2)
FNF:3
FNH:0
FNDA:0,(anonymous_0)
FNDA:0,(anonymous_1)
FNDA:0,(anonymous_2)
DA:9,0
DA:12,0
DA:13,0
DA:17,0
DA:19,0
DA:22,0
DA:23,0
DA:25,0
LF:8
LH:0
BRF:0
BRH:0
end_of_record
TN:
SF:src\outers\repositories\CommentRepository.ts
FN:10,(anonymous_8)
FN:14,(anonymous_9)
FN:14,(anonymous_10)
FN:22,(anonymous_11)
FN:22,(anonymous_12)
FN:52,(anonymous_13)
FN:52,(anonymous_14)
FN:82,(anonymous_15)
FN:82,(anonymous_16)
FN:125,(anonymous_17)
FN:125,(anonymous_18)
FN:133,(anonymous_19)
FN:133,(anonymous_20)
FN:175,(anonymous_21)
FN:175,(anonymous_22)
FN:179,(anonymous_23)
FN:179,(anonymous_24)
FN:187,(anonymous_25)
FN:187,(anonymous_26)
FNF:19
FNH:19
FNDA:14,(anonymous_8)
FNDA:1,(anonymous_9)
FNDA:1,(anonymous_10)
FNDA:1,(anonymous_11)
FNDA:1,(anonymous_12)
FNDA:5,(anonymous_13)
FNDA:5,(anonymous_14)
FNDA:1,(anonymous_15)
FNDA:1,(anonymous_16)
FNDA:1,(anonymous_17)
FNDA:1,(anonymous_18)
FNDA:2,(anonymous_19)
FNDA:2,(anonymous_20)
FNDA:4,(anonymous_21)
FNDA:4,(anonymous_22)
FNDA:1,(anonymous_23)
FNDA:1,(anonymous_24)
FNDA:1,(anonymous_25)
FNDA:1,(anonymous_26)
DA:3,7
DA:5,7
DA:7,7
DA:11,14
DA:14,14
DA:15,1
DA:16,1
DA:17,0
DA:19,1
DA:22,14
DA:23,1
DA:46,1
DA:47,0
DA:49,1
DA:52,14
DA:53,5
DA:76,5
DA:77,0
DA:79,5
DA:82,14
DA:83,1
DA:119,1
DA:120,0
DA:122,1
DA:125,14
DA:126,1
DA:127,1
DA:128,0
DA:130,1
DA:133,14
DA:134,2
DA:165,2
DA:166,0
DA:168,2
DA:169,2
DA:170,0
DA:172,2
DA:175,14
DA:176,4
DA:179,14
DA:180,1
DA:181,1
DA:182,0
DA:184,1
DA:187,14
DA:188,1
DA:189,1
DA:190,0
DA:192,1
LF:49
LH:40
BRDA:16,0,0,0
BRDA:16,0,1,1
BRDA:46,1,0,0
BRDA:46,1,1,1
BRDA:76,2,0,0
BRDA:76,2,1,5
BRDA:119,3,0,0
BRDA:119,3,1,1
BRDA:127,4,0,0
BRDA:127,4,1,1
BRDA:165,5,0,0
BRDA:165,5,1,2
BRDA:168,6,0,2
BRDA:168,6,1,0
BRDA:168,7,0,2
BRDA:168,7,1,2
BRDA:169,8,0,0
BRDA:169,8,1,2
BRDA:181,9,0,0
BRDA:181,9,1,1
BRDA:189,10,0,0
BRDA:189,10,1,1
BRF:22
BRH:12
end_of_record
TN:
SF:src\outers\repositories\ProductRepository.ts
FN:9,(anonymous_8)
FN:13,(anonymous_9)
FN:13,(anonymous_10)
FN:21,(anonymous_11)
FN:21,(anonymous_12)
FN:51,(anonymous_13)
FN:51,(anonymous_14)
FN:59,(anonymous_15)
FN:59,(anonymous_16)
FN:63,(anonymous_17)
FN:63,(anonymous_18)
FN:71,(anonymous_19)
FN:71,(anonymous_20)
FNF:13
FNH:13
FNDA:7,(anonymous_8)
FNDA:1,(anonymous_9)
FNDA:1,(anonymous_10)
FNDA:1,(anonymous_11)
FNDA:1,(anonymous_12)
FNDA:1,(anonymous_13)
FNDA:1,(anonymous_14)
FNDA:1,(anonymous_15)
FNDA:1,(anonymous_16)
FNDA:1,(anonymous_17)
FNDA:1,(anonymous_18)
FNDA:1,(anonymous_19)
FNDA:1,(anonymous_20)
DA:3,7
DA:4,7
DA:6,7
DA:10,7
DA:13,7
DA:14,1
DA:15,1
DA:16,0
DA:18,1
DA:21,7
DA:22,1
DA:45,1
DA:46,0
DA:48,1
DA:51,7
DA:52,1
DA:53,1
DA:54,0
DA:56,1
DA:59,7
DA:60,1
DA:63,7
DA:64,1
DA:65,1
DA:66,0
DA:68,1
DA:71,7
DA:72,1
DA:73,1
DA:74,0
DA:76,1
LF:31
LH:26
BRDA:15,0,0,0
BRDA:15,0,1,1
BRDA:45,1,0,0
BRDA:45,1,1,1
BRDA:53,2,0,0
BRDA:53,2,1,1
BRDA:65,3,0,0
BRDA:65,3,1,1
BRDA:73,4,0,0
BRDA:73,4,1,1
BRF:10
BRH:5
end_of_record
TN:
SF:src\outers\repositories\UserRepository.ts
FN:9,(anonymous_8)
FN:13,(anonymous_9)
FN:13,(anonymous_10)
FN:21,(anonymous_11)
FN:21,(anonymous_12)
FN:29,(anonymous_13)
FN:29,(anonymous_14)
FN:37,(anonymous_15)
FN:37,(anonymous_16)
FN:41,(anonymous_17)
FN:41,(anonymous_18)
FN:49,(anonymous_19)
FN:49,(anonymous_20)
FNF:13
FNH:13
FNDA:14,(anonymous_8)
FNDA:1,(anonymous_9)
FNDA:1,(anonymous_10)
FNDA:1,(anonymous_11)
FNDA:1,(anonymous_12)
FNDA:3,(anonymous_13)
FNDA:3,(anonymous_14)
FNDA:1,(anonymous_15)
FNDA:1,(anonymous_16)
FNDA:1,(anonymous_17)
FNDA:1,(anonymous_18)
FNDA:1,(anonymous_19)
FNDA:1,(anonymous_20)
DA:3,7
DA:4,7
DA:6,7
DA:10,14
DA:13,14
DA:14,1
DA:15,1
DA:16,0
DA:18,1
DA:21,14
DA:22,1
DA:23,1
DA:24,0
DA:26,1
DA:29,14
DA:30,3
DA:31,3
DA:32,0
DA:34,3
DA:37,14
DA:38,1
DA:41,14
DA:42,1
DA:43,1
DA:44,0
DA:46,1
DA:49,14
DA:50,1
DA:51,1
DA:52,0
DA:54,1
LF:31
LH:26
BRDA:15,0,0,0
BRDA:15,0,1,1
BRDA:23,1,0,0
BRDA:23,1,1,1
BRDA:31,2,0,0
BRDA:31,2,1,3
BRDA:43,3,0,0
BRDA:43,3,1,1
BRDA:51,4,0,0
BRDA:51,4,1,1
BRF:10
BRH:5
end_of_record
TN:
SF:src\outers\repositories\VideoCommentMapRepository.ts
FN:10,(anonymous_8)
FN:14,(anonymous_9)
FN:14,(anonymous_10)
FN:22,(anonymous_11)
FN:22,(anonymous_12)
FN:64,(anonymous_13)
FN:64,(anonymous_14)
FN:72,(anonymous_15)
FN:72,(anonymous_16)
FN:126,(anonymous_17)
FN:126,(anonymous_18)
FN:130,(anonymous_19)
FN:130,(anonymous_20)
FN:138,(anonymous_21)
FN:138,(anonymous_22)
FNF:15
FNH:15
FNDA:7,(anonymous_8)
FNDA:1,(anonymous_9)
FNDA:1,(anonymous_10)
FNDA:1,(anonymous_11)
FNDA:1,(anonymous_12)
FNDA:1,(anonymous_13)
FNDA:1,(anonymous_14)
FNDA:1,(anonymous_15)
FNDA:1,(anonymous_16)
FNDA:1,(anonymous_17)
FNDA:1,(anonymous_18)
FNDA:1,(anonymous_19)
FNDA:1,(anonymous_20)
FNDA:1,(anonymous_21)
FNDA:1,(anonymous_22)
DA:3,7
DA:5,7
DA:7,7
DA:11,7
DA:14,7
DA:15,1
DA:16,1
DA:17,0
DA:19,1
DA:22,7
DA:23,1
DA:58,1
DA:59,0
DA:61,1
DA:64,7
DA:65,1
DA:66,1
DA:67,0
DA:69,1
DA:72,7
DA:73,1
DA:116,1
DA:117,0
DA:119,1
DA:120,1
DA:121,0
DA:123,1
DA:126,7
DA:127,1
DA:130,7
DA:131,1
DA:132,1
DA:133,0
DA:135,1
DA:138,7
DA:139,1
DA:140,1
DA:141,0
DA:143,1
LF:39
LH:32
BRDA:16,0,0,0
BRDA:16,0,1,1
BRDA:58,1,0,0
BRDA:58,1,1,1
BRDA:66,2,0,0
BRDA:66,2,1,1
BRDA:116,3,0,0
BRDA:116,3,1,1
BRDA:120,4,0,0
BRDA:120,4,1,1
BRDA:132,5,0,0
BRDA:132,5,1,1
BRDA:140,6,0,0
BRDA:140,6,1,1
BRF:14
BRH:7
end_of_record
TN:
SF:src\outers\repositories\VideoProductMapRepository.ts
FN:10,(anonymous_8)
FN:14,(anonymous_9)
FN:14,(anonymous_10)
FN:22,(anonymous_11)
FN:22,(anonymous_12)
FN:64,(anonymous_13)
FN:64,(anonymous_14)
FN:72,(anonymous_15)
FN:72,(anonymous_16)
FN:123,(anonymous_17)
FN:123,(anonymous_18)
FN:127,(anonymous_19)
FN:127,(anonymous_20)
FN:135,(anonymous_21)
FN:135,(anonymous_22)
FNF:15
FNH:15
FNDA:7,(anonymous_8)
FNDA:1,(anonymous_9)
FNDA:1,(anonymous_10)
FNDA:1,(anonymous_11)
FNDA:1,(anonymous_12)
FNDA:1,(anonymous_13)
FNDA:1,(anonymous_14)
FNDA:1,(anonymous_15)
FNDA:1,(anonymous_16)
FNDA:1,(anonymous_17)
FNDA:1,(anonymous_18)
FNDA:1,(anonymous_19)
FNDA:1,(anonymous_20)
FNDA:1,(anonymous_21)
FNDA:1,(anonymous_22)
DA:3,7
DA:5,7
DA:7,7
DA:11,7
DA:14,7
DA:15,1
DA:16,1
DA:17,0
DA:19,1
DA:22,7
DA:23,1
DA:58,1
DA:59,0
DA:61,1
DA:64,7
DA:65,1
DA:66,1
DA:67,0
DA:69,1
DA:72,7
DA:73,1
DA:113,1
DA:114,0
DA:116,1
DA:117,1
DA:118,0
DA:120,1
DA:123,7
DA:124,1
DA:127,7
DA:128,1
DA:129,1
DA:130,0
DA:132,1
DA:135,7
DA:136,1
DA:137,1
DA:138,0
DA:140,1
LF:39
LH:32
BRDA:16,0,0,0
BRDA:16,0,1,1
BRDA:58,1,0,0
BRDA:58,1,1,1
BRDA:66,2,0,0
BRDA:66,2,1,1
BRDA:113,3,0,0
BRDA:113,3,1,1
BRDA:117,4,0,0
BRDA:117,4,1,1
BRDA:129,5,0,0
BRDA:129,5,1,1
BRDA:137,6,0,0
BRDA:137,6,1,1
BRF:14
BRH:7
end_of_record
TN:
SF:src\outers\repositories\VideoRepository.ts
FN:9,(anonymous_8)
FN:13,(anonymous_9)
FN:13,(anonymous_10)
FN:21,(anonymous_11)
FN:21,(anonymous_12)
FN:29,(anonymous_13)
FN:29,(anonymous_14)
FN:33,(anonymous_15)
FN:33,(anonymous_16)
FN:41,(anonymous_17)
FN:41,(anonymous_18)
FNF:11
FNH:11
FNDA:7,(anonymous_8)
FNDA:1,(anonymous_9)
FNDA:1,(anonymous_10)
FNDA:1,(anonymous_11)
FNDA:1,(anonymous_12)
FNDA:1,(anonymous_13)
FNDA:1,(anonymous_14)
FNDA:1,(anonymous_15)
FNDA:1,(anonymous_16)
FNDA:1,(anonymous_17)
FNDA:1,(anonymous_18)
DA:3,7
DA:4,7
DA:6,7
DA:10,7
DA:13,7
DA:14,1
DA:15,1
DA:16,0
DA:18,1
DA:21,7
DA:22,1
DA:23,1
DA:24,0
DA:26,1
DA:29,7
DA:30,1
DA:33,7
DA:34,1
DA:35,1
DA:36,0
DA:38,1
DA:41,7
DA:42,1
DA:43,1
DA:44,0
DA:46,1
LF:26
LH:22
BRDA:15,0,0,0
BRDA:15,0,1,1
BRDA:23,1,0,0
BRDA:23,1,1,1
BRDA:35,2,0,0
BRDA:35,2,1,1
BRDA:43,3,0,0
BRDA:43,3,1,1
BRF:8
BRH:4
end_of_record
TN:
SF:src\outers\routes\RootRoute.ts
FN:29,(anonymous_8)
FN:35,(anonymous_9)
FN:35,(anonymous_10)
FN:77,(anonymous_11)
FN:77,(anonymous_12)
FNF:5
FNH:5
FNDA:7,(anonymous_8)
FNDA:7,(anonymous_9)
FNDA:7,(anonymous_10)
FNDA:7,(anonymous_11)
FNDA:7,(anonymous_12)
DA:1,7
DA:2,7
DA:4,7
DA:5,7
DA:6,7
DA:7,7
DA:8,7
DA:9,7
DA:10,7
DA:11,7
DA:12,7
DA:13,7
DA:14,7
DA:15,7
DA:16,7
DA:17,7
DA:18,7
DA:19,7
DA:20,7
DA:22,7
DA:24,7
DA:30,7
DA:31,7
DA:32,7
DA:35,7
DA:36,7
DA:38,7
DA:39,7
DA:40,7
DA:41,7
DA:42,7
DA:44,7
DA:45,7
DA:46,7
DA:47,7
DA:48,7
DA:50,7
DA:51,7
DA:52,7
DA:53,7
DA:54,7
DA:56,7
DA:57,7
DA:58,7
DA:59,7
DA:60,7
DA:62,7
DA:63,7
DA:64,7
DA:65,7
DA:66,7
DA:68,7
DA:69,7
DA:70,7
DA:71,7
DA:72,7
DA:74,7
DA:77,7
DA:78,7
DA:79,7
DA:80,7
DA:81,7
DA:82,7
DA:83,7
LF:64
LH:64
BRF:0
BRH:0
end_of_record
TN:
SF:src\outers\schemas\CommentSchema.ts
FNF:0
FNH:0
DA:1,7
DA:4,7
DA:19,7
LF:3
LH:3
BRF:0
BRH:0
end_of_record
TN:
SF:src\outers\schemas\ProductSchema.ts
FNF:0
FNH:0
DA:1,7
DA:4,7
DA:19,7
LF:3
LH:3
BRF:0
BRH:0
end_of_record
TN:
SF:src\outers\schemas\UserSchema.ts
FNF:0
FNH:0
DA:1,7
DA:4,7
DA:17,7
LF:3
LH:3
BRF:0
BRH:0
end_of_record
TN:
SF:src\outers\schemas\VideoCommentMapSchema.ts
FNF:0
FNH:0
DA:1,7
DA:4,7
DA:16,7
LF:3
LH:3
BRF:0
BRH:0
end_of_record
TN:
SF:src\outers\schemas\VideoProductMapSchema.ts
FNF:0
FNH:0
DA:1,7
DA:4,7
DA:16,7
LF:3
LH:3
BRF:0
BRH:0
end_of_record
TN:
SF:src\outers\schemas\VideoSchema.ts
FNF:0
FNH:0
DA:1,7
DA:4,7
DA:16,7
LF:3
LH:3
BRF:0
BRH:0
end_of_record
TN:
SF:src\outers\utilities\ObjectUtility.ts
FN:2,(anonymous_0)
FN:3,(anonymous_1)
FNF:2
FNH:0
FNDA:0,(anonymous_0)
FNDA:0,(anonymous_1)
DA:2,0
DA:3,0
DA:4,0
DA:5,0
DA:8,0
LF:5
LH:0
BRDA:5,0,0,0
BRDA:5,0,1,0
BRF:2
BRH:0
end_of_record
