{"C:\\Data\\Apps\\gigih\\mid-term\\gigih-play-backend\\src\\outers\\datastores\\OneDatastore.ts":{"path":"C:\\Data\\Apps\\gigih\\mid-term\\gigih-play-backend\\src\\outers\\datastores\\OneDatastore.ts","statementMap":{"0":{"start":{"line":2,"column":22},"end":{"line":12,"column":3}},"1":{"start":{"line":3,"column":4},"end":{"line":3,"column":33}},"2":{"start":{"line":3,"column":26},"end":{"line":3,"column":33}},"3":{"start":{"line":4,"column":15},"end":{"line":4,"column":52}},"4":{"start":{"line":5,"column":4},"end":{"line":7,"column":5}},"5":{"start":{"line":6,"column":6},"end":{"line":6,"column":68}},"6":{"start":{"line":6,"column":51},"end":{"line":6,"column":63}},"7":{"start":{"line":8,"column":4},"end":{"line":8,"column":39}},"8":{"start":{"line":10,"column":4},"end":{"line":10,"column":33}},"9":{"start":{"line":10,"column":26},"end":{"line":10,"column":33}},"10":{"start":{"line":11,"column":4},"end":{"line":11,"column":17}},"11":{"start":{"line":13,"column":25},"end":{"line":17,"column":2}},"12":{"start":{"line":14,"column":4},"end":{"line":14,"column":72}},"13":{"start":{"line":16,"column":4},"end":{"line":16,"column":21}},"14":{"start":{"line":18,"column":19},"end":{"line":24,"column":1}},"15":{"start":{"line":19,"column":4},"end":{"line":19,"column":42}},"16":{"start":{"line":19,"column":31},"end":{"line":19,"column":42}},"17":{"start":{"line":20,"column":17},"end":{"line":20,"column":19}},"18":{"start":{"line":21,"column":4},"end":{"line":21,"column":141}},"19":{"start":{"line":21,"column":21},"end":{"line":21,"column":141}},"20":{"start":{"line":21,"column":40},"end":{"line":21,"column":141}},"21":{"start":{"line":21,"column":109},"end":{"line":21,"column":141}},"22":{"start":{"line":22,"column":4},"end":{"line":22,"column":36}},"23":{"start":{"line":23,"column":4},"end":{"line":23,"column":18}},"24":{"start":{"line":25,"column":16},"end":{"line":33,"column":1}},"25":{"start":{"line":26,"column":28},"end":{"line":26,"column":110}},"26":{"start":{"line":26,"column":91},"end":{"line":26,"column":106}},"27":{"start":{"line":27,"column":4},"end":{"line":32,"column":7}},"28":{"start":{"line":28,"column":36},"end":{"line":28,"column":97}},"29":{"start":{"line":28,"column":42},"end":{"line":28,"column":70}},"30":{"start":{"line":28,"column":85},"end":{"line":28,"column":95}},"31":{"start":{"line":29,"column":35},"end":{"line":29,"column":100}},"32":{"start":{"line":29,"column":41},"end":{"line":29,"column":73}},"33":{"start":{"line":29,"column":88},"end":{"line":29,"column":98}},"34":{"start":{"line":30,"column":32},"end":{"line":30,"column":116}},"35":{"start":{"line":31,"column":8},"end":{"line":31,"column":78}},"36":{"start":{"line":34,"column":22},"end":{"line":36,"column":1}},"37":{"start":{"line":35,"column":4},"end":{"line":35,"column":62}},"38":{"start":{"line":37,"column":0},"end":{"line":37,"column":62}},"39":{"start":{"line":38,"column":11},"end":{"line":38,"column":38}},"40":{"start":{"line":39,"column":19},"end":{"line":39,"column":55}},"41":{"start":{"line":42,"column":8},"end":{"line":68,"column":11}},"42":{"start":{"line":42,"column":29},"end":{"line":68,"column":10}},"43":{"start":{"line":43,"column":25},"end":{"line":43,"column":46}},"44":{"start":{"line":44,"column":12},"end":{"line":46,"column":13}},"45":{"start":{"line":45,"column":16},"end":{"line":45,"column":54}},"46":{"start":{"line":47,"column":25},"end":{"line":47,"column":46}},"47":{"start":{"line":48,"column":12},"end":{"line":50,"column":13}},"48":{"start":{"line":49,"column":16},"end":{"line":49,"column":54}},"49":{"start":{"line":51,"column":29},"end":{"line":51,"column":59}},"50":{"start":{"line":52,"column":12},"end":{"line":54,"column":13}},"51":{"start":{"line":53,"column":16},"end":{"line":53,"column":58}},"52":{"start":{"line":55,"column":29},"end":{"line":55,"column":59}},"53":{"start":{"line":56,"column":12},"end":{"line":58,"column":13}},"54":{"start":{"line":57,"column":16},"end":{"line":57,"column":58}},"55":{"start":{"line":59,"column":29},"end":{"line":59,"column":54}},"56":{"start":{"line":60,"column":12},"end":{"line":62,"column":13}},"57":{"start":{"line":61,"column":16},"end":{"line":61,"column":58}},"58":{"start":{"line":63,"column":24},"end":{"line":63,"column":104}},"59":{"start":{"line":64,"column":12},"end":{"line":66,"column":15}},"60":{"start":{"line":67,"column":12},"end":{"line":67,"column":41}},"61":{"start":{"line":69,"column":8},"end":{"line":71,"column":11}},"62":{"start":{"line":69,"column":32},"end":{"line":71,"column":10}},"63":{"start":{"line":70,"column":12},"end":{"line":70,"column":50}},"64":{"start":{"line":74,"column":0},"end":{"line":74,"column":31}}},"fnMap":{"0":{"name":"(anonymous_0)","decl":{"start":{"line":2,"column":74},"end":{"line":2,"column":75}},"loc":{"start":{"line":2,"column":96},"end":{"line":9,"column":1}},"line":2},"1":{"name":"(anonymous_1)","decl":{"start":{"line":6,"column":38},"end":{"line":6,"column":39}},"loc":{"start":{"line":6,"column":49},"end":{"line":6,"column":65}},"line":6},"2":{"name":"(anonymous_2)","decl":{"start":{"line":9,"column":6},"end":{"line":9,"column":7}},"loc":{"start":{"line":9,"column":28},"end":{"line":12,"column":1}},"line":9},"3":{"name":"(anonymous_3)","decl":{"start":{"line":13,"column":80},"end":{"line":13,"column":81}},"loc":{"start":{"line":13,"column":95},"end":{"line":15,"column":1}},"line":13},"4":{"name":"(anonymous_4)","decl":{"start":{"line":15,"column":5},"end":{"line":15,"column":6}},"loc":{"start":{"line":15,"column":20},"end":{"line":17,"column":1}},"line":15},"5":{"name":"(anonymous_5)","decl":{"start":{"line":18,"column":50},"end":{"line":18,"column":51}},"loc":{"start":{"line":18,"column":65},"end":{"line":24,"column":1}},"line":18},"6":{"name":"(anonymous_6)","decl":{"start":{"line":25,"column":44},"end":{"line":25,"column":45}},"loc":{"start":{"line":25,"column":89},"end":{"line":33,"column":1}},"line":25},"7":{"name":"adopt","decl":{"start":{"line":26,"column":13},"end":{"line":26,"column":18}},"loc":{"start":{"line":26,"column":26},"end":{"line":26,"column":112}},"line":26},"8":{"name":"(anonymous_8)","decl":{"start":{"line":26,"column":70},"end":{"line":26,"column":71}},"loc":{"start":{"line":26,"column":89},"end":{"line":26,"column":108}},"line":26},"9":{"name":"(anonymous_9)","decl":{"start":{"line":27,"column":36},"end":{"line":27,"column":37}},"loc":{"start":{"line":27,"column":63},"end":{"line":32,"column":5}},"line":27},"10":{"name":"fulfilled","decl":{"start":{"line":28,"column":17},"end":{"line":28,"column":26}},"loc":{"start":{"line":28,"column":34},"end":{"line":28,"column":99}},"line":28},"11":{"name":"rejected","decl":{"start":{"line":29,"column":17},"end":{"line":29,"column":25}},"loc":{"start":{"line":29,"column":33},"end":{"line":29,"column":102}},"line":29},"12":{"name":"step","decl":{"start":{"line":30,"column":17},"end":{"line":30,"column":21}},"loc":{"start":{"line":30,"column":30},"end":{"line":30,"column":118}},"line":30},"13":{"name":"(anonymous_13)","decl":{"start":{"line":34,"column":56},"end":{"line":34,"column":57}},"loc":{"start":{"line":34,"column":71},"end":{"line":36,"column":1}},"line":34},"14":{"name":"(anonymous_14)","decl":{"start":{"line":41,"column":4},"end":{"line":41,"column":5}},"loc":{"start":{"line":41,"column":18},"end":{"line":72,"column":5}},"line":41},"15":{"name":"(anonymous_15)","decl":{"start":{"line":42,"column":23},"end":{"line":42,"column":24}},"loc":{"start":{"line":42,"column":29},"end":{"line":68,"column":10}},"line":42},"16":{"name":"(anonymous_16)","decl":{"start":{"line":42,"column":61},"end":{"line":42,"column":62}},"loc":{"start":{"line":42,"column":74},"end":{"line":68,"column":9}},"line":42},"17":{"name":"(anonymous_17)","decl":{"start":{"line":69,"column":26},"end":{"line":69,"column":27}},"loc":{"start":{"line":69,"column":32},"end":{"line":71,"column":10}},"line":69},"18":{"name":"(anonymous_18)","decl":{"start":{"line":69,"column":64},"end":{"line":69,"column":65}},"loc":{"start":{"line":69,"column":77},"end":{"line":71,"column":9}},"line":69}},"branchMap":{"0":{"loc":{"start":{"line":2,"column":22},"end":{"line":12,"column":3}},"type":"binary-expr","locations":[{"start":{"line":2,"column":23},"end":{"line":2,"column":27}},{"start":{"line":2,"column":31},"end":{"line":2,"column":51}},{"start":{"line":2,"column":57},"end":{"line":12,"column":2}}],"line":2},"1":{"loc":{"start":{"line":2,"column":57},"end":{"line":12,"column":2}},"type":"cond-expr","locations":[{"start":{"line":2,"column":74},"end":{"line":9,"column":1}},{"start":{"line":9,"column":6},"end":{"line":12,"column":1}}],"line":2},"2":{"loc":{"start":{"line":3,"column":4},"end":{"line":3,"column":33}},"type":"if","locations":[{"start":{"line":3,"column":4},"end":{"line":3,"column":33}},{"start":{"line":3,"column":4},"end":{"line":3,"column":33}}],"line":3},"3":{"loc":{"start":{"line":5,"column":4},"end":{"line":7,"column":5}},"type":"if","locations":[{"start":{"line":5,"column":4},"end":{"line":7,"column":5}},{"start":{"line":5,"column":4},"end":{"line":7,"column":5}}],"line":5},"4":{"loc":{"start":{"line":5,"column":8},"end":{"line":5,"column":85}},"type":"binary-expr","locations":[{"start":{"line":5,"column":8},"end":{"line":5,"column":13}},{"start":{"line":5,"column":18},"end":{"line":5,"column":84}}],"line":5},"5":{"loc":{"start":{"line":5,"column":18},"end":{"line":5,"column":84}},"type":"cond-expr","locations":[{"start":{"line":5,"column":34},"end":{"line":5,"column":47}},{"start":{"line":5,"column":50},"end":{"line":5,"column":84}}],"line":5},"6":{"loc":{"start":{"line":5,"column":50},"end":{"line":5,"column":84}},"type":"binary-expr","locations":[{"start":{"line":5,"column":50},"end":{"line":5,"column":63}},{"start":{"line":5,"column":67},"end":{"line":5,"column":84}}],"line":5},"7":{"loc":{"start":{"line":10,"column":4},"end":{"line":10,"column":33}},"type":"if","locations":[{"start":{"line":10,"column":4},"end":{"line":10,"column":33}},{"start":{"line":10,"column":4},"end":{"line":10,"column":33}}],"line":10},"8":{"loc":{"start":{"line":13,"column":25},"end":{"line":17,"column":2}},"type":"binary-expr","locations":[{"start":{"line":13,"column":26},"end":{"line":13,"column":30}},{"start":{"line":13,"column":34},"end":{"line":13,"column":57}},{"start":{"line":13,"column":63},"end":{"line":17,"column":1}}],"line":13},"9":{"loc":{"start":{"line":13,"column":63},"end":{"line":17,"column":1}},"type":"cond-expr","locations":[{"start":{"line":13,"column":80},"end":{"line":15,"column":1}},{"start":{"line":15,"column":5},"end":{"line":17,"column":1}}],"line":13},"10":{"loc":{"start":{"line":18,"column":19},"end":{"line":24,"column":1}},"type":"binary-expr","locations":[{"start":{"line":18,"column":20},"end":{"line":18,"column":24}},{"start":{"line":18,"column":28},"end":{"line":18,"column":45}},{"start":{"line":18,"column":50},"end":{"line":24,"column":1}}],"line":18},"11":{"loc":{"start":{"line":19,"column":4},"end":{"line":19,"column":42}},"type":"if","locations":[{"start":{"line":19,"column":4},"end":{"line":19,"column":42}},{"start":{"line":19,"column":4},"end":{"line":19,"column":42}}],"line":19},"12":{"loc":{"start":{"line":19,"column":8},"end":{"line":19,"column":29}},"type":"binary-expr","locations":[{"start":{"line":19,"column":8},"end":{"line":19,"column":11}},{"start":{"line":19,"column":15},"end":{"line":19,"column":29}}],"line":19},"13":{"loc":{"start":{"line":21,"column":4},"end":{"line":21,"column":141}},"type":"if","locations":[{"start":{"line":21,"column":4},"end":{"line":21,"column":141}},{"start":{"line":21,"column":4},"end":{"line":21,"column":141}}],"line":21},"14":{"loc":{"start":{"line":21,"column":40},"end":{"line":21,"column":141}},"type":"if","locations":[{"start":{"line":21,"column":40},"end":{"line":21,"column":141}},{"start":{"line":21,"column":40},"end":{"line":21,"column":141}}],"line":21},"15":{"loc":{"start":{"line":21,"column":44},"end":{"line":21,"column":107}},"type":"binary-expr","locations":[{"start":{"line":21,"column":44},"end":{"line":21,"column":59}},{"start":{"line":21,"column":63},"end":{"line":21,"column":107}}],"line":21},"16":{"loc":{"start":{"line":25,"column":16},"end":{"line":33,"column":1}},"type":"binary-expr","locations":[{"start":{"line":25,"column":17},"end":{"line":25,"column":21}},{"start":{"line":25,"column":25},"end":{"line":25,"column":39}},{"start":{"line":25,"column":44},"end":{"line":33,"column":1}}],"line":25},"17":{"loc":{"start":{"line":26,"column":35},"end":{"line":26,"column":109}},"type":"cond-expr","locations":[{"start":{"line":26,"column":56},"end":{"line":26,"column":61}},{"start":{"line":26,"column":64},"end":{"line":26,"column":109}}],"line":26},"18":{"loc":{"start":{"line":27,"column":16},"end":{"line":27,"column":34}},"type":"binary-expr","locations":[{"start":{"line":27,"column":16},"end":{"line":27,"column":17}},{"start":{"line":27,"column":22},"end":{"line":27,"column":33}}],"line":27},"19":{"loc":{"start":{"line":30,"column":32},"end":{"line":30,"column":115}},"type":"cond-expr","locations":[{"start":{"line":30,"column":46},"end":{"line":30,"column":67}},{"start":{"line":30,"column":70},"end":{"line":30,"column":115}}],"line":30},"20":{"loc":{"start":{"line":31,"column":51},"end":{"line":31,"column":67}},"type":"binary-expr","locations":[{"start":{"line":31,"column":51},"end":{"line":31,"column":61}},{"start":{"line":31,"column":65},"end":{"line":31,"column":67}}],"line":31},"21":{"loc":{"start":{"line":34,"column":22},"end":{"line":36,"column":1}},"type":"binary-expr","locations":[{"start":{"line":34,"column":23},"end":{"line":34,"column":27}},{"start":{"line":34,"column":31},"end":{"line":34,"column":51}},{"start":{"line":34,"column":56},"end":{"line":36,"column":1}}],"line":34},"22":{"loc":{"start":{"line":35,"column":11},"end":{"line":35,"column":61}},"type":"cond-expr","locations":[{"start":{"line":35,"column":37},"end":{"line":35,"column":40}},{"start":{"line":35,"column":43},"end":{"line":35,"column":61}}],"line":35},"23":{"loc":{"start":{"line":35,"column":12},"end":{"line":35,"column":33}},"type":"binary-expr","locations":[{"start":{"line":35,"column":12},"end":{"line":35,"column":15}},{"start":{"line":35,"column":19},"end":{"line":35,"column":33}}],"line":35},"24":{"loc":{"start":{"line":44,"column":12},"end":{"line":46,"column":13}},"type":"if","locations":[{"start":{"line":44,"column":12},"end":{"line":46,"column":13}},{"start":{"line":44,"column":12},"end":{"line":46,"column":13}}],"line":44},"25":{"loc":{"start":{"line":48,"column":12},"end":{"line":50,"column":13}},"type":"if","locations":[{"start":{"line":48,"column":12},"end":{"line":50,"column":13}},{"start":{"line":48,"column":12},"end":{"line":50,"column":13}}],"line":48},"26":{"loc":{"start":{"line":52,"column":12},"end":{"line":54,"column":13}},"type":"if","locations":[{"start":{"line":52,"column":12},"end":{"line":54,"column":13}},{"start":{"line":52,"column":12},"end":{"line":54,"column":13}}],"line":52},"27":{"loc":{"start":{"line":56,"column":12},"end":{"line":58,"column":13}},"type":"if","locations":[{"start":{"line":56,"column":12},"end":{"line":58,"column":13}},{"start":{"line":56,"column":12},"end":{"line":58,"column":13}}],"line":56},"28":{"loc":{"start":{"line":60,"column":12},"end":{"line":62,"column":13}},"type":"if","locations":[{"start":{"line":60,"column":12},"end":{"line":62,"column":13}},{"start":{"line":60,"column":12},"end":{"line":62,"column":13}}],"line":60}},"s":{"0":1,"1":23,"2":23,"3":23,"4":23,"5":22,"6":6,"7":23,"8":0,"9":0,"10":0,"11":1,"12":1,"13":0,"14":1,"15":1,"16":0,"17":1,"18":1,"19":1,"20":23,"21":23,"22":1,"23":1,"24":1,"25":11,"26":0,"27":11,"28":11,"29":11,"30":0,"31":0,"32":0,"33":0,"34":22,"35":11,"36":1,"37":1,"38":1,"39":1,"40":1,"41":2,"42":6,"43":6,"44":6,"45":0,"46":6,"47":6,"48":0,"49":6,"50":6,"51":0,"52":6,"53":6,"54":0,"55":6,"56":6,"57":0,"58":6,"59":6,"60":6,"61":2,"62":5,"63":5,"64":1},"f":{"0":23,"1":6,"2":0,"3":1,"4":0,"5":1,"6":11,"7":11,"8":0,"9":11,"10":11,"11":0,"12":22,"13":1,"14":2,"15":6,"16":6,"17":5,"18":5},"b":{"0":[1,1,1],"1":[1,0],"2":[23,0],"3":[22,1],"4":[23,23],"5":[0,23],"6":[23,3],"7":[0,0],"8":[1,1,1],"9":[1,0],"10":[1,1,1],"11":[0,1],"12":[1,1],"13":[1,0],"14":[23,0],"15":[23,23],"16":[1,1,1],"17":[11,0],"18":[11,11],"19":[11,11],"20":[11,11],"21":[1,1,1],"22":[0,1],"23":[1,1],"24":[0,6],"25":[0,6],"26":[0,6],"27":[0,6],"28":[0,6]},"inputSourceMap":{"version":3,"file":"C:\\Data\\Apps\\gigih\\mid-term\\gigih-play-backend\\src\\outers\\datastores\\OneDatastore.ts","sources":["C:\\Data\\Apps\\gigih\\mid-term\\gigih-play-backend\\src\\outers\\datastores\\OneDatastore.ts"],"names":[],"mappings":";;;;;;;;;;;;;;;;;;;;;;;;;;;;;;;;;;;;;AAAA,uCAAwB;AACxB,wDAAkD;AAElD,MAAqB,YAAY;IAAjC;QAGE,YAAO,GAAG,GAAwB,EAAE;YAClC,MAAM,IAAI,GAAG,OAAO,CAAC,GAAG,CAAC,SAAS,CAAA;YAClC,IAAI,IAAI,KAAK,SAAS,EAAE;gBACtB,MAAM,IAAI,KAAK,CAAC,oBAAoB,CAAC,CAAA;aACtC;YAED,MAAM,IAAI,GAAG,OAAO,CAAC,GAAG,CAAC,SAAS,CAAA;YAClC,IAAI,IAAI,KAAK,SAAS,EAAE;gBACtB,MAAM,IAAI,KAAK,CAAC,oBAAoB,CAAC,CAAA;aACtC;YAED,MAAM,QAAQ,GAAG,OAAO,CAAC,GAAG,CAAC,kBAAkB,CAAA;YAC/C,IAAI,QAAQ,KAAK,SAAS,EAAE;gBAC1B,MAAM,IAAI,KAAK,CAAC,wBAAwB,CAAC,CAAA;aAC1C;YAED,MAAM,QAAQ,GAAG,OAAO,CAAC,GAAG,CAAC,kBAAkB,CAAA;YAC/C,IAAI,QAAQ,KAAK,SAAS,EAAE;gBAC1B,MAAM,IAAI,KAAK,CAAC,wBAAwB,CAAC,CAAA;aAC1C;YAED,MAAM,QAAQ,GAAG,OAAO,CAAC,GAAG,CAAC,aAAa,CAAA;YAC1C,IAAI,QAAQ,KAAK,SAAS,EAAE;gBAC1B,MAAM,IAAI,KAAK,CAAC,wBAAwB,CAAC,CAAA;aAC1C;YAED,MAAM,GAAG,GAAG,aAAa,QAAQ,IAAI,QAAQ,IAAI,IAAI,IAAI,IAAI,IAAI,QAAQ,mBAAmB,CAAA;YAE5F,MAAM,kBAAQ,CAAC,OAAO,CACpB,GAAG,EACH;gBACE,WAAW,EAAE,EAAE,CAAC,IAAI,EAAE,CAAC,MAAM;aAC9B,CACF,CAAA;YACD,IAAI,CAAC,EAAE,GAAG,kBAAQ,CAAA;QACpB,CAAC,CAAA,CAAA;QAED,eAAU,GAAG,GAAwB,EAAE;YACrC,MAAM,kBAAQ,CAAC,UAAU,EAAE,CAAA;QAC7B,CAAC,CAAA,CAAA;IACH,CAAC;CAAA;AA3CD,+BA2CC","sourcesContent":["import * as os from 'os'\r\nimport mongoose, { type Mongoose } from 'mongoose'\r\n\r\nexport default class OneDatastore {\r\n  db: Mongoose | undefined\r\n\r\n  connect = async (): Promise<void> => {\r\n    const host = process.env.DS_1_HOST\r\n    if (host === undefined) {\r\n      throw new Error('Host is undefined.')\r\n    }\r\n\r\n    const port = process.env.DS_1_PORT\r\n    if (port === undefined) {\r\n      throw new Error('Port is undefined.')\r\n    }\r\n\r\n    const username = process.env.DS_1_ROOT_USERNAME\r\n    if (username === undefined) {\r\n      throw new Error('Username is undefined.')\r\n    }\r\n\r\n    const password = process.env.DS_1_ROOT_PASSWORD\r\n    if (password === undefined) {\r\n      throw new Error('Password is undefined.')\r\n    }\r\n\r\n    const database = process.env.DS_1_DATABASE\r\n    if (database === undefined) {\r\n      throw new Error('Database is undefined.')\r\n    }\r\n\r\n    const url = `mongodb://${username}:${password}@${host}:${port}/${database}?authSource=admin`\r\n\r\n    await mongoose.connect(\r\n      url,\r\n      {\r\n        maxPoolSize: os.cpus().length\r\n      }\r\n    )\r\n    this.db = mongoose\r\n  }\r\n\r\n  disconnect = async (): Promise<void> => {\r\n    await mongoose.disconnect()\r\n  }\r\n}\r\n"]},"_coverageSchema":"1a1c01bbd47fc00a2c39e90264f33305004495a9","hash":"8dd7cb98aabf86405854ed2833f823dd9ab49da0"},"C:\\Data\\Apps\\gigih\\mid-term\\gigih-play-backend\\src\\App.ts":{"path":"C:\\Data\\Apps\\gigih\\mid-term\\gigih-play-backend\\src\\App.ts","statementMap":{"0":{"start":{"line":2,"column":16},"end":{"line":10,"column":1}},"1":{"start":{"line":3,"column":28},"end":{"line":3,"column":110}},"2":{"start":{"line":3,"column":91},"end":{"line":3,"column":106}},"3":{"start":{"line":4,"column":4},"end":{"line":9,"column":7}},"4":{"start":{"line":5,"column":36},"end":{"line":5,"column":97}},"5":{"start":{"line":5,"column":42},"end":{"line":5,"column":70}},"6":{"start":{"line":5,"column":85},"end":{"line":5,"column":95}},"7":{"start":{"line":6,"column":35},"end":{"line":6,"column":100}},"8":{"start":{"line":6,"column":41},"end":{"line":6,"column":73}},"9":{"start":{"line":6,"column":88},"end":{"line":6,"column":98}},"10":{"start":{"line":7,"column":32},"end":{"line":7,"column":116}},"11":{"start":{"line":8,"column":8},"end":{"line":8,"column":78}},"12":{"start":{"line":11,"column":22},"end":{"line":13,"column":1}},"13":{"start":{"line":12,"column":4},"end":{"line":12,"column":62}},"14":{"start":{"line":14,"column":0},"end":{"line":14,"column":62}},"15":{"start":{"line":15,"column":0},"end":{"line":15,"column":51}},"16":{"start":{"line":16,"column":18},"end":{"line":16,"column":53}},"17":{"start":{"line":17,"column":0},"end":{"line":17,"column":55}},"18":{"start":{"line":18,"column":23},"end":{"line":18,"column":83}},"19":{"start":{"line":19,"column":20},"end":{"line":19,"column":73}},"20":{"start":{"line":20,"column":20},"end":{"line":20,"column":57}},"21":{"start":{"line":21,"column":15},"end":{"line":21,"column":47}},"22":{"start":{"line":22,"column":32},"end":{"line":22,"column":102}},"23":{"start":{"line":26,"column":13},"end":{"line":57,"column":2}},"24":{"start":{"line":26,"column":19},"end":{"line":57,"column":2}},"25":{"start":{"line":27,"column":4},"end":{"line":27,"column":49}},"26":{"start":{"line":28,"column":4},"end":{"line":28,"column":53}},"27":{"start":{"line":29,"column":4},"end":{"line":29,"column":52}},"28":{"start":{"line":30,"column":20},"end":{"line":30,"column":52}},"29":{"start":{"line":31,"column":4},"end":{"line":31,"column":62}},"30":{"start":{"line":32,"column":25},"end":{"line":32,"column":53}},"31":{"start":{"line":33,"column":4},"end":{"line":39,"column":5}},"32":{"start":{"line":34,"column":8},"end":{"line":34,"column":37}},"33":{"start":{"line":35,"column":8},"end":{"line":35,"column":48}},"34":{"start":{"line":38,"column":8},"end":{"line":38,"column":66}},"35":{"start":{"line":43,"column":22},"end":{"line":43,"column":68}},"36":{"start":{"line":44,"column":4},"end":{"line":44,"column":37}},"37":{"start":{"line":45,"column":4},"end":{"line":45,"column":38}},"38":{"start":{"line":46,"column":17},"end":{"line":46,"column":83}},"39":{"start":{"line":47,"column":4},"end":{"line":49,"column":5}},"40":{"start":{"line":48,"column":8},"end":{"line":48,"column":46}},"41":{"start":{"line":50,"column":4},"end":{"line":54,"column":7}},"42":{"start":{"line":51,"column":23},"end":{"line":53,"column":10}},"43":{"start":{"line":52,"column":12},"end":{"line":52,"column":28}},"44":{"start":{"line":55,"column":24},"end":{"line":55,"column":88}},"45":{"start":{"line":56,"column":4},"end":{"line":56,"column":62}},"46":{"start":{"line":58,"column":0},"end":{"line":64,"column":3}},"47":{"start":{"line":60,"column":4},"end":{"line":60,"column":32}},"48":{"start":{"line":63,"column":4},"end":{"line":63,"column":47}}},"fnMap":{"0":{"name":"(anonymous_0)","decl":{"start":{"line":2,"column":44},"end":{"line":2,"column":45}},"loc":{"start":{"line":2,"column":89},"end":{"line":10,"column":1}},"line":2},"1":{"name":"adopt","decl":{"start":{"line":3,"column":13},"end":{"line":3,"column":18}},"loc":{"start":{"line":3,"column":26},"end":{"line":3,"column":112}},"line":3},"2":{"name":"(anonymous_2)","decl":{"start":{"line":3,"column":70},"end":{"line":3,"column":71}},"loc":{"start":{"line":3,"column":89},"end":{"line":3,"column":108}},"line":3},"3":{"name":"(anonymous_3)","decl":{"start":{"line":4,"column":36},"end":{"line":4,"column":37}},"loc":{"start":{"line":4,"column":63},"end":{"line":9,"column":5}},"line":4},"4":{"name":"fulfilled","decl":{"start":{"line":5,"column":17},"end":{"line":5,"column":26}},"loc":{"start":{"line":5,"column":34},"end":{"line":5,"column":99}},"line":5},"5":{"name":"rejected","decl":{"start":{"line":6,"column":17},"end":{"line":6,"column":25}},"loc":{"start":{"line":6,"column":33},"end":{"line":6,"column":102}},"line":6},"6":{"name":"step","decl":{"start":{"line":7,"column":17},"end":{"line":7,"column":21}},"loc":{"start":{"line":7,"column":30},"end":{"line":7,"column":118}},"line":7},"7":{"name":"(anonymous_7)","decl":{"start":{"line":11,"column":56},"end":{"line":11,"column":57}},"loc":{"start":{"line":11,"column":71},"end":{"line":13,"column":1}},"line":11},"8":{"name":"(anonymous_8)","decl":{"start":{"line":26,"column":13},"end":{"line":26,"column":14}},"loc":{"start":{"line":26,"column":19},"end":{"line":57,"column":2}},"line":26},"9":{"name":"(anonymous_9)","decl":{"start":{"line":26,"column":53},"end":{"line":26,"column":54}},"loc":{"start":{"line":26,"column":66},"end":{"line":57,"column":1}},"line":26},"10":{"name":"(anonymous_10)","decl":{"start":{"line":50,"column":48},"end":{"line":50,"column":49}},"loc":{"start":{"line":50,"column":69},"end":{"line":54,"column":5}},"line":50},"11":{"name":"(anonymous_11)","decl":{"start":{"line":51,"column":44},"end":{"line":51,"column":45}},"loc":{"start":{"line":51,"column":50},"end":{"line":53,"column":9}},"line":51},"12":{"name":"(anonymous_12)","decl":{"start":{"line":59,"column":10},"end":{"line":59,"column":11}},"loc":{"start":{"line":59,"column":16},"end":{"line":61,"column":1}},"line":59},"13":{"name":"(anonymous_13)","decl":{"start":{"line":62,"column":11},"end":{"line":62,"column":12}},"loc":{"start":{"line":62,"column":22},"end":{"line":64,"column":1}},"line":62}},"branchMap":{"0":{"loc":{"start":{"line":2,"column":16},"end":{"line":10,"column":1}},"type":"binary-expr","locations":[{"start":{"line":2,"column":17},"end":{"line":2,"column":21}},{"start":{"line":2,"column":25},"end":{"line":2,"column":39}},{"start":{"line":2,"column":44},"end":{"line":10,"column":1}}],"line":2},"1":{"loc":{"start":{"line":3,"column":35},"end":{"line":3,"column":109}},"type":"cond-expr","locations":[{"start":{"line":3,"column":56},"end":{"line":3,"column":61}},{"start":{"line":3,"column":64},"end":{"line":3,"column":109}}],"line":3},"2":{"loc":{"start":{"line":4,"column":16},"end":{"line":4,"column":34}},"type":"binary-expr","locations":[{"start":{"line":4,"column":16},"end":{"line":4,"column":17}},{"start":{"line":4,"column":22},"end":{"line":4,"column":33}}],"line":4},"3":{"loc":{"start":{"line":7,"column":32},"end":{"line":7,"column":115}},"type":"cond-expr","locations":[{"start":{"line":7,"column":46},"end":{"line":7,"column":67}},{"start":{"line":7,"column":70},"end":{"line":7,"column":115}}],"line":7},"4":{"loc":{"start":{"line":8,"column":51},"end":{"line":8,"column":67}},"type":"binary-expr","locations":[{"start":{"line":8,"column":51},"end":{"line":8,"column":61}},{"start":{"line":8,"column":65},"end":{"line":8,"column":67}}],"line":8},"5":{"loc":{"start":{"line":11,"column":22},"end":{"line":13,"column":1}},"type":"binary-expr","locations":[{"start":{"line":11,"column":23},"end":{"line":11,"column":27}},{"start":{"line":11,"column":31},"end":{"line":11,"column":51}},{"start":{"line":11,"column":56},"end":{"line":13,"column":1}}],"line":11},"6":{"loc":{"start":{"line":12,"column":11},"end":{"line":12,"column":61}},"type":"cond-expr","locations":[{"start":{"line":12,"column":37},"end":{"line":12,"column":40}},{"start":{"line":12,"column":43},"end":{"line":12,"column":61}}],"line":12},"7":{"loc":{"start":{"line":12,"column":12},"end":{"line":12,"column":33}},"type":"binary-expr","locations":[{"start":{"line":12,"column":12},"end":{"line":12,"column":15}},{"start":{"line":12,"column":19},"end":{"line":12,"column":33}}],"line":12},"8":{"loc":{"start":{"line":46,"column":17},"end":{"line":46,"column":83}},"type":"cond-expr","locations":[{"start":{"line":46,"column":51},"end":{"line":46,"column":52}},{"start":{"line":46,"column":55},"end":{"line":46,"column":83}}],"line":46},"9":{"loc":{"start":{"line":47,"column":4},"end":{"line":49,"column":5}},"type":"if","locations":[{"start":{"line":47,"column":4},"end":{"line":49,"column":5}},{"start":{"line":47,"column":4},"end":{"line":49,"column":5}}],"line":47},"10":{"loc":{"start":{"line":55,"column":24},"end":{"line":55,"column":88}},"type":"cond-expr","locations":[{"start":{"line":55,"column":63},"end":{"line":55,"column":69}},{"start":{"line":55,"column":72},"end":{"line":55,"column":88}}],"line":55},"11":{"loc":{"start":{"line":55,"column":24},"end":{"line":55,"column":60}},"type":"binary-expr","locations":[{"start":{"line":55,"column":24},"end":{"line":55,"column":39}},{"start":{"line":55,"column":43},"end":{"line":55,"column":60}}],"line":55}},"s":{"0":1,"1":4,"2":0,"3":1,"4":4,"5":4,"6":0,"7":0,"8":0,"9":0,"10":5,"11":1,"12":1,"13":6,"14":1,"15":1,"16":1,"17":1,"18":1,"19":1,"20":1,"21":1,"22":1,"23":1,"24":1,"25":1,"26":1,"27":1,"28":1,"29":1,"30":1,"31":1,"32":1,"33":1,"34":0,"35":1,"36":1,"37":1,"38":1,"39":1,"40":0,"41":1,"42":1,"43":1,"44":1,"45":1,"46":1,"47":1,"48":0},"f":{"0":1,"1":4,"2":0,"3":1,"4":4,"5":0,"6":5,"7":6,"8":1,"9":1,"10":1,"11":1,"12":1,"13":0},"b":{"0":[1,1,1],"1":[4,0],"2":[1,1],"3":[1,4],"4":[1,1],"5":[1,1,1],"6":[3,3],"7":[6,6],"8":[1,0],"9":[0,1],"10":[0,1],"11":[1,1]},"inputSourceMap":{"version":3,"file":"C:\\Data\\Apps\\gigih\\mid-term\\gigih-play-backend\\src\\App.ts","sources":["C:\\Data\\Apps\\gigih\\mid-term\\gigih-play-backend\\src\\App.ts"],"names":[],"mappings":";;;;;;;;;;;;;;;AAAA,sDAAmD;AACnD,uDAAoD;AACpD,oFAA2D;AAC3D,0EAAiD;AACjD,0DAAgC;AAChC,gDAAuB;AACvB,uGAA8E;AAG9E,IAAI,GAA4B,CAAA;AAChC,IAAI,EAA+B,CAAA;AACnC,IAAI,MAA+B,CAAA;AACnC,MAAM,IAAI,GAAG,GAAwB,EAAE;IACrC,cAAA,GAAG,GAAG,IAAA,iBAAO,GAAE,CAAA;IACf,GAAG,CAAC,GAAG,CAAC,iBAAO,CAAC,IAAI,CAAC,EAAE,IAAI,EAAE,KAAK,EAAE,CAAC,CAAC,CAAA;IACtC,GAAG,CAAC,GAAG,CAAC,IAAA,+BAAqB,GAAE,CAAC,CAAA;IAEhC,MAAM,OAAO,GAAgB,cAAI,CAAC,YAAY,CAAC,GAAG,CAAC,CAAA;IAEnD,aAAA,EAAE,GAAG,IAAI,mBAAQ,CAAC,MAAM,CAAC,OAAO,CAAC,CAAA;IAEjC,MAAM,YAAY,GAAG,IAAI,sBAAY,EAAE,CAAA;IAEvC,IAAI;QACF,MAAM,YAAY,CAAC,OAAO,EAAE,CAAA;QAC5B,OAAO,CAAC,GAAG,CAAC,0BAA0B,CAAC,CAAA;KACxC;IAAC,OAAO,KAAK,EAAE;QACd,OAAO,CAAC,GAAG,CAAC,qCAAqC,EAAE,KAAK,CAAC,CAAA;KAC1D;IAED,sDAAsD;IACtD,4BAA4B;IAC5B,0BAA0B;IAE1B,MAAM,SAAS,GAAG,IAAI,mBAAS,CAAC,GAAG,EAAE,EAAE,EAAE,YAAY,CAAC,CAAA;IACtD,MAAM,SAAS,CAAC,cAAc,EAAE,CAAA;IAChC,MAAM,SAAS,CAAC,eAAe,EAAE,CAAA;IAEjC,MAAM,IAAI,GAAG,OAAO,CAAC,GAAG,CAAC,QAAQ,KAAK,MAAM,CAAC,CAAC,CAAC,CAAC,CAAC,CAAC,CAAC,MAAM,CAAC,OAAO,CAAC,GAAG,CAAC,QAAQ,CAAC,CAAA;IAC/E,IAAI,IAAI,KAAK,SAAS,EAAE;QACtB,MAAM,IAAI,KAAK,CAAC,oBAAoB,CAAC,CAAA;KACtC;IAED,iBAAA,MAAM,GAAG,MAAM,IAAI,OAAO,CAAC,CAAC,OAAO,EAAE,MAAM,EAAE,EAAE;QAC7C,MAAM,MAAM,GAAgB,OAAO,CAAC,MAAM,CAAC,IAAI,EAAE,GAAG,EAAE;YACpD,OAAO,CAAC,MAAM,CAAC,CAAA;QACjB,CAAC,CAAC,CAAA;IACJ,CAAC,CAAC,CAAA;IAEF,MAAM,WAAW,GAAgB,MAAM,aAAN,MAAM,uBAAN,MAAM,CAAE,OAAO,EAAiB,CAAA;IACjE,OAAO,CAAC,GAAG,CAAC,yBAAyB,WAAW,CAAC,IAAI,GAAG,CAAC,CAAA;AAC3D,CAAC,CAAA,CAAA;AAED,IAAI,EAAE;KACH,IAAI,CAAC,GAAG,EAAE;IACT,OAAO,CAAC,GAAG,CAAC,cAAc,CAAC,CAAA;AAC7B,CAAC,CAAC;KACD,KAAK,CAAC,CAAC,KAAK,EAAE,EAAE;IACf,OAAO,CAAC,GAAG,CAAC,sBAAsB,EAAE,KAAK,CAAC,CAAA;AAC5C,CAAC,CAAC,CAAA","sourcesContent":["import express, { type Application } from 'express'\r\nimport './outers/configurations/DotenvConfiguration'\r\nimport OneDatastore from './outers/datastores/OneDatastore'\r\nimport RootRoute from './outers/routes/RootRoute'\r\nimport socketIo from 'socket.io'\r\nimport http from 'http'\r\nimport caseExpressMiddleware from './outers/middlewares/CaseExpressMiddleware'\r\nimport { type AddressInfo } from 'net'\r\n\r\nlet app: Application | undefined\r\nlet io: socketIo.Server | undefined\r\nlet server: http.Server | undefined\r\nconst main = async (): Promise<void> => {\r\n  app = express()\r\n  app.use(express.json({ type: '*/*' }))\r\n  app.use(caseExpressMiddleware())\r\n\r\n  const appHttp: http.Server = http.createServer(app)\r\n\r\n  io = new socketIo.Server(appHttp)\r\n\r\n  const oneDatastore = new OneDatastore()\r\n\r\n  try {\r\n    await oneDatastore.connect()\r\n    console.log('One datastore connected.')\r\n  } catch (error) {\r\n    console.log('Error connecting to one datastore: ', error)\r\n  }\r\n\r\n  // const oneMigration = new OneMigration(oneDatastore)\r\n  // await oneMigration.down()\r\n  // await oneMigration.up()\r\n\r\n  const rootRoute = new RootRoute(app, io, oneDatastore)\r\n  await rootRoute.registerRoutes()\r\n  await rootRoute.registerSockets()\r\n\r\n  const port = process.env.NODE_ENV === 'test' ? 0 : Number(process.env.APP_PORT)\r\n  if (port === undefined) {\r\n    throw new Error('Port is undefined.')\r\n  }\r\n\r\n  server = await new Promise((resolve, reject) => {\r\n    const server: http.Server = appHttp.listen(port, () => {\r\n      resolve(server)\r\n    })\r\n  })\r\n\r\n  const addressInfo: AddressInfo = server?.address() as AddressInfo\r\n  console.log(`App listening on port ${addressInfo.port}.`)\r\n}\r\n\r\nmain()\r\n  .then(() => {\r\n    console.log('App started.')\r\n  })\r\n  .catch((error) => {\r\n    console.log('Error starting app: ', error)\r\n  })\r\n\r\nexport { app, server, io }\r\n"]},"_coverageSchema":"1a1c01bbd47fc00a2c39e90264f33305004495a9","hash":"1cf4db0affc8967e756dbb3155fbf38a83dfe45d"},"C:\\Data\\Apps\\gigih\\mid-term\\gigih-play-backend\\src\\outers\\configurations\\DotenvConfiguration.ts":{"path":"C:\\Data\\Apps\\gigih\\mid-term\\gigih-play-backend\\src\\outers\\configurations\\DotenvConfiguration.ts","statementMap":{"0":{"start":{"line":2,"column":22},"end":{"line":4,"column":1}},"1":{"start":{"line":3,"column":4},"end":{"line":3,"column":62}},"2":{"start":{"line":5,"column":0},"end":{"line":5,"column":62}},"3":{"start":{"line":6,"column":17},"end":{"line":6,"column":51}},"4":{"start":{"line":7,"column":21},"end":{"line":9,"column":2}},"5":{"start":{"line":10,"column":0},"end":{"line":10,"column":31}}},"fnMap":{"0":{"name":"(anonymous_0)","decl":{"start":{"line":2,"column":56},"end":{"line":2,"column":57}},"loc":{"start":{"line":2,"column":71},"end":{"line":4,"column":1}},"line":2}},"branchMap":{"0":{"loc":{"start":{"line":2,"column":22},"end":{"line":4,"column":1}},"type":"binary-expr","locations":[{"start":{"line":2,"column":23},"end":{"line":2,"column":27}},{"start":{"line":2,"column":31},"end":{"line":2,"column":51}},{"start":{"line":2,"column":56},"end":{"line":4,"column":1}}],"line":2},"1":{"loc":{"start":{"line":3,"column":11},"end":{"line":3,"column":61}},"type":"cond-expr","locations":[{"start":{"line":3,"column":37},"end":{"line":3,"column":40}},{"start":{"line":3,"column":43},"end":{"line":3,"column":61}}],"line":3},"2":{"loc":{"start":{"line":3,"column":12},"end":{"line":3,"column":33}},"type":"binary-expr","locations":[{"start":{"line":3,"column":12},"end":{"line":3,"column":15}},{"start":{"line":3,"column":19},"end":{"line":3,"column":33}}],"line":3}},"s":{"0":1,"1":1,"2":1,"3":1,"4":1,"5":1},"f":{"0":1},"b":{"0":[1,1,1],"1":[0,1],"2":[1,1]},"inputSourceMap":{"version":3,"file":"C:\\Data\\Apps\\gigih\\mid-term\\gigih-play-backend\\src\\outers\\configurations\\DotenvConfiguration.ts","sources":["C:\\Data\\Apps\\gigih\\mid-term\\gigih-play-backend\\src\\outers\\configurations\\DotenvConfiguration.ts"],"names":[],"mappings":";;;;;AAAA,oDAAwD;AAExD,MAAM,YAAY,GAAuB,gBAAM,CAAC,MAAM,CACpD;IACE,IAAI,EAAE,QAAQ;CACf,CACF,CAAA;AAED,kBAAe,YAAY,CAAA","sourcesContent":["import dotenv, { type DotenvConfigOutput } from 'dotenv'\r\n\r\nconst dotenvOutput: DotenvConfigOutput = dotenv.config(\r\n  {\r\n    path: './.env'\r\n  }\r\n)\r\n\r\nexport default dotenvOutput\r\n"]},"_coverageSchema":"1a1c01bbd47fc00a2c39e90264f33305004495a9","hash":"0e25107e45c9bbe67567b1524c29e5f90e0fcd81"},"C:\\Data\\Apps\\gigih\\mid-term\\gigih-play-backend\\src\\outers\\routes\\RootRoute.ts":{"path":"C:\\Data\\Apps\\gigih\\mid-term\\gigih-play-backend\\src\\outers\\routes\\RootRoute.ts","statementMap":{"0":{"start":{"line":2,"column":16},"end":{"line":10,"column":1}},"1":{"start":{"line":3,"column":28},"end":{"line":3,"column":110}},"2":{"start":{"line":3,"column":91},"end":{"line":3,"column":106}},"3":{"start":{"line":4,"column":4},"end":{"line":9,"column":7}},"4":{"start":{"line":5,"column":36},"end":{"line":5,"column":97}},"5":{"start":{"line":5,"column":42},"end":{"line":5,"column":70}},"6":{"start":{"line":5,"column":85},"end":{"line":5,"column":95}},"7":{"start":{"line":6,"column":35},"end":{"line":6,"column":100}},"8":{"start":{"line":6,"column":41},"end":{"line":6,"column":73}},"9":{"start":{"line":6,"column":88},"end":{"line":6,"column":98}},"10":{"start":{"line":7,"column":32},"end":{"line":7,"column":116}},"11":{"start":{"line":8,"column":8},"end":{"line":8,"column":78}},"12":{"start":{"line":11,"column":22},"end":{"line":13,"column":1}},"13":{"start":{"line":12,"column":4},"end":{"line":12,"column":62}},"14":{"start":{"line":14,"column":0},"end":{"line":14,"column":62}},"15":{"start":{"line":15,"column":18},"end":{"line":15,"column":36}},"16":{"start":{"line":16,"column":32},"end":{"line":16,"column":102}},"17":{"start":{"line":17,"column":28},"end":{"line":17,"column":89}},"18":{"start":{"line":18,"column":28},"end":{"line":18,"column":108}},"19":{"start":{"line":19,"column":25},"end":{"line":19,"column":83}},"20":{"start":{"line":20,"column":25},"end":{"line":20,"column":102}},"21":{"start":{"line":21,"column":29},"end":{"line":21,"column":96}},"22":{"start":{"line":22,"column":26},"end":{"line":22,"column":85}},"23":{"start":{"line":23,"column":26},"end":{"line":23,"column":104}},"24":{"start":{"line":24,"column":30},"end":{"line":24,"column":98}},"25":{"start":{"line":25,"column":28},"end":{"line":25,"column":89}},"26":{"start":{"line":26,"column":28},"end":{"line":26,"column":108}},"27":{"start":{"line":27,"column":32},"end":{"line":27,"column":102}},"28":{"start":{"line":28,"column":36},"end":{"line":28,"column":105}},"29":{"start":{"line":29,"column":36},"end":{"line":29,"column":124}},"30":{"start":{"line":30,"column":37},"end":{"line":30,"column":112}},"31":{"start":{"line":31,"column":40},"end":{"line":31,"column":118}},"32":{"start":{"line":32,"column":36},"end":{"line":32,"column":124}},"33":{"start":{"line":33,"column":36},"end":{"line":33,"column":105}},"34":{"start":{"line":34,"column":34},"end":{"line":34,"column":112}},"35":{"start":{"line":37,"column":8},"end":{"line":70,"column":11}},"36":{"start":{"line":37,"column":36},"end":{"line":70,"column":10}},"37":{"start":{"line":38,"column":37},"end":{"line":38,"column":60}},"38":{"start":{"line":39,"column":35},"end":{"line":39,"column":82}},"39":{"start":{"line":40,"column":35},"end":{"line":40,"column":79}},"40":{"start":{"line":41,"column":39},"end":{"line":41,"column":112}},"41":{"start":{"line":42,"column":12},"end":{"line":42,"column":48}},"42":{"start":{"line":43,"column":12},"end":{"line":43,"column":70}},"43":{"start":{"line":44,"column":36},"end":{"line":44,"column":84}},"44":{"start":{"line":45,"column":36},"end":{"line":45,"column":82}},"45":{"start":{"line":46,"column":40},"end":{"line":46,"column":115}},"46":{"start":{"line":47,"column":12},"end":{"line":47,"column":49}},"47":{"start":{"line":48,"column":12},"end":{"line":48,"column":72}},"48":{"start":{"line":49,"column":38},"end":{"line":49,"column":88}},"49":{"start":{"line":50,"column":38},"end":{"line":50,"column":104}},"50":{"start":{"line":51,"column":42},"end":{"line":51,"column":121}},"51":{"start":{"line":52,"column":12},"end":{"line":52,"column":51}},"52":{"start":{"line":53,"column":12},"end":{"line":53,"column":76}},"53":{"start":{"line":54,"column":38},"end":{"line":54,"column":88}},"54":{"start":{"line":55,"column":38},"end":{"line":55,"column":88}},"55":{"start":{"line":56,"column":42},"end":{"line":56,"column":121}},"56":{"start":{"line":57,"column":12},"end":{"line":57,"column":51}},"57":{"start":{"line":58,"column":12},"end":{"line":58,"column":76}},"58":{"start":{"line":59,"column":46},"end":{"line":59,"column":104}},"59":{"start":{"line":60,"column":46},"end":{"line":60,"column":112}},"60":{"start":{"line":61,"column":50},"end":{"line":61,"column":142}},"61":{"start":{"line":62,"column":12},"end":{"line":62,"column":59}},"62":{"start":{"line":63,"column":12},"end":{"line":63,"column":94}},"63":{"start":{"line":64,"column":46},"end":{"line":64,"column":104}},"64":{"start":{"line":65,"column":46},"end":{"line":65,"column":112}},"65":{"start":{"line":66,"column":50},"end":{"line":66,"column":145}},"66":{"start":{"line":67,"column":12},"end":{"line":67,"column":59}},"67":{"start":{"line":68,"column":12},"end":{"line":68,"column":94}},"68":{"start":{"line":69,"column":12},"end":{"line":69,"column":54}},"69":{"start":{"line":71,"column":8},"end":{"line":78,"column":11}},"70":{"start":{"line":71,"column":37},"end":{"line":78,"column":10}},"71":{"start":{"line":72,"column":35},"end":{"line":72,"column":82}},"72":{"start":{"line":73,"column":38},"end":{"line":73,"column":88}},"73":{"start":{"line":74,"column":35},"end":{"line":74,"column":79}},"74":{"start":{"line":75,"column":38},"end":{"line":75,"column":104}},"75":{"start":{"line":76,"column":44},"end":{"line":76,"column":125}},"76":{"start":{"line":77,"column":12},"end":{"line":77,"column":54}},"77":{"start":{"line":79,"column":8},"end":{"line":79,"column":23}},"78":{"start":{"line":80,"column":8},"end":{"line":80,"column":21}},"79":{"start":{"line":81,"column":8},"end":{"line":81,"column":41}},"80":{"start":{"line":84,"column":0},"end":{"line":84,"column":28}}},"fnMap":{"0":{"name":"(anonymous_0)","decl":{"start":{"line":2,"column":44},"end":{"line":2,"column":45}},"loc":{"start":{"line":2,"column":89},"end":{"line":10,"column":1}},"line":2},"1":{"name":"adopt","decl":{"start":{"line":3,"column":13},"end":{"line":3,"column":18}},"loc":{"start":{"line":3,"column":26},"end":{"line":3,"column":112}},"line":3},"2":{"name":"(anonymous_2)","decl":{"start":{"line":3,"column":70},"end":{"line":3,"column":71}},"loc":{"start":{"line":3,"column":89},"end":{"line":3,"column":108}},"line":3},"3":{"name":"(anonymous_3)","decl":{"start":{"line":4,"column":36},"end":{"line":4,"column":37}},"loc":{"start":{"line":4,"column":63},"end":{"line":9,"column":5}},"line":4},"4":{"name":"fulfilled","decl":{"start":{"line":5,"column":17},"end":{"line":5,"column":26}},"loc":{"start":{"line":5,"column":34},"end":{"line":5,"column":99}},"line":5},"5":{"name":"rejected","decl":{"start":{"line":6,"column":17},"end":{"line":6,"column":25}},"loc":{"start":{"line":6,"column":33},"end":{"line":6,"column":102}},"line":6},"6":{"name":"step","decl":{"start":{"line":7,"column":17},"end":{"line":7,"column":21}},"loc":{"start":{"line":7,"column":30},"end":{"line":7,"column":118}},"line":7},"7":{"name":"(anonymous_7)","decl":{"start":{"line":11,"column":56},"end":{"line":11,"column":57}},"loc":{"start":{"line":11,"column":71},"end":{"line":13,"column":1}},"line":11},"8":{"name":"(anonymous_8)","decl":{"start":{"line":36,"column":4},"end":{"line":36,"column":5}},"loc":{"start":{"line":36,"column":39},"end":{"line":82,"column":5}},"line":36},"9":{"name":"(anonymous_9)","decl":{"start":{"line":37,"column":30},"end":{"line":37,"column":31}},"loc":{"start":{"line":37,"column":36},"end":{"line":70,"column":10}},"line":37},"10":{"name":"(anonymous_10)","decl":{"start":{"line":37,"column":68},"end":{"line":37,"column":69}},"loc":{"start":{"line":37,"column":81},"end":{"line":70,"column":9}},"line":37},"11":{"name":"(anonymous_11)","decl":{"start":{"line":71,"column":31},"end":{"line":71,"column":32}},"loc":{"start":{"line":71,"column":37},"end":{"line":78,"column":10}},"line":71},"12":{"name":"(anonymous_12)","decl":{"start":{"line":71,"column":69},"end":{"line":71,"column":70}},"loc":{"start":{"line":71,"column":82},"end":{"line":78,"column":9}},"line":71}},"branchMap":{"0":{"loc":{"start":{"line":2,"column":16},"end":{"line":10,"column":1}},"type":"binary-expr","locations":[{"start":{"line":2,"column":17},"end":{"line":2,"column":21}},{"start":{"line":2,"column":25},"end":{"line":2,"column":39}},{"start":{"line":2,"column":44},"end":{"line":10,"column":1}}],"line":2},"1":{"loc":{"start":{"line":3,"column":35},"end":{"line":3,"column":109}},"type":"cond-expr","locations":[{"start":{"line":3,"column":56},"end":{"line":3,"column":61}},{"start":{"line":3,"column":64},"end":{"line":3,"column":109}}],"line":3},"2":{"loc":{"start":{"line":4,"column":16},"end":{"line":4,"column":34}},"type":"binary-expr","locations":[{"start":{"line":4,"column":16},"end":{"line":4,"column":17}},{"start":{"line":4,"column":22},"end":{"line":4,"column":33}}],"line":4},"3":{"loc":{"start":{"line":7,"column":32},"end":{"line":7,"column":115}},"type":"cond-expr","locations":[{"start":{"line":7,"column":46},"end":{"line":7,"column":67}},{"start":{"line":7,"column":70},"end":{"line":7,"column":115}}],"line":7},"4":{"loc":{"start":{"line":8,"column":51},"end":{"line":8,"column":67}},"type":"binary-expr","locations":[{"start":{"line":8,"column":51},"end":{"line":8,"column":61}},{"start":{"line":8,"column":65},"end":{"line":8,"column":67}}],"line":8},"5":{"loc":{"start":{"line":11,"column":22},"end":{"line":13,"column":1}},"type":"binary-expr","locations":[{"start":{"line":11,"column":23},"end":{"line":11,"column":27}},{"start":{"line":11,"column":31},"end":{"line":11,"column":51}},{"start":{"line":11,"column":56},"end":{"line":13,"column":1}}],"line":11},"6":{"loc":{"start":{"line":12,"column":11},"end":{"line":12,"column":61}},"type":"cond-expr","locations":[{"start":{"line":12,"column":37},"end":{"line":12,"column":40}},{"start":{"line":12,"column":43},"end":{"line":12,"column":61}}],"line":12},"7":{"loc":{"start":{"line":12,"column":12},"end":{"line":12,"column":33}},"type":"binary-expr","locations":[{"start":{"line":12,"column":12},"end":{"line":12,"column":15}},{"start":{"line":12,"column":19},"end":{"line":12,"column":33}}],"line":12}},"s":{"0":1,"1":0,"2":0,"3":2,"4":0,"5":0,"6":0,"7":0,"8":0,"9":0,"10":2,"11":2,"12":1,"13":19,"14":1,"15":1,"16":1,"17":1,"18":1,"19":1,"20":1,"21":1,"22":1,"23":1,"24":1,"25":1,"26":1,"27":1,"28":1,"29":1,"30":1,"31":1,"32":1,"33":1,"34":1,"35":1,"36":1,"37":1,"38":1,"39":1,"40":1,"41":1,"42":1,"43":1,"44":1,"45":1,"46":1,"47":1,"48":1,"49":1,"50":1,"51":1,"52":1,"53":1,"54":1,"55":1,"56":1,"57":1,"58":1,"59":1,"60":1,"61":1,"62":1,"63":1,"64":1,"65":1,"66":1,"67":1,"68":1,"69":1,"70":1,"71":1,"72":1,"73":1,"74":1,"75":1,"76":1,"77":1,"78":1,"79":1,"80":1},"f":{"0":2,"1":0,"2":0,"3":2,"4":0,"5":0,"6":2,"7":19,"8":1,"9":1,"10":1,"11":1,"12":1},"b":{"0":[1,1,1],"1":[0,0],"2":[2,2],"3":[2,0],"4":[2,2],"5":[1,1,1],"6":[19,0],"7":[19,19]},"inputSourceMap":{"version":3,"file":"C:\\Data\\Apps\\gigih\\mid-term\\gigih-play-backend\\src\\outers\\routes\\RootRoute.ts","sources":["C:\\Data\\Apps\\gigih\\mid-term\\gigih-play-backend\\src\\outers\\routes\\RootRoute.ts"],"names":[],"mappings":";;;;;;;;;;;;;;AAAA,qCAAkD;AAClD,uGAA8E;AAE9E,0FAAiE;AACjE,6GAAoF;AACpF,oFAA2D;AAC3D,uGAA8E;AAC9E,iGAAwE;AACxE,sFAA6D;AAC7D,yGAAgF;AAChF,mGAA0E;AAC1E,0FAAiE;AACjE,6GAAoF;AACpF,uGAA8E;AAC9E,0GAAiF;AACjF,6HAAoG;AACpG,iHAAuF;AACvF,uHAA8F;AAC9F,6HAAoG;AACpG,0GAAiF;AAEjF,iHAAwF;AAExF,MAAqB,SAAS;IAK5B,YAAa,GAAgB,EAAE,EAAmB,EAAE,YAA0B;QAM9E,mBAAc,GAAG,GAAwB,EAAE;YACzC,MAAM,gBAAgB,GAAG,IAAA,gBAAM,GAAE,CAAA;YAEjC,MAAM,cAAc,GAAmB,IAAI,wBAAc,CAAC,IAAI,CAAC,YAAY,CAAC,CAAA;YAC5E,MAAM,cAAc,GAAmB,IAAI,wBAAc,CAAC,cAAc,CAAC,CAAA;YACzE,MAAM,kBAAkB,GAAuB,IAAI,4BAAkB,CAAC,IAAA,gBAAM,GAAE,EAAE,cAAc,CAAC,CAAA;YAC/F,kBAAkB,CAAC,cAAc,EAAE,CAAA;YACnC,gBAAgB,CAAC,GAAG,CAAC,QAAQ,EAAE,kBAAkB,CAAC,MAAM,CAAC,CAAA;YAEzD,MAAM,eAAe,GAAoB,IAAI,yBAAe,CAAC,IAAI,CAAC,YAAY,CAAC,CAAA;YAC/E,MAAM,eAAe,GAAoB,IAAI,yBAAe,CAAC,eAAe,CAAC,CAAA;YAC7E,MAAM,mBAAmB,GAAwB,IAAI,6BAAmB,CAAC,IAAA,gBAAM,GAAE,EAAE,eAAe,CAAC,CAAA;YACnG,mBAAmB,CAAC,cAAc,EAAE,CAAA;YACpC,gBAAgB,CAAC,GAAG,CAAC,SAAS,EAAE,mBAAmB,CAAC,MAAM,CAAC,CAAA;YAE3D,MAAM,iBAAiB,GAAsB,IAAI,2BAAiB,CAAC,IAAI,CAAC,YAAY,CAAC,CAAA;YACrF,MAAM,iBAAiB,GAAsB,IAAI,2BAAiB,CAAC,iBAAiB,EAAE,cAAc,CAAC,CAAA;YACrG,MAAM,qBAAqB,GAA0B,IAAI,+BAAqB,CAAC,IAAA,gBAAM,GAAE,EAAE,iBAAiB,CAAC,CAAA;YAC3G,qBAAqB,CAAC,cAAc,EAAE,CAAA;YACtC,gBAAgB,CAAC,GAAG,CAAC,WAAW,EAAE,qBAAqB,CAAC,MAAM,CAAC,CAAA;YAE/D,MAAM,iBAAiB,GAAsB,IAAI,2BAAiB,CAAC,IAAI,CAAC,YAAY,CAAC,CAAA;YACrF,MAAM,iBAAiB,GAAsB,IAAI,2BAAiB,CAAC,iBAAiB,CAAC,CAAA;YACrF,MAAM,qBAAqB,GAA0B,IAAI,+BAAqB,CAAC,IAAA,gBAAM,GAAE,EAAE,iBAAiB,CAAC,CAAA;YAC3G,qBAAqB,CAAC,cAAc,EAAE,CAAA;YACtC,gBAAgB,CAAC,GAAG,CAAC,WAAW,EAAE,qBAAqB,CAAC,MAAM,CAAC,CAAA;YAE/D,MAAM,yBAAyB,GAA8B,IAAI,mCAAyB,CAAC,IAAI,CAAC,YAAY,CAAC,CAAA;YAC7G,MAAM,yBAAyB,GAA8B,IAAI,mCAAyB,CAAC,yBAAyB,CAAC,CAAA;YACrH,MAAM,6BAA6B,GAA8B,IAAI,oCAAyB,CAAC,IAAA,gBAAM,GAAE,EAAE,yBAAyB,CAAC,CAAA;YACnI,6BAA6B,CAAC,cAAc,EAAE,CAAA;YAC9C,gBAAgB,CAAC,GAAG,CAAC,qBAAqB,EAAE,6BAA6B,CAAC,MAAM,CAAC,CAAA;YAEjF,MAAM,yBAAyB,GAA8B,IAAI,mCAAyB,CAAC,IAAI,CAAC,YAAY,CAAC,CAAA;YAC7G,MAAM,yBAAyB,GAA8B,IAAI,mCAAyB,CAAC,yBAAyB,CAAC,CAAA;YACrH,MAAM,6BAA6B,GAAkC,IAAI,uCAA6B,CAAC,IAAA,gBAAM,GAAE,EAAE,yBAAyB,CAAC,CAAA;YAC3I,6BAA6B,CAAC,cAAc,EAAE,CAAA;YAC9C,gBAAgB,CAAC,GAAG,CAAC,qBAAqB,EAAE,6BAA6B,CAAC,MAAM,CAAC,CAAA;YAEjF,IAAI,CAAC,GAAG,CAAC,GAAG,CAAC,SAAS,EAAE,gBAAgB,CAAC,CAAA;QAC3C,CAAC,CAAA,CAAA;QAED,oBAAe,GAAG,GAAwB,EAAE;YAC1C,MAAM,cAAc,GAAmB,IAAI,wBAAc,CAAC,IAAI,CAAC,YAAY,CAAC,CAAA;YAC5E,MAAM,iBAAiB,GAAsB,IAAI,2BAAiB,CAAC,IAAI,CAAC,YAAY,CAAC,CAAA;YACrF,MAAM,cAAc,GAAmB,IAAI,wBAAc,CAAC,cAAc,CAAC,CAAA;YACzE,MAAM,iBAAiB,GAAsB,IAAI,2BAAiB,CAAC,iBAAiB,EAAE,cAAc,CAAC,CAAA;YACrG,MAAM,uBAAuB,GAA4B,IAAI,iCAAuB,CAAC,IAAI,CAAC,EAAE,EAAE,iBAAiB,EAAE,cAAc,CAAC,CAAA;YAChI,uBAAuB,CAAC,eAAe,EAAE,CAAA;QAC3C,CAAC,CAAA,CAAA;QAtDC,IAAI,CAAC,GAAG,GAAG,GAAG,CAAA;QACd,IAAI,CAAC,EAAE,GAAG,EAAE,CAAA;QACZ,IAAI,CAAC,YAAY,GAAG,YAAY,CAAA;IAClC,CAAC;CAoDF;AA7DD,4BA6DC","sourcesContent":["import { type Application, Router } from 'express'\r\nimport ProductControllerRest from '../controllers/rests/ProductControllerRest'\r\nimport type OneDatastore from '../datastores/OneDatastore'\r\nimport ProductRepository from '../repositories/ProductRepository'\r\nimport ProductManagement from '../../inners/use_cases/managements/ProductManagement'\r\nimport UserRepository from '../repositories/UserRepository'\r\nimport UserManagement from '../../inners/use_cases/managements/UserManagement'\r\nimport UserControllerRest from '../controllers/rests/UserControllerRest'\r\nimport VideoRepository from '../repositories/VideoRepository'\r\nimport VideoManagement from '../../inners/use_cases/managements/VideoManagement'\r\nimport VideoControllerRest from '../controllers/rests/VideoControllerRest'\r\nimport CommentRepository from '../repositories/CommentRepository'\r\nimport CommentManagement from '../../inners/use_cases/managements/CommentManagement'\r\nimport CommentControllerRest from '../controllers/rests/CommentControllerRest'\r\nimport VideoCommentMapRepository from '../repositories/VideoCommentMapRepository'\r\nimport VideoCommentMapManagement from '../../inners/use_cases/managements/VideoCommentMapManagement'\r\nimport VideoCommentMapController from '../controllers/rests/VideoCommentControllerRest'\r\nimport VideoProductMapControllerRest from '../controllers/rests/VideoProductMapControllerRest'\r\nimport VideoProductMapManagement from '../../inners/use_cases/managements/VideoProductMapManagement'\r\nimport VideoProductMapRepository from '../repositories/VideoProductMapRepository'\r\nimport type socketIo from 'socket.io'\r\nimport RoomControllerWebSocket from '../controllers/web_sockets/RoomControllerWebSocket'\r\n\r\nexport default class RootRoute {\r\n  app: Application\r\n  io: socketIo.Server\r\n  datastoreOne: OneDatastore\r\n\r\n  constructor (app: Application, io: socketIo.Server, datastoreOne: OneDatastore) {\r\n    this.app = app\r\n    this.io = io\r\n    this.datastoreOne = datastoreOne\r\n  }\r\n\r\n  registerRoutes = async (): Promise<void> => {\r\n    const routerVersionOne = Router()\r\n\r\n    const userRepository: UserRepository = new UserRepository(this.datastoreOne)\r\n    const userManagement: UserManagement = new UserManagement(userRepository)\r\n    const userControllerRest: UserControllerRest = new UserControllerRest(Router(), userManagement)\r\n    userControllerRest.registerRoutes()\r\n    routerVersionOne.use('/users', userControllerRest.router)\r\n\r\n    const videoRepository: VideoRepository = new VideoRepository(this.datastoreOne)\r\n    const videoManagement: VideoManagement = new VideoManagement(videoRepository)\r\n    const videoControllerRest: VideoControllerRest = new VideoControllerRest(Router(), videoManagement)\r\n    videoControllerRest.registerRoutes()\r\n    routerVersionOne.use('/videos', videoControllerRest.router)\r\n\r\n    const commentRepository: CommentRepository = new CommentRepository(this.datastoreOne)\r\n    const commentManagement: CommentManagement = new CommentManagement(commentRepository, userRepository)\r\n    const commentControllerRest: CommentControllerRest = new CommentControllerRest(Router(), commentManagement)\r\n    commentControllerRest.registerRoutes()\r\n    routerVersionOne.use('/comments', commentControllerRest.router)\r\n\r\n    const productRepository: ProductRepository = new ProductRepository(this.datastoreOne)\r\n    const productManagement: ProductManagement = new ProductManagement(productRepository)\r\n    const productControllerRest: ProductControllerRest = new ProductControllerRest(Router(), productManagement)\r\n    productControllerRest.registerRoutes()\r\n    routerVersionOne.use('/products', productControllerRest.router)\r\n\r\n    const videoCommentMapRepository: VideoCommentMapRepository = new VideoCommentMapRepository(this.datastoreOne)\r\n    const videoCommentMapManagement: VideoCommentMapManagement = new VideoCommentMapManagement(videoCommentMapRepository)\r\n    const videoCommentMapControllerRest: VideoCommentMapController = new VideoCommentMapController(Router(), videoCommentMapManagement)\r\n    videoCommentMapControllerRest.registerRoutes()\r\n    routerVersionOne.use('/video-comment-maps', videoCommentMapControllerRest.router)\r\n\r\n    const videoProductMapRepository: VideoProductMapRepository = new VideoProductMapRepository(this.datastoreOne)\r\n    const videoProductMapManagement: VideoProductMapManagement = new VideoProductMapManagement(videoProductMapRepository)\r\n    const videoProductMapControllerRest: VideoProductMapControllerRest = new VideoProductMapControllerRest(Router(), videoProductMapManagement)\r\n    videoProductMapControllerRest.registerRoutes()\r\n    routerVersionOne.use('/video-product-maps', videoProductMapControllerRest.router)\r\n\r\n    this.app.use('/api/v1', routerVersionOne)\r\n  }\r\n\r\n  registerSockets = async (): Promise<void> => {\r\n    const userRepository: UserRepository = new UserRepository(this.datastoreOne)\r\n    const commentRepository: CommentRepository = new CommentRepository(this.datastoreOne)\r\n    const userManagement: UserManagement = new UserManagement(userRepository)\r\n    const commentManagement: CommentManagement = new CommentManagement(commentRepository, userRepository)\r\n    const roomControllerWebSocket: RoomControllerWebSocket = new RoomControllerWebSocket(this.io, commentManagement, userManagement)\r\n    roomControllerWebSocket.registerSockets()\r\n  }\r\n}\r\n"]},"_coverageSchema":"1a1c01bbd47fc00a2c39e90264f33305004495a9","hash":"7278c728731dfdc3a625c8148cce6f6bea26d0c5"},"C:\\Data\\Apps\\gigih\\mid-term\\gigih-play-backend\\src\\outers\\controllers\\rests\\ProductControllerRest.ts":{"path":"C:\\Data\\Apps\\gigih\\mid-term\\gigih-play-backend\\src\\outers\\controllers\\rests\\ProductControllerRest.ts","statementMap":{"0":{"start":{"line":2,"column":0},"end":{"line":2,"column":62}},"1":{"start":{"line":5,"column":8},"end":{"line":12,"column":10}},"2":{"start":{"line":6,"column":12},"end":{"line":6,"column":46}},"3":{"start":{"line":7,"column":12},"end":{"line":7,"column":71}},"4":{"start":{"line":8,"column":12},"end":{"line":8,"column":54}},"5":{"start":{"line":9,"column":12},"end":{"line":9,"column":49}},"6":{"start":{"line":10,"column":12},"end":{"line":10,"column":57}},"7":{"start":{"line":11,"column":12},"end":{"line":11,"column":59}},"8":{"start":{"line":13,"column":8},"end":{"line":26,"column":10}},"9":{"start":{"line":14,"column":12},"end":{"line":25,"column":15}},"10":{"start":{"line":17,"column":16},"end":{"line":17,"column":60}},"11":{"start":{"line":20,"column":16},"end":{"line":24,"column":19}},"12":{"start":{"line":27,"column":8},"end":{"line":41,"column":10}},"13":{"start":{"line":28,"column":32},"end":{"line":28,"column":46}},"14":{"start":{"line":29,"column":12},"end":{"line":40,"column":15}},"15":{"start":{"line":32,"column":16},"end":{"line":32,"column":60}},"16":{"start":{"line":35,"column":16},"end":{"line":39,"column":19}},"17":{"start":{"line":42,"column":8},"end":{"line":56,"column":10}},"18":{"start":{"line":43,"column":27},"end":{"line":43,"column":41}},"19":{"start":{"line":44,"column":12},"end":{"line":55,"column":15}},"20":{"start":{"line":47,"column":16},"end":{"line":47,"column":60}},"21":{"start":{"line":50,"column":16},"end":{"line":54,"column":19}},"22":{"start":{"line":57,"column":8},"end":{"line":70,"column":10}},"23":{"start":{"line":58,"column":12},"end":{"line":69,"column":15}},"24":{"start":{"line":61,"column":16},"end":{"line":61,"column":60}},"25":{"start":{"line":64,"column":16},"end":{"line":68,"column":19}},"26":{"start":{"line":71,"column":8},"end":{"line":85,"column":10}},"27":{"start":{"line":72,"column":27},"end":{"line":72,"column":41}},"28":{"start":{"line":73,"column":12},"end":{"line":84,"column":15}},"29":{"start":{"line":76,"column":16},"end":{"line":76,"column":60}},"30":{"start":{"line":79,"column":16},"end":{"line":83,"column":19}},"31":{"start":{"line":86,"column":8},"end":{"line":100,"column":10}},"32":{"start":{"line":87,"column":27},"end":{"line":87,"column":41}},"33":{"start":{"line":88,"column":12},"end":{"line":99,"column":15}},"34":{"start":{"line":91,"column":16},"end":{"line":91,"column":60}},"35":{"start":{"line":94,"column":16},"end":{"line":98,"column":19}},"36":{"start":{"line":101,"column":8},"end":{"line":101,"column":29}},"37":{"start":{"line":102,"column":8},"end":{"line":102,"column":51}},"38":{"start":{"line":105,"column":0},"end":{"line":105,"column":40}}},"fnMap":{"0":{"name":"(anonymous_0)","decl":{"start":{"line":4,"column":4},"end":{"line":4,"column":5}},"loc":{"start":{"line":4,"column":43},"end":{"line":103,"column":5}},"line":4},"1":{"name":"(anonymous_1)","decl":{"start":{"line":5,"column":30},"end":{"line":5,"column":31}},"loc":{"start":{"line":5,"column":36},"end":{"line":12,"column":9}},"line":5},"2":{"name":"(anonymous_2)","decl":{"start":{"line":13,"column":23},"end":{"line":13,"column":24}},"loc":{"start":{"line":13,"column":46},"end":{"line":26,"column":9}},"line":13},"3":{"name":"(anonymous_3)","decl":{"start":{"line":16,"column":22},"end":{"line":16,"column":23}},"loc":{"start":{"line":16,"column":34},"end":{"line":18,"column":13}},"line":16},"4":{"name":"(anonymous_4)","decl":{"start":{"line":19,"column":23},"end":{"line":19,"column":24}},"loc":{"start":{"line":19,"column":34},"end":{"line":25,"column":13}},"line":19},"5":{"name":"(anonymous_5)","decl":{"start":{"line":27,"column":32},"end":{"line":27,"column":33}},"loc":{"start":{"line":27,"column":55},"end":{"line":41,"column":9}},"line":27},"6":{"name":"(anonymous_6)","decl":{"start":{"line":31,"column":22},"end":{"line":31,"column":23}},"loc":{"start":{"line":31,"column":34},"end":{"line":33,"column":13}},"line":31},"7":{"name":"(anonymous_7)","decl":{"start":{"line":34,"column":23},"end":{"line":34,"column":24}},"loc":{"start":{"line":34,"column":34},"end":{"line":40,"column":13}},"line":34},"8":{"name":"(anonymous_8)","decl":{"start":{"line":42,"column":27},"end":{"line":42,"column":28}},"loc":{"start":{"line":42,"column":50},"end":{"line":56,"column":9}},"line":42},"9":{"name":"(anonymous_9)","decl":{"start":{"line":46,"column":22},"end":{"line":46,"column":23}},"loc":{"start":{"line":46,"column":34},"end":{"line":48,"column":13}},"line":46},"10":{"name":"(anonymous_10)","decl":{"start":{"line":49,"column":23},"end":{"line":49,"column":24}},"loc":{"start":{"line":49,"column":34},"end":{"line":55,"column":13}},"line":49},"11":{"name":"(anonymous_11)","decl":{"start":{"line":57,"column":25},"end":{"line":57,"column":26}},"loc":{"start":{"line":57,"column":48},"end":{"line":70,"column":9}},"line":57},"12":{"name":"(anonymous_12)","decl":{"start":{"line":60,"column":22},"end":{"line":60,"column":23}},"loc":{"start":{"line":60,"column":34},"end":{"line":62,"column":13}},"line":60},"13":{"name":"(anonymous_13)","decl":{"start":{"line":63,"column":23},"end":{"line":63,"column":24}},"loc":{"start":{"line":63,"column":34},"end":{"line":69,"column":13}},"line":63},"14":{"name":"(anonymous_14)","decl":{"start":{"line":71,"column":28},"end":{"line":71,"column":29}},"loc":{"start":{"line":71,"column":51},"end":{"line":85,"column":9}},"line":71},"15":{"name":"(anonymous_15)","decl":{"start":{"line":75,"column":22},"end":{"line":75,"column":23}},"loc":{"start":{"line":75,"column":34},"end":{"line":77,"column":13}},"line":75},"16":{"name":"(anonymous_16)","decl":{"start":{"line":78,"column":23},"end":{"line":78,"column":24}},"loc":{"start":{"line":78,"column":34},"end":{"line":84,"column":13}},"line":78},"17":{"name":"(anonymous_17)","decl":{"start":{"line":86,"column":29},"end":{"line":86,"column":30}},"loc":{"start":{"line":86,"column":52},"end":{"line":100,"column":9}},"line":86},"18":{"name":"(anonymous_18)","decl":{"start":{"line":90,"column":22},"end":{"line":90,"column":23}},"loc":{"start":{"line":90,"column":34},"end":{"line":92,"column":13}},"line":90},"19":{"name":"(anonymous_19)","decl":{"start":{"line":93,"column":23},"end":{"line":93,"column":24}},"loc":{"start":{"line":93,"column":34},"end":{"line":99,"column":13}},"line":93}},"branchMap":{},"s":{"0":1,"1":1,"2":1,"3":1,"4":1,"5":1,"6":1,"7":1,"8":1,"9":0,"10":0,"11":0,"12":1,"13":0,"14":0,"15":0,"16":0,"17":1,"18":0,"19":0,"20":0,"21":0,"22":1,"23":0,"24":0,"25":0,"26":1,"27":0,"28":0,"29":0,"30":0,"31":1,"32":0,"33":0,"34":0,"35":0,"36":1,"37":1,"38":1},"f":{"0":1,"1":1,"2":0,"3":0,"4":0,"5":0,"6":0,"7":0,"8":0,"9":0,"10":0,"11":0,"12":0,"13":0,"14":0,"15":0,"16":0,"17":0,"18":0,"19":0},"b":{},"inputSourceMap":{"version":3,"file":"C:\\Data\\Apps\\gigih\\mid-term\\gigih-play-backend\\src\\outers\\controllers\\rests\\ProductControllerRest.ts","sources":["C:\\Data\\Apps\\gigih\\mid-term\\gigih-play-backend\\src\\outers\\controllers\\rests\\ProductControllerRest.ts"],"names":[],"mappings":";;AAMA,MAAqB,qBAAqB;IAIxC,YAAa,MAAc,EAAE,iBAAoC;QAKjE,mBAAc,GAAG,GAAS,EAAE;YAC1B,IAAI,CAAC,MAAM,CAAC,GAAG,CAAC,EAAE,EAAE,IAAI,CAAC,OAAO,CAAC,CAAA;YACjC,IAAI,CAAC,MAAM,CAAC,GAAG,CAAC,kBAAkB,EAAE,IAAI,CAAC,gBAAgB,CAAC,CAAA;YAC1D,IAAI,CAAC,MAAM,CAAC,GAAG,CAAC,MAAM,EAAE,IAAI,CAAC,WAAW,CAAC,CAAA;YACzC,IAAI,CAAC,MAAM,CAAC,IAAI,CAAC,EAAE,EAAE,IAAI,CAAC,SAAS,CAAC,CAAA;YACpC,IAAI,CAAC,MAAM,CAAC,KAAK,CAAC,MAAM,EAAE,IAAI,CAAC,YAAY,CAAC,CAAA;YAC5C,IAAI,CAAC,MAAM,CAAC,MAAM,CAAC,MAAM,EAAE,IAAI,CAAC,aAAa,CAAC,CAAA;QAChD,CAAC,CAAA;QAED,YAAO,GAAG,CAAC,OAAgB,EAAE,QAAkB,EAAQ,EAAE;YACvD,IAAI,CAAC,iBAAiB;iBACnB,OAAO,EAAE;iBACT,IAAI,CAAC,CAAC,MAAyB,EAAE,EAAE;gBAClC,QAAQ,CAAC,MAAM,CAAC,MAAM,CAAC,MAAM,CAAC,CAAC,IAAI,CAAC,MAAM,CAAC,CAAA;YAC7C,CAAC,CAAC;iBACD,KAAK,CAAC,CAAC,KAAY,EAAE,EAAE;gBACtB,QAAQ,CAAC,MAAM,CAAC,GAAG,CAAC,CAAC,IAAI,CAAC;oBACxB,MAAM,EAAE,GAAG;oBACX,OAAO,EAAE,KAAK,CAAC,OAAO;oBACtB,IAAI,EAAE,IAAI;iBACX,CAAC,CAAA;YACJ,CAAC,CAAC,CAAA;QACN,CAAC,CAAA;QAED,qBAAgB,GAAG,CAAC,OAAgB,EAAE,QAAkB,EAAQ,EAAE;YAChE,MAAM,EAAE,OAAO,EAAE,GAAG,OAAO,CAAC,MAAM,CAAA;YAClC,IAAI,CAAC,iBAAiB;iBACnB,gBAAgB,CAAC,OAAO,CAAC;iBACzB,IAAI,CAAC,CAAC,MAAyB,EAAE,EAAE;gBAClC,QAAQ,CAAC,MAAM,CAAC,MAAM,CAAC,MAAM,CAAC,CAAC,IAAI,CAAC,MAAM,CAAC,CAAA;YAC7C,CAAC,CAAC;iBACD,KAAK,CAAC,CAAC,KAAY,EAAE,EAAE;gBACtB,QAAQ,CAAC,MAAM,CAAC,GAAG,CAAC,CAAC,IAAI,CAAC;oBACxB,MAAM,EAAE,GAAG;oBACX,OAAO,EAAE,KAAK,CAAC,OAAO;oBACtB,IAAI,EAAE,IAAI;iBACX,CAAC,CAAA;YACJ,CAAC,CAAC,CAAA;QACN,CAAC,CAAA;QAED,gBAAW,GAAG,CAAC,OAAgB,EAAE,QAAkB,EAAQ,EAAE;YAC3D,MAAM,EAAE,EAAE,EAAE,GAAG,OAAO,CAAC,MAAM,CAAA;YAC7B,IAAI,CAAC,iBAAiB;iBACnB,WAAW,CAAC,EAAE,CAAC;iBACf,IAAI,CAAC,CAAC,MAAuB,EAAE,EAAE;gBAChC,QAAQ,CAAC,MAAM,CAAC,MAAM,CAAC,MAAM,CAAC,CAAC,IAAI,CAAC,MAAM,CAAC,CAAA;YAC7C,CAAC,CAAC;iBACD,KAAK,CAAC,CAAC,KAAY,EAAE,EAAE;gBACtB,QAAQ,CAAC,MAAM,CAAC,GAAG,CAAC,CAAC,IAAI,CAAC;oBACxB,MAAM,EAAE,GAAG;oBACX,OAAO,EAAE,KAAK,CAAC,OAAO;oBACtB,IAAI,EAAE,IAAI;iBACX,CAAC,CAAA;YACJ,CAAC,CAAC,CAAA;QACN,CAAC,CAAA;QAED,cAAS,GAAG,CAAC,OAAgB,EAAE,QAAkB,EAAQ,EAAE;YACzD,IAAI,CAAC,iBAAiB;iBACnB,SAAS,CAAC,OAAO,CAAC,IAAI,CAAC;iBACvB,IAAI,CAAC,CAAC,MAAuB,EAAE,EAAE;gBAChC,QAAQ,CAAC,MAAM,CAAC,MAAM,CAAC,MAAM,CAAC,CAAC,IAAI,CAAC,MAAM,CAAC,CAAA;YAC7C,CAAC,CAAC;iBACD,KAAK,CAAC,CAAC,KAAY,EAAE,EAAE;gBACtB,QAAQ,CAAC,MAAM,CAAC,GAAG,CAAC,CAAC,IAAI,CAAC;oBACxB,MAAM,EAAE,GAAG;oBACX,OAAO,EAAE,KAAK,CAAC,OAAO;oBACtB,IAAI,EAAE,IAAI;iBACX,CAAC,CAAA;YACJ,CAAC,CAAC,CAAA;QACN,CAAC,CAAA;QAED,iBAAY,GAAG,CAAC,OAAgB,EAAE,QAAkB,EAAQ,EAAE;YAC5D,MAAM,EAAE,EAAE,EAAE,GAAG,OAAO,CAAC,MAAM,CAAA;YAC7B,IAAI,CAAC,iBAAiB;iBACnB,YAAY,CAAC,EAAE,EAAE,OAAO,CAAC,IAAI,CAAC;iBAC9B,IAAI,CAAC,CAAC,MAAuB,EAAE,EAAE;gBAChC,QAAQ,CAAC,MAAM,CAAC,MAAM,CAAC,MAAM,CAAC,CAAC,IAAI,CAAC,MAAM,CAAC,CAAA;YAC7C,CAAC,CAAC;iBACD,KAAK,CAAC,CAAC,KAAY,EAAE,EAAE;gBACtB,QAAQ,CAAC,MAAM,CAAC,GAAG,CAAC,CAAC,IAAI,CAAC;oBACxB,MAAM,EAAE,GAAG;oBACX,OAAO,EAAE,KAAK,CAAC,OAAO;oBACtB,IAAI,EAAE,IAAI;iBACX,CAAC,CAAA;YACJ,CAAC,CAAC,CAAA;QACN,CAAC,CAAA;QAED,kBAAa,GAAG,CAAC,OAAgB,EAAE,QAAkB,EAAQ,EAAE;YAC7D,MAAM,EAAE,EAAE,EAAE,GAAG,OAAO,CAAC,MAAM,CAAA;YAC7B,IAAI,CAAC,iBAAiB;iBACnB,aAAa,CAAC,EAAE,CAAC;iBACjB,IAAI,CAAC,CAAC,MAAuB,EAAE,EAAE;gBAChC,QAAQ,CAAC,MAAM,CAAC,MAAM,CAAC,MAAM,CAAC,CAAC,IAAI,CAAC,MAAM,CAAC,CAAA;YAC7C,CAAC,CAAC;iBACD,KAAK,CAAC,CAAC,KAAY,EAAE,EAAE;gBACtB,QAAQ,CAAC,MAAM,CAAC,GAAG,CAAC,CAAC,IAAI,CAAC;oBACxB,MAAM,EAAE,GAAG;oBACX,OAAO,EAAE,KAAK,CAAC,OAAO;oBACtB,IAAI,EAAE,IAAI;iBACX,CAAC,CAAA;YACJ,CAAC,CAAC,CAAA;QACN,CAAC,CAAA;QAzGC,IAAI,CAAC,MAAM,GAAG,MAAM,CAAA;QACpB,IAAI,CAAC,iBAAiB,GAAG,iBAAiB,CAAA;IAC5C,CAAC;CAwGF;AA/GD,wCA+GC","sourcesContent":["import { type Request, type Response, type Router } from 'express'\r\n\r\nimport type Product from '../../../inners/models/entities/Product'\r\nimport type Result from '../../../inners/models/value_objects/Result'\r\nimport type ProductManagement from '../../../inners/use_cases/managements/ProductManagement'\r\n\r\nexport default class ProductControllerRest {\r\n  router: Router\r\n  productManagement: ProductManagement\r\n\r\n  constructor (router: Router, productManagement: ProductManagement) {\r\n    this.router = router\r\n    this.productManagement = productManagement\r\n  }\r\n\r\n  registerRoutes = (): void => {\r\n    this.router.get('', this.readAll)\r\n    this.router.get('/videos/:videoId', this.readAllByVideoId)\r\n    this.router.get('/:id', this.readOneById)\r\n    this.router.post('', this.createOne)\r\n    this.router.patch('/:id', this.patchOneById)\r\n    this.router.delete('/:id', this.deleteOneById)\r\n  }\r\n\r\n  readAll = (request: Request, response: Response): void => {\r\n    this.productManagement\r\n      .readAll()\r\n      .then((result: Result<Product[]>) => {\r\n        response.status(result.status).json(result)\r\n      })\r\n      .catch((error: Error) => {\r\n        response.status(500).json({\r\n          status: 500,\r\n          message: error.message,\r\n          data: null\r\n        })\r\n      })\r\n  }\r\n\r\n  readAllByVideoId = (request: Request, response: Response): void => {\r\n    const { videoId } = request.params\r\n    this.productManagement\r\n      .readAllByVideoId(videoId)\r\n      .then((result: Result<Product[]>) => {\r\n        response.status(result.status).json(result)\r\n      })\r\n      .catch((error: Error) => {\r\n        response.status(500).json({\r\n          status: 500,\r\n          message: error.message,\r\n          data: null\r\n        })\r\n      })\r\n  }\r\n\r\n  readOneById = (request: Request, response: Response): void => {\r\n    const { id } = request.params\r\n    this.productManagement\r\n      .readOneById(id)\r\n      .then((result: Result<Product>) => {\r\n        response.status(result.status).json(result)\r\n      })\r\n      .catch((error: Error) => {\r\n        response.status(500).json({\r\n          status: 500,\r\n          message: error.message,\r\n          data: null\r\n        })\r\n      })\r\n  }\r\n\r\n  createOne = (request: Request, response: Response): void => {\r\n    this.productManagement\r\n      .createOne(request.body)\r\n      .then((result: Result<Product>) => {\r\n        response.status(result.status).json(result)\r\n      })\r\n      .catch((error: Error) => {\r\n        response.status(500).json({\r\n          status: 500,\r\n          message: error.message,\r\n          data: null\r\n        })\r\n      })\r\n  }\r\n\r\n  patchOneById = (request: Request, response: Response): void => {\r\n    const { id } = request.params\r\n    this.productManagement\r\n      .patchOneById(id, request.body)\r\n      .then((result: Result<Product>) => {\r\n        response.status(result.status).json(result)\r\n      })\r\n      .catch((error: Error) => {\r\n        response.status(500).json({\r\n          status: 500,\r\n          message: error.message,\r\n          data: null\r\n        })\r\n      })\r\n  }\r\n\r\n  deleteOneById = (request: Request, response: Response): void => {\r\n    const { id } = request.params\r\n    this.productManagement\r\n      .deleteOneById(id)\r\n      .then((result: Result<Product>) => {\r\n        response.status(result.status).json(result)\r\n      })\r\n      .catch((error: Error) => {\r\n        response.status(500).json({\r\n          status: 500,\r\n          message: error.message,\r\n          data: null\r\n        })\r\n      })\r\n  }\r\n}\r\n"]},"_coverageSchema":"1a1c01bbd47fc00a2c39e90264f33305004495a9","hash":"9a9b8563d00f6632c6bac64fe1b0ed7bbf8fae4f"},"C:\\Data\\Apps\\gigih\\mid-term\\gigih-play-backend\\src\\outers\\repositories\\ProductRepository.ts":{"path":"C:\\Data\\Apps\\gigih\\mid-term\\gigih-play-backend\\src\\outers\\repositories\\ProductRepository.ts","statementMap":{"0":{"start":{"line":2,"column":16},"end":{"line":10,"column":1}},"1":{"start":{"line":3,"column":28},"end":{"line":3,"column":110}},"2":{"start":{"line":3,"column":91},"end":{"line":3,"column":106}},"3":{"start":{"line":4,"column":4},"end":{"line":9,"column":7}},"4":{"start":{"line":5,"column":36},"end":{"line":5,"column":97}},"5":{"start":{"line":5,"column":42},"end":{"line":5,"column":70}},"6":{"start":{"line":5,"column":85},"end":{"line":5,"column":95}},"7":{"start":{"line":6,"column":35},"end":{"line":6,"column":100}},"8":{"start":{"line":6,"column":41},"end":{"line":6,"column":73}},"9":{"start":{"line":6,"column":88},"end":{"line":6,"column":98}},"10":{"start":{"line":7,"column":32},"end":{"line":7,"column":116}},"11":{"start":{"line":8,"column":8},"end":{"line":8,"column":78}},"12":{"start":{"line":11,"column":22},"end":{"line":13,"column":1}},"13":{"start":{"line":12,"column":4},"end":{"line":12,"column":62}},"14":{"start":{"line":14,"column":0},"end":{"line":14,"column":62}},"15":{"start":{"line":15,"column":24},"end":{"line":15,"column":76}},"16":{"start":{"line":16,"column":19},"end":{"line":16,"column":38}},"17":{"start":{"line":19,"column":8},"end":{"line":25,"column":11}},"18":{"start":{"line":19,"column":29},"end":{"line":25,"column":10}},"19":{"start":{"line":20,"column":34},"end":{"line":20,"column":70}},"20":{"start":{"line":21,"column":12},"end":{"line":23,"column":13}},"21":{"start":{"line":22,"column":16},"end":{"line":22,"column":59}},"22":{"start":{"line":24,"column":12},"end":{"line":24,"column":33}},"23":{"start":{"line":26,"column":8},"end":{"line":54,"column":11}},"24":{"start":{"line":26,"column":45},"end":{"line":54,"column":10}},"25":{"start":{"line":27,"column":43},"end":{"line":49,"column":14}},"26":{"start":{"line":50,"column":12},"end":{"line":52,"column":13}},"27":{"start":{"line":51,"column":16},"end":{"line":51,"column":71}},"28":{"start":{"line":53,"column":12},"end":{"line":53,"column":42}},"29":{"start":{"line":55,"column":8},"end":{"line":61,"column":11}},"30":{"start":{"line":55,"column":35},"end":{"line":61,"column":10}},"31":{"start":{"line":56,"column":33},"end":{"line":56,"column":114}},"32":{"start":{"line":57,"column":12},"end":{"line":59,"column":13}},"33":{"start":{"line":58,"column":16},"end":{"line":58,"column":58}},"34":{"start":{"line":60,"column":12},"end":{"line":60,"column":32}},"35":{"start":{"line":62,"column":8},"end":{"line":64,"column":11}},"36":{"start":{"line":62,"column":38},"end":{"line":64,"column":10}},"37":{"start":{"line":63,"column":12},"end":{"line":63,"column":65}},"38":{"start":{"line":65,"column":8},"end":{"line":71,"column":11}},"39":{"start":{"line":65,"column":45},"end":{"line":71,"column":10}},"40":{"start":{"line":66,"column":35},"end":{"line":66,"column":159}},"41":{"start":{"line":67,"column":12},"end":{"line":69,"column":13}},"42":{"start":{"line":68,"column":16},"end":{"line":68,"column":60}},"43":{"start":{"line":70,"column":12},"end":{"line":70,"column":34}},"44":{"start":{"line":72,"column":8},"end":{"line":78,"column":11}},"45":{"start":{"line":72,"column":37},"end":{"line":78,"column":10}},"46":{"start":{"line":73,"column":35},"end":{"line":73,"column":125}},"47":{"start":{"line":74,"column":12},"end":{"line":76,"column":13}},"48":{"start":{"line":75,"column":16},"end":{"line":75,"column":60}},"49":{"start":{"line":77,"column":12},"end":{"line":77,"column":34}},"50":{"start":{"line":79,"column":8},"end":{"line":79,"column":41}},"51":{"start":{"line":82,"column":0},"end":{"line":82,"column":36}}},"fnMap":{"0":{"name":"(anonymous_0)","decl":{"start":{"line":2,"column":44},"end":{"line":2,"column":45}},"loc":{"start":{"line":2,"column":89},"end":{"line":10,"column":1}},"line":2},"1":{"name":"adopt","decl":{"start":{"line":3,"column":13},"end":{"line":3,"column":18}},"loc":{"start":{"line":3,"column":26},"end":{"line":3,"column":112}},"line":3},"2":{"name":"(anonymous_2)","decl":{"start":{"line":3,"column":70},"end":{"line":3,"column":71}},"loc":{"start":{"line":3,"column":89},"end":{"line":3,"column":108}},"line":3},"3":{"name":"(anonymous_3)","decl":{"start":{"line":4,"column":36},"end":{"line":4,"column":37}},"loc":{"start":{"line":4,"column":63},"end":{"line":9,"column":5}},"line":4},"4":{"name":"fulfilled","decl":{"start":{"line":5,"column":17},"end":{"line":5,"column":26}},"loc":{"start":{"line":5,"column":34},"end":{"line":5,"column":99}},"line":5},"5":{"name":"rejected","decl":{"start":{"line":6,"column":17},"end":{"line":6,"column":25}},"loc":{"start":{"line":6,"column":33},"end":{"line":6,"column":102}},"line":6},"6":{"name":"step","decl":{"start":{"line":7,"column":17},"end":{"line":7,"column":21}},"loc":{"start":{"line":7,"column":30},"end":{"line":7,"column":118}},"line":7},"7":{"name":"(anonymous_7)","decl":{"start":{"line":11,"column":56},"end":{"line":11,"column":57}},"loc":{"start":{"line":11,"column":71},"end":{"line":13,"column":1}},"line":11},"8":{"name":"(anonymous_8)","decl":{"start":{"line":18,"column":4},"end":{"line":18,"column":5}},"loc":{"start":{"line":18,"column":30},"end":{"line":80,"column":5}},"line":18},"9":{"name":"(anonymous_9)","decl":{"start":{"line":19,"column":23},"end":{"line":19,"column":24}},"loc":{"start":{"line":19,"column":29},"end":{"line":25,"column":10}},"line":19},"10":{"name":"(anonymous_10)","decl":{"start":{"line":19,"column":61},"end":{"line":19,"column":62}},"loc":{"start":{"line":19,"column":74},"end":{"line":25,"column":9}},"line":19},"11":{"name":"(anonymous_11)","decl":{"start":{"line":26,"column":32},"end":{"line":26,"column":33}},"loc":{"start":{"line":26,"column":45},"end":{"line":54,"column":10}},"line":26},"12":{"name":"(anonymous_12)","decl":{"start":{"line":26,"column":77},"end":{"line":26,"column":78}},"loc":{"start":{"line":26,"column":90},"end":{"line":54,"column":9}},"line":26},"13":{"name":"(anonymous_13)","decl":{"start":{"line":55,"column":27},"end":{"line":55,"column":28}},"loc":{"start":{"line":55,"column":35},"end":{"line":61,"column":10}},"line":55},"14":{"name":"(anonymous_14)","decl":{"start":{"line":55,"column":67},"end":{"line":55,"column":68}},"loc":{"start":{"line":55,"column":80},"end":{"line":61,"column":9}},"line":55},"15":{"name":"(anonymous_15)","decl":{"start":{"line":62,"column":25},"end":{"line":62,"column":26}},"loc":{"start":{"line":62,"column":38},"end":{"line":64,"column":10}},"line":62},"16":{"name":"(anonymous_16)","decl":{"start":{"line":62,"column":70},"end":{"line":62,"column":71}},"loc":{"start":{"line":62,"column":83},"end":{"line":64,"column":9}},"line":62},"17":{"name":"(anonymous_17)","decl":{"start":{"line":65,"column":28},"end":{"line":65,"column":29}},"loc":{"start":{"line":65,"column":45},"end":{"line":71,"column":10}},"line":65},"18":{"name":"(anonymous_18)","decl":{"start":{"line":65,"column":77},"end":{"line":65,"column":78}},"loc":{"start":{"line":65,"column":90},"end":{"line":71,"column":9}},"line":65},"19":{"name":"(anonymous_19)","decl":{"start":{"line":72,"column":29},"end":{"line":72,"column":30}},"loc":{"start":{"line":72,"column":37},"end":{"line":78,"column":10}},"line":72},"20":{"name":"(anonymous_20)","decl":{"start":{"line":72,"column":69},"end":{"line":72,"column":70}},"loc":{"start":{"line":72,"column":82},"end":{"line":78,"column":9}},"line":72}},"branchMap":{"0":{"loc":{"start":{"line":2,"column":16},"end":{"line":10,"column":1}},"type":"binary-expr","locations":[{"start":{"line":2,"column":17},"end":{"line":2,"column":21}},{"start":{"line":2,"column":25},"end":{"line":2,"column":39}},{"start":{"line":2,"column":44},"end":{"line":10,"column":1}}],"line":2},"1":{"loc":{"start":{"line":3,"column":35},"end":{"line":3,"column":109}},"type":"cond-expr","locations":[{"start":{"line":3,"column":56},"end":{"line":3,"column":61}},{"start":{"line":3,"column":64},"end":{"line":3,"column":109}}],"line":3},"2":{"loc":{"start":{"line":4,"column":16},"end":{"line":4,"column":34}},"type":"binary-expr","locations":[{"start":{"line":4,"column":16},"end":{"line":4,"column":17}},{"start":{"line":4,"column":22},"end":{"line":4,"column":33}}],"line":4},"3":{"loc":{"start":{"line":7,"column":32},"end":{"line":7,"column":115}},"type":"cond-expr","locations":[{"start":{"line":7,"column":46},"end":{"line":7,"column":67}},{"start":{"line":7,"column":70},"end":{"line":7,"column":115}}],"line":7},"4":{"loc":{"start":{"line":8,"column":51},"end":{"line":8,"column":67}},"type":"binary-expr","locations":[{"start":{"line":8,"column":51},"end":{"line":8,"column":61}},{"start":{"line":8,"column":65},"end":{"line":8,"column":67}}],"line":8},"5":{"loc":{"start":{"line":11,"column":22},"end":{"line":13,"column":1}},"type":"binary-expr","locations":[{"start":{"line":11,"column":23},"end":{"line":11,"column":27}},{"start":{"line":11,"column":31},"end":{"line":11,"column":51}},{"start":{"line":11,"column":56},"end":{"line":13,"column":1}}],"line":11},"6":{"loc":{"start":{"line":12,"column":11},"end":{"line":12,"column":61}},"type":"cond-expr","locations":[{"start":{"line":12,"column":37},"end":{"line":12,"column":40}},{"start":{"line":12,"column":43},"end":{"line":12,"column":61}}],"line":12},"7":{"loc":{"start":{"line":12,"column":12},"end":{"line":12,"column":33}},"type":"binary-expr","locations":[{"start":{"line":12,"column":12},"end":{"line":12,"column":15}},{"start":{"line":12,"column":19},"end":{"line":12,"column":33}}],"line":12},"8":{"loc":{"start":{"line":21,"column":12},"end":{"line":23,"column":13}},"type":"if","locations":[{"start":{"line":21,"column":12},"end":{"line":23,"column":13}},{"start":{"line":21,"column":12},"end":{"line":23,"column":13}}],"line":21},"9":{"loc":{"start":{"line":50,"column":12},"end":{"line":52,"column":13}},"type":"if","locations":[{"start":{"line":50,"column":12},"end":{"line":52,"column":13}},{"start":{"line":50,"column":12},"end":{"line":52,"column":13}}],"line":50},"10":{"loc":{"start":{"line":57,"column":12},"end":{"line":59,"column":13}},"type":"if","locations":[{"start":{"line":57,"column":12},"end":{"line":59,"column":13}},{"start":{"line":57,"column":12},"end":{"line":59,"column":13}}],"line":57},"11":{"loc":{"start":{"line":67,"column":12},"end":{"line":69,"column":13}},"type":"if","locations":[{"start":{"line":67,"column":12},"end
[...]
,"column":0},"end":{"line":54,"column":42}}},"fnMap":{"0":{"name":"(anonymous_0)","decl":{"start":{"line":2,"column":44},"end":{"line":2,"column":45}},"loc":{"start":{"line":2,"column":89},"end":{"line":10,"column":1}},"line":2},"1":{"name":"adopt","decl":{"start":{"line":3,"column":13},"end":{"line":3,"column":18}},"loc":{"start":{"line":3,"column":26},"end":{"line":3,"column":112}},"line":3},"2":{"name":"(anonymous_2)","decl":{"start":{"line":3,"column":70},"end":{"line":3,"column":71}},"loc":{"start":{"line":3,"column":89},"end":{"line":3,"column":108}},"line":3},"3":{"name":"(anonymous_3)","decl":{"start":{"line":4,"column":36},"end":{"line":4,"column":37}},"loc":{"start":{"line":4,"column":63},"end":{"line":9,"column":5}},"line":4},"4":{"name":"fulfilled","decl":{"start":{"line":5,"column":17},"end":{"line":5,"column":26}},"loc":{"start":{"line":5,"column":34},"end":{"line":5,"column":99}},"line":5},"5":{"name":"rejected","decl":{"start":{"line":6,"column":17},"end":{"line":6,"column":25}},"loc":{"start":{"line":6,"column":33},"end":{"line":6,"column":102}},"line":6},"6":{"name":"step","decl":{"start":{"line":7,"column":17},"end":{"line":7,"column":21}},"loc":{"start":{"line":7,"column":30},"end":{"line":7,"column":118}},"line":7},"7":{"name":"(anonymous_7)","decl":{"start":{"line":11,"column":56},"end":{"line":11,"column":57}},"loc":{"start":{"line":11,"column":71},"end":{"line":13,"column":1}},"line":11},"8":{"name":"(anonymous_8)","decl":{"start":{"line":17,"column":4},"end":{"line":17,"column":5}},"loc":{"start":{"line":17,"column":55},"end":{"line":52,"column":5}},"line":17},"9":{"name":"(anonymous_9)","decl":{"start":{"line":18,"column":31},"end":{"line":18,"column":32}},"loc":{"start":{"line":18,"column":37},"end":{"line":24,"column":9}},"line":18},"10":{"name":"(anonymous_10)","decl":{"start":{"line":19,"column":37},"end":{"line":19,"column":38}},"loc":{"start":{"line":19,"column":49},"end":{"line":23,"column":13}},"line":19},"11":{"name":"(anonymous_11)","decl":{"start":{"line":25,"column":24},"end":{"line":25,"column":25}},"loc":{"start":{"line":25,"column":36},"end":{"line":32,"column":10}},"line":25},"12":{"name":"(anonymous_12)","decl":{"start":{"line":25,"column":36},"end":{"line":25,"column":37}},"loc":{"start":{"line":25,"column":57},"end":{"line":32,"column":10}},"line":25},"13":{"name":"(anonymous_13)","decl":{"start":{"line":25,"column":89},"end":{"line":25,"column":90}},"loc":{"start":{"line":25,"column":102},"end":{"line":32,"column":9}},"line":25},"14":{"name":"(anonymous_14)","decl":{"start":{"line":33,"column":25},"end":{"line":33,"column":26}},"loc":{"start":{"line":33,"column":37},"end":{"line":36,"column":10}},"line":33},"15":{"name":"(anonymous_15)","decl":{"start":{"line":33,"column":37},"end":{"line":33,"column":38}},"loc":{"start":{"line":33,"column":50},"end":{"line":36,"column":10}},"line":33},"16":{"name":"(anonymous_16)","decl":{"start":{"line":33,"column":82},"end":{"line":33,"column":83}},"loc":{"start":{"line":33,"column":95},"end":{"line":36,"column":9}},"line":33},"17":{"name":"(anonymous_17)","decl":{"start":{"line":37,"column":29},"end":{"line":37,"column":30}},"loc":{"start":{"line":37,"column":41},"end":{"line":48,"column":10}},"line":37},"18":{"name":"(anonymous_18)","decl":{"start":{"line":37,"column":41},"end":{"line":37,"column":42}},"loc":{"start":{"line":37,"column":67},"end":{"line":48,"column":10}},"line":37},"19":{"name":"(anonymous_19)","decl":{"start":{"line":37,"column":99},"end":{"line":37,"column":100}},"loc":{"start":{"line":37,"column":112},"end":{"line":48,"column":9}},"line":37}},"branchMap":{"0":{"loc":{"start":{"line":2,"column":16},"end":{"line":10,"column":1}},"type":"binary-expr","locations":[{"start":{"line":2,"column":17},"end":{"line":2,"column":21}},{"start":{"line":2,"column":25},"end":{"line":2,"column":39}},{"start":{"line":2,"column":44},"end":{"line":10,"column":1}}],"line":2},"1":{"loc":{"start":{"line":3,"column":35},"end":{"line":3,"column":109}},"type":"cond-expr","locations":[{"start":{"line":3,"column":56},"end":{"line":3,"column":61}},{"start":{"line":3,"column":64},"end":{"line":3,"column":109}}],"line":3},"2":{"loc":{"start":{"line":4,"column":16},"end":{"line":4,"column":34}},"type":"binary-expr","locations":[{"start":{"line":4,"column":16},"end":{"line":4,"column":17}},{"start":{"line":4,"column":22},"end":{"line":4,"column":33}}],"line":4},"3":{"loc":{"start":{"line":7,"column":32},"end":{"line":7,"column":115}},"type":"cond-expr","locations":[{"start":{"line":7,"column":46},"end":{"line":7,"column":67}},{"start":{"line":7,"column":70},"end":{"line":7,"column":115}}],"line":7},"4":{"loc":{"start":{"line":8,"column":51},"end":{"line":8,"column":67}},"type":"binary-expr","locations":[{"start":{"line":8,"column":51},"end":{"line":8,"column":61}},{"start":{"line":8,"column":65},"end":{"line":8,"column":67}}],"line":8},"5":{"loc":{"start":{"line":11,"column":22},"end":{"line":13,"column":1}},"type":"binary-expr","locations":[{"start":{"line":11,"column":23},"end":{"line":11,"column":27}},{"start":{"line":11,"column":31},"end":{"line":11,"column":51}},{"start":{"line":11,"column":56},"end":{"line":13,"column":1}}],"line":11},"6":{"loc":{"start":{"line":12,"column":11},"end":{"line":12,"column":61}},"type":"cond-expr","locations":[{"start":{"line":12,"column":37},"end":{"line":12,"column":40}},{"start":{"line":12,"column":43},"end":{"line":12,"column":61}}],"line":12},"7":{"loc":{"start":{"line":12,"column":12},"end":{"line":12,"column":33}},"type":"binary-expr","locations":[{"start":{"line":12,"column":12},"end":{"line":12,"column":15}},{"start":{"line":12,"column":19},"end":{"line":12,"column":33}}],"line":12},"8":{"loc":{"start":{"line":26,"column":12},"end":{"line":28,"column":13}},"type":"if","locations":[{"start":{"line":26,"column":12},"end":{"line":28,"column":13}},{"start":{"line":26,"column":12},"end":{"line":28,"column":13}}],"line":26},"9":{"loc":{"start":{"line":38,"column":12},"end":{"line":40,"column":13}},"type":"if","locations":[{"start":{"line":38,"column":12},"end":{"line":40,"column":13}},{"start":{"line":38,"column":12},"end":{"line":40,"column":13}}],"line":38},"10":{"loc":{"start":{"line":41,"column":12},"end":{"line":43,"column":13}},"type":"if","locations":[{"start":{"line":41,"column":12},"end":{"line":43,"column":13}},{"start":{"line":41,"column":12},"end":{"line":43,"column":13}}],"line":41}},"s":{"0":1,"1":0,"2":0,"3":0,"4":0,"5":0,"6":0,"7":0,"8":0,"9":0,"10":0,"11":0,"12":1,"13":1,"14":1,"15":1,"16":1,"17":1,"18":0,"19":0,"20":0,"21":1,"22":0,"23":0,"24":0,"25":0,"26":0,"27":0,"28":0,"29":1,"30":0,"31":0,"32":0,"33":0,"34":1,"35":0,"36":0,"37":0,"38":0,"39":0,"40":0,"41":0,"42":0,"43":0,"44":0,"45":1,"46":1,"47":1,"48":1},"f":{"0":0,"1":0,"2":0,"3":0,"4":0,"5":0,"6":0,"7":1,"8":1,"9":1,"10":0,"11":0,"12":0,"13":0,"14":0,"15":0,"16":0,"17":0,"18":0,"19":0},"b":{"0":[1,1,1],"1":[0,0],"2":[0,0],"3":[0,0],"4":[0,0],"5":[1,1,1],"6":[1,0],"7":[1,1],"8":[0,0],"9":[0,0],"10":[0,0]},"inputSourceMap":{"version":3,"file":"C:\\Data\\Apps\\gigih\\mid-term\\gigih-play-backend\\src\\outers\\controllers\\web_sockets\\RoomControllerWebSocket.ts","sources":["C:\\Data\\Apps\\gigih\\mid-term\\gigih-play-backend\\src\\outers\\controllers\\web_sockets\\RoomControllerWebSocket.ts"],"names":[],"mappings":";;;;;;;;;;;;;;AAKA,sFAA6D;AAI7D,MAAqB,uBAAuB;IAK1C,YACE,EAAmB,EACnB,iBAAoC,EACpC,cAA8B;QAOhC,oBAAe,GAAG,GAAS,EAAE;YAC3B,IAAI,CAAC,EAAE,CAAC,EAAE,CAAC,YAAY,EAAE,CAAC,MAAuB,EAAE,EAAE;gBACnD,MAAM,CAAC,EAAE,CAAC,UAAU,EAAE,IAAI,CAAC,QAAQ,CAAC,MAAM,CAAC,CAAC,CAAA;gBAC5C,MAAM,CAAC,EAAE,CAAC,WAAW,EAAE,IAAI,CAAC,SAAS,CAAC,MAAM,CAAC,CAAC,CAAA;gBAC9C,MAAM,CAAC,EAAE,CAAC,eAAe,EAAE,IAAI,CAAC,aAAa,CAAC,MAAM,CAAC,CAAC,CAAA;YACxD,CAAC,CAAC,CAAA;QACJ,CAAC,CAAA;QAED,aAAQ,GAAG,CAAC,MAAuB,EAAE,EAAE,CAAC,CAAO,eAAgC,EAAiB,EAAE;YAChG,IAAI,eAAe,CAAC,OAAO,KAAK,SAAS,EAAE;gBACzC,MAAM,IAAI,KAAK,CAAC,sCAAsC,CAAC,CAAA;aACxD;YACD,MAAM,MAAM,CAAC,IAAI,CAAC,eAAe,CAAC,OAAO,CAAC,CAAA;YAC1C,MAAM,MAAM,GAA2C,MAAM,IAAI,CAAC,iBAAiB,CAAC,gBAAgB,CAAC,eAAe,CAAC,OAAO,EAAE,eAAe,CAAC,YAAY,CAAC,CAAA;YAC3J,MAAM,CAAC,IAAI,CAAC,YAAY,EAAE,MAAM,CAAC,CAAA;QACnC,CAAC,CAAA,CAAA;QAED,cAAS,GAAG,CAAC,MAAuB,EAAE,EAAE,CAAC,CAAO,OAAe,EAAiB,EAAE;YAChF,MAAM,MAAM,CAAC,KAAK,CAAC,OAAO,CAAC,CAAA;YAC3B,MAAM,CAAC,IAAI,CAAC,UAAU,EAAE,OAAO,CAAC,CAAA;QAClC,CAAC,CAAA,CAAA;QAED,kBAAa,GAAG,CAAC,MAAuB,EAAE,EAAE,CAAC,CAAO,oBAA0C,EAAiB,EAAE;YAC/G,IAAI,oBAAoB,CAAC,OAAO,KAAK,SAAS,EAAE;gBAC9C,MAAM,IAAI,KAAK,CAAC,2CAA2C,CAAC,CAAA;aAC7D;YACD,IAAI,oBAAoB,CAAC,QAAQ,KAAK,SAAS,EAAE;gBAC/C,MAAM,IAAI,KAAK,CAAC,4CAA4C,CAAC,CAAA;aAC9D;YACD,MAAM,SAAS,GAAG,MAAM,IAAI,CAAC,cAAc,CAAC,iBAAiB,CAAC,oBAAoB,CAAC,QAAQ,CAAC,CAAA;YAC5F,MAAM,eAAe,GAAY,IAAI,iBAAO,CAC1C,SAAS,CAAC,IAAI,CAAC,GAAG,EAClB,oBAAoB,CAAC,OAAO,EAC5B,IAAI,IAAI,EAAE,CACX,CAAA;YACD,MAAM,MAAM,GAAoB,MAAM,IAAI,CAAC,iBAAiB,CAAC,SAAS,CAAC,eAAe,CAAC,CAAA;YACvF,MAAM,CAAC,EAAE,CAAC,oBAAoB,CAAC,OAAO,CAAC,CAAC,IAAI,CAAC,kBAAkB,EAAE,MAAM,CAAC,CAAA;QAC1E,CAAC,CAAA,CAAA;QA1CC,IAAI,CAAC,EAAE,GAAG,EAAE,CAAA;QACZ,IAAI,CAAC,iBAAiB,GAAG,iBAAiB,CAAA;QAC1C,IAAI,CAAC,cAAc,GAAG,cAAc,CAAA;IACtC,CAAC;CAwCF;AArDD,0CAqDC","sourcesContent":["import type CommentManagement from '../../../inners/use_cases/managements/CommentManagement'\r\nimport type socketIo from 'socket.io'\r\nimport type Result from '../../../inners/models/value_objects/Result'\r\nimport type CommentAggregate from '../../../inners/models/aggregates/CommentAggregate'\r\nimport type SubmitCommentRequest from '../../../inners/models/value_objects/requests/comments/SubmitCommentRequest'\r\nimport Comment from '../../../inners/models/entities/Comment'\r\nimport type JoinRoomRequest from '../../../inners/models/value_objects/requests/rooms/JoinRoomRequest'\r\nimport type UserManagement from '../../../inners/use_cases/managements/UserManagement'\r\n\r\nexport default class RoomControllerWebSocket {\r\n  io: socketIo.Server\r\n  commentManagement: CommentManagement\r\n  userManagement: UserManagement\r\n\r\n  constructor (\r\n    io: socketIo.Server,\r\n    commentManagement: CommentManagement,\r\n    userManagement: UserManagement\r\n  ) {\r\n    this.io = io\r\n    this.commentManagement = commentManagement\r\n    this.userManagement = userManagement\r\n  }\r\n\r\n  registerSockets = (): void => {\r\n    this.io.on('connection', (socket: socketIo.Socket) => {\r\n      socket.on('joinRoom', this.joinRoom(socket))\r\n      socket.on('leaveRoom', this.leaveRoom(socket))\r\n      socket.on('submitComment', this.submitComment(socket))\r\n    })\r\n  }\r\n\r\n  joinRoom = (socket: socketIo.Socket) => async (joinRoomRequest: JoinRoomRequest): Promise<void> => {\r\n    if (joinRoomRequest.videoId === undefined) {\r\n      throw new Error('JoinRoomRequest videoId is undefined')\r\n    }\r\n    await socket.join(joinRoomRequest.videoId)\r\n    const result: Result<Comment[] | CommentAggregate[]> = await this.commentManagement.readAllByVideoId(joinRoomRequest.videoId, joinRoomRequest.isAggregated)\r\n    socket.emit('joinedRoom', result)\r\n  }\r\n\r\n  leaveRoom = (socket: socketIo.Socket) => async (videoId: string): Promise<void> => {\r\n    await socket.leave(videoId)\r\n    socket.emit('leftRoom', videoId)\r\n  }\r\n\r\n  submitComment = (socket: socketIo.Socket) => async (submitCommentRequest: SubmitCommentRequest): Promise<void> => {\r\n    if (submitCommentRequest.videoId === undefined) {\r\n      throw new Error('SubmitCommentRequest videoId is undefined')\r\n    }\r\n    if (submitCommentRequest.username === undefined) {\r\n      throw new Error('SubmitCommentRequest username is undefined')\r\n    }\r\n    const foundUser = await this.userManagement.readOneByUsername(submitCommentRequest.username)\r\n    const toCreateComment: Comment = new Comment(\r\n      foundUser.data._id,\r\n      submitCommentRequest.content,\r\n      new Date()\r\n    )\r\n    const result: Result<Comment> = await this.commentManagement.createOne(toCreateComment)\r\n    socket.to(submitCommentRequest.videoId).emit('submittedComment', result)\r\n  }\r\n}\r\n"]},"_coverageSchema":"1a1c01bbd47fc00a2c39e90264f33305004495a9","hash":"931e98f785f7a4251d06e006d0e17d1161500550"},"C:\\Data\\Apps\\gigih\\mid-term\\gigih-play-backend\\src\\outers\\middlewares\\CaseExpressMiddleware.ts":{"path":"C:\\Data\\Apps\\gigih\\mid-term\\gigih-play-backend\\src\\outers\\middlewares\\CaseExpressMiddleware.ts","statementMap":{"0":{"start":{"line":2,"column":22},"end":{"line":4,"column":1}},"1":{"start":{"line":3,"column":4},"end":{"line":3,"column":62}},"2":{"start":{"line":5,"column":0},"end":{"line":5,"column":62}},"3":{"start":{"line":6,"column":16},"end":{"line":6,"column":49}},"4":{"start":{"line":7,"column":30},"end":{"line":26,"column":1}},"5":{"start":{"line":8,"column":32},"end":{"line":18,"column":5}},"6":{"start":{"line":9,"column":21},"end":{"line":9,"column":29}},"7":{"start":{"line":10,"column":8},"end":{"line":16,"column":10}},"8":{"start":{"line":11,"column":31},"end":{"line":11,"column":47}},"9":{"start":{"line":12,"column":12},"end":{"line":12,"column":71}},"10":{"start":{"line":13,"column":36},"end":{"line":13,"column":56}},"11":{"start":{"line":14,"column":12},"end":{"line":14,"column":45}},"12":{"start":{"line":15,"column":12},"end":{"line":15,"column":23}},"13":{"start":{"line":17,"column":8},"end":{"line":17,"column":15}},"14":{"start":{"line":19,"column":32},"end":{"line":24,"column":5}},"15":{"start":{"line":20,"column":8},"end":{"line":20,"column":67}},"16":{"start":{"line":21,"column":8},"end":{"line":21,"column":71}},"17":{"start":{"line":22,"column":8},"end":{"line":22,"column":69}},"18":{"start":{"line":23,"column":8},"end":{"line":23,"column":15}},"19":{"start":{"line":25,"column":4},"end":{"line":25,"column":54}},"20":{"start":{"line":27,"column":0},"end":{"line":27,"column":40}}},"fnMap":{"0":{"name":"(anonymous_0)","decl":{"start":{"line":2,"column":56},"end":{"line":2,"column":57}},"loc":{"start":{"line":2,"column":71},"end":{"line":4,"column":1}},"line":2},"1":{"name":"(anonymous_1)","decl":{"start":{"line":7,"column":30},"end":{"line":7,"column":31}},"loc":{"start":{"line":7,"column":43},"end":{"line":26,"column":1}},"line":7},"2":{"name":"(anonymous_2)","decl":{"start":{"line":8,"column":32},"end":{"line":8,"column":33}},"loc":{"start":{"line":8,"column":53},"end":{"line":18,"column":5}},"line":8},"3":{"name":"(anonymous_3)","decl":{"start":{"line":10,"column":19},"end":{"line":10,"column":20}},"loc":{"start":{"line":10,"column":35},"end":{"line":16,"column":9}},"line":10},"4":{"name":"(anonymous_4)","decl":{"start":{"line":19,"column":32},"end":{"line":19,"column":33}},"loc":{"start":{"line":19,"column":53},"end":{"line":24,"column":5}},"line":19}},"branchMap":{"0":{"loc":{"start":{"line":2,"column":22},"end":{"line":4,"column":1}},"type":"binary-expr","locations":[{"start":{"line":2,"column":23},"end":{"line":2,"column":27}},{"start":{"line":2,"column":31},"end":{"line":2,"column":51}},{"start":{"line":2,"column":56},"end":{"line":4,"column":1}}],"line":2},"1":{"loc":{"start":{"line":3,"column":11},"end":{"line":3,"column":61}},"type":"cond-expr","locations":[{"start":{"line":3,"column":37},"end":{"line":3,"column":40}},{"start":{"line":3,"column":43},"end":{"line":3,"column":61}}],"line":3},"2":{"loc":{"start":{"line":3,"column":12},"end":{"line":3,"column":33}},"type":"binary-expr","locations":[{"start":{"line":3,"column":12},"end":{"line":3,"column":15}},{"start":{"line":3,"column":19},"end":{"line":3,"column":33}}],"line":3}},"s":{"0":1,"1":1,"2":1,"3":1,"4":1,"5":1,"6":5,"7":5,"8":5,"9":5,"10":5,"11":5,"12":5,"13":5,"14":1,"15":5,"16":5,"17":5,"18":5,"19":1,"20":1},"f":{"0":1,"1":1,"2":5,"3":5,"4":5},"b":{"0":[1,1,1],"1":[0,1],"2":[1,1]},"inputSourceMap":{"version":3,"file":"C:\\Data\\Apps\\gigih\\mid-term\\gigih-play-backend\\src\\outers\\middlewares\\CaseExpressMiddleware.ts","sources":["C:\\Data\\Apps\\gigih\\mid-term\\gigih-play-backend\\src\\outers\\middlewares\\CaseExpressMiddleware.ts"],"names":[],"mappings":";;;;;AACA,kDAAqD;AAIrD,MAAM,qBAAqB,GAAG,CAAC,OAA2B,EAAO,EAAE;IACjE,MAAM,mBAAmB,GAAG,CAAC,IAAa,EAAE,GAAa,EAAE,IAAkB,EAAQ,EAAE;QACrF,MAAM,IAAI,GAAQ,GAAG,CAAC,IAAI,CAAA;QAC1B,GAAG,CAAC,IAAI,GAAG,UAAU,IAAU;YAC7B,MAAM,UAAU,GAAG,IAAI,CAAC,KAAK,CAAC,IAAI,CAAC,CAAA;YACnC,IAAI,GAAG,eAAK,CAAC,cAAc,CAAC,UAAU,EAAE,OAAO,CAAC,CAAA;YAChD,MAAM,eAAe,GAAG,IAAI,CAAC,SAAS,CAAC,IAAI,CAAC,CAAA;YAC5C,IAAI,CAAC,IAAI,CAAC,IAAI,EAAE,eAAe,CAAC,CAAA;YAChC,OAAO,GAAG,CAAA;QACZ,CAAC,CAAA;QACD,IAAI,EAAE,CAAA;IACR,CAAC,CAAA;IAED,MAAM,mBAAmB,GAAG,CAAC,GAAY,EAAE,IAAc,EAAE,IAAkB,EAAQ,EAAE;QACrF,GAAG,CAAC,IAAI,GAAG,eAAK,CAAC,YAAY,CAAC,GAAG,CAAC,IAAI,EAAE,OAAO,CAAC,CAAA;QAChD,GAAG,CAAC,MAAM,GAAG,eAAK,CAAC,YAAY,CAAC,GAAG,CAAC,MAAM,EAAE,OAAO,CAAqB,CAAA;QACxE,GAAG,CAAC,KAAK,GAAG,eAAK,CAAC,YAAY,CAAC,GAAG,CAAC,KAAK,EAAE,OAAO,CAAa,CAAA;QAC9D,IAAI,EAAE,CAAA;IACR,CAAC,CAAA;IAED,OAAO,CAAC,mBAAmB,EAAE,mBAAmB,CAAC,CAAA;AACnD,CAAC,CAAA;AAED,kBAAe,qBAAqB,CAAA","sourcesContent":["import { type NextFunction, type Request, type Response } from 'express'\r\nimport humps, { type OptionOrProcessor } from 'humps'\r\nimport { type ParamsDictionary } from 'express-serve-static-core'\r\nimport { type ParsedQs } from 'qs'\r\n\r\nconst caseExpressMiddleware = (options?: OptionOrProcessor): any => {\r\n  const snakeCaseResHandler = (_req: Request, res: Response, next: NextFunction): void => {\r\n    const send: any = res.send\r\n    res.send = function (body?: any): any {\r\n      const parsedBody = JSON.parse(body)\r\n      body = humps.decamelizeKeys(parsedBody, options)\r\n      const stringifiesBody = JSON.stringify(body)\r\n      send.call(this, stringifiesBody)\r\n      return res\r\n    }\r\n    next()\r\n  }\r\n\r\n  const snakeCaseReqHandler = (req: Request, _res: Response, next: NextFunction): void => {\r\n    req.body = humps.camelizeKeys(req.body, options)\r\n    req.params = humps.camelizeKeys(req.params, options) as ParamsDictionary\r\n    req.query = humps.camelizeKeys(req.query, options) as ParsedQs\r\n    next()\r\n  }\r\n\r\n  return [snakeCaseResHandler, snakeCaseReqHandler]\r\n}\r\n\r\nexport default caseExpressMiddleware\r\n"]},"_coverageSchema":"1a1c01bbd47fc00a2c39e90264f33305004495a9","hash":"0db8839691a4f26249785d830038495fa3f4a67a"},"C:\\Data\\Apps\\gigih\\mid-term\\gigih-play-backend\\src\\inners\\models\\entities\\User.ts":{"path":"C:\\Data\\Apps\\gigih\\mid-term\\gigih-play-backend\\src\\inners\\models\\entities\\User.ts","statementMap":{"0":{"start":{"line":2,"column":0},"end":{"line":2,"column":62}},"1":{"start":{"line":5,"column":8},"end":{"line":5,"column":23}},"2":{"start":{"line":6,"column":8},"end":{"line":6,"column":33}},"3":{"start":{"line":7,"column":8},"end":{"line":7,"column":37}},"4":{"start":{"line":10,"column":0},"end":{"line":10,"column":26}}},"fnMap":{"0":{"name":"(anonymous_0)","decl":{"start":{"line":4,"column":4},"end":{"line":4,"column":5}},"loc":{"start":{"line":4,"column":43},"end":{"line":8,"column":5}},"line":4}},"branchMap":{},"s":{"0":1,"1":3,"2":3,"3":3,"4":1},"f":{"0":3},"b":{},"inputSourceMap":{"version":3,"file":"C:\\Data\\Apps\\gigih\\mid-term\\gigih-play-backend\\src\\inners\\models\\entities\\User.ts","sources":["C:\\Data\\Apps\\gigih\\mid-term\\gigih-play-backend\\src\\inners\\models\\entities\\User.ts"],"names":[],"mappings":";;AAAA,MAAqB,OAAO;IAK1B,YACE,QAA4B,EAC5B,UAA8B,EAC9B,GAAwB;QAExB,IAAI,CAAC,GAAG,GAAG,GAAG,CAAA;QACd,IAAI,CAAC,QAAQ,GAAG,QAAQ,CAAA;QACxB,IAAI,CAAC,UAAU,GAAG,UAAU,CAAA;IAC9B,CAAC;CACF;AAdD,0BAcC","sourcesContent":["export default class Comment {\r\n  _id: string | undefined\r\n  username: string | undefined\r\n  pictureUrl: string | undefined\r\n\r\n  constructor (\r\n    username: string | undefined,\r\n    pictureUrl: string | undefined,\r\n    _id?: string | undefined\r\n  ) {\r\n    this._id = _id\r\n    this.username = username\r\n    this.pictureUrl = pictureUrl\r\n  }\r\n}\r\n"]},"_coverageSchema":"1a1c01bbd47fc00a2c39e90264f33305004495a9","hash":"c627772e4d2a906cb82b34073b1db7a35138c94a"}}