{"C:\\Data\\Apps\\gigih\\mid-term\\gigih-play-backend\\src\\outers\\datastores\\OneDatastore.ts":{"path":"C:\\Data\\Apps\\gigih\\mid-term\\gigih-play-backend\\src\\outers\\datastores\\OneDatastore.ts","statementMap":{"0":{"start":{"line":2,"column":22},"end":{"line":12,"column":3}},"1":{"start":{"line":3,"column":4},"end":{"line":3,"column":33}},"2":{"start":{"line":3,"column":26},"end":{"line":3,"column":33}},"3":{"start":{"line":4,"column":15},"end":{"line":4,"column":52}},"4":{"start":{"line":5,"column":4},"end":{"line":7,"column":5}},"5":{"start":{"line":6,"column":6},"end":{"line":6,"column":68}},"6":{"start":{"line":6,"column":51},"end":{"line":6,"column":63}},"7":{"start":{"line":8,"column":4},"end":{"line":8,"column":39}},"8":{"start":{"line":10,"column":4},"end":{"line":10,"column":33}},"9":{"start":{"line":10,"column":26},"end":{"line":10,"column":33}},"10":{"start":{"line":11,"column":4},"end":{"line":11,"column":17}},"11":{"start":{"line":13,"column":25},"end":{"line":17,"column":2}},"12":{"start":{"line":14,"column":4},"end":{"line":14,"column":72}},"13":{"start":{"line":16,"column":4},"end":{"line":16,"column":21}},"14":{"start":{"line":18,"column":19},"end":{"line":24,"column":1}},"15":{"start":{"line":19,"column":4},"end":{"line":19,"column":42}},"16":{"start":{"line":19,"column":31},"end":{"line":19,"column":42}},"17":{"start":{"line":20,"column":17},"end":{"line":20,"column":19}},"18":{"start":{"line":21,"column":4},"end":{"line":21,"column":141}},"19":{"start":{"line":21,"column":21},"end":{"line":21,"column":141}},"20":{"start":{"line":21,"column":40},"end":{"line":21,"column":141}},"21":{"start":{"line":21,"column":109},"end":{"line":21,"column":141}},"22":{"start":{"line":22,"column":4},"end":{"line":22,"column":36}},"23":{"start":{"line":23,"column":4},"end":{"line":23,"column":18}},"24":{"start":{"line":25,"column":16},"end":{"line":33,"column":1}},"25":{"start":{"line":26,"column":28},"end":{"line":26,"column":110}},"26":{"start":{"line":26,"column":91},"end":{"line":26,"column":106}},"27":{"start":{"line":27,"column":4},"end":{"line":32,"column":7}},"28":{"start":{"line":28,"column":36},"end":{"line":28,"column":97}},"29":{"start":{"line":28,"column":42},"end":{"line":28,"column":70}},"30":{"start":{"line":28,"column":85},"end":{"line":28,"column":95}},"31":{"start":{"line":29,"column":35},"end":{"line":29,"column":100}},"32":{"start":{"line":29,"column":41},"end":{"line":29,"column":73}},"33":{"start":{"line":29,"column":88},"end":{"line":29,"column":98}},"34":{"start":{"line":30,"column":32},"end":{"line":30,"column":116}},"35":{"start":{"line":31,"column":8},"end":{"line":31,"column":78}},"36":{"start":{"line":34,"column":22},"end":{"line":36,"column":1}},"37":{"start":{"line":35,"column":4},"end":{"line":35,"column":62}},"38":{"start":{"line":37,"column":0},"end":{"line":37,"column":62}},"39":{"start":{"line":38,"column":11},"end":{"line":38,"column":38}},"40":{"start":{"line":39,"column":19},"end":{"line":39,"column":55}},"41":{"start":{"line":42,"column":8},"end":{"line":68,"column":11}},"42":{"start":{"line":42,"column":29},"end":{"line":68,"column":10}},"43":{"start":{"line":43,"column":25},"end":{"line":43,"column":46}},"44":{"start":{"line":44,"column":12},"end":{"line":46,"column":13}},"45":{"start":{"line":45,"column":16},"end":{"line":45,"column":54}},"46":{"start":{"line":47,"column":25},"end":{"line":47,"column":46}},"47":{"start":{"line":48,"column":12},"end":{"line":50,"column":13}},"48":{"start":{"line":49,"column":16},"end":{"line":49,"column":54}},"49":{"start":{"line":51,"column":29},"end":{"line":51,"column":59}},"50":{"start":{"line":52,"column":12},"end":{"line":54,"column":13}},"51":{"start":{"line":53,"column":16},"end":{"line":53,"column":58}},"52":{"start":{"line":55,"column":29},"end":{"line":55,"column":59}},"53":{"start":{"line":56,"column":12},"end":{"line":58,"column":13}},"54":{"start":{"line":57,"column":16},"end":{"line":57,"column":58}},"55":{"start":{"line":59,"column":29},"end":{"line":59,"column":54}},"56":{"start":{"line":60,"column":12},"end":{"line":62,"column":13}},"57":{"start":{"line":61,"column":16},"end":{"line":61,"column":58}},"58":{"start":{"line":63,"column":24},"end":{"line":63,"column":104}},"59":{"start":{"line":64,"column":12},"end":{"line":66,"column":15}},"60":{"start":{"line":67,"column":12},"end":{"line":67,"column":41}},"61":{"start":{"line":69,"column":8},"end":{"line":71,"column":11}},"62":{"start":{"line":69,"column":32},"end":{"line":71,"column":10}},"63":{"start":{"line":70,"column":12},"end":{"line":70,"column":50}},"64":{"start":{"line":74,"column":0},"end":{"line":74,"column":31}}},"fnMap":{"0":{"name":"(anonymous_0)","decl":{"start":{"line":2,"column":74},"end":{"line":2,"column":75}},"loc":{"start":{"line":2,"column":96},"end":{"line":9,"column":1}},"line":2},"1":{"name":"(anonymous_1)","decl":{"start":{"line":6,"column":38},"end":{"line":6,"column":39}},"loc":{"start":{"line":6,"column":49},"end":{"line":6,"column":65}},"line":6},"2":{"name":"(anonymous_2)","decl":{"start":{"line":9,"column":6},"end":{"line":9,"column":7}},"loc":{"start":{"line":9,"column":28},"end":{"line":12,"column":1}},"line":9},"3":{"name":"(anonymous_3)","decl":{"start":{"line":13,"column":80},"end":{"line":13,"column":81}},"loc":{"start":{"line":13,"column":95},"end":{"line":15,"column":1}},"line":13},"4":{"name":"(anonymous_4)","decl":{"start":{"line":15,"column":5},"end":{"line":15,"column":6}},"loc":{"start":{"line":15,"column":20},"end":{"line":17,"column":1}},"line":15},"5":{"name":"(anonymous_5)","decl":{"start":{"line":18,"column":50},"end":{"line":18,"column":51}},"loc":{"start":{"line":18,"column":65},"end":{"line":24,"column":1}},"line":18},"6":{"name":"(anonymous_6)","decl":{"start":{"line":25,"column":44},"end":{"line":25,"column":45}},"loc":{"start":{"line":25,"column":89},"end":{"line":33,"column":1}},"line":25},"7":{"name":"adopt","decl":{"start":{"line":26,"column":13},"end":{"line":26,"column":18}},"loc":{"start":{"line":26,"column":26},"end":{"line":26,"column":112}},"line":26},"8":{"name":"(anonymous_8)","decl":{"start":{"line":26,"column":70},"end":{"line":26,"column":71}},"loc":{"start":{"line":26,"column":89},"end":{"line":26,"column":108}},"line":26},"9":{"name":"(anonymous_9)","decl":{"start":{"line":27,"column":36},"end":{"line":27,"column":37}},"loc":{"start":{"line":27,"column":63},"end":{"line":32,"column":5}},"line":27},"10":{"name":"fulfilled","decl":{"start":{"line":28,"column":17},"end":{"line":28,"column":26}},"loc":{"start":{"line":28,"column":34},"end":{"line":28,"column":99}},"line":28},"11":{"name":"rejected","decl":{"start":{"line":29,"column":17},"end":{"line":29,"column":25}},"loc":{"start":{"line":29,"column":33},"end":{"line":29,"column":102}},"line":29},"12":{"name":"step","decl":{"start":{"line":30,"column":17},"end":{"line":30,"column":21}},"loc":{"start":{"line":30,"column":30},"end":{"line":30,"column":118}},"line":30},"13":{"name":"(anonymous_13)","decl":{"start":{"line":34,"column":56},"end":{"line":34,"column":57}},"loc":{"start":{"line":34,"column":71},"end":{"line":36,"column":1}},"line":34},"14":{"name":"(anonymous_14)","decl":{"start":{"line":41,"column":4},"end":{"line":41,"column":5}},"loc":{"start":{"line":41,"column":18},"end":{"line":72,"column":5}},"line":41},"15":{"name":"(anonymous_15)","decl":{"start":{"line":42,"column":23},"end":{"line":42,"column":24}},"loc":{"start":{"line":42,"column":29},"end":{"line":68,"column":10}},"line":42},"16":{"name":"(anonymous_16)","decl":{"start":{"line":42,"column":61},"end":{"line":42,"column":62}},"loc":{"start":{"line":42,"column":74},"end":{"line":68,"column":9}},"line":42},"17":{"name":"(anonymous_17)","decl":{"start":{"line":69,"column":26},"end":{"line":69,"column":27}},"loc":{"start":{"line":69,"column":32},"end":{"line":71,"column":10}},"line":69},"18":{"name":"(anonymous_18)","decl":{"start":{"line":69,"column":64},"end":{"line":69,"column":65}},"loc":{"start":{"line":69,"column":77},"end":{"line":71,"column":9}},"line":69}},"branchMap":{"0":{"loc":{"start":{"line":2,"column":22},"end":{"line":12,"column":3}},"type":"binary-expr","locations":[{"start":{"line":2,"column":23},"end":{"line":2,"column":27}},{"start":{"line":2,"column":31},"end":{"line":2,"column":51}},{"start":{"line":2,"column":57},"end":{"line":12,"column":2}}],"line":2},"1":{"loc":{"start":{"line":2,"column":57},"end":{"line":12,"column":2}},"type":"cond-expr","locations":[{"start":{"line":2,"column":74},"end":{"line":9,"column":1}},{"start":{"line":9,"column":6},"end":{"line":12,"column":1}}],"line":2},"2":{"loc":{"start":{"line":3,"column":4},"end":{"line":3,"column":33}},"type":"if","locations":[{"start":{"line":3,"column":4},"end":{"line":3,"column":33}},{"start":{"line":3,"column":4},"end":{"line":3,"column":33}}],"line":3},"3":{"loc":{"start":{"line":5,"column":4},"end":{"line":7,"column":5}},"type":"if","locations":[{"start":{"line":5,"column":4},"end":{"line":7,"column":5}},{"start":{"line":5,"column":4},"end":{"line":7,"column":5}}],"line":5},"4":{"loc":{"start":{"line":5,"column":8},"end":{"line":5,"column":85}},"type":"binary-expr","locations":[{"start":{"line":5,"column":8},"end":{"line":5,"column":13}},{"start":{"line":5,"column":18},"end":{"line":5,"column":84}}],"line":5},"5":{"loc":{"start":{"line":5,"column":18},"end":{"line":5,"column":84}},"type":"cond-expr","locations":[{"start":{"line":5,"column":34},"end":{"line":5,"column":47}},{"start":{"line":5,"column":50},"end":{"line":5,"column":84}}],"line":5},"6":{"loc":{"start":{"line":5,"column":50},"end":{"line":5,"column":84}},"type":"binary-expr","locations":[{"start":{"line":5,"column":50},"end":{"line":5,"column":63}},{"start":{"line":5,"column":67},"end":{"line":5,"column":84}}],"line":5},"7":{"loc":{"start":{"line":10,"column":4},"end":{"line":10,"column":33}},"type":"if","locations":[{"start":{"line":10,"column":4},"end":{"line":10,"column":33}},{"start":{"line":10,"column":4},"end":{"line":10,"column":33}}],"line":10},"8":{"loc":{"start":{"line":13,"column":25},"end":{"line":17,"column":2}},"type":"binary-expr","locations":[{"start":{"line":13,"column":26},"end":{"line":13,"column":30}},{"start":{"line":13,"column":34},"end":{"line":13,"column":57}},{"start":{"line":13,"column":63},"end":{"line":17,"column":1}}],"line":13},"9":{"loc":{"start":{"line":13,"column":63},"end":{"line":17,"column":1}},"type":"cond-expr","locations":[{"start":{"line":13,"column":80},"end":{"line":15,"column":1}},{"start":{"line":15,"column":5},"end":{"line":17,"column":1}}],"line":13},"10":{"loc":{"start":{"line":18,"column":19},"end":{"line":24,"column":1}},"type":"binary-expr","locations":[{"start":{"line":18,"column":20},"end":{"line":18,"column":24}},{"start":{"line":18,"column":28},"end":{"line":18,"column":45}},{"start":{"line":18,"column":50},"end":{"line":24,"column":1}}],"line":18},"11":{"loc":{"start":{"line":19,"column":4},"end":{"line":19,"column":42}},"type":"if","locations":[{"start":{"line":19,"column":4},"end":{"line":19,"column":42}},{"start":{"line":19,"column":4},"end":{"line":19,"column":42}}],"line":19},"12":{"loc":{"start":{"line":19,"column":8},"end":{"line":19,"column":29}},"type":"binary-expr","locations":[{"start":{"line":19,"column":8},"end":{"line":19,"column":11}},{"start":{"line":19,"column":15},"end":{"line":19,"column":29}}],"line":19},"13":{"loc":{"start":{"line":21,"column":4},"end":{"line":21,"column":141}},"type":"if","locations":[{"start":{"line":21,"column":4},"end":{"line":21,"column":141}},{"start":{"line":21,"column":4},"end":{"line":21,"column":141}}],"line":21},"14":{"loc":{"start":{"line":21,"column":40},"end":{"line":21,"column":141}},"type":"if","locations":[{"start":{"line":21,"column":40},"end":{"line":21,"column":141}},{"start":{"line":21,"column":40},"end":{"line":21,"column":141}}],"line":21},"15":{"loc":{"start":{"line":21,"column":44},"end":{"line":21,"column":107}},"type":"binary-expr","locations":[{"start":{"line":21,"column":44},"end":{"line":21,"column":59}},{"start":{"line":21,"column":63},"end":{"line":21,"column":107}}],"line":21},"16":{"loc":{"start":{"line":25,"column":16},"end":{"line":33,"column":1}},"type":"binary-expr","locations":[{"start":{"line":25,"column":17},"end":{"line":25,"column":21}},{"start":{"line":25,"column":25},"end":{"line":25,"column":39}},{"start":{"line":25,"column":44},"end":{"line":33,"column":1}}],"line":25},"17":{"loc":{"start":{"line":26,"column":35},"end":{"line":26,"column":109}},"type":"cond-expr","locations":[{"start":{"line":26,"column":56},"end":{"line":26,"column":61}},{"start":{"line":26,"column":64},"end":{"line":26,"column":109}}],"line":26},"18":{"loc":{"start":{"line":27,"column":16},"end":{"line":27,"column":34}},"type":"binary-expr","locations":[{"start":{"line":27,"column":16},"end":{"line":27,"column":17}},{"start":{"line":27,"column":22},"end":{"line":27,"column":33}}],"line":27},"19":{"loc":{"start":{"line":30,"column":32},"end":{"line":30,"column":115}},"type":"cond-expr","locations":[{"start":{"line":30,"column":46},"end":{"line":30,"column":67}},{"start":{"line":30,"column":70},"end":{"line":30,"column":115}}],"line":30},"20":{"loc":{"start":{"line":31,"column":51},"end":{"line":31,"column":67}},"type":"binary-expr","locations":[{"start":{"line":31,"column":51},"end":{"line":31,"column":61}},{"start":{"line":31,"column":65},"end":{"line":31,"column":67}}],"line":31},"21":{"loc":{"start":{"line":34,"column":22},"end":{"line":36,"column":1}},"type":"binary-expr","locations":[{"start":{"line":34,"column":23},"end":{"line":34,"column":27}},{"start":{"line":34,"column":31},"end":{"line":34,"column":51}},{"start":{"line":34,"column":56},"end":{"line":36,"column":1}}],"line":34},"22":{"loc":{"start":{"line":35,"column":11},"end":{"line":35,"column":61}},"type":"cond-expr","locations":[{"start":{"line":35,"column":37},"end":{"line":35,"column":40}},{"start":{"line":35,"column":43},"end":{"line":35,"column":61}}],"line":35},"23":{"loc":{"start":{"line":35,"column":12},"end":{"line":35,"column":33}},"type":"binary-expr","locations":[{"start":{"line":35,"column":12},"end":{"line":35,"column":15}},{"start":{"line":35,"column":19},"end":{"line":35,"column":33}}],"line":35},"24":{"loc":{"start":{"line":44,"column":12},"end":{"line":46,"column":13}},"type":"if","locations":[{"start":{"line":44,"column":12},"end":{"line":46,"column":13}},{"start":{"line":44,"column":12},"end":{"line":46,"column":13}}],"line":44},"25":{"loc":{"start":{"line":48,"column":12},"end":{"line":50,"column":13}},"type":"if","locations":[{"start":{"line":48,"column":12},"end":{"line":50,"column":13}},{"start":{"line":48,"column":12},"end":{"line":50,"column":13}}],"line":48},"26":{"loc":{"start":{"line":52,"column":12},"end":{"line":54,"column":13}},"type":"if","locations":[{"start":{"line":52,"column":12},"end":{"line":54,"column":13}},{"start":{"line":52,"column":12},"end":{"line":54,"column":13}}],"line":52},"27":{"loc":{"start":{"line":56,"column":12},"end":{"line":58,"column":13}},"type":"if","locations":[{"start":{"line":56,"column":12},"end":{"line":58,"column":13}},{"start":{"line":56,"column":12},"end":{"line":58,"column":13}}],"line":56},"28":{"loc":{"start":{"line":60,"column":12},"end":{"line":62,"column":13}},"type":"if","locations":[{"start":{"line":60,"column":12},"end":{"line":62,"column":13}},{"start":{"line":60,"column":12},"end":{"line":62,"column":13}}],"line":60}},"s":{"0":1,"1":23,"2":23,"3":23,"4":23,"5":22,"6":14,"7":23,"8":0,"9":0,"10":0,"11":1,"12":1,"13":0,"14":1,"15":1,"16":0,"17":1,"18":1,"19":1,"20":23,"21":23,"22":1,"23":1,"24":1,"25":27,"26":0,"27":27,"28":27,"29":27,"30":0,"31":0,"32":0,"33":0,"34":54,"35":27,"36":1,"37":1,"38":1,"39":1,"40":1,"41":2,"42":14,"43":14,"44":14,"45":0,"46":14,"47":14,"48":0,"49":14,"50":14,"51":0,"52":14,"53":14,"54":0,"55":14,"56":14,"57":0,"58":14,"59":14,"60":14,"61":2,"62":13,"63":13,"64":1},"f":{"0":23,"1":14,"2":0,"3":1,"4":0,"5":1,"6":27,"7":27,"8":0,"9":27,"10":27,"11":0,"12":54,"13":1,"14":2,"15":14,"16":14,"17":13,"18":13},"b":{"0":[1,1,1],"1":[1,0],"2":[23,0],"3":[22,1],"4":[23,23],"5":[0,23],"6":[23,3],"7":[0,0],"8":[1,1,1],"9":[1,0],"10":[1,1,1],"11":[0,1],"12":[1,1],"13":[1,0],"14":[23,0],"15":[23,23],"16":[1,1,1],"17":[27,0],"18":[27,27],"19":[27,27],"20":[27,27],"21":[1,1,1],"22":[0,1],"23":[1,1],"24":[0,14],"25":[0,14],"26":[0,14],"27":[0,14],"28":[0,14]},"inputSourceMap":{"version":3,"file":"C:\\Data\\Apps\\gigih\\mid-term\\gigih-play-backend\\src\\outers\\datastores\\OneDatastore.ts","sources":["C:\\Data\\Apps\\gigih\\mid-term\\gigih-play-backend\\src\\outers\\datastores\\OneDatastore.ts"],"names":[],"mappings":";;;;;;;;;;;;;;;;;;;;;;;;;;;;;;;;;;;;;AAAA,uCAAwB;AACxB,wDAAkD;AAElD,MAAqB,YAAY;IAAjC;QAGE,YAAO,GAAG,GAAwB,EAAE;YAClC,MAAM,IAAI,GAAG,OAAO,CAAC,GAAG,CAAC,SAAS,CAAA;YAClC,IAAI,IAAI,KAAK,SAAS,EAAE;gBACtB,MAAM,IAAI,KAAK,CAAC,oBAAoB,CAAC,CAAA;aACtC;YAED,MAAM,IAAI,GAAG,OAAO,CAAC,GAAG,CAAC,SAAS,CAAA;YAClC,IAAI,IAAI,KAAK,SAAS,EAAE;gBACtB,MAAM,IAAI,KAAK,CAAC,oBAAoB,CAAC,CAAA;aACtC;YAED,MAAM,QAAQ,GAAG,OAAO,CAAC,GAAG,CAAC,kBAAkB,CAAA;YAC/C,IAAI,QAAQ,KAAK,SAAS,EAAE;gBAC1B,MAAM,IAAI,KAAK,CAAC,wBAAwB,CAAC,CAAA;aAC1C;YAED,MAAM,QAAQ,GAAG,OAAO,CAAC,GAAG,CAAC,kBAAkB,CAAA;YAC/C,IAAI,QAAQ,KAAK,SAAS,EAAE;gBAC1B,MAAM,IAAI,KAAK,CAAC,wBAAwB,CAAC,CAAA;aAC1C;YAED,MAAM,QAAQ,GAAG,OAAO,CAAC,GAAG,CAAC,aAAa,CAAA;YAC1C,IAAI,QAAQ,KAAK,SAAS,EAAE;gBAC1B,MAAM,IAAI,KAAK,CAAC,wBAAwB,CAAC,CAAA;aAC1C;YAED,MAAM,GAAG,GAAG,aAAa,QAAQ,IAAI,QAAQ,IAAI,IAAI,IAAI,IAAI,IAAI,QAAQ,mBAAmB,CAAA;YAE5F,MAAM,kBAAQ,CAAC,OAAO,CACpB,GAAG,EACH;gBACE,WAAW,EAAE,EAAE,CAAC,IAAI,EAAE,CAAC,MAAM;aAC9B,CACF,CAAA;YACD,IAAI,CAAC,EAAE,GAAG,kBAAQ,CAAA;QACpB,CAAC,CAAA,CAAA;QAED,eAAU,GAAG,GAAwB,EAAE;YACrC,MAAM,kBAAQ,CAAC,UAAU,EAAE,CAAA;QAC7B,CAAC,CAAA,CAAA;IACH,CAAC;CAAA;AA3CD,+BA2CC","sourcesContent":["import * as os from 'os'\r\nimport mongoose, { type Mongoose } from 'mongoose'\r\n\r\nexport default class OneDatastore {\r\n  db: Mongoose | undefined\r\n\r\n  connect = async (): Promise<void> => {\r\n    const host = process.env.DS_1_HOST\r\n    if (host === undefined) {\r\n      throw new Error('Host is undefined.')\r\n    }\r\n\r\n    const port = process.env.DS_1_PORT\r\n    if (port === undefined) {\r\n      throw new Error('Port is undefined.')\r\n    }\r\n\r\n    const username = process.env.DS_1_ROOT_USERNAME\r\n    if (username === undefined) {\r\n      throw new Error('Username is undefined.')\r\n    }\r\n\r\n    const password = process.env.DS_1_ROOT_PASSWORD\r\n    if (password === undefined) {\r\n      throw new Error('Password is undefined.')\r\n    }\r\n\r\n    const database = process.env.DS_1_DATABASE\r\n    if (database === undefined) {\r\n      throw new Error('Database is undefined.')\r\n    }\r\n\r\n    const url = `mongodb://${username}:${password}@${host}:${port}/${database}?authSource=admin`\r\n\r\n    await mongoose.connect(\r\n      url,\r\n      {\r\n        maxPoolSize: os.cpus().length\r\n      }\r\n    )\r\n    this.db = mongoose\r\n  }\r\n\r\n  disconnect = async (): Promise<void> => {\r\n    await mongoose.disconnect()\r\n  }\r\n}\r\n"]},"_coverageSchema":"1a1c01bbd47fc00a2c39e90264f33305004495a9","hash":"8dd7cb98aabf86405854ed2833f823dd9ab49da0"},"C:\\Data\\Apps\\gigih\\mid-term\\gigih-play-backend\\src\\App.ts":{"path":"C:\\Data\\Apps\\gigih\\mid-term\\gigih-play-backend\\src\\App.ts","statementMap":{"0":{"start":{"line":2,"column":16},"end":{"line":10,"column":1}},"1":{"start":{"line":3,"column":28},"end":{"line":3,"column":110}},"2":{"start":{"line":3,"column":91},"end":{"line":3,"column":106}},"3":{"start":{"line":4,"column":4},"end":{"line":9,"column":7}},"4":{"start":{"line":5,"column":36},"end":{"line":5,"column":97}},"5":{"start":{"line":5,"column":42},"end":{"line":5,"column":70}},"6":{"start":{"line":5,"column":85},"end":{"line":5,"column":95}},"7":{"start":{"line":6,"column":35},"end":{"line":6,"column":100}},"8":{"start":{"line":6,"column":41},"end":{"line":6,"column":73}},"9":{"start":{"line":6,"column":88},"end":{"line":6,"column":98}},"10":{"start":{"line":7,"column":32},"end":{"line":7,"column":116}},"11":{"start":{"line":8,"column":8},"end":{"line":8,"column":78}},"12":{"start":{"line":11,"column":22},"end":{"line":13,"column":1}},"13":{"start":{"line":12,"column":4},"end":{"line":12,"column":62}},"14":{"start":{"line":14,"column":0},"end":{"line":14,"column":62}},"15":{"start":{"line":15,"column":0},"end":{"line":15,"column":51}},"16":{"start":{"line":16,"column":18},"end":{"line":16,"column":53}},"17":{"start":{"line":17,"column":0},"end":{"line":17,"column":55}},"18":{"start":{"line":18,"column":23},"end":{"line":18,"column":83}},"19":{"start":{"line":19,"column":20},"end":{"line":19,"column":73}},"20":{"start":{"line":20,"column":20},"end":{"line":20,"column":57}},"21":{"start":{"line":21,"column":15},"end":{"line":21,"column":47}},"22":{"start":{"line":22,"column":32},"end":{"line":22,"column":102}},"23":{"start":{"line":26,"column":13},"end":{"line":57,"column":2}},"24":{"start":{"line":26,"column":19},"end":{"line":57,"column":2}},"25":{"start":{"line":27,"column":4},"end":{"line":27,"column":49}},"26":{"start":{"line":28,"column":4},"end":{"line":28,"column":53}},"27":{"start":{"line":29,"column":4},"end":{"line":29,"column":52}},"28":{"start":{"line":30,"column":20},"end":{"line":30,"column":52}},"29":{"start":{"line":31,"column":4},"end":{"line":31,"column":62}},"30":{"start":{"line":32,"column":25},"end":{"line":32,"column":53}},"31":{"start":{"line":33,"column":4},"end":{"line":39,"column":5}},"32":{"start":{"line":34,"column":8},"end":{"line":34,"column":37}},"33":{"start":{"line":35,"column":8},"end":{"line":35,"column":48}},"34":{"start":{"line":38,"column":8},"end":{"line":38,"column":66}},"35":{"start":{"line":43,"column":22},"end":{"line":43,"column":68}},"36":{"start":{"line":44,"column":4},"end":{"line":44,"column":37}},"37":{"start":{"line":45,"column":4},"end":{"line":45,"column":38}},"38":{"start":{"line":46,"column":17},"end":{"line":46,"column":83}},"39":{"start":{"line":47,"column":4},"end":{"line":49,"column":5}},"40":{"start":{"line":48,"column":8},"end":{"line":48,"column":46}},"41":{"start":{"line":50,"column":4},"end":{"line":54,"column":7}},"42":{"start":{"line":51,"column":23},"end":{"line":53,"column":10}},"43":{"start":{"line":52,"column":12},"end":{"line":52,"column":28}},"44":{"start":{"line":55,"column":24},"end":{"line":55,"column":88}},"45":{"start":{"line":56,"column":4},"end":{"line":56,"column":62}},"46":{"start":{"line":58,"column":0},"end":{"line":64,"column":3}},"47":{"start":{"line":60,"column":4},"end":{"line":60,"column":32}},"48":{"start":{"line":63,"column":4},"end":{"line":63,"column":47}}},"fnMap":{"0":{"name":"(anonymous_0)","decl":{"start":{"line":2,"column":44},"end":{"line":2,"column":45}},"loc":{"start":{"line":2,"column":89},"end":{"line":10,"column":1}},"line":2},"1":{"name":"adopt","decl":{"start":{"line":3,"column":13},"end":{"line":3,"column":18}},"loc":{"start":{"line":3,"column":26},"end":{"line":3,"column":112}},"line":3},"2":{"name":"(anonymous_2)","decl":{"start":{"line":3,"column":70},"end":{"line":3,"column":71}},"loc":{"start":{"line":3,"column":89},"end":{"line":3,"column":108}},"line":3},"3":{"name":"(anonymous_3)","decl":{"start":{"line":4,"column":36},"end":{"line":4,"column":37}},"loc":{"start":{"line":4,"column":63},"end":{"line":9,"column":5}},"line":4},"4":{"name":"fulfilled","decl":{"start":{"line":5,"column":17},"end":{"line":5,"column":26}},"loc":{"start":{"line":5,"column":34},"end":{"line":5,"column":99}},"line":5},"5":{"name":"rejected","decl":{"start":{"line":6,"column":17},"end":{"line":6,"column":25}},"loc":{"start":{"line":6,"column":33},"end":{"line":6,"column":102}},"line":6},"6":{"name":"step","decl":{"start":{"line":7,"column":17},"end":{"line":7,"column":21}},"loc":{"start":{"line":7,"column":30},"end":{"line":7,"column":118}},"line":7},"7":{"name":"(anonymous_7)","decl":{"start":{"line":11,"column":56},"end":{"line":11,"column":57}},"loc":{"start":{"line":11,"column":71},"end":{"line":13,"column":1}},"line":11},"8":{"name":"(anonymous_8)","decl":{"start":{"line":26,"column":13},"end":{"line":26,"column":14}},"loc":{"start":{"line":26,"column":19},"end":{"line":57,"column":2}},"line":26},"9":{"name":"(anonymous_9)","decl":{"start":{"line":26,"column":53},"end":{"line":26,"column":54}},"loc":{"start":{"line":26,"column":66},"end":{"line":57,"column":1}},"line":26},"10":{"name":"(anonymous_10)","decl":{"start":{"line":50,"column":48},"end":{"line":50,"column":49}},"loc":{"start":{"line":50,"column":69},"end":{"line":54,"column":5}},"line":50},"11":{"name":"(anonymous_11)","decl":{"start":{"line":51,"column":44},"end":{"line":51,"column":45}},"loc":{"start":{"line":51,"column":50},"end":{"line":53,"column":9}},"line":51},"12":{"name":"(anonymous_12)","decl":{"start":{"line":59,"column":10},"end":{"line":59,"column":11}},"loc":{"start":{"line":59,"column":16},"end":{"line":61,"column":1}},"line":59},"13":{"name":"(anonymous_13)","decl":{"start":{"line":62,"column":11},"end":{"line":62,"column":12}},"loc":{"start":{"line":62,"column":22},"end":{"line":64,"column":1}},"line":62}},"branchMap":{"0":{"loc":{"start":{"line":2,"column":16},"end":{"line":10,"column":1}},"type":"binary-expr","locations":[{"start":{"line":2,"column":17},"end":{"line":2,"column":21}},{"start":{"line":2,"column":25},"end":{"line":2,"column":39}},{"start":{"line":2,"column":44},"end":{"line":10,"column":1}}],"line":2},"1":{"loc":{"start":{"line":3,"column":35},"end":{"line":3,"column":109}},"type":"cond-expr","locations":[{"start":{"line":3,"column":56},"end":{"line":3,"column":61}},{"start":{"line":3,"column":64},"end":{"line":3,"column":109}}],"line":3},"2":{"loc":{"start":{"line":4,"column":16},"end":{"line":4,"column":34}},"type":"binary-expr","locations":[{"start":{"line":4,"column":16},"end":{"line":4,"column":17}},{"start":{"line":4,"column":22},"end":{"line":4,"column":33}}],"line":4},"3":{"loc":{"start":{"line":7,"column":32},"end":{"line":7,"column":115}},"type":"cond-expr","locations":[{"start":{"line":7,"column":46},"end":{"line":7,"column":67}},{"start":{"line":7,"column":70},"end":{"line":7,"column":115}}],"line":7},"4":{"loc":{"start":{"line":8,"column":51},"end":{"line":8,"column":67}},"type":"binary-expr","locations":[{"start":{"line":8,"column":51},"end":{"line":8,"column":61}},{"start":{"line":8,"column":65},"end":{"line":8,"column":67}}],"line":8},"5":{"loc":{"start":{"line":11,"column":22},"end":{"line":13,"column":1}},"type":"binary-expr","locations":[{"start":{"line":11,"column":23},"end":{"line":11,"column":27}},{"start":{"line":11,"column":31},"end":{"line":11,"column":51}},{"start":{"line":11,"column":56},"end":{"line":13,"column":1}}],"line":11},"6":{"loc":{"start":{"line":12,"column":11},"end":{"line":12,"column":61}},"type":"cond-expr","locations":[{"start":{"line":12,"column":37},"end":{"line":12,"column":40}},{"start":{"line":12,"column":43},"end":{"line":12,"column":61}}],"line":12},"7":{"loc":{"start":{"line":12,"column":12},"end":{"line":12,"column":33}},"type":"binary-expr","locations":[{"start":{"line":12,"column":12},"end":{"line":12,"column":15}},{"start":{"line":12,"column":19},"end":{"line":12,"column":33}}],"line":12},"8":{"loc":{"start":{"line":46,"column":17},"end":{"line":46,"column":83}},"type":"cond-expr","locations":[{"start":{"line":46,"column":51},"end":{"line":46,"column":52}},{"start":{"line":46,"column":55},"end":{"line":46,"column":83}}],"line":46},"9":{"loc":{"start":{"line":47,"column":4},"end":{"line":49,"column":5}},"type":"if","locations":[{"start":{"line":47,"column":4},"end":{"line":49,"column":5}},{"start":{"line":47,"column":4},"end":{"line":49,"column":5}}],"line":47},"10":{"loc":{"start":{"line":55,"column":24},"end":{"line":55,"column":88}},"type":"cond-expr","locations":[{"start":{"line":55,"column":63},"end":{"line":55,"column":69}},{"start":{"line":55,"column":72},"end":{"line":55,"column":88}}],"line":55},"11":{"loc":{"start":{"line":55,"column":24},"end":{"line":55,"column":60}},"type":"binary-expr","locations":[{"start":{"line":55,"column":24},"end":{"line":55,"column":39}},{"start":{"line":55,"column":43},"end":{"line":55,"column":60}}],"line":55}},"s":{"0":1,"1":4,"2":0,"3":1,"4":4,"5":4,"6":0,"7":0,"8":0,"9":0,"10":5,"11":1,"12":1,"13":6,"14":1,"15":1,"16":1,"17":1,"18":1,"19":1,"20":1,"21":1,"22":1,"23":1,"24":1,"25":1,"26":1,"27":1,"28":1,"29":1,"30":1,"31":1,"32":1,"33":1,"34":0,"35":1,"36":1,"37":1,"38":1,"39":1,"40":0,"41":1,"42":1,"43":1,"44":1,"45":1,"46":1,"47":1,"48":0},"f":{"0":1,"1":4,"2":0,"3":1,"4":4,"5":0,"6":5,"7":6,"8":1,"9":1,"10":1,"11":1,"12":1,"13":0},"b":{"0":[1,1,1],"1":[4,0],"2":[1,1],"3":[1,4],"4":[1,1],"5":[1,1,1],"6":[3,3],"7":[6,6],"8":[1,0],"9":[0,1],"10":[0,1],"11":[1,1]},"inputSourceMap":{"version":3,"file":"C:\\Data\\Apps\\gigih\\mid-term\\gigih-play-backend\\src\\App.ts","sources":["C:\\Data\\Apps\\gigih\\mid-term\\gigih-play-backend\\src\\App.ts"],"names":[],"mappings":";;;;;;;;;;;;;;;AAAA,sDAAmD;AACnD,uDAAoD;AACpD,oFAA2D;AAC3D,0EAAiD;AACjD,0DAAgC;AAChC,gDAAuB;AACvB,uGAA8E;AAG9E,IAAI,GAA4B,CAAA;AAChC,IAAI,EAA+B,CAAA;AACnC,IAAI,MAA+B,CAAA;AACnC,MAAM,IAAI,GAAG,GAAwB,EAAE;IACrC,cAAA,GAAG,GAAG,IAAA,iBAAO,GAAE,CAAA;IACf,GAAG,CAAC,GAAG,CAAC,iBAAO,CAAC,IAAI,CAAC,EAAE,IAAI,EAAE,KAAK,EAAE,CAAC,CAAC,CAAA;IACtC,GAAG,CAAC,GAAG,CAAC,IAAA,+BAAqB,GAAE,CAAC,CAAA;IAEhC,MAAM,OAAO,GAAgB,cAAI,CAAC,YAAY,CAAC,GAAG,CAAC,CAAA;IAEnD,aAAA,EAAE,GAAG,IAAI,mBAAQ,CAAC,MAAM,CAAC,OAAO,CAAC,CAAA;IAEjC,MAAM,YAAY,GAAG,IAAI,sBAAY,EAAE,CAAA;IAEvC,IAAI;QACF,MAAM,YAAY,CAAC,OAAO,EAAE,CAAA;QAC5B,OAAO,CAAC,GAAG,CAAC,0BAA0B,CAAC,CAAA;KACxC;IAAC,OAAO,KAAK,EAAE;QACd,OAAO,CAAC,GAAG,CAAC,qCAAqC,EAAE,KAAK,CAAC,CAAA;KAC1D;IAED,sDAAsD;IACtD,4BAA4B;IAC5B,0BAA0B;IAE1B,MAAM,SAAS,GAAG,IAAI,mBAAS,CAAC,GAAG,EAAE,EAAE,EAAE,YAAY,CAAC,CAAA;IACtD,MAAM,SAAS,CAAC,cAAc,EAAE,CAAA;IAChC,MAAM,SAAS,CAAC,eAAe,EAAE,CAAA;IAEjC,MAAM,IAAI,GAAG,OAAO,CAAC,GAAG,CAAC,QAAQ,KAAK,MAAM,CAAC,CAAC,CAAC,CAAC,CAAC,CAAC,CAAC,MAAM,CAAC,OAAO,CAAC,GAAG,CAAC,QAAQ,CAAC,CAAA;IAC/E,IAAI,IAAI,KAAK,SAAS,EAAE;QACtB,MAAM,IAAI,KAAK,CAAC,oBAAoB,CAAC,CAAA;KACtC;IAED,iBAAA,MAAM,GAAG,MAAM,IAAI,OAAO,CAAC,CAAC,OAAO,EAAE,MAAM,EAAE,EAAE;QAC7C,MAAM,MAAM,GAAgB,OAAO,CAAC,MAAM,CAAC,IAAI,EAAE,GAAG,EAAE;YACpD,OAAO,CAAC,MAAM,CAAC,CAAA;QACjB,CAAC,CAAC,CAAA;IACJ,CAAC,CAAC,CAAA;IAEF,MAAM,WAAW,GAAgB,MAAM,aAAN,MAAM,uBAAN,MAAM,CAAE,OAAO,EAAiB,CAAA;IACjE,OAAO,CAAC,GAAG,CAAC,yBAAyB,WAAW,CAAC,IAAI,GAAG,CAAC,CAAA;AAC3D,CAAC,CAAA,CAAA;AAED,IAAI,EAAE;KACH,IAAI,CAAC,GAAG,EAAE;IACT,OAAO,CAAC,GAAG,CAAC,cAAc,CAAC,CAAA;AAC7B,CAAC,CAAC;KACD,KAAK,CAAC,CAAC,KAAK,EAAE,EAAE;IACf,OAAO,CAAC,GAAG,CAAC,sBAAsB,EAAE,KAAK,CAAC,CAAA;AAC5C,CAAC,CAAC,CAAA","sourcesContent":["import express, { type Application } from 'express'\r\nimport './outers/configurations/DotenvConfiguration'\r\nimport OneDatastore from './outers/datastores/OneDatastore'\r\nimport RootRoute from './outers/routes/RootRoute'\r\nimport socketIo from 'socket.io'\r\nimport http from 'http'\r\nimport caseExpressMiddleware from './outers/middlewares/CaseExpressMiddleware'\r\nimport { type AddressInfo } from 'net'\r\n\r\nlet app: Application | undefined\r\nlet io: socketIo.Server | undefined\r\nlet server: http.Server | undefined\r\nconst main = async (): Promise<void> => {\r\n  app = express()\r\n  app.use(express.json({ type: '*/*' }))\r\n  app.use(caseExpressMiddleware())\r\n\r\n  const appHttp: http.Server = http.createServer(app)\r\n\r\n  io = new socketIo.Server(appHttp)\r\n\r\n  const oneDatastore = new OneDatastore()\r\n\r\n  try {\r\n    await oneDatastore.connect()\r\n    console.log('One datastore connected.')\r\n  } catch (error) {\r\n    console.log('Error connecting to one datastore: ', error)\r\n  }\r\n\r\n  // const oneMigration = new OneMigration(oneDatastore)\r\n  // await oneMigration.down()\r\n  // await oneMigration.up()\r\n\r\n  const rootRoute = new RootRoute(app, io, oneDatastore)\r\n  await rootRoute.registerRoutes()\r\n  await rootRoute.registerSockets()\r\n\r\n  const port = process.env.NODE_ENV === 'test' ? 0 : Number(process.env.APP_PORT)\r\n  if (port === undefined) {\r\n    throw new Error('Port is undefined.')\r\n  }\r\n\r\n  server = await new Promise((resolve, reject) => {\r\n    const server: http.Server = appHttp.listen(port, () => {\r\n      resolve(server)\r\n    })\r\n  })\r\n\r\n  const addressInfo: AddressInfo = server?.address() as AddressInfo\r\n  console.log(`App listening on port ${addressInfo.port}.`)\r\n}\r\n\r\nmain()\r\n  .then(() => {\r\n    console.log('App started.')\r\n  })\r\n  .catch((error) => {\r\n    console.log('Error starting app: ', error)\r\n  })\r\n\r\nexport { app, server, io }\r\n"]},"_coverageSchema":"1a1c01bbd47fc00a2c39e90264f33305004495a9","hash":"1cf4db0affc8967e756dbb3155fbf38a83dfe45d"},"C:\\Data\\Apps\\gigih\\mid-term\\gigih-play-backend\\src\\outers\\configurations\\DotenvConfiguration.ts":{"path":"C:\\Data\\Apps\\gigih\\mid-term\\gigih-play-backend\\src\\outers\\configurations\\DotenvConfiguration.ts","statementMap":{"0":{"start":{"line":2,"column":22},"end":{"line":4,"column":1}},"1":{"start":{"line":3,"column":4},"end":{"line":3,"column":62}},"2":{"start":{"line":5,"column":0},"end":{"line":5,"column":62}},"3":{"start":{"line":6,"column":17},"end":{"line":6,"column":51}},"4":{"start":{"line":7,"column":21},"end":{"line":9,"column":2}},"5":{"start":{"line":10,"column":0},"end":{"line":10,"column":31}}},"fnMap":{"0":{"name":"(anonymous_0)","decl":{"start":{"line":2,"column":56},"end":{"line":2,"column":57}},"loc":{"start":{"line":2,"column":71},"end":{"line":4,"column":1}},"line":2}},"branchMap":{"0":{"loc":{"start":{"line":2,"column":22},"end":{"line":4,"column":1}},"type":"binary-expr","locations":[{"start":{"line":2,"column":23},"end":{"line":2,"column":27}},{"start":{"line":2,"column":31},"end":{"line":2,"column":51}},{"start":{"line":2,"column":56},"end":{"line":4,"column":1}}],"line":2},"1":{"loc":{"start":{"line":3,"column":11},"end":{"line":3,"column":61}},"type":"cond-expr","locations":[{"start":{"line":3,"column":37},"end":{"line":3,"column":40}},{"start":{"line":3,"column":43},"end":{"line":3,"column":61}}],"line":3},"2":{"loc":{"start":{"line":3,"column":12},"end":{"line":3,"column":33}},"type":"binary-expr","locations":[{"start":{"line":3,"column":12},"end":{"line":3,"column":15}},{"start":{"line":3,"column":19},"end":{"line":3,"column":33}}],"line":3}},"s":{"0":1,"1":1,"2":1,"3":1,"4":1,"5":1},"f":{"0":1},"b":{"0":[1,1,1],"1":[0,1],"2":[1,1]},"inputSourceMap":{"version":3,"file":"C:\\Data\\Apps\\gigih\\mid-term\\gigih-play-backend\\src\\outers\\configurations\\DotenvConfiguration.ts","sources":["C:\\Data\\Apps\\gigih\\mid-term\\gigih-play-backend\\src\\outers\\configurations\\DotenvConfiguration.ts"],"names":[],"mappings":";;;;;AAAA,oDAAwD;AAExD,MAAM,YAAY,GAAuB,gBAAM,CAAC,MAAM,CACpD;IACE,IAAI,EAAE,QAAQ;CACf,CACF,CAAA;AAED,kBAAe,YAAY,CAAA","sourcesContent":["import dotenv, { type DotenvConfigOutput } from 'dotenv'\r\n\r\nconst dotenvOutput: DotenvConfigOutput = dotenv.config(\r\n  {\r\n    path: './.env'\r\n  }\r\n)\r\n\r\nexport default dotenvOutput\r\n"]},"_coverageSchema":"1a1c01bbd47fc00a2c39e90264f33305004495a9","hash":"0e25107e45c9bbe67567b1524c29e5f90e0fcd81"},"C:\\Data\\Apps\\gigih\\mid-term\\gigih-play-backend\\src\\outers\\routes\\RootRoute.ts":{"path":"C:\\Data\\Apps\\gigih\\mid-term\\gigih-play-backend\\src\\outers\\routes\\RootRoute.ts","statementMap":{"0":{"start":{"line":2,"column":16},"end":{"line":10,"column":1}},"1":{"start":{"line":3,"column":28},"end":{"line":3,"column":110}},"2":{"start":{"line":3,"column":91},"end":{"line":3,"column":106}},"3":{"start":{"line":4,"column":4},"end":{"line":9,"column":7}},"4":{"start":{"line":5,"column":36},"end":{"line":5,"column":97}},"5":{"start":{"line":5,"column":42},"end":{"line":5,"column":70}},"6":{"start":{"line":5,"column":85},"end":{"line":5,"column":95}},"7":{"start":{"line":6,"column":35},"end":{"line":6,"column":100}},"8":{"start":{"line":6,"column":41},"end":{"line":6,"column":73}},"9":{"start":{"line":6,"column":88},"end":{"line":6,"column":98}},"10":{"start":{"line":7,"column":32},"end":{"line":7,"column":116}},"11":{"start":{"line":8,"column":8},"end":{"line":8,"column":78}},"12":{"start":{"line":11,"column":22},"end":{"line":13,"column":1}},"13":{"start":{"line":12,"column":4},"end":{"line":12,"column":62}},"14":{"start":{"line":14,"column":0},"end":{"line":14,"column":62}},"15":{"start":{"line":15,"column":18},"end":{"line":15,"column":36}},"16":{"start":{"line":16,"column":32},"end":{"line":16,"column":102}},"17":{"start":{"line":17,"column":28},"end":{"line":17,"column":89}},"18":{"start":{"line":18,"column":28},"end":{"line":18,"column":108}},"19":{"start":{"line":19,"column":25},"end":{"line":19,"column":83}},"20":{"start":{"line":20,"column":25},"end":{"line":20,"column":102}},"21":{"start":{"line":21,"column":29},"end":{"line":21,"column":96}},"22":{"start":{"line":22,"column":26},"end":{"line":22,"column":85}},"23":{"start":{"line":23,"column":26},"end":{"line":23,"column":104}},"24":{"start":{"line":24,"column":30},"end":{"line":24,"column":98}},"25":{"start":{"line":25,"column":28},"end":{"line":25,"column":89}},"26":{"start":{"line":26,"column":28},"end":{"line":26,"column":108}},"27":{"start":{"line":27,"column":32},"end":{"line":27,"column":102}},"28":{"start":{"line":28,"column":36},"end":{"line":28,"column":105}},"29":{"start":{"line":29,"column":36},"end":{"line":29,"column":124}},"30":{"start":{"line":30,"column":37},"end":{"line":30,"column":112}},"31":{"start":{"line":31,"column":40},"end":{"line":31,"column":118}},"32":{"start":{"line":32,"column":36},"end":{"line":32,"column":124}},"33":{"start":{"line":33,"column":36},"end":{"line":33,"column":105}},"34":{"start":{"line":34,"column":34},"end":{"line":34,"column":112}},"35":{"start":{"line":35,"column":30},"end":{"line":35,"column":116}},"36":{"start":{"line":36,"column":33},"end":{"line":36,"column":122}},"37":{"start":{"line":37,"column":39},"end":{"line":37,"column":116}},"38":{"start":{"line":40,"column":8},"end":{"line":78,"column":11}},"39":{"start":{"line":40,"column":36},"end":{"line":78,"column":10}},"40":{"start":{"line":41,"column":37},"end":{"line":41,"column":60}},"41":{"start":{"line":42,"column":35},"end":{"line":42,"column":82}},"42":{"start":{"line":43,"column":35},"end":{"line":43,"column":79}},"43":{"start":{"line":44,"column":39},"end":{"line":44,"column":112}},"44":{"start":{"line":45,"column":12},"end":{"line":45,"column":48}},"45":{"start":{"line":46,"column":12},"end":{"line":46,"column":70}},"46":{"start":{"line":47,"column":36},"end":{"line":47,"column":84}},"47":{"start":{"line":48,"column":36},"end":{"line":48,"column":82}},"48":{"start":{"line":49,"column":40},"end":{"line":49,"column":115}},"49":{"start":{"line":50,"column":12},"end":{"line":50,"column":49}},"50":{"start":{"line":51,"column":12},"end":{"line":51,"column":72}},"51":{"start":{"line":52,"column":38},"end":{"line":52,"column":88}},"52":{"start":{"line":53,"column":38},"end":{"line":53,"column":104}},"53":{"start":{"line":54,"column":42},"end":{"line":54,"column":121}},"54":{"start":{"line":55,"column":12},"end":{"line":55,"column":51}},"55":{"start":{"line":56,"column":12},"end":{"line":56,"column":76}},"56":{"start":{"line":57,"column":38},"end":{"line":57,"column":88}},"57":{"start":{"line":58,"column":38},"end":{"line":58,"column":88}},"58":{"start":{"line":59,"column":42},"end":{"line":59,"column":121}},"59":{"start":{"line":60,"column":12},"end":{"line":60,"column":51}},"60":{"start":{"line":61,"column":12},"end":{"line":61,"column":76}},"61":{"start":{"line":62,"column":46},"end":{"line":62,"column":104}},"62":{"start":{"line":63,"column":46},"end":{"line":63,"column":112}},"63":{"start":{"line":64,"column":50},"end":{"line":64,"column":142}},"64":{"start":{"line":65,"column":12},"end":{"line":65,"column":59}},"65":{"start":{"line":66,"column":12},"end":{"line":66,"column":94}},"66":{"start":{"line":67,"column":46},"end":{"line":67,"column":104}},"67":{"start":{"line":68,"column":46},"end":{"line":68,"column":112}},"68":{"start":{"line":69,"column":50},"end":{"line":69,"column":145}},"69":{"start":{"line":70,"column":12},"end":{"line":70,"column":59}},"70":{"start":{"line":71,"column":12},"end":{"line":71,"column":94}},"71":{"start":{"line":72,"column":40},"end":{"line":72,"column":89}},"72":{"start":{"line":73,"column":43},"end":{"line":73,"column":95}},"73":{"start":{"line":74,"column":49},"end":{"line":74,"column":161}},"74":{"start":{"line":75,"column":12},"end":{"line":75,"column":58}},"75":{"start":{"line":76,"column":12},"end":{"line":76,"column":90}},"76":{"start":{"line":77,"column":12},"end":{"line":77,"column":54}},"77":{"start":{"line":79,"column":8},"end":{"line":86,"column":11}},"78":{"start":{"line":79,"column":37},"end":{"line":86,"column":10}},"79":{"start":{"line":80,"column":35},"end":{"line":80,"column":82}},"80":{"start":{"line":81,"column":38},"end":{"line":81,"column":88}},"81":{"start":{"line":82,"column":35},"end":{"line":82,"column":79}},"82":{"start":{"line":83,"column":38},"end":{"line":83,"column":104}},"83":{"start":{"line":84,"column":44},"end":{"line":84,"column":125}},"84":{"start":{"line":85,"column":12},"end":{"line":85,"column":54}},"85":{"start":{"line":87,"column":8},"end":{"line":87,"column":23}},"86":{"start":{"line":88,"column":8},"end":{"line":88,"column":21}},"87":{"start":{"line":89,"column":8},"end":{"line":89,"column":41}},"88":{"start":{"line":92,"column":0},"end":{"line":92,"column":28}}},"fnMap":{"0":{"name":"(anonymous_0)","decl":{"start":{"line":2,"column":44},"end":{"line":2,"column":45}},"loc":{"start":{"line":2,"column":89},"end":{"line":10,"column":1}},"line":2},"1":{"name":"adopt","decl":{"start":{"line":3,"column":13},"end":{"line":3,"column":18}},"loc":{"start":{"line":3,"column":26},"end":{"line":3,"column":112}},"line":3},"2":{"name":"(anonymous_2)","decl":{"start":{"line":3,"column":70},"end":{"line":3,"column":71}},"loc":{"start":{"line":3,"column":89},"end":{"line":3,"column":108}},"line":3},"3":{"name":"(anonymous_3)","decl":{"start":{"line":4,"column":36},"end":{"line":4,"column":37}},"loc":{"start":{"line":4,"column":63},"end":{"line":9,"column":5}},"line":4},"4":{"name":"fulfilled","decl":{"start":{"line":5,"column":17},"end":{"line":5,"column":26}},"loc":{"start":{"line":5,"column":34},"end":{"line":5,"column":99}},"line":5},"5":{"name":"rejected","decl":{"start":{"line":6,"column":17},"end":{"line":6,"column":25}},"loc":{"start":{"line":6,"column":33},"end":{"line":6,"column":102}},"line":6},"6":{"name":"step","decl":{"start":{"line":7,"column":17},"end":{"line":7,"column":21}},"loc":{"start":{"line":7,"column":30},"end":{"line":7,"column":118}},"line":7},"7":{"name":"(anonymous_7)","decl":{"start":{"line":11,"column":56},"end":{"line":11,"column":57}},"loc":{"start":{"line":11,"column":71},"end":{"line":13,"column":1}},"line":11},"8":{"name":"(anonymous_8)","decl":{"start":{"line":39,"column":4},"end":{"line":39,"column":5}},"loc":{"start":{"line":39,"column":39},"end":{"line":90,"column":5}},"line":39},"9":{"name":"(anonymous_9)","decl":{"start":{"line":40,"column":30},"end":{"line":40,"column":31}},"loc":{"start":{"line":40,"column":36},"end":{"line":78,"column":10}},"line":40},"10":{"name":"(anonymous_10)","decl":{"start":{"line":40,"column":68},"end":{"line":40,"column":69}},"loc":{"start":{"line":40,"column":81},"end":{"line":78,"column":9}},"line":40},"11":{"name":"(anonymous_11)","decl":{"start":{"line":79,"column":31},"end":{"line":79,"column":32}},"loc":{"start":{"line":79,"column":37},"end":{"line":86,"column":10}},"line":79},"12":{"name":"(anonymous_12)","decl":{"start":{"line":79,"column":69},"end":{"line":79,"column":70}},"loc":{"start":{"line":79,"column":82},"end":{"line":86,"column":9}},"line":79}},"branchMap":{"0":{"loc":{"start":{"line":2,"column":16},"end":{"line":10,"column":1}},"type":"binary-expr","locations":[{"start":{"line":2,"column":17},"end":{"line":2,"column":21}},{"start":{"line":2,"column":25},"end":{"line":2,"column":39}},{"start":{"line":2,"column":44},"end":{"line":10,"column":1}}],"line":2},"1":{"loc":{"start":{"line":3,"column":35},"end":{"line":3,"column":109}},"type":"cond-expr","locations":[{"start":{"line":3,"column":56},"end":{"line":3,"column":61}},{"start":{"line":3,"column":64},"end":{"line":3,"column":109}}],"line":3},"2":{"loc":{"start":{"line":4,"column":16},"end":{"line":4,"column":34}},"type":"binary-expr","locations":[{"start":{"line":4,"column":16},"end":{"line":4,"column":17}},{"start":{"line":4,"column":22},"end":{"line":4,"column":33}}],"line":4},"3":{"loc":{"start":{"line":7,"column":32},"end":{"line":7,"column":115}},"type":"cond-expr","locations":[{"start":{"line":7,"column":46},"end":{"line":7,"column":67}},{"start":{"line":7,"column":70},"end":{"line":7,"column":115}}],"line":7},"4":{"loc":{"start":{"line":8,"column":51},"end":{"line":8,"column":67}},"type":"binary-expr","locations":[{"start":{"line":8,"column":51},"end":{"line":8,"column":61}},{"start":{"line":8,"column":65},"end":{"line":8,"column":67}}],"line":8},"5":{"loc":{"start":{"line":11,"column":22},"end":{"line":13,"column":1}},"type":"binary-expr","locations":[{"start":{"line":11,"column":23},"end":{"line":11,"column":27}},{"start":{"line":11,"column":31},"end":{"line":11,"column":51}},{"start":{"line":11,"column":56},"end":{"line":13,"column":1}}],"line":11},"6":{"loc":{"start":{"line":12,"column":11},"end":{"line":12,"column":61}},"type":"cond-expr","locations":[{"start":{"line":12,"column":37},"end":{"line":12,"column":40}},{"start":{"line":12,"column":43},"end":{"line":12,"column":61}}],"line":12},"7":{"loc":{"start":{"line":12,"column":12},"end":{"line":12,"column":33}},"type":"binary-expr","locations":[{"start":{"line":12,"column":12},"end":{"line":12,"column":15}},{"start":{"line":12,"column":19},"end":{"line":12,"column":33}}],"line":12}},"s":{"0":1,"1":0,"2":0,"3":2,"4":0,"5":0,"6":0,"7":0,"8":0,"9":0,"10":2,"11":2,"12":1,"13":22,"14":1,"15":1,"16":1,"17":1,"18":1,"19":1,"20":1,"21":1,"22":1,"23":1,"24":1,"25":1,"26":1,"27":1,"28":1,"29":1,"30":1,"31":1,"32":1,"33":1,"34":1,"35":1,"36":1,"37":1,"38":1,"39":1,"40":1,"41":1,"42":1,"43":1,"44":1,"45":1,"46":1,"47":1,"48":1,"49":1,"50":1,"51":1,"52":1,"53":1,"54":1,"55":1,"56":1,"57":1,"58":1,"59":1,"60":1,"61":1,"62":1,"63":1,"64":1,"65":1,"66":1,"67":1,"68":1,"69":1,"70":1,"71":1,"72":1,"73":1,"74":1,"75":1,"76":1,"77":1,"78":1,"79":1,"80":1,"81":1,"82":1,"83":1,"84":1,"85":1,"86":1,"87":1,"88":1},"f":{"0":2,"1":0,"2":0,"3":2,"4":0,"5":0,"6":2,"7":22,"8":1,"9":1,"10":1,"11":1,"12":1},"b":{"0":[1,1,1],"1":[0,0],"2":[2,2],"3":[2,0],"4":[2,2],"5":[1,1,1],"6":[22,0],"7":[22,22]},"inputSourceMap":{"version":3,"file":"C:\\Data\\Apps\\gigih\\mid-term\\gigih-play-backend\\src\\outers\\routes\\RootRoute.ts","sources":["C:\\Data\\Apps\\gigih\\mid-term\\gigih-play-backend\\src\\outers\\routes\\RootRoute.ts"],"names":[],"mappings":";;;;;;;;;;;;;;AAAA,qCAAkD;AAClD,uGAA8E;AAE9E,0FAAiE;AACjE,6GAAoF;AACpF,oFAA2D;AAC3D,uGAA8E;AAC9E,iGAAwE;AACxE,sFAA6D;AAC7D,yGAAgF;AAChF,mGAA0E;AAC1E,0FAAiE;AACjE,6GAAoF;AACpF,uGAA8E;AAC9E,0GAAiF;AACjF,6HAAoG;AACpG,iHAAuF;AACvF,uHAA8F;AAC9F,6HAAoG;AACpG,0GAAiF;AAEjF,iHAAwF;AACxF,qHAA4F;AAC5F,2HAAkG;AAClG,qHAA4F;AAE5F,MAAqB,SAAS;IAK5B,YAAa,GAAgB,EAAE,EAAmB,EAAE,YAA0B;QAM9E,mBAAc,GAAG,GAAwB,EAAE;YACzC,MAAM,gBAAgB,GAAG,IAAA,gBAAM,GAAE,CAAA;YAEjC,MAAM,cAAc,GAAmB,IAAI,wBAAc,CAAC,IAAI,CAAC,YAAY,CAAC,CAAA;YAC5E,MAAM,cAAc,GAAmB,IAAI,wBAAc,CAAC,cAAc,CAAC,CAAA;YACzE,MAAM,kBAAkB,GAAuB,IAAI,4BAAkB,CAAC,IAAA,gBAAM,GAAE,EAAE,cAAc,CAAC,CAAA;YAC/F,kBAAkB,CAAC,cAAc,EAAE,CAAA;YACnC,gBAAgB,CAAC,GAAG,CAAC,QAAQ,EAAE,kBAAkB,CAAC,MAAM,CAAC,CAAA;YAEzD,MAAM,eAAe,GAAoB,IAAI,yBAAe,CAAC,IAAI,CAAC,YAAY,CAAC,CAAA;YAC/E,MAAM,eAAe,GAAoB,IAAI,yBAAe,CAAC,eAAe,CAAC,CAAA;YAC7E,MAAM,mBAAmB,GAAwB,IAAI,6BAAmB,CAAC,IAAA,gBAAM,GAAE,EAAE,eAAe,CAAC,CAAA;YACnG,mBAAmB,CAAC,cAAc,EAAE,CAAA;YACpC,gBAAgB,CAAC,GAAG,CAAC,SAAS,EAAE,mBAAmB,CAAC,MAAM,CAAC,CAAA;YAE3D,MAAM,iBAAiB,GAAsB,IAAI,2BAAiB,CAAC,IAAI,CAAC,YAAY,CAAC,CAAA;YACrF,MAAM,iBAAiB,GAAsB,IAAI,2BAAiB,CAAC,iBAAiB,EAAE,cAAc,CAAC,CAAA;YACrG,MAAM,qBAAqB,GAA0B,IAAI,+BAAqB,CAAC,IAAA,gBAAM,GAAE,EAAE,iBAAiB,CAAC,CAAA;YAC3G,qBAAqB,CAAC,cAAc,EAAE,CAAA;YACtC,gBAAgB,CAAC,GAAG,CAAC,WAAW,EAAE,qBAAqB,CAAC,MAAM,CAAC,CAAA;YAE/D,MAAM,iBAAiB,GAAsB,IAAI,2BAAiB,CAAC,IAAI,CAAC,YAAY,CAAC,CAAA;YACrF,MAAM,iBAAiB,GAAsB,IAAI,2BAAiB,CAAC,iBAAiB,CAAC,CAAA;YACrF,MAAM,qBAAqB,GAA0B,IAAI,+BAAqB,CAAC,IAAA,gBAAM,GAAE,EAAE,iBAAiB,CAAC,CAAA;YAC3G,qBAAqB,CAAC,cAAc,EAAE,CAAA;YACtC,gBAAgB,CAAC,GAAG,CAAC,WAAW,EAAE,qBAAqB,CAAC,MAAM,CAAC,CAAA;YAE/D,MAAM,yBAAyB,GAA8B,IAAI,mCAAyB,CAAC,IAAI,CAAC,YAAY,CAAC,CAAA;YAC7G,MAAM,yBAAyB,GAA8B,IAAI,mCAAyB,CAAC,yBAAyB,CAAC,CAAA;YACrH,MAAM,6BAA6B,GAA8B,IAAI,oCAAyB,CAAC,IAAA,gBAAM,GAAE,EAAE,yBAAyB,CAAC,CAAA;YACnI,6BAA6B,CAAC,cAAc,EAAE,CAAA;YAC9C,gBAAgB,CAAC,GAAG,CAAC,qBAAqB,EAAE,6BAA6B,CAAC,MAAM,CAAC,CAAA;YAEjF,MAAM,yBAAyB,GAA8B,IAAI,mCAAyB,CAAC,IAAI,CAAC,YAAY,CAAC,CAAA;YAC7G,MAAM,yBAAyB,GAA8B,IAAI,mCAAyB,CAAC,yBAAyB,CAAC,CAAA;YACrH,MAAM,6BAA6B,GAAkC,IAAI,uCAA6B,CAAC,IAAA,gBAAM,GAAE,EAAE,yBAAyB,CAAC,CAAA;YAC3I,6BAA6B,CAAC,cAAc,EAAE,CAAA;YAC9C,gBAAgB,CAAC,GAAG,CAAC,qBAAqB,EAAE,6BAA6B,CAAC,MAAM,CAAC,CAAA;YAEjF,MAAM,mBAAmB,GAAwB,IAAI,6BAAmB,CAAC,cAAc,CAAC,CAAA;YACxF,MAAM,sBAAsB,GAA2B,IAAI,gCAAsB,CAAC,cAAc,CAAC,CAAA;YACjG,MAAM,4BAA4B,GAAiC,IAAI,sCAA4B,CAAC,IAAA,gBAAM,GAAE,EAAE,mBAAmB,EAAE,sBAAsB,CAAC,CAAA;YAC1J,4BAA4B,CAAC,cAAc,EAAE,CAAA;YAC7C,gBAAgB,CAAC,GAAG,CAAC,kBAAkB,EAAE,4BAA4B,CAAC,MAAM,CAAC,CAAA;YAE7E,IAAI,CAAC,GAAG,CAAC,GAAG,CAAC,SAAS,EAAE,gBAAgB,CAAC,CAAA;QAC3C,CAAC,CAAA,CAAA;QAED,oBAAe,GAAG,GAAwB,EAAE;YAC1C,MAAM,cAAc,GAAmB,IAAI,wBAAc,CAAC,IAAI,CAAC,YAAY,CAAC,CAAA;YAC5E,MAAM,iBAAiB,GAAsB,IAAI,2BAAiB,CAAC,IAAI,CAAC,YAAY,CAAC,CAAA;YACrF,MAAM,cAAc,GAAmB,IAAI,wBAAc,CAAC,cAAc,CAAC,CAAA;YACzE,MAAM,iBAAiB,GAAsB,IAAI,2BAAiB,CAAC,iBAAiB,EAAE,cAAc,CAAC,CAAA;YACrG,MAAM,uBAAuB,GAA4B,IAAI,iCAAuB,CAAC,IAAI,CAAC,EAAE,EAAE,iBAAiB,EAAE,cAAc,CAAC,CAAA;YAChI,uBAAuB,CAAC,eAAe,EAAE,CAAA;QAC3C,CAAC,CAAA,CAAA;QA5DC,IAAI,CAAC,GAAG,GAAG,GAAG,CAAA;QACd,IAAI,CAAC,EAAE,GAAG,EAAE,CAAA;QACZ,IAAI,CAAC,YAAY,GAAG,YAAY,CAAA;IAClC,CAAC;CA0DF;AAnED,4BAmEC","sourcesContent":["import { type Application, Router } from 'express'\r\nimport ProductControllerRest from '../controllers/rests/ProductControllerRest'\r\nimport type OneDatastore from '../datastores/OneDatastore'\r\nimport ProductRepository from '../repositories/ProductRepository'\r\nimport ProductManagement from '../../inners/use_cases/managements/ProductManagement'\r\nimport UserRepository from '../repositories/UserRepository'\r\nimport UserManagement from '../../inners/use_cases/managements/UserManagement'\r\nimport UserControllerRest from '../controllers/rests/UserControllerRest'\r\nimport VideoRepository from '../repositories/VideoRepository'\r\nimport VideoManagement from '../../inners/use_cases/managements/VideoManagement'\r\nimport VideoControllerRest from '../controllers/rests/VideoControllerRest'\r\nimport CommentRepository from '../repositories/CommentRepository'\r\nimport CommentManagement from '../../inners/use_cases/managements/CommentManagement'\r\nimport CommentControllerRest from '../controllers/rests/CommentControllerRest'\r\nimport VideoCommentMapRepository from '../repositories/VideoCommentMapRepository'\r\nimport VideoCommentMapManagement from '../../inners/use_cases/managements/VideoCommentMapManagement'\r\nimport VideoCommentMapController from '../controllers/rests/VideoCommentControllerRest'\r\nimport VideoProductMapControllerRest from '../controllers/rests/VideoProductMapControllerRest'\r\nimport VideoProductMapManagement from '../../inners/use_cases/managements/VideoProductMapManagement'\r\nimport VideoProductMapRepository from '../repositories/VideoProductMapRepository'\r\nimport type socketIo from 'socket.io'\r\nimport RoomControllerWebSocket from '../controllers/web_sockets/RoomControllerWebSocket'\r\nimport LoginAuthentication from '../../inners/use_cases/authentications/LoginAuthentication'\r\nimport RegisterAuthentication from '../../inners/use_cases/authentications/RegisterAuthentication'\r\nimport AuthenticationControllerRest from '../controllers/rests/AuthenticationControllerRest'\r\n\r\nexport default class RootRoute {\r\n  app: Application\r\n  io: socketIo.Server\r\n  datastoreOne: OneDatastore\r\n\r\n  constructor (app: Application, io: socketIo.Server, datastoreOne: OneDatastore) {\r\n    this.app = app\r\n    this.io = io\r\n    this.datastoreOne = datastoreOne\r\n  }\r\n\r\n  registerRoutes = async (): Promise<void> => {\r\n    const routerVersionOne = Router()\r\n\r\n    const userRepository: UserRepository = new UserRepository(this.datastoreOne)\r\n    const userManagement: UserManagement = new UserManagement(userRepository)\r\n    const userControllerRest: UserControllerRest = new UserControllerRest(Router(), userManagement)\r\n    userControllerRest.registerRoutes()\r\n    routerVersionOne.use('/users', userControllerRest.router)\r\n\r\n    const videoRepository: VideoRepository = new VideoRepository(this.datastoreOne)\r\n    const videoManagement: VideoManagement = new VideoManagement(videoRepository)\r\n    const videoControllerRest: VideoControllerRest = new VideoControllerRest(Router(), videoManagement)\r\n    videoControllerRest.registerRoutes()\r\n    routerVersionOne.use('/videos', videoControllerRest.router)\r\n\r\n    const commentRepository: CommentRepository = new CommentRepository(this.datastoreOne)\r\n    const commentManagement: CommentManagement = new CommentManagement(commentRepository, userRepository)\r\n    const commentControllerRest: CommentControllerRest = new CommentControllerRest(Router(), commentManagement)\r\n    commentControllerRest.registerRoutes()\r\n    routerVersionOne.use('/comments', commentControllerRest.router)\r\n\r\n    const productRepository: ProductRepository = new ProductRepository(this.datastoreOne)\r\n    const productManagement: ProductManagement = new ProductManagement(productRepository)\r\n    const productControllerRest: ProductControllerRest = new ProductControllerRest(Router(), productManagement)\r\n    productControllerRest.registerRoutes()\r\n    routerVersionOne.use('/products', productControllerRest.router)\r\n\r\n    const videoCommentMapRepository: VideoCommentMapRepository = new VideoCommentMapRepository(this.datastoreOne)\r\n    const videoCommentMapManagement: VideoCommentMapManagement = new VideoCommentMapManagement(videoCommentMapRepository)\r\n    const videoCommentMapControllerRest: VideoCommentMapController = new VideoCommentMapController(Router(), videoCommentMapManagement)\r\n    videoCommentMapControllerRest.registerRoutes()\r\n    routerVersionOne.use('/video-comment-maps', videoCommentMapControllerRest.router)\r\n\r\n    const videoProductMapRepository: VideoProductMapRepository = new VideoProductMapRepository(this.datastoreOne)\r\n    const videoProductMapManagement: VideoProductMapManagement = new VideoProductMapManagement(videoProductMapRepository)\r\n    const videoProductMapControllerRest: VideoProductMapControllerRest = new VideoProductMapControllerRest(Router(), videoProductMapManagement)\r\n    videoProductMapControllerRest.registerRoutes()\r\n    routerVersionOne.use('/video-product-maps', videoProductMapControllerRest.router)\r\n\r\n    const loginAuthentication: LoginAuthentication = new LoginAuthentication(userManagement)\r\n    const registerAuthentication: RegisterAuthentication = new RegisterAuthentication(userManagement)\r\n    const authenticationControllerRest: AuthenticationControllerRest = new AuthenticationControllerRest(Router(), loginAuthentication, registerAuthentication)\r\n    authenticationControllerRest.registerRoutes()\r\n    routerVersionOne.use('/authentications', authenticationControllerRest.router)\r\n\r\n    this.app.use('/api/v1', routerVersionOne)\r\n  }\r\n\r\n  registerSockets = async (): Promise<void> => {\r\n    const userRepository: UserRepository = new UserRepository(this.datastoreOne)\r\n    const commentRepository: CommentRepository = new CommentRepository(this.datastoreOne)\r\n    const userManagement: UserManagement = new UserManagement(userRepository)\r\n    const commentManagement: CommentManagement = new CommentManagement(commentRepository, userRepository)\r\n    const roomControllerWebSocket: RoomControllerWebSocket = new RoomControllerWebSocket(this.io, commentManagement, userManagement)\r\n    roomControllerWebSocket.registerSockets()\r\n  }\r\n}\r\n"]},"_coverageSchema":"1a1c01bbd47fc00a2c39e90264f33305004495a9","hash":"65d918602b7886c0a3e105343de4d0dfe9e0809f"},"C:\\Data\\Apps\\gigih\\mid-term\\gigih-play-backend\\src\\outers\\controllers\\rests\\ProductControllerRest.ts":{"path":"C:\\Data\\Apps\\gigih\\mid-term\\gigih-play-backend\\src\\outers\\controllers\\rests\\ProductControllerRest.ts","statementMap":{"0":{"start":{"line":2,"column":0},"end":{"line":2,"column":62}},"1":{"start":{"line":5,"column":8},"end":{"line":12,"column":10}},"2":{"start":{"line":6,"column":12},"end":{"line":6,"column":46}},"3":{"start":{"line":7,"column":12},"end":{"line":7,"column":71}},"4":{"start":{"line":8,"column":12},"end":{"line":8,"column":54}},"5":{"start":{"line":9,"column":12},"end":{"line":9,"column":49}},"6":{"start":{"line":10,"column":12},"end":{"line":10,"column":57}},"7":{"start":{"line":11,"column":12},"end":{"line":11,"column":59}},"8":{"start":{"line":13,"column":8},"end":{"line":28,"column":10}},"9":{"start":{"line":14,"column":31},"end":{"line":14,"column":44}},"10":{"start":{"line":15,"column":33},"end":{"line":15,"column":114}},"11":{"start":{"line":16,"column":12},"end":{"line":27,"column":15}},"12":{"start":{"line":19,"column":16},"end":{"line":19,"column":60}},"13":{"start":{"line":22,"column":16},"end":{"line":26,"column":19}},"14":{"start":{"line":29,"column":8},"end":{"line":43,"column":10}},"15":{"start":{"line":30,"column":32},"end":{"line":30,"column":46}},"16":{"start":{"line":31,"column":12},"end":{"line":42,"column":15}},"17":{"start":{"line":34,"column":16},"end":{"line":34,"column":60}},"18":{"start":{"line":37,"column":16},"end":{"line":41,"column":19}},"19":{"start":{"line":44,"column":8},"end":{"line":58,"column":10}},"20":{"start":{"line":45,"column":27},"end":{"line":45,"column":41}},"21":{"start":{"line":46,"column":12},"end":{"line":57,"column":15}},"22":{"start":{"line":49,"column":16},"end":{"line":49,"column":60}},"23":{"start":{"line":52,"column":16},"end":{"line":56,"column":19}},"24":{"start":{"line":59,"column":8},"end":{"line":72,"column":10}},"25":{"start":{"line":60,"column":12},"end":{"line":71,"column":15}},"26":{"start":{"line":63,"column":16},"end":{"line":63,"column":60}},"27":{"start":{"line":66,"column":16},"end":{"line":70,"column":19}},"28":{"start":{"line":73,"column":8},"end":{"line":87,"column":10}},"29":{"start":{"line":74,"column":27},"end":{"line":74,"column":41}},"30":{"start":{"line":75,"column":12},"end":{"line":86,"column":15}},"31":{"start":{"line":78,"column":16},"end":{"line":78,"column":60}},"32":{"start":{"line":81,"column":16},"end":{"line":85,"column":19}},"33":{"start":{"line":88,"column":8},"end":{"line":102,"column":10}},"34":{"start":{"line":89,"column":27},"end":{"line":89,"column":41}},"35":{"start":{"line":90,"column":12},"end":{"line":101,"column":15}},"36":{"start":{"line":93,"column":16},"end":{"line":93,"column":60}},"37":{"start":{"line":96,"column":16},"end":{"line":100,"column":19}},"38":{"start":{"line":103,"column":8},"end":{"line":103,"column":29}},"39":{"start":{"line":104,"column":8},"end":{"line":104,"column":51}},"40":{"start":{"line":107,"column":0},"end":{"line":107,"column":40}}},"fnMap":{"0":{"name":"(anonymous_0)","decl":{"start":{"line":4,"column":4},"end":{"line":4,"column":5}},"loc":{"start":{"line":4,"column":43},"end":{"line":105,"column":5}},"line":4},"1":{"name":"(anonymous_1)","decl":{"start":{"line":5,"column":30},"end":{"line":5,"column":31}},"loc":{"start":{"line":5,"column":36},"end":{"line":12,"column":9}},"line":5},"2":{"name":"(anonymous_2)","decl":{"start":{"line":13,"column":23},"end":{"line":13,"column":24}},"loc":{"start":{"line":13,"column":46},"end":{"line":28,"column":9}},"line":13},"3":{"name":"(anonymous_3)","decl":{"start":{"line":18,"column":22},"end":{"line":18,"column":23}},"loc":{"start":{"line":18,"column":34},"end":{"line":20,"column":13}},"line":18},"4":{"name":"(anonymous_4)","decl":{"start":{"line":21,"column":23},"end":{"line":21,"column":24}},"loc":{"start":{"line":21,"column":34},"end":{"line":27,"column":13}},"line":21},"5":{"name":"(anonymous_5)","decl":{"start":{"line":29,"column":32},"end":{"line":29,"column":33}},"loc":{"start":{"line":29,"column":55},"end":{"line":43,"column":9}},"line":29},"6":{"name":"(anonymous_6)","decl":{"start":{"line":33,"column":22},"end":{"line":33,"column":23}},"loc":{"start":{"line":33,"column":34},"end":{"line":35,"column":13}},"line":33},"7":{"name":"(anonymous_7)","decl":{"start":{"line":36,"column":23},"end":{"line":36,"column":24}},"loc":{"start":{"line":36,"column":34},"end":{"line":42,"column":13}},"line":36},"8":{"name":"(anonymous_8)","decl":{"start":{"line":44,"column":27},"end":{"line":44,"column":28}},"loc":{"start":{"line":44,"column":50},"end":{"line":58,"column":9}},"line":44},"9":{"name":"(anonymous_9)","decl":{"start":{"line":48,"column":22},"end":{"line":48,"column":23}},"loc":{"start":{"line":48,"column":34},"end":{"line":50,"column":13}},"line":48},"10":{"name":"(anonymous_10)","decl":{"start":{"line":51,"column":23},"end":{"line":51,"column":24}},"loc":{"start":{"line":51,"column":34},"end":{"line":57,"column":13}},"line":51},"11":{"name":"(anonymous_11)","decl":{"start":{"line":59,"column":25},"end":{"line":59,"column":26}},"loc":{"start":{"line":59,"column":48},"end":{"line":72,"column":9}},"line":59},"12":{"name":"(anonymous_12)","decl":{"start":{"line":62,"column":22},"end":{"line":62,"column":23}},"loc":{"start":{"line":62,"column":34},"end":{"line":64,"column":13}},"line":62},"13":{"name":"(anonymous_13)","decl":{"start":{"line":65,"column":23},"end":{"line":65,"column":24}},"loc":{"start":{"line":65,"column":34},"end":{"line":71,"column":13}},"line":65},"14":{"name":"(anonymous_14)","decl":{"start":{"line":73,"column":28},"end":{"line":73,"column":29}},"loc":{"start":{"line":73,"column":51},"end":{"line":87,"column":9}},"line":73},"15":{"name":"(anonymous_15)","decl":{"start":{"line":77,"column":22},"end":{"line":77,"column":23}},"loc":{"start":{"line":77,"column":34},"end":{"line":79,"column":13}},"line":77},"16":{"name":"(anonymous_16)","decl":{"start":{"line":80,"column":23},"end":{"line":80,"column":24}},"loc":{"start":{"line":80,"column":34},"end":{"line":86,"column":13}},"line":80},"17":{"name":"(anonymous_17)","decl":{"start":{"line":88,"column":29},"end":{"line":88,"column":30}},"loc":{"start":{"line":88,"column":52},"end":{"line":102,"column":9}},"line":88},"18":{"name":"(anonymous_18)","decl":{"start":{"line":92,"column":22},"end":{"line":92,"column":23}},"loc":{"start":{"line":92,"column":34},"end":{"line":94,"column":13}},"line":92},"19":{"name":"(anonymous_19)","decl":{"start":{"line":95,"column":23},"end":{"line":95,"column":24}},"loc":{"start":{"line":95,"column":34},"end":{"line":101,"column":13}},"line":95}},"branchMap":{"0":{"loc":{"start":{"line":15,"column":33},"end":{"line":15,"column":114}},"type":"cond-expr","locations":[{"start":{"line":15,"column":56},"end":{"line":15,"column":102}},{"start":{"line":15,"column":105},"end":{"line":15,"column":114}}],"line":15}},"s":{"0":1,"1":1,"2":1,"3":1,"4":1,"5":1,"6":1,"7":1,"8":1,"9":0,"10":0,"11":0,"12":0,"13":0,"14":1,"15":0,"16":0,"17":0,"18":0,"19":1,"20":0,"21":0,"22":0,"23":0,"24":1,"25":0,"26":0,"27":0,"28":1,"29":0,"30":0,"31":0,"32":0,"33":1,"34":0,"35":0,"36":0,"37":0,"38":1,"39":1,"40":1},"f":{"0":1,"1":1,"2":0,"3":0,"4":0,"5":0,"6":0,"7":0,"8":0,"9":0,"10":0,"11":0,"12":0,"13":0,"14":0,"15":0,"16":0,"17":0,"18":0,"19":0},"b":{"0":[0,0]},"inputSourceMap":{"version":3,"file":"C:\\Data\\Apps\\gigih\\mid-term\\gigih-play-backend\\src\\outers\\controllers\\rests\\ProductControllerRest.ts","sources":["C:\\Data\\Apps\\gigih\\mid-term\\gigih-play-backend\\src\\outers\\controllers\\rests\\ProductControllerRest.ts"],"names":[],"mappings":";;AAMA,MAAqB,qBAAqB;IAIxC,YAAa,MAAc,EAAE,iBAAoC;QAKjE,mBAAc,GAAG,GAAS,EAAE;YAC1B,IAAI,CAAC,MAAM,CAAC,GAAG,CAAC,EAAE,EAAE,IAAI,CAAC,OAAO,CAAC,CAAA;YACjC,IAAI,CAAC,MAAM,CAAC,GAAG,CAAC,kBAAkB,EAAE,IAAI,CAAC,gBAAgB,CAAC,CAAA;YAC1D,IAAI,CAAC,MAAM,CAAC,GAAG,CAAC,MAAM,EAAE,IAAI,CAAC,WAAW,CAAC,CAAA;YACzC,IAAI,CAAC,MAAM,CAAC,IAAI,CAAC,EAAE,EAAE,IAAI,CAAC,SAAS,CAAC,CAAA;YACpC,IAAI,CAAC,MAAM,CAAC,KAAK,CAAC,MAAM,EAAE,IAAI,CAAC,YAAY,CAAC,CAAA;YAC5C,IAAI,CAAC,MAAM,CAAC,MAAM,CAAC,MAAM,EAAE,IAAI,CAAC,aAAa,CAAC,CAAA;QAChD,CAAC,CAAA;QAED,YAAO,GAAG,CAAC,OAAgB,EAAE,QAAkB,EAAQ,EAAE;YACvD,MAAM,EAAE,MAAM,EAAE,GAAG,OAAO,CAAC,KAAK,CAAA;YAChC,MAAM,YAAY,GAAoB,MAAM,KAAK,SAAS,CAAC,CAAC,CAAC,IAAI,CAAC,KAAK,CAAC,kBAAkB,CAAC,MAAM,CAAC,MAAM,CAAC,CAAC,CAAC,CAAC,CAAC,CAAC,SAAS,CAAA;YACvH,IAAI,CAAC,iBAAiB;iBACnB,OAAO,CAAC,YAAY,CAAC;iBACrB,IAAI,CAAC,CAAC,MAAyB,EAAE,EAAE;gBAClC,QAAQ,CAAC,MAAM,CAAC,MAAM,CAAC,MAAM,CAAC,CAAC,IAAI,CAAC,MAAM,CAAC,CAAA;YAC7C,CAAC,CAAC;iBACD,KAAK,CAAC,CAAC,KAAY,EAAE,EAAE;gBACtB,QAAQ,CAAC,MAAM,CAAC,GAAG,CAAC,CAAC,IAAI,CAAC;oBACxB,MAAM,EAAE,GAAG;oBACX,OAAO,EAAE,KAAK,CAAC,OAAO;oBACtB,IAAI,EAAE,IAAI;iBACX,CAAC,CAAA;YACJ,CAAC,CAAC,CAAA;QACN,CAAC,CAAA;QAED,qBAAgB,GAAG,CAAC,OAAgB,EAAE,QAAkB,EAAQ,EAAE;YAChE,MAAM,EAAE,OAAO,EAAE,GAAG,OAAO,CAAC,MAAM,CAAA;YAClC,IAAI,CAAC,iBAAiB;iBACnB,gBAAgB,CAAC,OAAO,CAAC;iBACzB,IAAI,CAAC,CAAC,MAAyB,EAAE,EAAE;gBAClC,QAAQ,CAAC,MAAM,CAAC,MAAM,CAAC,MAAM,CAAC,CAAC,IAAI,CAAC,MAAM,CAAC,CAAA;YAC7C,CAAC,CAAC;iBACD,KAAK,CAAC,CAAC,KAAY,EAAE,EAAE;gBACtB,QAAQ,CAAC,MAAM,CAAC,GAAG,CAAC,CAAC,IAAI,CAAC;oBACxB,MAAM,EAAE,GAAG;oBACX,OAAO,EAAE,KAAK,CAAC,OAAO;oBACtB,IAAI,EAAE,IAAI;iBACX,CAAC,CAAA;YACJ,CAAC,CAAC,CAAA;QACN,CAAC,CAAA;QAED,gBAAW,GAAG,CAAC,OAAgB,EAAE,QAAkB,EAAQ,EAAE;YAC3D,MAAM,EAAE,EAAE,EAAE,GAAG,OAAO,CAAC,MAAM,CAAA;YAC7B,IAAI,CAAC,iBAAiB;iBACnB,WAAW,CAAC,EAAE,CAAC;iBACf,IAAI,CAAC,CAAC,MAAuB,EAAE,EAAE;gBAChC,QAAQ,CAAC,MAAM,CAAC,MAAM,CAAC,MAAM,CAAC,CAAC,IAAI,CAAC,MAAM,CAAC,CAAA;YAC7C,CAAC,CAAC;iBACD,KAAK,CAAC,CAAC,KAAY,EAAE,EAAE;gBACtB,QAAQ,CAAC,MAAM,CAAC,GAAG,CAAC,CAAC,IAAI,CAAC;oBACxB,MAAM,EAAE,GAAG;oBACX,OAAO,EAAE,KAAK,CAAC,OAAO;oBACtB,IAAI,EAAE,IAAI;iBACX,CAAC,CAAA;YACJ,CAAC,CAAC,CAAA;QACN,CAAC,CAAA;QAED,cAAS,GAAG,CAAC,OAAgB,EAAE,QAAkB,EAAQ,EAAE;YACzD,IAAI,CAAC,iBAAiB;iBACnB,SAAS,CAAC,OAAO,CAAC,IAAI,CAAC;iBACvB,IAAI,CAAC,CAAC,MAAuB,EAAE,EAAE;gBAChC,QAAQ,CAAC,MAAM,CAAC,MAAM,CAAC,MAAM,CAAC,CAAC,IAAI,CAAC,MAAM,CAAC,CAAA;YAC7C,CAAC,CAAC;iBACD,KAAK,CAAC,CAAC,KAAY,EAAE,EAAE;gBACtB,QAAQ,CAAC,MAAM,CAAC,GAAG,CAAC,CAAC,IAAI,CAAC;oBACxB,MAAM,EAAE,GAAG;oBACX,OAAO,EAAE,KAAK,CAAC,OAAO;oBACtB,IAAI,EAAE,IAAI;iBACX,CAAC,CAAA;YACJ,CAAC,CAAC,CAAA;QACN,CAAC,CAAA;QAED,iBAAY,GAAG,CAAC,OAAgB,EAAE,QAAkB,EAAQ,EAAE;YAC5D,MAAM,EAAE,EAAE,EAAE,GAAG,OAAO,CAAC,MAAM,CAAA;YAC7B,IAAI,CAAC,iBAAiB;iBACnB,YAAY,CAAC,EAAE,EAAE,OAAO,CAAC,IAAI,CAAC;iBAC9B,IAAI,CAAC,CAAC,MAAuB,EAAE,EAAE;gBAChC,QAAQ,CAAC,MAAM,CAAC,MAAM,CAAC,MAAM,CAAC,CAAC,IAAI,CAAC,MAAM,CAAC,CAAA;YAC7C,CAAC,CAAC;iBACD,KAAK,CAAC,CAAC,KAAY,EAAE,EAAE;gBACtB,QAAQ,CAAC,MAAM,CAAC,GAAG,CAAC,CAAC,IAAI,CAAC;oBACxB,MAAM,EAAE,GAAG;oBACX,OAAO,EAAE,KAAK,CAAC,OAAO;oBACtB,IAAI,EAAE,IAAI;iBACX,CAAC,CAAA;YACJ,CAAC,CAAC,CAAA;QACN,CAAC,CAAA;QAED,kBAAa,GAAG,CAAC,OAAgB,EAAE,QAAkB,EAAQ,EAAE;YAC7D,MAAM,EAAE,EAAE,EAAE,GAAG,OAAO,CAAC,MAAM,CAAA;YAC7B,IAAI,CAAC,iBAAiB;iBACnB,aAAa,CAAC,EAAE,CAAC;iBACjB,IAAI,CAAC,CAAC,MAAuB,EAAE,EAAE;gBAChC,QAAQ,CAAC,MAAM,CAAC,MAAM,CAAC,MAAM,CAAC,CAAC,IAAI,CAAC,MAAM,CAAC,CAAA;YAC7C,CAAC,CAAC;iBACD,KAAK,CAAC,CAAC,KAAY,EAAE,EAAE;gBACtB,QAAQ,CAAC,MAAM,CAAC,GAAG,CAAC,CAAC,IAAI,CAAC;oBACxB,MAAM,EAAE,GAAG;oBACX,OAAO,EAAE,KAAK,CAAC,OAAO;oBACtB,IAAI,EAAE,IAAI;iBACX,CAAC,CAAA;YACJ,CAAC,CAAC,CAAA;QACN,CAAC,CAAA;QA3GC,IAAI,CAAC,MAAM,GAAG,MAAM,CAAA;QACpB,IAAI,CAAC,iBAAiB,GAAG,iBAAiB,CAAA;IAC5C,CAAC;CA0GF;AAjHD,wCAiHC","sourcesContent":["import { type Request, type Response, type Router } from 'express'\r\n\r\nimport type Product from '../../../inners/models/entities/Product'\r\nimport type Result from '../../../inners/models/value_objects/Result'\r\nimport type ProductManagement from '../../../inners/use_cases/managements/ProductManagement'\r\n\r\nexport default class ProductControllerRest {\r\n  router: Router\r\n  productManagement: ProductManagement\r\n\r\n  constructor (router: Router, productManagement: ProductManagement) {\r\n    this.router = router\r\n    this.productManagement = productManagement\r\n  }\r\n\r\n  registerRoutes = (): void => {\r\n    this.router.get('', this.readAll)\r\n    this.router.get('/videos/:videoId', this.readAllByVideoId)\r\n    this.router.get('/:id', this.readOneById)\r\n    this.router.post('', this.createOne)\r\n    this.router.patch('/:id', this.patchOneById)\r\n    this.router.delete('/:id', this.deleteOneById)\r\n  }\r\n\r\n  readAll = (request: Request, response: Response): void => {\r\n    const { search } = request.query\r\n    const parsedSearch: any | undefined = search !== undefined ? JSON.parse(decodeURIComponent(String(search))) : undefined\r\n    this.productManagement\r\n      .readAll(parsedSearch)\r\n      .then((result: Result<Product[]>) => {\r\n        response.status(result.status).json(result)\r\n      })\r\n      .catch((error: Error) => {\r\n        response.status(500).json({\r\n          status: 500,\r\n          message: error.message,\r\n          data: null\r\n        })\r\n      })\r\n  }\r\n\r\n  readAllByVideoId = (request: Request, response: Response): void => {\r\n    const { videoId } = request.params\r\n    this.productManagement\r\n      .readAllByVideoId(videoId)\r\n      .then((result: Result<Product[]>) => {\r\n        response.status(result.status).json(result)\r\n      })\r\n      .catch((error: Error) => {\r\n        response.status(500).json({\r\n          status: 500,\r\n          message: error.message,\r\n          data: null\r\n        })\r\n      })\r\n  }\r\n\r\n  readOneById = (request: Request, response: Response): void => {\r\n    const { id } = request.params\r\n    this.productManagement\r\n      .readOneById(id)\r\n      .then((result: Result<Product>) => {\r\n        response.status(result.status).json(result)\r\n      })\r\n      .catch((error: Error) => {\r\n        response.status(500).json({\r\n          status: 500,\r\n          message: error.message,\r\n          data: null\r\n        })\r\n      })\r\n  }\r\n\r\n  createOne = (request: Request, response: Response): void => {\r\n    this.productManagement\r\n      .createOne(request.body)\r\n      .then((result: Result<Product>) => {\r\n        response.status(result.status).json(result)\r\n      })\r\n      .catch((error: Error) => {\r\n        response.status(500).json({\r\n          status: 500,\r\n          message: error.message,\r\n          data: null\r\n        })\r\n      })\r\n  }\r\n\r\n  patchOneById = (request: Request, response: Response): void => {\r\n    const { id } = request.params\r\n    this.productManagement\r\n      .patchOneById(id, request.body)\r\n      .then((result: Result<Product>) => {\r\n        response.status(result.status).json(result)\r\n      })\r\n      .catch((error: Error) => {\r\n        response.status(500).json({\r\n          status: 500,\r\n          message: error.message,\r\n          data: null\r\n        })\r\n      })\r\n  }\r\n\r\n  deleteOneById = (request: Request, response: Response): void => {\r\n    const { id } = request.params\r\n    this.productManagement\r\n      .deleteOneById(id)\r\n      .then((result: Result<Product>) => {\r\n        response.status(result.status).json(result)\r\n      })\r\n      .catch((error: Error) => {\r\n        response.status(500).json({\r\n          status: 500,\r\n          message: error.message,\r\n          data: null\r\n        })\r\n      })\r\n  }\r\n}\r\n"]},"_coverageSchema":"1a1c01bbd47fc00a2c39e90264f33305004495a9","hash":"a2bf2ee588b9b8b7c0e520235714f49e864b3692"},"C:\\Data\\Apps\\gigih\\mid-term\\gigih-play-backend\\src\\outers\\repositories\\ProductRepository.ts":{"path":"C:\\Data\\Apps\\gigih\\mid-term\\gigih-play-backend\\src\\outers\\repositories\\ProductRepository.ts","statementMap":{"0":{"start":{"line":2,"column":16},"end":{"line":10,"column":1}},"1":{"start":{"line":3,"column":28},"end":{"line":3,"column":110}},"2":{"start":{"line":3,"column":91},"end":{"line":3,"column":106}},"3":{"start":{"line":4,"column":4},"end":{"line":9,"column":7}},"4":{"start":{"line":5,"column":36},"end":{"line":5,"column":97}},"5":{"start":{"line":5,"column":42},"end":{"line":5,"column":70}},"6":{"start":{"line":5,"column":85},"end":{"line":5,"column":95}},"7":{"start":{"line":6,"column":35},"end":{"line":6,"column":100}},"8":{"start":{"line":6,"column":41},"end":{"line":6,"column":73}},"9":{"start":{"line":6,"column":88},"end":{"line":6,"column":98}},"10":{"start":{"line":7,"column":32},"end":{"line":7,"column":116}},"11":{"start":{"line":8,"column":8},"end":{"line":8,"column":78}},"12":{"start":{"line":11,"column":22},"end":{"line":13,"column":1}},"13":{"start":{"line":12,"column":4},"end":{"line":12,"column":62}},"14":{"start":{"line":14,"column":0},"end":{"line":14,"column":62}},"15":{"start":{"line":15,"column":24},"end":{"line":15,"column":76}},"16":{"start":{"line":16,"column":19},"end":{"line":16,"column":38}},"17":{"start":{"line":19,"column":8},"end":{"line":30,"column":11}},"18":{"start":{"line":19,"column":35},"end":{"line":30,"column":10}},"19":{"start":{"line":20,"column":12},"end":{"line":24,"column":13}},"20":{"start":{"line":21,"column":16},"end":{"line":23,"column":17}},"21":{"start":{"line":22,"column":20},"end":{"line":22,"column":75}},"22":{"start":{"line":25,"column":34},"end":{"line":25,"column":76}},"23":{"start":{"line":26,"column":12},"end":{"line":28,"column":13}},"24":{"start":{"line":27,"column":16},"end":{"line":27,"column":59}},"25":{"start":{"line":29,"column":12},"end":{"line":29,"column":33}},"26":{"start":{"line":31,"column":8},"end":{"line":59,"column":11}},"27":{"start":{"line":31,"column":45},"end":{"line":59,"column":10}},"28":{"start":{"line":32,"column":43},"end":{"line":54,"column":14}},"29":{"start":{"line":55,"column":12},"end":{"line":57,"column":13}},"30":{"start":{"line":56,"column":16},"end":{"line":56,"column":71}},"31":{"start":{"line":58,"column":12},"end":{"line":58,"column":42}},"32":{"start":{"line":60,"column":8},"end":{"line":66,"column":11}},"33":{"start":{"line":60,"column":35},"end":{"line":66,"column":10}},"34":{"start":{"line":61,"column":33},"end":{"line":61,"column":114}},"35":{"start":{"line":62,"column":12},"end":{"line":64,"column":13}},"36":{"start":{"line":63,"column":16},"end":{"line":63,"column":58}},"37":{"start":{"line":65,"column":12},"end":{"line":65,"column":32}},"38":{"start":{"line":67,"column":8},"end":{"line":69,"column":11}},"39":{"start":{"line":67,"column":38},"end":{"line":69,"column":10}},"40":{"start":{"line":68,"column":12},"end":{"line":68,"column":65}},"41":{"start":{"line":70,"column":8},"end":{"line":76,"column":11}},"42":{"start":{"line":70,"column":45},"end":{"line":76,"column":10}},"43":{"start":{"line":71,"column":35},"end":{"line":71,"column":159}},"44":{"start":{"line":72,"column":12},"end":{"line":74,"column":13}},"45":{"start":{"line":73,"column":16},"end":{"line":73,"column":60}},"46":{"start":{"line":75,"column":12},"end":{"line":75,"column":34}},"47":{"start":{"line":77,"column":8},"end":{"line":83,"column":11}},"48":{"start":{"line":77,"column":37},"end":{"line":83,"column":10}},"49":{"start":{"line":78,"column":35},"end":{"line":78,"column":125}},"50":{"start":{"line":79,"column":12},"end":{"line":81,"column":13}},"51":{"start":{"line":80,"column":16},"end":{"line":80,"column":60}},"52":{"start":{"line":82,"column":12},"end":{"line":82,"column":34}},"53":{"start":{"line":84,"column":8},"end":{"line":84,"column":41}},"54":{"start":{"line":87,"column":0},"end":{"line":87,"column":36}}},"fnMap":{"0":{"name":"(anonymous_0)","decl":{"start":{"line":2,"column":44},"end":{"line":2,"column":45}},"loc":{"start":{"line":2,"column":89},"end":{"line":10,"column":1}},"line":2},"1":{"name":"adopt","decl":{"start":{"line":3,"column":13},"end":{"line":3,"column":18}},"loc":{"start":{"line":3,"column":26},"end":{"line":3,"column":112}},"line":3},"2":{"name":"(anonymous_2)","decl":{"start":{"line":3,"column":70},"end":{"line":3,"column":71}},"loc":{"start":{"line":3,"column":89},"end":{"line":3,"column":108}},"line":3},"3":{"name":"(anonymous_3)","decl":{"start":{"line":4,"column":36},"end":{"line":4,"column":37}},"loc":{"start":{"line":4,"column":63},"end":{"line":9,"column":5}},"line":4},"4":{"name":"fulfilled","decl":{"start":{"line":5,"column":17},"end":{"line":5,"column":26}},"loc":{"start":{"line":5,"column":34},"end":{"line":5,"column":99}},"line":5},"5":{"name":"rejected","decl":{"start":{"line":6,"column":17},"end":{"line":6,"column":25}},"loc":{"start":{"line":6,"column":33},"end":{"line":6,"column":102}},"line":6},"6":{"name":"step","decl":{"start":{"line":7,"column":17},"end":{"line":7,"column":21}},"loc":{"start":{"line":7,"column":30},"end":{"line":7,"column":118}},"line":7},"7":{"name":"(anonymous_7)","decl":{"start":{"line":11,"column":56},"end":{"line":11,"column":57}},"loc":{"start":{"line":11,"column":71},"end":{"line":13,"column":1}},"line":11},"8":{"name":"(anonymous_8)","decl":{"start":{"line":18,"column":4},"end":{"line":18,"column":5}},"loc":{"start":{"line":18,"column":30},"end":{"line":85,"column":5}},"line":18},"9":{"name":"(anonymous_9)","decl":{"start":{"line":19,"column":23},"end":{"line":19,"column":24}},"loc":{"start":{"line":19,"column":35},"end":{"line":30,"column":10}},"line":19},"10":{"name":"(anonymous_10)","decl":{"start":{"line":19,"column":67},"end":{"line":19,"column":68}},"loc":{"start":{"line":19,"column":80},"end":{"line":30,"column":9}},"line":19},"11":{"name":"(anonymous_11)","decl":{"start":{"line":31,"column":32},"end":{"line":31,"column":33}},"loc":{"start":{"line":31,"column":45},"end":{"line":59,"column":10}},"line":31},"12":{"name":"(anonymous_12)","decl":{"start":{"line":31,"column":77},"end":{"line":31,"column":78}},"loc":{"start":{"line":31,"column":90},"end":{"line":59,"column":9}},"line":31},"13":{"name":"(anonymous_13)","decl":{"start":{"line":60,"column":27},"end":{"line":60,"column":28}},"loc":{"start":{"line":60,"column":35},"end":{"line":66,"column":10}},"line":60},"14":{"name":"(anonymous_14)","decl":{"start":{"line":60,"column":67},"end":{"line":60,"column":68}},"loc":{"start":{"line":60,"column":80},"end":{"line":66,"column":9}},"line":60},"15":{"name":"(anonymous_15)","decl":{"start":{"line":67,"column":25},"end":{"line":67,"column":26}},"loc":{"start":{"line":67,"column":38},"end":{"line":69,"column":10}},"line":67},"16":{"name":"(anonymous_16)","decl":{"start":{"line":67,"column":70},"end":{"line":67,"column":71}},"loc":{"start":{"line":67,"column":83},"end":{"line":69,"column":9}},"line":67},"17":{"name":"(anonymous_17)","decl":{"start":{"line":70,"column":28},"end":{"line":70,"column":29}},"loc":{"start":{"line":70,"column":45},"end":{"line":76,"column":10}},"line":70},"18":{"name":"(anonymous_18)","decl":{"start":{"line":70,"column":77},"end":{"line":70,"column":78}},"loc":{"start":{"line":70,"column":90},"end":{"line":76,"column":9}},"line":70},"19":{"name":"(anonymous_19)","decl":{"start":{"line":77,"column":29},"end":{"line":77,"column":30}},"loc":{"start":{"line":77,"column":37},"end":{"line":83,"column":10}},"line":77},"20":{"name":"(anonymous_20)","decl":{"start":{"line":77,"column":69},"end":{"line":77,"column":70}},"loc":{"start":{"line":77,"column":82},"end":{"line":83,"column":9}},"line":77}},"branchMap":{"0":{"loc":{"start":{"line":2,"column":16},"end":{"line":10,"column":1}},"type":"binary-expr","locations":[{"start":{"line":2,"column":17},"end":{"line":2,"
[...]
column":13}},{"start":{"line":15,"column":12},"end":{"line":27,"column":13}}],"line":15},"4":{"loc":{"start":{"line":31,"column":12},"end":{"line":43,"column":13}},"type":"if","locations":[{"start":{"line":31,"column":12},"end":{"line":43,"column":13}},{"start":{"line":31,"column":12},"end":{"line":43,"column":13}}],"line":31}},"s":{"0":1,"1":1,"2":1,"3":1,"4":1,"5":1,"6":1,"7":1,"8":0,"9":0,"10":0,"11":0,"12":0,"13":0,"14":0,"15":1,"16":0,"17":0,"18":0,"19":0,"20":0,"21":0,"22":0,"23":1,"24":1,"25":1,"26":1},"f":{"0":1,"1":1,"2":1,"3":0,"4":0,"5":0,"6":0,"7":0,"8":0},"b":{"0":[1,1,1],"1":[1,0],"2":[1,1],"3":[0,0],"4":[0,0]},"inputSourceMap":{"version":3,"file":"C:\\Data\\Apps\\gigih\\mid-term\\gigih-play-backend\\src\\outers\\controllers\\rests\\AuthenticationControllerRest.ts","sources":["C:\\Data\\Apps\\gigih\\mid-term\\gigih-play-backend\\src\\outers\\controllers\\rests\\AuthenticationControllerRest.ts"],"names":[],"mappings":";;;;;AAGA,yFAAgE;AAQhE,MAAqB,4BAA4B;IAK/C,YACE,MAAc,EACd,mBAAwC,EACxC,sBAA8C;QAOhD,mBAAc,GAAG,GAAS,EAAE;YAC1B,IAAI,CAAC,MAAM,CAAC,IAAI,CAAC,SAAS,EAAE,IAAI,CAAC,KAAK,CAAC,CAAA;YACvC,IAAI,CAAC,MAAM,CAAC,IAAI,CAAC,YAAY,EAAE,IAAI,CAAC,QAAQ,CAAC,CAAA;QAC/C,CAAC,CAAA;QAED,UAAK,GAAG,CAAC,OAAgB,EAAE,QAAkB,EAAQ,EAAE;YACrD,MAAM,EAAE,MAAM,EAAE,GAAG,OAAO,CAAC,KAAK,CAAA;YAChC,IAAI,MAAM,KAAK,uBAAuB,EAAE;gBACtC,MAAM,mCAAmC,GAAsC,OAAO,CAAC,IAAI,CAAA;gBAC3F,IAAI,CAAC,mBAAmB,CAAC,0BAA0B,CAAC,mCAAmC,CAAC;qBACrF,IAAI,CAAC,CAAC,MAA2B,EAAE,EAAE;oBACpC,QAAQ,CAAC,MAAM,CAAC,MAAM,CAAC,MAAM,CAAC,CAAC,IAAI,CAAC,MAAM,CAAC,CAAA;gBAC7C,CAAC,CAAC;qBACD,KAAK,CAAC,CAAC,KAAY,EAAE,EAAE;oBACtB,QAAQ,CAAC,MAAM,CAAC,GAAG,CAAC,CAAC,IAAI,CACvB,IAAI,gBAAM,CACR,GAAG,EACG,mBAAmB,MAAM,YAAY,KAAK,CAAC,OAAO,EAAE,EACpD,IAAI,CACX,CACF,CAAA;gBACH,CAAC,CAAC,CAAA;aACL;iBAAM;gBACL,QAAQ,CAAC,MAAM,CAAC,GAAG,CAAC,CAAC,IAAI,CACvB,IAAI,gBAAM,CACR,GAAG,EACO,mBAAmB,MAAgB,0BAA0B,EAC7D,IAAI,CACf,CACF,CAAA;aACF;QACH,CAAC,CAAA;QAED,aAAQ,GAAG,CAAC,OAAgB,EAAE,QAAkB,EAAQ,EAAE;YACxD,MAAM,EAAE,MAAM,EAAE,GAAG,OAAO,CAAC,KAAK,CAAA;YAChC,IAAI,MAAM,KAAK,uBAAuB,EAAE;gBACtC,MAAM,sCAAsC,GAAyC,OAAO,CAAC,IAAI,CAAA;gBACjG,IAAI,CAAC,sBAAsB,CAAC,6BAA6B,CAAC,sCAAsC,CAAC;qBAC9F,IAAI,CAAC,CAAC,MAA2B,EAAE,EAAE;oBACpC,QAAQ,CAAC,MAAM,CAAC,MAAM,CAAC,MAAM,CAAC,CAAC,IAAI,CAAC,MAAM,CAAC,CAAA;gBAC7C,CAAC,CAAC;qBACD,KAAK,CAAC,CAAC,KAAY,EAAE,EAAE;oBACtB,QAAQ,CAAC,MAAM,CAAC,GAAG,CAAC,CAAC,IAAI,CACvB,IAAI,gBAAM,CACR,GAAG,EACG,sBAAsB,MAAM,YAAY,KAAK,CAAC,OAAO,EAAE,EACvD,IAAI,CACX,CACF,CAAA;gBACH,CAAC,CAAC,CAAA;aACL;iBAAM;gBACL,QAAQ,CAAC,MAAM,CAAC,GAAG,CAAC,CAAC,IAAI,CACvB,IAAI,gBAAM,CACR,GAAG,EACG,sBAAsB,MAAgB,0BAA0B,EAChE,IAAI,CACX,CACF,CAAA;aACF;QACH,CAAC,CAAA;QAhEC,IAAI,CAAC,MAAM,GAAG,MAAM,CAAA;QACpB,IAAI,CAAC,mBAAmB,GAAG,mBAAmB,CAAA;QAC9C,IAAI,CAAC,sBAAsB,GAAG,sBAAsB,CAAA;IACtD,CAAC;CA8DF;AA3ED,+CA2EC","sourcesContent":["import { type Request, type Response, type Router } from 'express'\r\n\r\nimport type User from '../../../inners/models/entities/User'\r\nimport Result from '../../../inners/models/value_objects/Result'\r\nimport type RegisterAuthentication from '../../../inners/use_cases/authentications/RegisterAuthentication'\r\nimport type LoginAuthentication from '../../../inners/use_cases/authentications/LoginAuthentication'\r\nimport type LoginByUsernameAndPasswordRequest\r\n  from '../../../inners/models/value_objects/requests/authentications/LoginByUsernameAndPasswordRequest'\r\nimport type RegisterByUsernameAndPasswordRequest\r\n  from '../../../inners/models/value_objects/requests/authentications/RegisterByUsernameAndPasswordRequest'\r\n\r\nexport default class AuthenticationControllerRest {\r\n  router: Router\r\n  loginAuthentication: LoginAuthentication\r\n  registerAuthentication: RegisterAuthentication\r\n\r\n  constructor (\r\n    router: Router,\r\n    loginAuthentication: LoginAuthentication,\r\n    registerAuthentication: RegisterAuthentication\r\n  ) {\r\n    this.router = router\r\n    this.loginAuthentication = loginAuthentication\r\n    this.registerAuthentication = registerAuthentication\r\n  }\r\n\r\n  registerRoutes = (): void => {\r\n    this.router.post('/logins', this.login)\r\n    this.router.post('/registers', this.register)\r\n  }\r\n\r\n  login = (request: Request, response: Response): void => {\r\n    const { method } = request.query\r\n    if (method === 'username_and_password') {\r\n      const requestToLoginByUsernameAndPassword: LoginByUsernameAndPasswordRequest = request.body\r\n      this.loginAuthentication.loginByUsernameAndPassword(requestToLoginByUsernameAndPassword)\r\n        .then((result: Result<User | null>) => {\r\n          response.status(result.status).json(result)\r\n        })\r\n        .catch((error: Error) => {\r\n          response.status(500).json(\r\n            new Result<null>(\r\n              500,\r\n                    `Login by method ${method} failed: ${error.message}`,\r\n                    null\r\n            )\r\n          )\r\n        })\r\n    } else {\r\n      response.status(400).json(\r\n        new Result<null>(\r\n          400,\r\n                    `Login by method ${method as string} failed, unknown method.`,\r\n                    null\r\n        )\r\n      )\r\n    }\r\n  }\r\n\r\n  register = (request: Request, response: Response): void => {\r\n    const { method } = request.query\r\n    if (method === 'username_and_password') {\r\n      const requestToRegisterByUsernameAndPassword: RegisterByUsernameAndPasswordRequest = request.body\r\n      this.registerAuthentication.registerByUsernameAndPassword(requestToRegisterByUsernameAndPassword)\r\n        .then((result: Result<User | null>) => {\r\n          response.status(result.status).json(result)\r\n        })\r\n        .catch((error: Error) => {\r\n          response.status(500).json(\r\n            new Result<null>(\r\n              500,\r\n                    `Register by method ${method} failed: ${error.message}`,\r\n                    null\r\n            )\r\n          )\r\n        })\r\n    } else {\r\n      response.status(400).json(\r\n        new Result<null>(\r\n          400,\r\n                `Register by method ${method as string} failed, unknown method.`,\r\n                null\r\n        )\r\n      )\r\n    }\r\n  }\r\n}\r\n"]},"_coverageSchema":"1a1c01bbd47fc00a2c39e90264f33305004495a9","hash":"a891bf729e5df0009067164fa4986ca46a3980f8"},"C:\\Data\\Apps\\gigih\\mid-term\\gigih-play-backend\\src\\outers\\middlewares\\CaseExpressMiddleware.ts":{"path":"C:\\Data\\Apps\\gigih\\mid-term\\gigih-play-backend\\src\\outers\\middlewares\\CaseExpressMiddleware.ts","statementMap":{"0":{"start":{"line":2,"column":22},"end":{"line":4,"column":1}},"1":{"start":{"line":3,"column":4},"end":{"line":3,"column":62}},"2":{"start":{"line":5,"column":0},"end":{"line":5,"column":62}},"3":{"start":{"line":6,"column":16},"end":{"line":6,"column":49}},"4":{"start":{"line":7,"column":30},"end":{"line":26,"column":1}},"5":{"start":{"line":8,"column":32},"end":{"line":18,"column":5}},"6":{"start":{"line":9,"column":21},"end":{"line":9,"column":29}},"7":{"start":{"line":10,"column":8},"end":{"line":16,"column":10}},"8":{"start":{"line":11,"column":31},"end":{"line":11,"column":47}},"9":{"start":{"line":12,"column":12},"end":{"line":12,"column":71}},"10":{"start":{"line":13,"column":36},"end":{"line":13,"column":56}},"11":{"start":{"line":14,"column":12},"end":{"line":14,"column":45}},"12":{"start":{"line":15,"column":12},"end":{"line":15,"column":23}},"13":{"start":{"line":17,"column":8},"end":{"line":17,"column":15}},"14":{"start":{"line":19,"column":32},"end":{"line":24,"column":5}},"15":{"start":{"line":20,"column":8},"end":{"line":20,"column":67}},"16":{"start":{"line":21,"column":8},"end":{"line":21,"column":71}},"17":{"start":{"line":22,"column":8},"end":{"line":22,"column":69}},"18":{"start":{"line":23,"column":8},"end":{"line":23,"column":15}},"19":{"start":{"line":25,"column":4},"end":{"line":25,"column":54}},"20":{"start":{"line":27,"column":0},"end":{"line":27,"column":40}}},"fnMap":{"0":{"name":"(anonymous_0)","decl":{"start":{"line":2,"column":56},"end":{"line":2,"column":57}},"loc":{"start":{"line":2,"column":71},"end":{"line":4,"column":1}},"line":2},"1":{"name":"(anonymous_1)","decl":{"start":{"line":7,"column":30},"end":{"line":7,"column":31}},"loc":{"start":{"line":7,"column":43},"end":{"line":26,"column":1}},"line":7},"2":{"name":"(anonymous_2)","decl":{"start":{"line":8,"column":32},"end":{"line":8,"column":33}},"loc":{"start":{"line":8,"column":53},"end":{"line":18,"column":5}},"line":8},"3":{"name":"(anonymous_3)","decl":{"start":{"line":10,"column":19},"end":{"line":10,"column":20}},"loc":{"start":{"line":10,"column":35},"end":{"line":16,"column":9}},"line":10},"4":{"name":"(anonymous_4)","decl":{"start":{"line":19,"column":32},"end":{"line":19,"column":33}},"loc":{"start":{"line":19,"column":53},"end":{"line":24,"column":5}},"line":19}},"branchMap":{"0":{"loc":{"start":{"line":2,"column":22},"end":{"line":4,"column":1}},"type":"binary-expr","locations":[{"start":{"line":2,"column":23},"end":{"line":2,"column":27}},{"start":{"line":2,"column":31},"end":{"line":2,"column":51}},{"start":{"line":2,"column":56},"end":{"line":4,"column":1}}],"line":2},"1":{"loc":{"start":{"line":3,"column":11},"end":{"line":3,"column":61}},"type":"cond-expr","locations":[{"start":{"line":3,"column":37},"end":{"line":3,"column":40}},{"start":{"line":3,"column":43},"end":{"line":3,"column":61}}],"line":3},"2":{"loc":{"start":{"line":3,"column":12},"end":{"line":3,"column":33}},"type":"binary-expr","locations":[{"start":{"line":3,"column":12},"end":{"line":3,"column":15}},{"start":{"line":3,"column":19},"end":{"line":3,"column":33}}],"line":3}},"s":{"0":1,"1":1,"2":1,"3":1,"4":1,"5":1,"6":13,"7":13,"8":13,"9":13,"10":13,"11":13,"12":13,"13":13,"14":1,"15":13,"16":13,"17":13,"18":13,"19":1,"20":1},"f":{"0":1,"1":1,"2":13,"3":13,"4":13},"b":{"0":[1,1,1],"1":[0,1],"2":[1,1]},"inputSourceMap":{"version":3,"file":"C:\\Data\\Apps\\gigih\\mid-term\\gigih-play-backend\\src\\outers\\middlewares\\CaseExpressMiddleware.ts","sources":["C:\\Data\\Apps\\gigih\\mid-term\\gigih-play-backend\\src\\outers\\middlewares\\CaseExpressMiddleware.ts"],"names":[],"mappings":";;;;;AACA,kDAAqD;AAIrD,MAAM,qBAAqB,GAAG,CAAC,OAA2B,EAAO,EAAE;IACjE,MAAM,mBAAmB,GAAG,CAAC,IAAa,EAAE,GAAa,EAAE,IAAkB,EAAQ,EAAE;QACrF,MAAM,IAAI,GAAQ,GAAG,CAAC,IAAI,CAAA;QAC1B,GAAG,CAAC,IAAI,GAAG,UAAU,IAAU;YAC7B,MAAM,UAAU,GAAG,IAAI,CAAC,KAAK,CAAC,IAAI,CAAC,CAAA;YACnC,IAAI,GAAG,eAAK,CAAC,cAAc,CAAC,UAAU,EAAE,OAAO,CAAC,CAAA;YAChD,MAAM,eAAe,GAAG,IAAI,CAAC,SAAS,CAAC,IAAI,CAAC,CAAA;YAC5C,IAAI,CAAC,IAAI,CAAC,IAAI,EAAE,eAAe,CAAC,CAAA;YAChC,OAAO,GAAG,CAAA;QACZ,CAAC,CAAA;QACD,IAAI,EAAE,CAAA;IACR,CAAC,CAAA;IAED,MAAM,mBAAmB,GAAG,CAAC,GAAY,EAAE,IAAc,EAAE,IAAkB,EAAQ,EAAE;QACrF,GAAG,CAAC,IAAI,GAAG,eAAK,CAAC,YAAY,CAAC,GAAG,CAAC,IAAI,EAAE,OAAO,CAAC,CAAA;QAChD,GAAG,CAAC,MAAM,GAAG,eAAK,CAAC,YAAY,CAAC,GAAG,CAAC,MAAM,EAAE,OAAO,CAAqB,CAAA;QACxE,GAAG,CAAC,KAAK,GAAG,eAAK,CAAC,YAAY,CAAC,GAAG,CAAC,KAAK,EAAE,OAAO,CAAa,CAAA;QAC9D,IAAI,EAAE,CAAA;IACR,CAAC,CAAA;IAED,OAAO,CAAC,mBAAmB,EAAE,mBAAmB,CAAC,CAAA;AACnD,CAAC,CAAA;AAED,kBAAe,qBAAqB,CAAA","sourcesContent":["import { type NextFunction, type Request, type Response } from 'express'\r\nimport humps, { type OptionOrProcessor } from 'humps'\r\nimport { type ParamsDictionary } from 'express-serve-static-core'\r\nimport { type ParsedQs } from 'qs'\r\n\r\nconst caseExpressMiddleware = (options?: OptionOrProcessor): any => {\r\n  const snakeCaseResHandler = (_req: Request, res: Response, next: NextFunction): void => {\r\n    const send: any = res.send\r\n    res.send = function (body?: any): any {\r\n      const parsedBody = JSON.parse(body)\r\n      body = humps.decamelizeKeys(parsedBody, options)\r\n      const stringifiesBody = JSON.stringify(body)\r\n      send.call(this, stringifiesBody)\r\n      return res\r\n    }\r\n    next()\r\n  }\r\n\r\n  const snakeCaseReqHandler = (req: Request, _res: Response, next: NextFunction): void => {\r\n    req.body = humps.camelizeKeys(req.body, options)\r\n    req.params = humps.camelizeKeys(req.params, options) as ParamsDictionary\r\n    req.query = humps.camelizeKeys(req.query, options) as ParsedQs\r\n    next()\r\n  }\r\n\r\n  return [snakeCaseResHandler, snakeCaseReqHandler]\r\n}\r\n\r\nexport default caseExpressMiddleware\r\n"]},"_coverageSchema":"1a1c01bbd47fc00a2c39e90264f33305004495a9","hash":"0db8839691a4f26249785d830038495fa3f4a67a"},"C:\\Data\\Apps\\gigih\\mid-term\\gigih-play-backend\\src\\inners\\models\\entities\\VideoCommentMap.ts":{"path":"C:\\Data\\Apps\\gigih\\mid-term\\gigih-play-backend\\src\\inners\\models\\entities\\VideoCommentMap.ts","statementMap":{"0":{"start":{"line":2,"column":0},"end":{"line":2,"column":62}},"1":{"start":{"line":5,"column":8},"end":{"line":5,"column":23}},"2":{"start":{"line":6,"column":8},"end":{"line":6,"column":31}},"3":{"start":{"line":7,"column":8},"end":{"line":7,"column":35}},"4":{"start":{"line":10,"column":0},"end":{"line":10,"column":26}}},"fnMap":{"0":{"name":"(anonymous_0)","decl":{"start":{"line":4,"column":4},"end":{"line":4,"column":5}},"loc":{"start":{"line":4,"column":41},"end":{"line":8,"column":5}},"line":4}},"branchMap":{},"s":{"0":1,"1":2,"2":2,"3":2,"4":1},"f":{"0":2},"b":{},"inputSourceMap":{"version":3,"file":"C:\\Data\\Apps\\gigih\\mid-term\\gigih-play-backend\\src\\inners\\models\\entities\\VideoCommentMap.ts","sources":["C:\\Data\\Apps\\gigih\\mid-term\\gigih-play-backend\\src\\inners\\models\\entities\\VideoCommentMap.ts"],"names":[],"mappings":";;AAAA,MAAqB,OAAO;IAK1B,YACE,OAA2B,EAC3B,SAA6B,EAC7B,GAAwB;QAExB,IAAI,CAAC,GAAG,GAAG,GAAG,CAAA;QACd,IAAI,CAAC,OAAO,GAAG,OAAO,CAAA;QACtB,IAAI,CAAC,SAAS,GAAG,SAAS,CAAA;IAC5B,CAAC;CACF;AAdD,0BAcC","sourcesContent":["export default class Comment {\r\n  _id: string | undefined\r\n  videoId: string | undefined\r\n  commentId: string | undefined\r\n\r\n  constructor (\r\n    videoId: string | undefined,\r\n    commentId: string | undefined,\r\n    _id?: string | undefined\r\n  ) {\r\n    this._id = _id\r\n    this.videoId = videoId\r\n    this.commentId = commentId\r\n  }\r\n}\r\n"]},"_coverageSchema":"1a1c01bbd47fc00a2c39e90264f33305004495a9","hash":"4806257197af1b0f039948c6dbe0e1ed45fe87d0"},"C:\\Data\\Apps\\gigih\\mid-term\\gigih-play-backend\\src\\inners\\models\\entities\\Video.ts":{"path":"C:\\Data\\Apps\\gigih\\mid-term\\gigih-play-backend\\src\\inners\\models\\entities\\Video.ts","statementMap":{"0":{"start":{"line":2,"column":0},"end":{"line":2,"column":62}},"1":{"start":{"line":5,"column":8},"end":{"line":5,"column":23}},"2":{"start":{"line":6,"column":8},"end":{"line":6,"column":41}},"3":{"start":{"line":7,"column":8},"end":{"line":7,"column":37}},"4":{"start":{"line":10,"column":0},"end":{"line":10,"column":24}}},"fnMap":{"0":{"name":"(anonymous_0)","decl":{"start":{"line":4,"column":4},"end":{"line":4,"column":5}},"loc":{"start":{"line":4,"column":47},"end":{"line":8,"column":5}},"line":4}},"branchMap":{},"s":{"0":1,"1":2,"2":2,"3":2,"4":1},"f":{"0":2},"b":{},"inputSourceMap":{"version":3,"file":"C:\\Data\\Apps\\gigih\\mid-term\\gigih-play-backend\\src\\inners\\models\\entities\\Video.ts","sources":["C:\\Data\\Apps\\gigih\\mid-term\\gigih-play-backend\\src\\inners\\models\\entities\\Video.ts"],"names":[],"mappings":";;AAAA,MAAqB,KAAK;IAKxB,YACE,YAAgC,EAChC,UAA8B,EAC9B,GAAwB;QAExB,IAAI,CAAC,GAAG,GAAG,GAAG,CAAA;QACd,IAAI,CAAC,YAAY,GAAG,YAAY,CAAA;QAChC,IAAI,CAAC,UAAU,GAAG,UAAU,CAAA;IAC9B,CAAC;CACF;AAdD,wBAcC","sourcesContent":["export default class Video {\r\n  _id: string | undefined\r\n  thumbnailUrl: string | undefined\r\n  contentUrl: string | undefined\r\n\r\n  constructor (\r\n    thumbnailUrl: string | undefined,\r\n    contentUrl: string | undefined,\r\n    _id?: string | undefined\r\n  ) {\r\n    this._id = _id\r\n    this.thumbnailUrl = thumbnailUrl\r\n    this.contentUrl = contentUrl\r\n  }\r\n}\r\n"]},"_coverageSchema":"1a1c01bbd47fc00a2c39e90264f33305004495a9","hash":"0c011d99d2c2495ee30141a720f61d1a332d2946"},"C:\\Data\\Apps\\gigih\\mid-term\\gigih-play-backend\\src\\inners\\models\\aggregates\\CommentAggregate.ts":{"path":"C:\\Data\\Apps\\gigih\\mid-term\\gigih-play-backend\\src\\inners\\models\\aggregates\\CommentAggregate.ts","statementMap":{"0":{"start":{"line":2,"column":0},"end":{"line":2,"column":62}},"1":{"start":{"line":5,"column":8},"end":{"line":5,"column":23}},"2":{"start":{"line":6,"column":8},"end":{"line":6,"column":25}},"3":{"start":{"line":7,"column":8},"end":{"line":7,"column":31}},"4":{"start":{"line":8,"column":8},"end":{"line":8,"column":35}},"5":{"start":{"line":11,"column":0},"end":{"line":11,"column":35}}},"fnMap":{"0":{"name":"(anonymous_0)","decl":{"start":{"line":4,"column":4},"end":{"line":4,"column":5}},"loc":{"start":{"line":4,"column":47},"end":{"line":9,"column":5}},"line":4}},"branchMap":{},"s":{"0":1,"1":2,"2":2,"3":2,"4":2,"5":1},"f":{"0":2},"b":{},"inputSourceMap":{"version":3,"file":"C:\\Data\\Apps\\gigih\\mid-term\\gigih-play-backend\\src\\inners\\models\\aggregates\\CommentAggregate.ts","sources":["C:\\Data\\Apps\\gigih\\mid-term\\gigih-play-backend\\src\\inners\\models\\aggregates\\CommentAggregate.ts"],"names":[],"mappings":";;AAEA,MAAqB,gBAAgB;IAMnC,YACE,IAAsB,EACtB,OAA2B,EAC3B,SAA2B,EAC3B,GAAwB;QAExB,IAAI,CAAC,GAAG,GAAG,GAAG,CAAA;QACd,IAAI,CAAC,IAAI,GAAG,IAAI,CAAA;QAChB,IAAI,CAAC,OAAO,GAAG,OAAO,CAAA;QACtB,IAAI,CAAC,SAAS,GAAG,SAAS,CAAA;IAC5B,CAAC;CACF;AAjBD,mCAiBC","sourcesContent":["import type User from '../entities/User'\r\n\r\nexport default class CommentAggregate {\r\n  _id: string | undefined\r\n  user: User | undefined\r\n  content: string | undefined\r\n  timestamp: Date | undefined\r\n\r\n  constructor (\r\n    user: User | undefined,\r\n    content: string | undefined,\r\n    timestamp: Date | undefined,\r\n    _id?: string | undefined\r\n  ) {\r\n    this._id = _id\r\n    this.user = user\r\n    this.content = content\r\n    this.timestamp = timestamp\r\n  }\r\n}\r\n"]},"_coverageSchema":"1a1c01bbd47fc00a2c39e90264f33305004495a9","hash":"293f9c9e3f22355c0515011e89b48ee878612d75"},"C:\\Data\\Apps\\gigih\\mid-term\\gigih-play-backend\\src\\inners\\models\\aggregates\\VideoCommentMapAggregate.ts":{"path":"C:\\Data\\Apps\\gigih\\mid-term\\gigih-play-backend\\src\\inners\\models\\aggregates\\VideoCommentMapAggregate.ts","statementMap":{"0":{"start":{"line":2,"column":0},"end":{"line":2,"column":62}},"1":{"start":{"line":5,"column":8},"end":{"line":5,"column":23}},"2":{"start":{"line":6,"column":8},"end":{"line":6,"column":27}},"3":{"start":{"line":7,"column":8},"end":{"line":7,"column":31}},"4":{"start":{"line":10,"column":0},"end":{"line":10,"column":43}}},"fnMap":{"0":{"name":"(anonymous_0)","decl":{"start":{"line":4,"column":4},"end":{"line":4,"column":5}},"loc":{"start":{"line":4,"column":37},"end":{"line":8,"column":5}},"line":4}},"branchMap":{},"s":{"0":1,"1":2,"2":2,"3":2,"4":1},"f":{"0":2},"b":{},"inputSourceMap":{"version":3,"file":"C:\\Data\\Apps\\gigih\\mid-term\\gigih-play-backend\\src\\inners\\models\\aggregates\\VideoCommentMapAggregate.ts","sources":["C:\\Data\\Apps\\gigih\\mid-term\\gigih-play-backend\\src\\inners\\models\\aggregates\\VideoCommentMapAggregate.ts"],"names":[],"mappings":";;AAGA,MAAqB,wBAAwB;IAK3C,YACE,KAAwB,EACxB,OAA4B,EAC5B,GAAwB;QAExB,IAAI,CAAC,GAAG,GAAG,GAAG,CAAA;QACd,IAAI,CAAC,KAAK,GAAG,KAAK,CAAA;QAClB,IAAI,CAAC,OAAO,GAAG,OAAO,CAAA;IACxB,CAAC;CACF;AAdD,2CAcC","sourcesContent":["import type Video from '../entities/Video'\r\nimport type Comment from '../entities/Comment'\r\n\r\nexport default class VideoCommentMapAggregate {\r\n  _id: string | undefined\r\n  video: Video | undefined\r\n  comment: Comment | undefined\r\n\r\n  constructor (\r\n    video: Video | undefined,\r\n    comment: Comment | undefined,\r\n    _id?: string | undefined\r\n  ) {\r\n    this._id = _id\r\n    this.video = video\r\n    this.comment = comment\r\n  }\r\n}\r\n"]},"_coverageSchema":"1a1c01bbd47fc00a2c39e90264f33305004495a9","hash":"c5d7f292b4f24de2389b994dc6167cae5ca7f2e0"}}